Shoreburn Mallowway Butterhill Lochmage Corbank Greensummer Oakmere Orfort Bluedale Bluedell Greenshore Southpine Goldwyvern Snowsage Summermage Redwell Flowermill Westvale Newley Erilyn Blackbush Fieldedge Brightmere Clearnesse Greyice Mallowness Irondeer Freyview Newby Eriwall Foxvale Wolflea Bushgate Butterway Seamoor Silverlea Esterfall Wellmage Rosegate Orbarrow Butterbush Coldville Newmill Icenesse Rosemill Stoneglass Dellwyn Northriver Mistshore Ironriver Mallowbridge Ironshore Silverwitch Valhaven Janholt Marbleiron Starryhill Springfox Violetley Ostwynne Foxhaven Wellbank Courtedge Clearland Redlake Bluelake Southwheat Highmont Morwall Violetfay Applecastle Deephedge Morwald Courtwall Oldmoor Verthedge Wooddell Flowerfield Fogland Brightrock Stonefair Goldcrest Lightmere Buttermead Freymere Fairice Windbridge Northwynne Snowshore Silverbarrow Courtcastle Wildemarsh Fairsage Strongfall Esterash Westerlight Bluewyn Woodice Westmill Eastcastle Shoreburn
100
Shoreburn Shoreburn
Mallowway Mallowway
Butterhill Butterhill
Lochmage Lochmage
Corbank Corbank
Greensummer Greensummer
Oakmere Oakmere
Orfort Orfort
Bluedale Bluedale
Bluedell Bluedell
Greenshore Greenshore
Southpine Southpine
Goldwyvern Goldwyvern
Snowsage Snowsage
Summermage Summermage
Redwell Redwell
Flowermill Flowermill
Westvale Westvale
Newley Newley
Erilyn Erilyn
Blackbush Blackbush
Fieldedge Fieldedge
Brightmere Brightmere
Clearnesse Clearnesse
Greyice Greyice
Mallowness Mallowness
Irondeer Irondeer
Freyview Freyview
Newby Newby
Eriwall Eriwall
Foxvale Foxvale
Wolflea Wolflea
Bushgate Bushgate
Butterway Butterway
Seamoor Seamoor
Silverlea Silverlea
Esterfall Esterfall
Wellmage Wellmage
Rosegate Rosegate
Orbarrow Orbarrow
Butterbush Butterbush
Coldville Coldville
Newmill Newmill
Icenesse Icenesse
Rosemill Rosemill
Stoneglass Stoneglass
Dellwyn Dellwyn
Northriver Northriver
Mistshore Mistshore
Ironriver Ironriver
Mallowbridge Mallowbridge
Ironshore Ironshore
Silverwitch Silverwitch
Valhaven Valhaven
Janholt Janholt
Marbleiron Marbleiron
Starryhill Starryhill
Springfox Springfox
Violetley Violetley
Ostwynne Ostwynne
Foxhaven Foxhaven
Wellbank Wellbank
Courtedge Courtedge
Clearland Clearland
Redlake Redlake
Bluelake Bluelake
Southwheat Southwheat
Highmont Highmont
Morwall Morwall
Violetfay Violetfay
Applecastle Applecastle
Deephedge Deephedge
Morwald Morwald
Courtwall Courtwall
Oldmoor Oldmoor
Verthedge Verthedge
Wooddell Wooddell
Flowerfield Flowerfield
Fogland Fogland
Brightrock Brightrock
Stonefair Stonefair
Goldcrest Goldcrest
Lightmere Lightmere
Buttermead Buttermead
Freymere Freymere
Fairice Fairice
Windbridge Windbridge
Northwynne Northwynne
Snowshore Snowshore
Silverbarrow Silverbarrow
Courtcastle Courtcastle
Wildemarsh Wildemarsh
Fairsage Fairsage
Strongfall Strongfall
Esterash Esterash
Westerlight Westerlight
Bluewyn Bluewyn
Woodice Woodice
Westmill Westmill
Eastcastle Eastcastle
