Brightmere Westmill Butterbush Bluedell Irondeer Freyview Newley Foxvale Corbank Greenshore Eastcastle Woodice Snowshore Eriwall Stoneglass Fairsage Dellwyn Clearnesse Wildemarsh Marbleiron Lochmage Stonefair Esterash Morwall Ironriver Greyice Valhaven Foxhaven Buttermead Rosemill Westerlight Erilyn Clearland Ironshore Newby Westvale Violetley Shoreburn Wolflea Bushgate Courtcastle Wellmage Southwheat Oakmere Lightmere Esterfall Goldwyvern Oldmoor Morwald Courtwall Brightmere
50
Brightmere Brightmere
Westmill Westmill
Butterbush Butterbush
Bluedell Bluedell
Irondeer Irondeer
Freyview Freyview
Newley Newley
Foxvale Foxvale
Corbank Corbank
Greenshore Greenshore
Eastcastle Eastcastle
Woodice Woodice
Snowshore Snowshore
Eriwall Eriwall
Stoneglass Stoneglass
Fairsage Fairsage
Dellwyn Dellwyn
Clearnesse Clearnesse
Wildemarsh Wildemarsh
Marbleiron Marbleiron
Lochmage Lochmage
Stonefair Stonefair
Esterash Esterash
Morwall Morwall
Ironriver Ironriver
Greyice Greyice
Valhaven Valhaven
Foxhaven Foxhaven
Buttermead Buttermead
Rosemill Rosemill
Westerlight Westerlight
Erilyn Erilyn
Clearland Clearland
Ironshore Ironshore
Newby Newby
Westvale Westvale
Violetley Violetley
Shoreburn Shoreburn
Wolflea Wolflea
Bushgate Bushgate
Courtcastle Courtcastle
Wellmage Wellmage
Southwheat Southwheat
Oakmere Oakmere
Lightmere Lightmere
Esterfall Esterfall
Goldwyvern Goldwyvern
Oldmoor Oldmoor
Morwald Morwald
Courtwall Courtwall
