Clearnesse Ironshore Freyview Marbleiron Foxvale Woodice Corbank Ironriver Courtwall Valhaven Courtcastle Westvale Violetley Eriwall Oldmoor Morwall Butterbush Oakmere Dellwyn Esterfall Goldwyvern Newby Buttermead Morwald Foxhaven Clearnesse
25
Clearnesse Clearnesse
Freyview Freyview
Marbleiron Marbleiron
Foxhaven Foxhaven
Foxvale Foxvale
Woodice Woodice
Corbank Corbank
Courtwall Courtwall
Ironriver Ironriver
Valhaven Valhaven
Newby Newby
Buttermead Buttermead
Courtcastle Courtcastle
Westvale Westvale
Morwall Morwall
Butterbush Butterbush
Oakmere Oakmere
Dellwyn Dellwyn
Esterfall Esterfall
Goldwyvern Goldwyvern
Violetley Violetley
Eriwall Eriwall
Oldmoor Oldmoor
Morwald Morwald
Ironshore Ironshore
