129 99 145 172 145 180 82 180 145 99 31 109 184 85 133 106 178 106 181 32 187 32 181 169 181 8 142 122 69 167 130 167 69 77 90 71 92 13 92 124 92 110 157 110 154 196 37 196 154 193 154 110 157 4 157 110 92 121 192 175 192 103 192 121 92 179 76 49 76 179 92 13 118 166 118 96 70 96 11 108 160 74 7 19 139 94 119 64 119 163 119 64 71 90 152 90 25 46 2 55 2 46 25 16 25 90 3 40 3 90 25 43 72 79 112 79 72 21 67 21 151 21 182 190 150 135 118 10 28 10 22 10 100 10 118 13 92 71 34 48 97 101 52 101 148 101 170 58 170 73 136 195 167 69 61 31 88 146 113 127 113 146 88 115 88 1 88 31 99 129
66
145 145
172 172
82 82
31 31
109 109
184 184
85 85
133 133
106 106
178 178
181 181
187 187
169 169
142 142
130 130
13 13
124 124
157 157
154 154
196 196
37 37
193 193
4 4
121 121
175 175
103 103
76 76
49 49
118 118
166 166
70 70
160 160
7 7
19 19
139 139
94 94
64 64
163 163
152 91
25 25
46 46
55 55
16 16
40 40
43 43
79 79
112 112
67 67
151 151
190 190
10 10
28 28
22 22
100 100
34 34
97 97
52 52
148 148
58 58
73 73
136 136
61 61
88 88
127 127
115 115
1 1
