FacultyClub EarthquakeLibrary Morrison Sproul BanwayBuilding BerkeleyLawLibrary CITRIS Spieker MathLibrary Koshland MSRI LawSchool Boalt ArtHistoryLibrary Durham AlumniHouse McCone HearstFieldAnnex NewspapersLibrary AnthropologyLibrary StudentUnion LawrenceofScience SproulPlaza Etcheverry Underhill EarthLibrary NorthGate Pimentel HearstGym TAAP Manville OptometryLibrary Jacobs BioscienceLibrary SEAsianLibrary FoundersRock EngineeringLibrary LatinAmerican BerkeleyWayWest Unit3 Warren UniversityHouse CesarChavez MartinezCommons PacificFilmArchive Cheit StowPlaza HearstGreekTheatre Hilgard DonnerLaboratory MediaCenter UpperHearstParking Senior EthnicLibrary MelvinLaboratory Investigative VisualCenter AndersenAuditorium MaxwellField SimpsonCenter Latimer FoxCottage Davis InternationalHouse Durant Wellman EnergyBuilding IdaHouse EnergyBuilding OBrien Stephens Birge LeConte Campbell IRLE SpringerGateway Wheeler CareerCenter Soda Stanley HearstFountain VLSB AquaticCenter Bowles Bechtel WooHonFai BrainImagingCenter SocialLibrary Hildebrand Mulford BancroftDance Giauque MLK BancroftLibrary Library FPF HealthServices EastAsianLibrary PhysicsLibrary Evans SutardjaDai FacultyClub
100
FacultyClub FacultyClub
MLK MLK
BancroftLibrary BancroftLibrary
Library Library
FPF FPF
HealthServices HealthServices
EastAsianLibrary EastAsianLibrary
Evans Evans
PhysicsLibrary PhysicsLibrary
SutardjaDai SutardjaDai
EarthquakeLibrary EarthquakeLibrary
Morrison Morrison
Sproul Sproul
BanwayBuilding BanwayBuilding
BerkeleyLawLibrary BerkeleyLawLibrary
MathLibrary MathLibrary
Hildebrand Hildebrand
Mulford Mulford
BancroftDance BancroftDance
Giauque Giauque
Koshland Koshland
MSRI MSRI
AquaticCenter AquaticCenter
Bowles Bowles
Bechtel Bechtel
WooHonFai WooHonFai
BrainImagingCenter BrainImagingCenter
SocialLibrary SocialLibrary
LawSchool LawSchool
Boalt Boalt
McCone McCone
HearstFieldAnnex HearstFieldAnnex
NewspapersLibrary NewspapersLibrary
OptometryLibrary OptometryLibrary
Jacobs Jacobs
Stanley Stanley
HearstFountain HearstFountain
VLSB VLSB
BioscienceLibrary BioscienceLibrary
SEAsianLibrary SEAsianLibrary
FoundersRock FoundersRock
EngineeringLibrary EngineeringLibrary
LatinAmerican LatinAmerican
BerkeleyWayWest BerkeleyWayWest
Unit3 Unit3
Warren Warren
Durant Durant
Wellman Wellman
EnergyBuilding EnergyBuilding
IdaHouse IdaHouse
OBrien OBrien
Stephens Stephens
Birge Birge
LeConte LeConte
Campbell Campbell
IRLE IRLE
SpringerGateway SpringerGateway
Wheeler Wheeler
CareerCenter CareerCenter
Soda Soda
UniversityHouse UniversityHouse
MartinezCommons MartinezCommons
PacificFilmArchive PacificFilmArchive
VisualCenter VisualCenter
MaxwellField MaxwellField
SimpsonCenter SimpsonCenter
FoxCottage FoxCottage
Davis Davis
InternationalHouse InternationalHouse
Latimer Latimer
AndersenAuditorium AndersenAuditorium
Cheit Cheit
StowPlaza StowPlaza
Senior Senior
EthnicLibrary EthnicLibrary
MelvinLaboratory MelvinLaboratory
Investigative Investigative
HearstGreekTheatre HearstGreekTheatre
Hilgard Hilgard
DonnerLaboratory DonnerLaboratory
MediaCenter MediaCenter
UpperHearstParking UpperHearstParking
CesarChavez CesarChavez
AnthropologyLibrary AnthropologyLibrary
StudentUnion StudentUnion
LawrenceofScience LawrenceofScience
SproulPlaza SproulPlaza
Etcheverry Etcheverry
Underhill Underhill
EarthLibrary EarthLibrary
TAAP TAAP
Manville Manville
NorthGate NorthGate
Pimentel Pimentel
HearstGym HearstGym
ArtHistoryLibrary ArtHistoryLibrary
AlumniHouse AlumniHouse
Durham Durham
CITRIS CITRIS
Spieker Spieker
