FacultyClub Etcheverry HearstGym BioscienceLibrary Manville Pimentel Manville Hilgard Cheit Wheeler Durham MartinezCommons SproulPlaza SutardjaDai UniversityHouse FPF EarthquakeLibrary CareerCenter Unit3 Spieker Warren Mulford Morrison BrainImagingCenter StudentUnion LawrenceofScience PacificFilmArchive OBrien Library FacultyClub
25
FacultyClub FacultyClub
LawrenceofScience LawrenceofScience
PacificFilmArchive PacificFilmArchive
OBrien OBrien
Library Library
Etcheverry Etcheverry
HearstGym HearstGym
CareerCenter CareerCenter
Spieker Spieker
Mulford Mulford
Morrison Morrison
BrainImagingCenter BrainImagingCenter
StudentUnion StudentUnion
BioscienceLibrary BioscienceLibrary
Manville Manville
Wheeler Wheeler
Durham Durham
SproulPlaza SproulPlaza
SutardjaDai SutardjaDai
UniversityHouse UniversityHouse
FPF FPF
EarthquakeLibrary EarthquakeLibrary
Pimentel Pimentel
Hilgard Hilgard
Cheit Cheit
