FacultyClub IRLE Cheit Wheeler Investigative MartinezCommons UniversityHouse SproulPlaza OptometryLibrary Library AndersenAuditorium Stephens Morrison EarthLibrary StudentUnion SutardjaDai Warren PacificFilmArchive OBrien Koshland MelvinLaboratory FPF Birge StowPlaza CareerCenter Sproul AnthropologyLibrary Spieker ArtHistoryLibrary BancroftDance NewspapersLibrary LawrenceofScience EnergyBuilding McCone InternationalHouse McCone Mulford HearstGym Unit3 Manville Jacobs Pimentel BrainImagingCenter MediaCenter BioscienceLibrary Hilgard Etcheverry MLK CITRIS DonnerLaboratory SpringerGateway EarthquakeLibrary Durham FacultyClub
50
FacultyClub FacultyClub
Durham Durham
EarthquakeLibrary EarthquakeLibrary
IRLE IRLE
Investigative Investigative
MartinezCommons MartinezCommons
UniversityHouse UniversityHouse
SproulPlaza SproulPlaza
EarthLibrary EarthLibrary
OBrien OBrien
Spieker Spieker
ArtHistoryLibrary ArtHistoryLibrary
BancroftDance BancroftDance
NewspapersLibrary NewspapersLibrary
EnergyBuilding EnergyBuilding
InternationalHouse InternationalHouse
Mulford Mulford
BrainImagingCenter BrainImagingCenter
HearstGym HearstGym
Unit3 Unit3
Jacobs Jacobs
Pimentel Pimentel
Manville Manville
LawrenceofScience LawrenceofScience
MediaCenter MediaCenter
BioscienceLibrary BioscienceLibrary
Hilgard Hilgard
Etcheverry Etcheverry
CITRIS CITRIS
DonnerLaboratory DonnerLaboratory
SpringerGateway SpringerGateway
Koshland Koshland
MelvinLaboratory MelvinLaboratory
FPF FPF
Birge Birge
StowPlaza StowPlaza
Sproul Sproul
AnthropologyLibrary AnthropologyLibrary
CareerCenter CareerCenter
StudentUnion StudentUnion
SutardjaDai SutardjaDai
Warren Warren
PacificFilmArchive PacificFilmArchive
OptometryLibrary OptometryLibrary
AndersenAuditorium AndersenAuditorium
Stephens Stephens
Morrison Morrison
Library Library
Cheit Cheit
Wheeler Wheeler
