0 60 112 56 19 82 117 158 99 87 48 174 136 77 134 26 133 13 3 131 94 173 32 42 105 161 188 181 8 33 170 171 180 197 123 154 47 199 97 44 135 80 75 82 191 76 124 69 167 162 64 195 119 143 132 195 177 15 55 17 183 51 145 83 19 61 38 85 92 85 88 120 112 60 155 60 148 60 52 113 172 153 35 74 178 49 175 58 114 140 93 103 139 18 67 71 73 149 46 106 96 91 141 25 90 197 168 169 102 65 0
98
169 169
102 102
65 65
60 60
168 168
148 148
155 155
112 112
120 120
88 88
56 56
38 38
85 85
92 92
19 19
83 83
82 82
124 124
69 69
167 167
162 162
195 195
177 177
15 15
51 51
145 145
55 55
17 17
119 119
143 143
132 132
64 64
191 191
76 76
117 117
134 134
26 26
133 133
13 13
199 199
97 97
47 47
197 197
123 123
154 154
8 8
171 171
180 180
33 33
170 170
3 3
94 94
173 173
32 32
181 181
42 42
105 105
161 161
188 188
131 131
158 158
99 99
87 87
48 48
77 77
174 174
136 136
44 44
80 80
135 135
75 75
52 52
172 172
153 153
35 35
90 90
141 141
25 25
178 178
49 49
106 106
96 96
91 91
103 103
139 139
18 18
67 67
149 149
71 71
73 73
46 46
93 93
175 175
58 58
114 114
140 140
74 74
113 113
