159 164 32 98 65 165 65 93 154 93 65 51 148 47 182 48 182 47 148 41 20 87 20 104 11 30 81 164 32 79 32 164 6 52 156 56 96 162 96 56 156 64 177 111 177 64 57 63 121 63 13 106 197 114 31 114 92 158 102 158 74 158 92 114 31 9 28 81 164 159 109 180 109 127 137 101 147 157 71 15 167 8 189 59 100 139 100 181 23 194 23 149 76 137 101 132 101 25 45 72 7 72 45 25 101 137 85 137 76 137 53 193 8 178 8 193 24 193 53 137 127 61 127 142 46 200 10 66 36 17 133 173 27 173 133 171 69 138 81 156 64 130 192 46 37 75 108 75 77 140 14 97 126 172 119 86 129 142 127 137 76 149 4 44 131 88 131 44 107 134 107 130 64 57 95 22 159
85
164 43
32 32
98 98
65 65 26
165 165
93 93
154 154 2
51 51
148 148
47 47
48 48
41 41
87 87
11 11
79 79 3
6 6
52 52
156 156
96 96
162 191
64 64
177 174
111 111 34 128
63 63
121 121
13 13
106 106
31 31
114 114 35
92 116
158 158 99
102 102 82 123
74 74 185
28 28
109 109
180 180 122
127 146
137 137
101 101
147 40
157 157
71 71
15 15
167 167
59 59
100 100 199
139 139
181 181
194 21
132 132
45 45
72 72
7 7
85 85
76 76
53 53
193 193
178 178
24 24
61 61
46 46
200 200
10 10
36 36
17 17
133 133
27 145 169
69 155
138 138
192 192
37 37
108 38
77 77 190
140 140
14 14
97 97
126 126
172 172
86 86
4 4
44 60
88 88
107 107
134 134 120
22 22
