lllIl1I 11IIII1 lIIlII1 II11l1l lIl111I II11l1l lIIl11l IIlI1lI II1Il1I IIlI1lI llIIII1 I111I1I lI11III IlI1II1 Ill1I11 III111I 1l11lII 11lI11I lII111l I1Ill1I I1llII1 111lI1I 1111I11 l1l11l1 1111I11 llI1lII 1111I11 l1lll11 l1Ill11 l1lll11 lll1111 l1IllI1 1llI111 lll1I1l lIllIll lll1I1l I1ll1II l1lllll lI1l111 1I11Ill lI1l111 11111lI lI1Ill1 I11111l lI1Ill1 1I1l1Il 1l1lIlI 1IlIl1I l1IllI1 IlI1Il1 l1IIl1l I11I111 ll111ll I11I111 1I1IIIl III1llI 1I1lllI 1lIl11I l1I111I 1I1I1lI l1I111I 1lIl11I l1I111I lI11III Il1Il1I IIlIllI l1l1l1l I11I11l 1I1I1l1 IIl1l1I I1llll1 Ill11II 11IIII1 lllIl1I
50
11IIII1 11IIII1
lIIlII1 lIIlII1
II11l1l II11l1l
IIl1l1I IIl1l1I
I1llll1 I1llll1
Ill11II Ill11II
lIIl11l lIIl11l
llIIII1 llIIII1
I111I1I I111I1I
lI11III lI11III
Il1Il1I Il1Il1I
IIlIllI IIlIllI
IlI1II1 IlI1II1
1I1I1lI 1I1I1lI
l1I111I l1I111I
1lIl11I 1lIl11I
1l11lII 1l11lII
11lI11I 11lI11I
lII111l lII111l
I1llII1 I1llII1
111lI1I 111lI1I
l1l11l1 l1l11l1
llI1lII llI1lII
l1lll11 l1lll11
1I1lllI 1I1lllI
l1IllI1 l1IllI1
III1llI III1llI
I11I111 I11I111
ll111ll ll111ll
IlI1Il1 IlI1Il1
l1IIl1l l1IIl1l
1llI111 1llI111
lll1I1l lll1I1l
lIllIll lIllIll
I1ll1II I1ll1II
l1lllll l1lllll
1IlIl1I 1IlIl1I
lI1l111 lI1l111
1l1lIlI 1l1lIlI
1I1l1Il 1I1l1Il
11111lI 11111lI
I11111l I11111l
1I11Ill 1I11Ill
l1Ill11 l1Ill11
III111I III111I
Ill1I11 Ill1I11
I11I11l I11I11l
II1Il1I II1Il1I
1I1I1l1 1I1I1l1
lIl111I lIl111I
