IIII1I1 II1I1Il I1I1111 IIllIl1 IIlIlI1 I1I111I lll1lII I11IIlI lll1lII lII1I11 lll1lII 1IlII1I IIlIIII 11lI11I l1IlIl1 IIIlI1l lI1l1II IIIlI1l lIlllll 11IIl1I IIII1ll 11IIl1I II111I1 l1IlIII III1lII IIII1ll lIIIllI IlllI11 Il1llIl 1IIlIIl 1lI11l1 lI11l1l 11I1lll 11I1Ill IIIllll IIII1I1
25
1IIlIIl 1IIlIIl
11I1lll 11I1lll
1lI11l1 1lI11l1
lI11l1l lI11l1l
IIlIIII IIlIIII
lI1l1II lI1l1II
11lI11I 11lI11I
l1IlIl1 l1IlIl1
lIlllll lIlllll
II1I1Il II1I1Il
I1I1111 I1I1111
IIllIl1 IIllIl1
IIlIlI1 IIlIlI1
I1I111I I1I111I
lII1I11 lII1I11
I11IIlI I11IIlI
1IlII1I 1IlII1I
IIII1ll IIII1ll
lIIIllI lIIIllI
IlllI11 IlllI11
l1IlIII l1IlIII
III1lII III1lII
11IIl1I 11IIl1I
II111I1 II111I1
11I1Ill 11I1Ill
