K AL AX Z CA BC N BE G BT M AH M F AS AJ BP AQ BA AB BA R M CB FI Q BN BK CD BD BQ P AI C AE CR X FN AZ H T AG BV A AK D CH BR BL Y BG L BH AF J CO J CS AK CN CF BJ BM AZ BY BZ AR BW FH BO DP AT BI I BB I CU AP U FO AC O AM O BU BS CC BF CC W AG AV AW CI AO CJ CM CT AY E CQ AA CE CP B BZ V CL S AD BX AU CK CV CK AN CG K
100
K K
CG CG
AL AL
CK CK
CV CV
AN AN
AX AX
AU AU
Z Z
AD AD
BX BX
CL CL
S S
CA CA
CP CP
BZ BZ
V V
B B
CE CE
BC BC
CT CT
AY AY
CQ CQ
E E
CI CI
AO AO
CJ CJ
CM CM
BE BE
BI BI
AV AV
AC AC
BS BS
CC CC
BF BF
W W
O O
BU BU
AM AM
I I
CU CU
AP AP
U U
BB BB
AW AW
AT AT
Q Q
BO BO
AR AR
BW BW
BQ BQ
AZ AZ
BY BY
BM BM
BJ BJ
H H
AG AG
BV BV
A A
AK AK
CN CN
CF CF
AF AF
J J
CS CS
CO CO
D D
CH CH
BR BR
BL BL
Y Y
BH BH
BG BG
L L
T T
P P
X X
AE AE
CR CR
AI AI
C C
BN BN
BK BK
CD CD
BD BD
G G
BT BT
M M
CB CB
R R
AH AH
F F
BP BP
AQ AQ
BA BA
AB AB
AJ AJ
AS AS
AA AA
N N
