129 83 130 36 83 92 137 9 161 80 84 101 4 11 13 50 111 142 180 108 114 108 125 81 158 66 107 100 105 192 105 157 29 157 195 85 6 51 56 99 156 95 59 25 196 140 151 7 175 71 194 71 59 178 39 178 26 128 190 177 65 0 145 0 82 0 160 28 15 64 128 26 61 79 152 79 61 188 16 54 91 97 96 63 191 20 123 49 155 17 8 48 189 57 17 49 53 121 150 171 53 20 76 96 87 33 5 40 88 40 5 174 2 21 73 68 126 68 110 14 55 34 163 41 22 23 32 98 109 46 122 103 4 184 4 89 137 197 92 183 47 62 47 58 47 116 44 129
100
130 130
92 92
183 183
62 62
58 58
44 44
137 137
197 197
9 9
161 161
89 89
84 84
101 101
4 4
184 184
81 81
158 158
103 103
66 66
107 107
122 122
109 109
100 100
105 105
157 157
195 195
85 85
56 56
99 99
156 156
95 95
59 59
178 178
39 39
26 26
163 163
126 126
110 110
55 55
14 14
61 61
91 91
97 97
96 96
87 87
33 33
5 5
174 174
40 40
88 88
76 76
63 63
123 123
49 49
53 53
121 121
171 171
150 150
155 155
17 17
57 57
8 8
48 48
189 189
191 191
2 2
188 188
16 16
152 152
21 21
128 128
190 190
177 177
65 65
0 0
15 15
160 160
82 82
145 145
64 64
194 194
25 25
175 175
196 196
151 151
23 23
6 6
51 51
29 29
192 192
98 98
11 11
13 13
180 180
108 108
125 125
114 114
142 142
50 50
36 36
