0 74 36 97 24 46 97 36 74 0 49 0 11 45 40 4 40 45 12 28 12 45 5 51 42 23 16 77 21 56 7 5 3 13 3 2 19 13 45 11 44 37 29 98 37 9 43 9 18 78 25 78 18 35 18 33 59 97 54 21 41 1 41 47 34 69 17 69 34 14 30 14 10 63 48 63 10 96 8 86 39 86 8 96 31 70 80 21 41 1 71 11 0
43
0 0 20 26 38
36 36
24 24
46 46
49 49 22
11 11
45 45
40 40
4 4
12 12
28 28
5 5
42 42
23 23
16 16
7 7
3 3
13 13
2 2
19 19
44 44
37 37
29 29
98 32
9 9
43 43
18 18
25 25 6
35 35
33 33
1 1
41 41 15
47 47 27
34 34
17 17
14 14
30 30
10 10
48 48
8 8
39 39
31 31
21 21
