0 90 79 4 79 90 0 123 0 137 0 112 50 9 64 9 107 81 107 142 57 53 20 53 57 1 57 16 57 18 42 10 42 48 42 51 6 58 68 85 75 11 75 85 87 84 24 54 98 54 24 63 55 130 84 97 173 105 51 30 51 47 51 96 73 89 23 89 26 89 73 99 32 25 32 99 73 153 12 3 65 2 27 2 33 7 76 34 125 175 167 149 7 105 19 105 92 17 13 5 109 31 111 17 21 17 92 17 33 72 28 41 46 22 46 158 2 33 74 33 2 36 56 36 2 158 40 49 40 184 35 100 134 100 40 158 2 182 88 182 2 65 61 14 29 174 93 124 99 110 125 77 118 151 145 95 147 99 82 18 57 142 199 142 57 53 128 8 67 71 148 94 148 71 128 53 140 60 140 0
90
0 0 43 59 62 86
60 60
53 53
128 45
8 8
67 67
71 71
94 94
57 57
199 39
18 18
82 82
42 42
95 95
51 51
96 96
73 73
153 66
12 12
77 77
3 3
65 65
61 61 70
14 14
29 29
93 93 38
2 2 78
88 88
40 40
184 69
35 35
134 44
49 49
36 36
56 56
33 33
74 74
72 72 83
28 28
41 41
46 46
22 22
17 17
92 92
21 21
13 13
5 5
31 31
7 7
19 19
76 76
34 34
175 91
27 27
99 99
32 32
25 25
89 89
26 26
23 23
47 47
30 30
6 6
58 58
68 68
85 85
87 87
84 84
97 97
24 24
63 63
55 55
54 54
98 98
75 75
11 11
48 48
10 10
16 16
1 1
20 20
50 50
9 9 80
81 81
64 64
137 37 52
123 15
90 90
79 79
4 4
