69 7 36 8 163 100 171 190 37 134 4 44 186 4 14 99 110 148 82 52 11 104 11 146 147 97 11 51 165 112 121 5 132 5 33 191 192 5 2 160 26 2 24 119 150 83 185 198 3 133 3 58 3 50 1 59 46 87 1 118 64 188 31 1 30 170 25 56 158 128 53 1 149 193 113 106 63 162 166 71 72 74 194 77 80 27 117 197 12 195 131 115 16 90 81 135 127 101 69
80
36 36
101 101
127 127
135 135
81 81
115 115
131 131
163 163
195 195
197 197
194 194
171 171
198 198
185 185
190 190
37 37
52 52
82 82
186 186
44 44
134 134
14 14
148 148
110 110
99 99
133 133
121 121
5 5
192 192
33 33
191 191
132 132
58 58
50 50
11 11
112 112
165 165
51 51
97 97
147 147
146 146
104 104
2 2
83 83
150 150
24 24
119 119
26 26
160 160
106 106
166 166
162 162
74 74
72 72
71 71
63 63
100 100
80 80
77 77
27 27
117 117
1 1
113 113
193 193
149 149
53 53
128 128
158 158
25 25
56 56
30 30
31 31
188 188
64 64
118 118
87 87
46 46
59 59
16 16
90 90
