73 96 38 5 1 50 1 77 14 17 93 17 10 45 77 1 68 90 25 99 46 75 46 99 62 12 62 65 62 12 34 55 83 29 86 29 84 29 22 88 100 88 27 88 55 34 78 91 81 91 78 34 53 94 53 34 58 74 66 74 49 44 57 9 98 21 98 9 71 50 1 19 18 33 82 33 11 33 18 76 18 33 48 15 79 15 48 13 40 16 40 13 48 15 96 73
50
96 96
38 8
5 5
1 1
50 50
77 77
14 14
93 93
10 10
68 68
90 90
25 25
99 99
46 46
75 75
12 12
65 65
34 34
83 83
29 29
86 86
84 84
22 22
100 100
27 27
78 78
91 91
81 81
53 53
94 94
74 74
66 66
49 49
44 44
57 57
9 9
98 98
21 21
71 71
19 19
18 18
33 33
82 82
11 11
76 76
15 15
79 79
48 48
13 13
16 85
