0 2 53 151 55 151 53 87 79 87 31 80 84 169 66 169 84 80 71 80 31 14 121 91 24 91 67 91 24 94 40 64 96 64 11 173 24 16 157 69 157 144 27 44 27 144 157 16 93 63 88 90 116 117 23 117 116 90 3 90 88 57 88 63 21 6 25 1 113 30 113 99 56 45 123 72 177 92 100 73 100 61 100 103 58 36 46 36 126 29 39 86 106 50 106 13 106 86 139 37 47 76 92 60 92 177 72 48 49 48 155 196 148 85 148 45 123 65 5 196 18 196 82 70 111 75 111 70 82 52 133 4 133 20 28 20 133 4 74 4 196 82 22 62 83 68 83 62 140 81 140 62 12 10 188 18 32 77 32 41 19 176 42 176 30 113 15 113 30 9 98 8 34 97 34 8 38 35 78 87 24 16 113 1 95 132 43 132 95 192 7 59 51 89 167 110 17 110 26 110 167 160 189 54 0
100
2 2
53 53
55 55
87 87
79 79
31 31
80 80
84 84
66 66
71 71
14 14
24 24
91 91
67 67
94 94
40 40
64 64
96 96
11 11
16 16
69 69
27 27
44 44
93 93
63 63
88 88
90 90
23 23
3 3
57 57
21 21
6 6
25 25
30 30
99 99
56 56
45 45
72 72
177 33
92 92
100 100
73 73
61 61
58 58
36 36
46 46
29 29
39 39
86 86
50 50
13 13
37 37
47 47
76 76
60 60
48 48
49 49
85 85
65 65
5 5
18 18
82 82
70 70
75 75
52 52
4 4
20 20
28 28
74 74
22 22
62 62
83 83
68 68
81 81
12 12
10 10
32 32
77 77
41 41
19 19
42 42
15 15
9 9
98 98
8 8
34 34
97 97
38 38
35 35
78 78
1 1
95 95
43 43
7 7
59 59
51 51
89 89
17 17
26 26
54 54
