99 176 103 52 22 52 92 52 167 154 122 48 26 199 39 199 42 154 149 101 135 8 135 61 54 129 28 137 150 137 186 85 127 137 97 43 66 43 56 96 132 96 157 172 157 119 157 43 18 121 148 16 190 16 17 16 53 162 0 21 78 21 5 23 180 182 20 182 23 165 64 170 113 51 113 114 113 30 182 68 182 130 104 169 144 55 69 173 69 83 69 100 81 158 81 9 81 126 49 10 49 125 49 123 49 27 116 117 107 142 156 70 156 118 4 38 25 69 163 107 94 31 82 31 104 120 171 120 160 84 166 16 124 113 59 7 111 45 185 45 41 101 88 196 47 196 102 76 161 62 73 62 128 164 95 24 95 106 159 131 159 174 108 62 40 2 112 71 192 2 86 181 86 146 2 63 194 184 19 1 12 139 33 19 95 183 95 164 128 80 62 168 62 188 175 15 175 178 36 155 36 98 152 90 152 32 34 6 151 6 75 176 35 176 99
100
99 99
188 188
15 15
178 178
155 155
151 151
98 98
90 90
34 34
75 75
103 103
161 161
73 73
164 164
168 168
80 80
24 24
183 183
184 184
1 1
12 12
33 33
40 40
63 63
146 146
181 181
112 112
192 192
106 106
174 174
131 131
22 22
102 102
167 167
122 122
149 149
26 26
42 42
39 39
92 92
8 8
47 47
61 61
88 88
28 28
150 150
185 185
41 41
186 186
127 127
97 97
66 66
56 56
132 132
172 172
119 119
18 18
111 111
59 59
124 124
148 148
190 190
53 53
171 171
160 160
166 166
0 0
130 130
169 169
55 55
173 173
163 163
100 100
126 126
10 10
142 142
70 70
27 27
117 117
123 123
125 125
4 4
158 158
9 9
94 94
83 83
25 25
82 82
78 78
5 5
68 68
30 30
170 170
51 51
114 114
165 165
20 20
180 180
17 17
35 35
