destitute Loomis Rio Darwin ripe Hindi jewel Auberge Modesto diligent swingy diligent tate Vega Andersen Halstead embassy Dominican Bleeker minion slowdown amateur slowdown schedule connubial funny Gilmore funny midget mediate bobble McCall papal septillion transpiration shroud choice fatten trill yogurt creekside Hewlett decor Hewlett swordfish septillion Isfahan balustrade MN Curtis anvil illusion Elizabethan combine extractor mediate Fisk illusion Injun stanza destitute
50
jewel jewel
Injun Injun
stanza stanza
Auberge Auberge
Vega Vega
Andersen Andersen
Halstead Halstead
embassy embassy
illusion illusion
Dominican Dominican
bobble bobble
McCall McCall
papal papal
septillion septillion
transpiration transpiration
shroud shroud
choice choice
fatten fatten
trill trill
yogurt yogurt
decor decor
Hewlett Hewlett
swordfish swordfish
creekside creekside
anvil anvil
Isfahan Isfahan
MN MN
balustrade balustrade
Bleeker Bleeker
funny funny
midget midget
Gilmore Gilmore
minion minion
slowdown slowdown
schedule schedule
connubial connubial
amateur amateur
Elizabethan Elizabethan
extractor extractor
mediate mediate
Fisk Fisk
diligent diligent
tate tate
swingy swingy
Modesto Modesto
Loomis Loomis
Rio Rio
Darwin Darwin
ripe ripe
Hindi Hindi
