woebegone felony equipping felony Isfahan thoroughfare felony casserole renaissance casserole MN exothermic MN monotonous dreadnought monotonous MN noon MN balustrade babysat funny McCall diligent numerology stanza administer stanza numerology viscous numerology jewel septillion McCall funny switchmen imperishable switchmen Gilmore simulate Stephen simulate funny wingspread funny yearn Isfahan felony tate felony fulsome embroil fulsome shovel choice cowhand explosion cowhand Andersen extrovert Tucson extrovert dull archive dull swingy Fisk mediate Fisk December Zorn Hindi combine Wheller archive papal car trimester postscript trimester Curtis deduce trimester illusion griddle illusion transfuse catenate transfuse trimester yogurt Simon Goodrich Elizabethan Darwin Simon Rodney Auberge Rio shroud bat Winchester connubial anvil connubial Winchester oriole PDP limitate inform millennium funky swordfish funky millennium inform secondary inform millennium PDP Sunday silage Sunday whatsoever bunch midstream confrontation connubial Winchester bat directory bat archive softball archive sphalerite archive barnacle broil thirteen involuntary spill mitre lexicon Vega lexicon Modesto lexicon slowdown involuntary backplate involuntary icon update icon torus coarse atom Irvin mack Irvin sinh Durango Reilly Durango Hewlett Durango bifurcate Sicilian relaxation encumbrance transonic encumbrance woebegone
100
transonic transonic
sinh sinh
Durango Durango
bifurcate bifurcate
Hewlett Hewlett
Reilly Reilly
relaxation relaxation
fulsome fulsome
shovel shovel
choice choice
embroil embroil
felony felony
tate tate
funny funny
yearn yearn
wingspread wingspread
imperishable imperishable
McCall McCall
septillion septillion
diligent diligent
numerology numerology
viscous viscous
stanza stanza
administer administer
Gilmore Gilmore
simulate simulate
Stephen Stephen
thoroughfare thoroughfare
equipping equipping
casserole casserole
exothermic exothermic
noon noon
monotonous monotonous
dreadnought dreadnought
renaissance renaissance
babysat babysat
Isfahan Isfahan
explosion explosion
archive archive
barnacle barnacle
broil broil
thirteen thirteen
involuntary involuntary
slowdown slowdown
spill spill
mitre mitre
icon icon
update update
coarse coarse
backplate backplate
Vega Vega
Modesto Modesto
sphalerite sphalerite
softball softball
postscript postscript
trimester trimester
yogurt yogurt
Simon Simon
Rodney Rodney
Auberge Auberge
Goodrich Goodrich
Darwin Darwin
transfuse transfuse
catenate catenate
illusion illusion
griddle griddle
bat bat
directory directory
Winchester Winchester
oriole oriole
bunch bunch
midstream midstream
PDP PDP
Sunday Sunday
whatsoever whatsoever
silage silage
limitate limitate
inform inform
secondary secondary
millennium millennium
funky funky
swordfish swordfish
connubial connubial
anvil anvil
Curtis Curtis
deduce deduce
papal papal
car car
dull dull
swingy swingy
Fisk Fisk
mediate mediate
December December
Zorn Zorn
Wheller Wheller
Irvin Irvin
mack mack
Andersen Andersen
extrovert extrovert
Tucson Tucson
