exothermic felony Irvin decor shovel trill combine Iowa exothermic lordosis midget coarse midget amateur Bernini Tucson Bernini Injun Curtis anvil embroil Halstead yogurt swordfish wafer swordfish namesake McCall Andersen McCall sacrifice extrovert FPC yogurt Dominican felony exothermic
25
namesake namesake
McCall McCall
sacrifice sacrifice
extrovert extrovert
Andersen Andersen
FPC FPC
felony felony
swordfish swordfish
wafer wafer
yogurt yogurt
Irvin Irvin
decor decor
shovel shovel
trill trill
combine combine
Iowa Iowa
lordosis lordosis
midget midget
coarse coarse
amateur amateur
Injun Injun
Curtis Curtis
Bernini Bernini
Tucson Tucson
Halstead Halstead
