fmdhlepsteinstdnkill epsteindlsfdntmkillh dnkillepsteinlshdtfm epsteinkillmsftnddlh fkillepsteindlhdnsmt nltdmsfepsteinkilldh hnfdtmlepsteinkillds msfltdkillnepsteinhd hnfdtmlepsteinkillds hdepsteinskillldtnfm hnfdtmlepsteinkillds nhslfmepsteindtkilld hsdfepsteintlnkilldm fshtdepsteinmldnkill dmepsteinfnhltkillsd fshtdepsteinmldnkill lndsdkilltmepsteinhf hsndepsteindlmtkillf tlmsdhdnkillfepstein lsdepsteinfmkillndth tlmsdhdnkillfepstein fmsepsteindntldhkill epsteindfhlmdnskillt dlnsthfmepsteinkilld epsteindfhlmdnskillt fmsepsteindntldhkill tlmsdhdnkillfepstein tmlepsteinsdnfkillhd tlmsdhdnkillfepstein epsteinmhndfkilltdls dmkillshfepsteinltnd epsteinskilldlndhmtf killnsfmhdepsteindtl fdshnmkillepsteinltd fddsepsteinhnlkilltm ddtmkillepsteinflsnh hepsteinsddnfkillmlt nkilltdhlmdepsteinsf hepsteinsddnfkillmlt lthfkilldnsmepsteind epsteinskilldlndhmtf killnsfmhdepsteindtl nfdhkilllsmtepsteind dfkilllmtepsteinhdsn hnfdtmlepsteinkillds nltdmsfepsteinkilldh fkillepsteindlhdnsmt stepsteinhkillfmnldd fkillepsteindlhdnsmt epsteinkillmsftnddlh dnkillepsteinlshdtfm killepsteinlhtfdsmdn dhkilllsepsteinmntdf killepsteinlhtfdsmdn epsteinlshkilldnfdmt flepsteindndhmtkills killdmnsfhldepsteint epsteintdkilllnfdhms killdmnsfhldepsteint ndkillftdsmepsteinlh dnkillepsteinlshdtfm ddlmnftepsteinhskill fepsteinhsntddkilllm ddlmnftepsteinhskill hnsdkilllftdmepstein epsteinfsddmthkillnl tlsfdmdepsteinnhkill dmkillshfepsteinltnd nepsteinlmdkilldhfts ntlepsteindmfdshkill killmlepsteindthnfsd ntlepsteindmfdshkill nepsteinlmdkilldhfts epsteinkillnmsdhtdlf fkillepsteinmldnhstd depsteinnlsfmhtkilld ddlmnftepsteinhskill fhndskillepsteintldm lhsepsteindtdnmkillf lnsmkilltfdepsteindh dnkillepsteinlshdtfm mftkillepsteinndlhsd tmsdnfdlkillhepstein lhepsteinkilldtnmfsd lmhdtfdepsteinnkills dnkillepsteinlshdtfm epsteindlsfdntmkillh fmdhlepsteinstdnkill nhmkilllsftepsteindd fmdhlepsteinstdnkill
50
nhmkilllsftepsteindd nhmkilllsftepsteindd
epsteindlsfdntmkillh epsteindlsfdntmkillh
dnkillepsteinlshdtfm dnkillepsteinlshdtfm
lmhdtfdepsteinnkills lmhdtfdepsteinnkills
ddlmnftepsteinhskill ddlmnftepsteinhskill
fepsteinhsntddkilllm fepsteinhsntddkilllm
hnsdkilllftdmepstein hnsdkilllftdmepstein
epsteinfsddmthkillnl dhepsteindsnlkillfmt
tlsfdmdepsteinnhkill tlsfdmdepsteinnhkill
nepsteinlmdkilldhfts nepsteinlmdkilldhfts
depsteinnlsfmhtkilld depsteinnlsfmhtkilld
ntlepsteindmfdshkill ntlepsteindmfdshkill
killmlepsteindthnfsd killmlepsteindthnfsd
fhndskillepsteintldm fhndskillepsteintldm
lnsmkilltfdepsteindh lnsmkilltfdepsteindh
killepsteinlhtfdsmdn killepsteinlhtfdsmdn
epsteinlshkilldnfdmt epsteinlshkilldnfdmt
flepsteindndhmtkills flepsteindndhmtkills
killdmnsfhldepsteint killdmnsfhldepsteint
epsteintdkilllnfdhms epsteintdkilllnfdhms
ndkillftdsmepsteinlh ndkillftdsmepsteinlh
dhkilllsepsteinmntdf dhkilllsepsteinmntdf
epsteinkillmsftnddlh epsteinkillmsftnddlh
stepsteinhkillfmnldd stepsteinhkillfmnldd
epsteinskilldlndhmtf epsteinskilldlndhmtf
killnsfmhdepsteindtl killnsfmhdepsteindtl
fdshnmkillepsteinltd fdshnmkillepsteinltd
ddtmkillepsteinflsnh ddtmkillepsteinflsnh
hepsteinsddnfkillmlt hepsteinsddnfkillmlt
nkilltdhlmdepsteinsf nkilltdhlmdepsteinsf
nfdhkilllsmtepsteind nfdhkilllsmtepsteind
dfkilllmtepsteinhdsn dfkilllmtepsteinhdsn
dmepsteinfnhltkillsd dmepsteinfnhltkillsd
fshtdepsteinmldnkill fshtdepsteinmldnkill
lndsdkilltmepsteinhf lndsdkilltmepsteinhf
hsndepsteindlmtkillf hsndepsteindlmtkillf
tlmsdhdnkillfepstein tlmsdhdnkillfepstein
fmsepsteindntldhkill fmsepsteindntldhkill
epsteindfhlmdnskillt epsteindfhlmdnskillt
dlnsthfmepsteinkilld dlnsthfmepsteinkilld
epsteinmhndfkilltdls epsteinmhndfkilltdls
tmlepsteinsdnfkillhd tmlepsteinsdnfkillhd
lsdepsteinfmkillndth lsdepsteinfmkillndth
nltdmsfepsteinkilldh nltdmsfepsteinkilldh
hnfdtmlepsteinkillds hnfdtmlepsteinkillds
hsdfepsteintlnkilldm hsdfepsteintlnkilldm
hdepsteinskillldtnfm hdepsteinskillldtnfm
msfltdkillnepsteinhd msfltdkillnepsteinhd
mftkillepsteinndlhsd mftkillepsteinndlhsd
lhepsteinkilldtnmfsd lhepsteinkilldtnmfsd
