dldkilltnmhfepsteins msddkilllthepsteinfn dlfdkilltepsteinhnms fhnmkillepsteinsdltd depsteinftndhmkillsl tldkillhsfnmepsteind depsteinlfnmkilldsht tsmdepsteinkillhfdln lkilldtnmsepsteindfh dhmkillfdltnsepstein mhdskillldftnepstein killtdslhfdepsteinnm shfnmltepsteindkilld killdldepsteinmfsthn epsteinfthkilldnslmd ntmdhepsteinsdkillfl fddsmepsteintnkillhl dhsepsteintlkillmfnd epsteinhdkillltsmfdn mkilldlshdtfepsteinn epsteinhnkillsldfdmt nmdhepsteinkilltfsld epsteinhnkillsldfdmt mkilldlshdtfepsteinn nfltdmkillsdepsteinh killhtdmdlnsfepstein hmdkilllnepsteinfsdt lsmftnepsteinkillhdd dflstmkillepsteindhn killdepsteinmfltdshn tsdnhkilllmepsteindf tdfkillslepsteinhdmn sldhnfmtdkillepstein msepsteintlhnfkilldd sldhnfmtdkillepstein tepsteinhsdkillmldfn sldhnfmtdkillepstein fhdmnepsteindkillslt fmtnkilldepsteindhsl killtdslhfdepsteinnm killmfndshdtepsteinl hmdkilllnepsteinfsdt killhtdmdlnsfepstein ltfnsdhepsteinkilldm killtdmsdfhnepsteinl dhkillldsepsteintnmf sndldftmkillepsteinh killmdshdtnflepstein sdndhepsteinltkillfm mdkillntepsteindfhsl tndskilldfepsteinmhl dkillnmsfhtlepsteind tndskilldfepsteinmhl mdkillntepsteindfhsl dmldfhskillntepstein mfndlsdepsteinhkillt fdmtdepsteinkilllsnh epsteinldtnfmshdkill lepsteindsmnhftdkill dhsepsteintlkillmfnd fddsmepsteintnkillhl mndtkillepsteindlfhs ntmdhepsteinsdkillfl epsteinfthkilldnslmd mdkilllfdnstepsteinh fdmtdepsteinkilllsnh mfndlsdepsteinhkillt dsftepsteindhkillmnl sdlhfnmdepsteintkill dsftepsteindhkillmnl mfndlsdepsteinhkillt fdmtdepsteinkilllsnh mdkilllfdnstepsteinh lkillepsteintdshmfnd mdkilllfdnstepsteinh fdmtdepsteinkilllsnh dnldkillhmfstepstein dmtlsfhnkilldepstein thdlskillnfdmepstein dmtlsfhnkilldepstein thdlskillnfdmepstein lepsteinkilldhfmstnd thdlskillnfdmepstein hnddkilltslmfepstein killtepsteinddhlmnsf hnddkilltslmfepstein nftmskilldldepsteinh mdkillnlsdtepsteinhf nftmskilldldepsteinh hnddkilltslmfepstein lkillfthdsepsteindnm dtnkillsepsteinmdfhl tdnfmdhepsteinslkill fmtnkilldepsteindhsl hsepsteinfkillnmddtl epsteindmshtfldnkill hmndfkillslepsteintd epsteindmshtfldnkill killthsepsteindmlfdn depsteinslkillhdftmn killthsepsteindmlfdn nepsteindhkillltmsfd hdmndfepsteinstkilll smkillnepsteinfldthd mkillldnhepsteinstfd fmtnkilldepsteindhsl killtdslhfdepsteinnm dtsmdnlhfepsteinkill epsteinsnmflhtdkilld dtsmdnlhfepsteinkill mkillthfdlnepsteinds skillthlfndepsteindm fsepsteindkillhmtdln epsteinlmkillfshnddt fsepsteindkillhmtdln dkillnmhldstfepstein hdntepsteinkilllsdfm mhkillepsteinddlfsnt hdntepsteinkilllsdfm dkillnmhldstfepstein epsteinshlkilldmnfdt dfdepsteintlnskillhm ldepsteindhkilltsmfn dfdepsteintlnskillhm epsteinshlkilldmnfdt dkillnmhldstfepstein skillmfepsteinthddnl dkillnmhldstfepstein fsepsteindkillhmtdln killhdfnsepsteinmltd epsteinfsltkillnhddm fmltddhnepsteinskill epsteinfsltkillnhddm dhkillldsepsteintnmf slepsteinkillfmddhtn killtdslhfdepsteinnm dkillldfepsteintsmnh dlshdtepsteinnkillfm dkillldfepsteintsmnh ldfsmnepsteinkilltdh dkillldfepsteintsmnh hdepsteinkillnfdlmts dhmkillfdltnsepstein hnsepsteinmkillfddtl dhtepsteinkillsdflmn tdkillepsteinsmhdfnl epsteintfhndkilllmsd tdkillepsteinsmhdfnl depsteinlfnmkilldsht tsmdepsteinkillhfdln killfthnmsdlepsteind tsmdepsteinkillhfdln depsteinlfnmkilldsht dkillfepsteinnhdmtls sdndhepsteinltkillfm killmdshdtnflepstein fdskillndtmepsteinlh killmdshdtnflepstein sdndhepsteinltkillfm dfkilllepsteinsnmhtd sdndhepsteinltkillfm lmkillepsteintsndfhd hepsteinntdkillsdmfl depsteintkilllnmsfdh hepsteinntdkillsdmfl lmkillepsteintsndfhd lhsntdepsteindkillmf lmkillepsteintsndfhd ndshkilldmlepsteinft ndkillthdepsteinlsmf lkillfthdsepsteindnm nsepsteinfmdkillhldt hnskillepsteintfdmld nsepsteinfmdkillhldt killshdlmftnepsteind tldkillhsfnmepsteind depsteinlfnmkilldsht lhepsteintndkilldsmf killfhdndtlepsteinsm fthlkillnepsteindsdm thnkillmddsepsteinfl fthlkillnepsteindsdm depsteinftndhmkillsl hepsteinnfdmlsdtkill depsteinftndhmkillsl epsteindkilltlmnhsfd depsteinftndhmkillsl fthlkillnepsteindsdm killfhdndtlepsteinsm lepsteindnhstfdmkill fhnmkillepsteinsdltd dlfdkilltepsteinhnms msddkilllthepsteinfn dldkilltnmhfepsteins
99
msddkilllthepsteinfn msddkilllthepsteinfn
dlfdkilltepsteinhnms dlfdkilltepsteinhnms
fhnmkillepsteinsdltd fhnmkillepsteinsdltd
lepsteindnhstfdmkill lepsteindnhstfdmkill
depsteinftndhmkillsl depsteinftndhmkillsl
epsteindkilltlmnhsfd epsteindkilltlmnhsfd
hepsteinnfdmlsdtkill hepsteinnfdmlsdtkill
thnkillmddsepsteinfl thnkillmddsepsteinfl
tldkillhsfnmepsteind tldkillhsfnmepsteind
depsteinlfnmkilldsht depsteinlfnmkilldsht
sdndhepsteinltkillfm sdndhepsteinltkillfm
dfkilllepsteinsnmhtd dfkilllepsteinsnmhtd
ndkillthdepsteinlsmf ndkillthdepsteinlsmf
fdskillndtmepsteinlh fdskillndtmepsteinlh
lmkillepsteintsndfhd lmkillepsteintsndfhd
ndshkilldmlepsteinft ndshkilldmlepsteinft
lhsntdepsteindkillmf lhsntdepsteindkillmf
hepsteinntdkillsdmfl hepsteinntdkillsdmfl
depsteintkilllnmsfdh depsteintkilllnmsfdh
hnskillepsteintfdmld hnskillepsteintfdmld
lhepsteintndkilldsmf lhepsteintndkilldsmf
tsmdepsteinkillhfdln tsmdepsteinkillhfdln
killfthnmsdlepsteind killfthnmsdlepsteind
lkilldtnmsepsteindfh lkilldtnmsepsteindfh
dhmkillfdltnsepstein dhmkillfdltnsepstein
mhdskillldftnepstein mhdskillldftnepstein
killtdslhfdepsteinnm killtdslhfdepsteinnm
slepsteinkillfmddhtn slepsteinkillfmddhtn
dtsmdnlhfepsteinkill dtsmdnlhfepsteinkill
epsteinsnmflhtdkilld epsteinsnmflhtdkilld
mkillthfdlnepsteinds mkillthfdlnepsteinds
skillthlfndepsteindm skillthlfndepsteindm
fsepsteindkillhmtdln fsepsteindkillhmtdln
killhdfnsepsteinmltd killhdfnsepsteinmltd
epsteinlmkillfshnddt epsteinlmkillfshnddt
dkillnmhldstfepstein dkillnmhldstfepstein
skillmfepsteinthddnl skillmfepsteinthddnl
dfdepsteintlnskillhm dfdepsteintlnskillhm
ldepsteindhkilltsmfn ldepsteindhkilltsmfn
mhkillepsteinddlfsnt mhkillepsteinddlfsnt
fmltddhnepsteinskill fmltddhnepsteinskill
fmtnkilldepsteindhsl fmtnkilldepsteindhsl
mkillldnhepsteinstfd mkillldnhepsteinstfd
hsepsteinfkillnmddtl hsepsteinfkillnmddtl
epsteindmshtfldnkill epsteindmshtfldnkill
killthsepsteindmlfdn killthsepsteindmlfdn
depsteinslkillhdftmn depsteinslkillhdftmn
nepsteindhkillltmsfd nepsteindhkillltmsfd
hmndfkillslepsteintd hmndfkillslepsteintd
shfnmltepsteindkilld shfnmltepsteindkilld
thdlskillnfdmepstein thdlskillnfdmepstein
dtnkillsepsteinmdfhl dtnkillsepsteinmdfhl
killtepsteinddhlmnsf killtepsteinddhlmnsf
lepsteinkilldhfmstnd lepsteinkilldhfmstnd
dmtlsfhnkilldepstein dmtlsfhnkilldepstein
nftmskilldldepsteinh nftmskilldldepsteinh
mdkillnlsdtepsteinhf mdkillnlsdtepsteinhf
killdldepsteinmfsthn killdldepsteinmfsthn
dnldkillhmfstepstein dnldkillhmfstepstein
epsteinfthkilldnslmd epsteinfthkilldnslmd
mdkilllfdnstepsteinh mdkilllfdnstepsteinh
fdmtdepsteinkilllsnh fdmtdepsteinkilllsnh
sdlhfnmdepsteintkill sdlhfnmdepsteintkill
lkillepsteintdshmfnd lkillepsteintdshmfnd
ntmdhepsteinsdkillfl ntmdhepsteinsdkillfl
fddsmepsteintnkillhl fddsmepsteintnkillhl
mndtkillepsteindlfhs mndtkillepsteindlfhs
dhsepsteintlkillmfnd dhsepsteintlkillmfnd
epsteinldtnfmshdkill epsteinldtnfmshdkill
epsteinhdkillltsmfdn epsteinhdkillltsmfdn
mkilldlshdtfepsteinn mkilldlshdtfepsteinn
epsteinhnkillsldfdmt epsteinhnkillsldfdmt
nmdhepsteinkilltfsld nmdhepsteinkilltfsld
nfltdmkillsdepsteinh nfltdmkillsdepsteinh
killhtdmdlnsfepstein killhtdmdlnsfepstein
ltfnsdhepsteinkilldm ltfnsdhepsteinkilldm tepsteinmdfldhnskill
killtdmsdfhnepsteinl killtdmsdfhnepsteinl
hmdkilllnepsteinfsdt hmdkilllnepsteinfsdt
killmfndshdtepsteinl killmfndshdtepsteinl
msepsteintlhnfkilldd msepsteintlhnfkilldd
sldhnfmtdkillepstein sldhnfmtdkillepstein
tepsteinhsdkillmldfn tepsteinhsdkillmldfn
fhdmnepsteindkillslt fhdmnepsteindkillslt
lsmftnepsteinkillhdd lsmftnepsteinkillhdd
dflstmkillepsteindhn dflstmkillepsteindhn
killdepsteinmfltdshn killdepsteinmfltdshn
tsdnhkilllmepsteindf tsdnhkilllmepsteindf
tdfkillslepsteinhdmn tdfkillslepsteinhdmn
sndldftmkillepsteinh sndldftmkillepsteinh
mdkillntepsteindfhsl mdkillntepsteindfhsl
dmldfhskillntepstein dmldfhskillntepstein
tndskilldfepsteinmhl tndskilldfepsteinmhl
dkillnmsfhtlepsteind dkillnmsfhtlepsteind
dlshdtepsteinnkillfm dlshdtepsteinnkillfm
ldfsmnepsteinkilltdh ldfsmnepsteinkilltdh
hnsepsteinmkillfddtl hnsepsteinmkillfddtl
dhtepsteinkillsdflmn dhtepsteinkillsdflmn
epsteintfhndkilllmsd epsteintfhndkilllmsd
tdkillepsteinsmhdfnl tdkillepsteinsmhdfnl
