tepsteinfdkilldlmhns killepsteintdldshfnm nlhtdsdepsteinfmkill killepsteintdldshfnm dhlepsteindkillsmtnf lepsteinfdkillsdnmht nfdhepsteinltsdmkill mfskillnhlddtepstein thmepsteinlkillfsndd slepsteinftndkillmdh htskillepsteindnlfdm ndlmhepsteintdskillf tmhsnfepsteinldkilld ndlmhepsteintdskillf dnhdskillepsteinmltf dtepsteindnhmskillfl fnmhskilldepsteinltd msnepsteinfkillhtdld hkillmepsteinstdfdnl msnepsteinfkillhtdld snldmtkillfepsteindh epsteinthsdmndkillfl nkillsdtdhfmlepstein killepsteintdldshfnm slepsteinftndkillmdh epsteinsdfmhltkillnd slepsteinftndkillmdh thsfnmkilldlepsteind ndlepsteinhdtskillfm ldnmepsteinhfstdkill nmhdkilltslepsteinfd hldmepsteindsnkilltf nmhdkilltslepsteinfd ldnmepsteinhfstdkill hepsteinnfstkilllmdd hfskillnepsteinldtdm killnfhdsdltepsteinm hfskillnepsteinldtdm ldnmepsteinhfstdkill skilldnmlhdftepstein ldnmepsteinhfstdkill hepsteinnfstkilllmdd tskillepsteinhfmddnl thsfnmkilldlepsteind hdepsteinsmdtnflkill fnlskillhtepsteindmd hdepsteinsmdtnflkill tepsteinfdkilldlmhns
25
hdepsteinsmdtnflkill hdepsteinsmdtnflkill
fnlskillhtepsteindmd fnlskillhtepsteindmd
killepsteintdldshfnm killepsteintdldshfnm
ndlepsteinhdtskillfm ndlepsteinhdtskillfm
hldmepsteindsnkilltf hldmepsteindsnkilltf
skilldnmlhdftepstein skilldnmlhdftepstein
hepsteinnfstkilllmdd hepsteinnfstkilllmdd
killnfhdsdltepsteinm killnfhdsdltepsteinm
fnmhskilldepsteinltd fnmhskilldepsteinltd
msnepsteinfkillhtdld msnepsteinfkillhtdld
epsteinsdfmhltkillnd epsteinsdfmhltkillnd
snldmtkillfepsteindh snldmtkillfepsteindh
epsteinthsdmndkillfl epsteinthsdmndkillfl
nkillsdtdhfmlepstein nkillsdtdhfmlepstein
hkillmepsteinstdfdnl hkillmepsteinstdfdnl
tskillepsteinhfmddnl tskillepsteinhfmddnl
dhlepsteindkillsmtnf dhlepsteindkillsmtnf
mfskillnhlddtepstein epsteindsmnlfdtkillh
thmepsteinlkillfsndd thmepsteinlkillfsndd
htskillepsteindnlfdm htskillepsteindnlfdm
ndlmhepsteintdskillf ndlmhepsteintdskillf
tmhsnfepsteinldkilld tmhsnfepsteinldkilld
lepsteinfdkillsdnmht lepsteinfdkillsdnmht
nfdhepsteinltsdmkill nfdhepsteinltsdmkill
nlhtdsdepsteinfmkill nlhtdsdepsteinfmkill
