1 96 71 35 92 84 43 84 92 35 71 96 1 4 2 98 83 87 91 97 0 95 94 72 86 22 45 42 44 16 80 78 76 89 88 24 67 75 81 49 38 57 61 79 77 79 61 57 38 49 81 58 60 81 62 81 63 81 66 81 68 81 69 81 82 81 90 81 67 24 88 89 76 78 80 16 85 51 46 47 48 51 54 64 99 45 27 29 39 40 18 73 30 23 28 31 50 32 26 41 19 36 37 65 12 8 13 14 33 20 11 9 17 21 25 10 3 5 7 93 7 5 3 10 25 21 17 9 11 20 33 14 13 8 12 65 37 36 19 41 26 32 50 31 28 23 30 73 18 40 39 29 27 45 22 86 72 94 95 0 97 91 87 83 98 2 4 1
42
94 94
45 45
42 42
99 99
64 64
54 54
51 51
48 48
47 47
46 46
44 44
16 16
85 85
80 80
78 78
76 76
89 89
88 88
24 24
67 67
75 75
81 81
90 90
82 82
69 69
68 68
66 66
63 63
62 62
60 60
58 58
49 49 34 52 53 55 56 59 70 74
38 38
57 57
61 61
79 79
77 77
36 36
20 20
7 7
93 6
43 15
