55 2 12 31 61 12 18 3 4 7 9 25 32 54 69 108 35 46 5 81 7 104 112 15 11 44 80 19 16 34 48 89 107 6 21 6 41 103 13 20 106 37 39 49 3 57 3 62 63 67 75 3 85 3 92 93 98 3 110 1 23 27 29 36 2 42 45 51 52 58 60 65 70 71 2 72 73 2 77 79 2 83 87 90 94 2 96 99 2 100 2 102 55
74
55 55
2 2
102 102
100 100
99 99
96 96
94 94
90 90
87 87
83 83
79 79
77 77
73 73
72 72
71 71
70 70
65 65
60 60
58 58
52 52
51 51
45 45
42 42
36 36
29 29
27 27
23 23
18 18
3 3
110 110
98 98
93 93
92 92
85 85
75 75
67 67
63 63
62 62
57 57
49 49
39 39
37 37
20 20
106 106
13 13
6 6
103 103
41 41
21 21
4 4
107 107
89 89
48 48
34 34
16 16
15 15
80 80
11 11
44 44
7 7
112 112
104 104
81 81
46 46
35 35
9 9
108 108
69 69
54 54
32 32
25 25
12 12
61 61
31 31
