Wurster Class Pennsylvania Hazardous McLaughlin Pitzer Cory Nevada North Sutardja Florida Gilman Frank Juneau Idaho Raleigh Oregon Anthony Optometry Honolulu Indianapolis Montgomery Silver Vermont Simpson Parking Tennessee Maxwell Chan Alabama Stanley Sather Massachusetts Boston Kleeberger Moses Goldman Hilgard Barrows Spieker Brain Observatory Blackwell Moffitt Hesse California Salem Simon Recreational Visitor Wurster
50
Wurster Wurster
Class Class
Pennsylvania Pennsylvania
Hazardous Hazardous
McLaughlin McLaughlin
Pitzer Pitzer
Cory Cory
Nevada Nevada
North North
Sutardja Sutardja
Florida Florida
Gilman Gilman
Frank Frank
Juneau Juneau
Idaho Idaho
Raleigh Raleigh
Oregon Oregon
Anthony Anthony
Optometry Optometry
Honolulu Honolulu
Indianapolis Indianapolis
Montgomery Montgomery
Silver Silver
Vermont Vermont
Simpson Simpson
Parking Parking
Tennessee Tennessee
Maxwell Maxwell
Chan Chan
Alabama Alabama
Stanley Stanley
Sather Sather
Massachusetts Massachusetts
Boston Boston
Kleeberger Kleeberger
Moses Moses
Goldman Goldman
Hilgard Hilgard
Barrows Barrows
Spieker Spieker
Brain Brain
Observatory Observatory
Blackwell Blackwell
Moffitt Moffitt
Hesse Hesse
California California
Salem Salem
Simon Simon
Recreational Recreational
Visitor Visitor
