Rhode Life University Donner Kentucky Hellman Valley Mulford Grinnell Silver Michigan Harrisburg Martin Cheyenne East Annapolis Baton Madison Campanile Santa Simpson Chou Birge Brain LeConte Oregon Bowles Berkeley Chvez Tang Columbia Florida Trenton Jones Edwards Mathematical Salt Durham Foothill Heating Hartford Etcheverry Utah Simon Barrows Nashville Jacobs Boalt Sproul Moffitt Morrison Haste Richmond Providence Illinois Lower West McLaughlin Montgomery Maryland Topeka International Minnesota Hertz Stadium Little Durant Tennessee Class Maxwell BART Krutch Montana CNMAT Lansing Hargrove Columbus Jefferson Austin Clark Mississippi Insectary Moses Cory Cleary Bancroft Wisconsin Observatory Hawaii Energy Hearst Concord Police Springer Pennsylvania Blackwell Warren Nevada Olympia McEnerney Rhode
100
Rhode Rhode
Life Life
University University
Donner Donner
Kentucky Kentucky
Hellman Hellman
Valley Valley
Mulford Mulford
Grinnell Grinnell
Silver Silver
Michigan Michigan
Harrisburg Harrisburg
Martin Martin
Cheyenne Cheyenne
East East
Annapolis Annapolis
Baton Baton
Madison Madison
Campanile Campanile
Santa Santa
Simpson Simpson
Chou Chou
Birge Birge
Brain Brain
LeConte LeConte
Oregon Oregon
Bowles Bowles
Berkeley Berkeley
Chvez Chvez
Tang Tang
Columbia Columbia
Florida Florida
Trenton Trenton
Jones Jones
Edwards Edwards
Mathematical Mathematical
Salt Salt
Durham Durham
Foothill Foothill
Heating Heating
Hartford Hartford
Etcheverry Etcheverry
Utah Utah
Simon Simon
Barrows Barrows
Nashville Nashville
Jacobs Jacobs
Boalt Boalt
Sproul Sproul
Moffitt Moffitt
Morrison Morrison
Haste Haste
Richmond Richmond
Providence Providence
Illinois Illinois
Lower Lower
West West
McLaughlin McLaughlin
Montgomery Montgomery
Maryland Maryland
Topeka Topeka
International International
Minnesota Minnesota
Hertz Hertz
Stadium Stadium
Little Little
Durant Durant
Tennessee Tennessee
Class Class
Maxwell Maxwell
BART BART
Krutch Krutch
Montana Montana
CNMAT CNMAT
Lansing Lansing
Hargrove Hargrove
Columbus Columbus
Jefferson Jefferson
Austin Austin
Clark Clark
Mississippi Mississippi
Insectary Insectary
Moses Moses
Cory Cory
Cleary Cleary
Bancroft Bancroft
Wisconsin Wisconsin
Observatory Observatory
Hawaii Hawaii
Energy Energy
Hearst Hearst
Concord Concord
Police Police
Springer Springer
Pennsylvania Pennsylvania
Blackwell Blackwell
Warren Warren
Nevada Nevada
Olympia Olympia
McEnerney McEnerney
