Donner Cyclotron Providence Phoenix Life Recreational Gilman Foothill Iowa Gayley Old Ishi Tallahassee Minnesota Illinois Topeka Haas Wurster Haste Juneau North McCone Helena Santa Optometry Donner
25
Donner Donner
Cyclotron Cyclotron
Providence Providence
Phoenix Phoenix
Life Life
Recreational Recreational
Gilman Gilman
Foothill Foothill
Iowa Iowa
Gayley Gayley
Old Old
Ishi Ishi
Tallahassee Tallahassee
Minnesota Minnesota
Illinois Illinois
Topeka Topeka
Haas Haas
Wurster Wurster
Haste Haste
Juneau Juneau
North North
McCone McCone
Helena Helena
Santa Santa
Optometry Optometry
