Soda AnthonyHall BerkeleyArtMuseum CalvinLaboratory ClarkKerrCampus CheitHall BlumHall BirgeHall BlackwellHall EshlemanHall AlumniHouse CareerCenter VLSB Dwinelle BarkerHall BanwayBldg EdwardsStadium CaliforniaHall DoeMemorialLibrary DonnerLab ChanShunAuditorium EtcheverryHall CNMAT DavisHall EvansDiamond BarrowLane BarrowsHall BARTStation Cory Campanile BerkeleyWayWest BrainImagingCenter ChouHall EastGate BancroftLibrary BoaltHall CyclotronRd CampbellHall EastAsianLibrary BotanicalGarden DurantHall Soda
40
DurantHall DurantHall
AnthonyHall AnthonyHall
BotanicalGarden BotanicalGarden
EastGate EastGate
BancroftLibrary BancroftLibrary
CampbellHall CampbellHall
EastAsianLibrary EastAsianLibrary
BoaltHall BoaltHall
CyclotronRd CyclotronRd
ChouHall ChouHall
Campanile Campanile
BerkeleyWayWest BerkeleyWayWest
BrainImagingCenter BrainImagingCenter
BerkeleyArtMuseum BerkeleyArtMuseum
EvansDiamond EvansDiamond
BarrowLane BarrowLane
Cory Cory
BarrowsHall BarrowsHall
BARTStation BARTStation
DavisHall DavisHall
CalvinLaboratory CalvinLaboratory
CheitHall CheitHall
DonnerLab DonnerLab
ChanShunAuditorium ChanShunAuditorium
EtcheverryHall EtcheverryHall
CNMAT CNMAT
BlumHall BlumHall
BlackwellHall BlackwellHall
EshlemanHall EshlemanHall
BirgeHall BirgeHall
AlumniHouse AlumniHouse
DoeMemorialLibrary DoeMemorialLibrary
BarkerHall BarkerHall
BanwayBldg BanwayBldg
EdwardsStadium EdwardsStadium
CaliforniaHall CaliforniaHall
CareerCenter CareerCenter
Dwinelle Dwinelle
VLSB VLSB
ClarkKerrCampus ClarkKerrCampus
