Soda EtcheverryHall WicksonNaturalArea MartinezCommons Saratoga Hayward Unit3 Albany SanRafael IshiCourt SanPablo Benicia BancroftLibrary EastGate ChouHall Belmont StadiumRimWay Unit1 HertzHall SproulPlaza Emeryville AnthonyHall Healdsburg ZellerbachPlayhouse MulfordHall ZellerbachHall ClarkKerrCampus FoundersRock MinorHallAddition StHelena KleebergerFieldHouse SatherTower Orinda Oakley WestGate GiauqueHall Alameda Pittsburg Insectary Campanile EvansHall SanRamon SternHall WellmanHall Piedmont NorthGateHall HargroveMusicLibrary DonnerLab LewisHall BarkerHall PimentelHall CalvinLaboratory HearstGreekTheatre GilmanHall GoldmanField WomenFacultyClub FrankSchlessingerWay Pacifica Hillsborough LowerSproulPlaza Fairfield WursterHall WheelerHall KroeberHall WestCircle HearstMiningCircle BlumHall Cory Brisbane ClearyHall Pinole Soda
70
EtcheverryHall EtcheverryHall
WicksonNaturalArea WicksonNaturalArea
MartinezCommons MartinezCommons
Saratoga Saratoga
Hayward Hayward
Unit3 Unit3
Albany Albany
SanRafael SanRafael
IshiCourt IshiCourt
SanPablo SanPablo
Benicia Benicia
BancroftLibrary BancroftLibrary
EastGate EastGate
ChouHall ChouHall
Belmont Belmont
StadiumRimWay StadiumRimWay
Unit1 Unit1
HertzHall HertzHall
SproulPlaza SproulPlaza
Emeryville Emeryville
AnthonyHall AnthonyHall
Healdsburg Healdsburg
ZellerbachPlayhouse ZellerbachPlayhouse
MulfordHall MulfordHall
ZellerbachHall ZellerbachHall
ClarkKerrCampus ClarkKerrCampus
FoundersRock FoundersRock
MinorHallAddition MinorHallAddition
StHelena StHelena
KleebergerFieldHouse KleebergerFieldHouse
SatherTower SatherTower
Orinda Orinda
Oakley Oakley
WestGate WestGate
GiauqueHall GiauqueHall
Alameda Alameda
Pittsburg Pittsburg
Insectary Insectary
Campanile Campanile
EvansHall EvansHall
SanRamon SanRamon
SternHall SternHall
WellmanHall WellmanHall
Piedmont Piedmont
NorthGateHall NorthGateHall
HargroveMusicLibrary HargroveMusicLibrary
DonnerLab DonnerLab
LewisHall LewisHall
BarkerHall BarkerHall
PimentelHall PimentelHall
CalvinLaboratory CalvinLaboratory
HearstGreekTheatre HearstGreekTheatre
GilmanHall GilmanHall
GoldmanField GoldmanField
WomenFacultyClub WomenFacultyClub
FrankSchlessingerWay FrankSchlessingerWay
Pacifica Pacifica
Hillsborough Hillsborough
LowerSproulPlaza LowerSproulPlaza
Fairfield Fairfield
WursterHall WursterHall
WheelerHall WheelerHall
KroeberHall KroeberHall
WestCircle WestCircle
HearstMiningCircle HearstMiningCircle
BlumHall BlumHall
Cory Cory
Brisbane Brisbane
ClearyHall ClearyHall
Pinole Pinole
