1 170 190 140 11 3 137 148 97 126 76 43 112 108 121 183 14 45 93 149 184 160 95 81 153 155 27 155 29 59 182 41 91 167 91 139 16 117 156 192 99 192 94 114 118 68 147 57 120 44 181 186 191 68 12 142 123 74 32 77 38 122 32 92 178 52 178 13 28 151 92 163 172 28 112 25 21 9 35 89 9 131 129 7 87 197 119 20 132 42 2 127 70 127 17 9 188 67 36 78 100 164 100 53 143 79 143 65 176 116 64 60 180 161 6 40 159 34 165 1
100
170 170
190 190
140 140
11 11
3 3
137 137
148 148
97 97
126 126
76 76
112 112
108 108
121 121
183 183
14 14
45 45
93 93
149 149
184 184
160 160
95 95
81 81
153 153
27 27
155 155
29 29
59 59
182 182
91 91
167 167
139 139
16 16
117 117
192 192
99 99
94 94
114 114
118 118
68 68
147 147
57 57
120 120
44 44
181 181
186 186
191 191
12 12
142 142
123 123
74 74
32 32
77 77
122 122
92 92
178 178
52 52
13 13
151 151
163 163
172 172
28 28
25 25
21 21
9 9
35 35
89 89
131 131
129 129
7 7
87 87
197 197
119 119
20 20
132 132
42 42
2 2
127 127
70 70
17 17
188 188
67 67
36 36
78 78
100 100
164 164
53 53
143 143
79 79
65 65
176 176
116 116
64 64
60 60
180 180
161 161
6 6
40 40
159 159
34 34
165 165
