gc gk em as ac ab cm dg u ds et df fh df bv j cp cr cp bn b v ai dn gq bu y es a bq fe e ff ga dx gn by bc ah ao cv cl ee cj bi el cs p gh fd fo ft bl an ad gj di gi d dh en ae dq bp aw h dj gg dp do fi bj ge cy eq gi cq be bx ap bb bt bf fn ey ag fq fk at cz gm fr q dw fr dy fw cg fy db az cn fa br er go am cd ep ck z g co as gc
100
gk gk
em em
as as
co co
ac ac
ab ab
dy dy
fw fw
cg cg
fy fy
db db
fa fa
az az
cn cn
br br
er er
go go
am am
ep ep
ck ck
g g
cm cm
dg dg
fr fr
dw dw
q q
gm gm
u u
ds ds
et et
fh fh
bv bv
j j
cp cp
cr cr
bn bn
b b
cz cz
v v
gq gq
bu bu
es es
y y
a a
at at
bq bq
fe fe
e e
ff ff
ga ga
dx dx
fq fq
fk fk
gn gn
gh gh
fd fd
fo fo
ft ft
bl bl
an an
ad ad
bx bx
ap ap
bb bb
fn fn
ey ey
bt bt
gj gj
di di
gi gi
d d
eq eq
dh dh
en en
dq dq
fi fi
bj bj
ge ge
bp bp
aw aw
dj dj
gg gg
dp dp
do do
ae ae
cq cq
by by
bc bc
ah ah
ao ao
cv cv
cl cl
cs cs
ee ee
cj cj
el el
bi bi
p p
ai ai
dn dn
