equinox band brick fish bark aisle glove uncertainty tropical mastermind corpse muggy method twitch flow slice explicit referee secretary clothes remark essential paint seller houseplant fibre union disposition lamb photograph hiccup orange jurisdiction prejudice wilderness presidential chain funeral analyst dry novel farewell dollar equinox
43
equinox equinox
band band
brick brick
remark remark
essential essential
farewell farewell
dollar dollar
prejudice prejudice
wilderness wilderness
presidential presidential
dry dry
chain chain
analyst analyst
funeral funeral
novel novel
jurisdiction jurisdiction
paint paint
seller seller
fibre fibre
orange orange
photograph photograph
hiccup hiccup
disposition disposition
lamb lamb
union union
houseplant houseplant
fish fish
bark bark
flow flow
slice slice
explicit explicit
clothes clothes
referee referee
secretary secretary
twitch twitch
glove glove
uncertainty uncertainty
tropical tropical
muggy muggy
method method
mastermind mastermind
corpse corpse
aisle aisle
