pump need preoccupation judicial reject survival hierarchy innovation hierarchy exercise distributor impound formulate sweet formulate sacrifice wear genetic packet sentiment ghost diagram wage physical moment guideline fool parallel attractive admiration mouse anger pipe descent plug reflection forest gloom lot appearance unanimous float ground pedestrian prospect pedestrian nominate pursuit brain wear literature lemon ensure pray park pray row aspect tip feign hallway sit minor fairy pipe category mud engineer separate sticky button valley rock valley linger increase freedom consideration line performance depressed privilege range polish title overlook affect vehicle leadership office pump
78
pump pump
need need
preoccupation preoccupation
hierarchy hierarchy
exercise exercise
freedom freedom
consideration consideration
performance performance
title title
polish polish
depressed depressed
range range
privilege privilege
line line
overlook overlook
separate separate
sticky sticky
button button
valley valley
linger linger
rock rock
lemon lemon
ensure ensure
pray pray
park park
row row
aspect aspect
category category
engineer engineer
mud mud
tip tip
feign feign
sit sit
hallway hallway
minor minor
fairy fairy
distributor distributor
impound impound
formulate formulate
sweet sweet
sacrifice sacrifice
wear wear
brain brain
genetic genetic
pedestrian pedestrian
nominate nominate
pursuit pursuit
prospect prospect
packet packet
ground ground
sentiment sentiment
ghost ghost
unanimous unanimous
parallel parallel
gloom gloom
lot lot
appearance appearance
forest forest
attractive attractive
admiration admiration
mouse mouse
reflection reflection
plug plug
anger anger
pipe pipe
descent descent
diagram diagram
wage wage
physical physical
guideline guideline
float float
literature literature
innovation innovation
affect affect
judicial judicial
reject reject
survival survival
leadership leadership
