paint wooden stink blade ice same floor thumb imported indicate finish nutty diligent measure route slam trucks rake inherit desire glamorous determine complain learning ambiguous ray paint
25
paint paint
wooden wooden
stink stink
blade blade
ice ice
same same
floor floor
thumb thumb
imported imported
indicate indicate
finish finish
nutty nutty
diligent diligent
measure measure
route route
slam slam
rake rake
inherit inherit
desire desire
glamorous glamorous
determine determine
complain complain
learning learning
ambiguous ambiguous
ray ray
