0 5 13 49 13 5 0 23 25 37 25 55 61 55 64 90 32 34 32 90 64 55 62 55 25 19 25 15 25 14 11 25 2 25 23 29 12 29 41 29 48 8 33 39 33 44 26 48 10 70 10 31 20 31 8 0 50 54 50 53 58 53 50 54 59 54 50 52 56 65 56 66 56 52 50 0 45 42 40 42 45 21 45 0
37
49 49
23 23
25 25
37 37
55 55 60 63
61 83 84
64 92 93
90 90
32 32
34 34
62 62 87
19 19
15 35
14 14
11 11
2 2
12 12
41 41
48 48
33 33
39 39
26 26
10 10
70 70
31 31
20 20
54 54
58 71 73 74
59 59 77 78
52 52
56 67
65 94 95 96
66 66 97 98
45 45
42 42
40 40
21 21
