0 17 13 17 68 44 70 65 70 17 77 22 5 42 5 17 80 17 0 100 103 100 105 100 101 116 101 115 101 113 101 109 101 110 101 111 101 108 101 112 101 100 107 100 102 100 104 100 106 100 0 31 35 31 53 89 26 89 1 89 31 25 24 25 59 25 31 57 31 64 72 64 7 64 31 3 4 96 4 63 4 14 11 58 11 55 11 3 4 49 4 3 51 3 4 87 4 3 29 75 28 75 54 3 56 3 0 86 90 86 10 99 10 86 85 98 86 20 86 81 62 12 86 0
62
86 86
98 98
90 90
85 85
81 81 82
62 62
20 20 43
10 10 83
99 99
4 4
56 56
29 29
75 75 18
54 54
28 28
87 87
51 51
49 49
58 58
55 55
14 14
63 63
96 96
31 31
72 72
7 7
57 57 21
89 89
26 26
1 1
53 53
35 35
25 25
59 59
24 24
100 100
106 106 142 144 145 146 147 149
104 104 136
102 102 118 121 123 124
107 151 152 153
101 101 117
112 112 179 180 182
108 154 156 158 160
111 177 178
110 168 169 171 172 173 175
109 109 167
113 113 188 189
115 194 196
116 198
105 105 138
103 127 128 130
17 17
80 66
77 77
22 22
70 70
65 65
68 68
44 44
13 13
5 5
42 42
