Wkkykkf Uvcri Pbdad Stpm Oaqqs Wtkwuvz Whbms Dytyp Zyh Vxt Ibovih Klowqwc Apylxs Igep Bwlpsl Zkrljw Euw Fiv Zdsg Dkfelp Wufe Bxrwja Vpsfe Qbflfr Wtsrwu Zdkju Gzcxjl Nwecls Eiotl Kdq Tbbiot Pgvrcnl Olcoaxo Fuykk Jxdb Fggo Nqwr Lhwmy Uoxsv Wkkykkf
39
Wkkykkf Nhn
Uvcri Uvcri
Pbdad Pbdad
Stpm Stpm
Oaqqs Oaqqs
Wtkwuvz Wtkwuvz
Whbms Whbms
Dytyp Dytyp
Zyh Zyh
Vxt Vxt
Ibovih Ibovih
Klowqwc Klowqwc
Apylxs Apylxs
Igep Igep
Bwlpsl Bwlpsl
Zkrljw Zkrljw
Euw Euw
Fiv Fiv
Zdsg Zdsg
Dkfelp Dkfelp
Wufe Wufe
Bxrwja Bxrwja
Vpsfe Vpsfe
Qbflfr Qbflfr
Wtsrwu Wtsrwu
Zdkju Zdkju
Gzcxjl Gzcxjl
Nwecls Nwecls
Eiotl Eiotl
Kdq Kdq
Tbbiot Tbbiot
Pgvrcnl Pgvrcnl
Olcoaxo Olcoaxo
Fuykk Fuykk
Jxdb Jxdb
Fggo Fggo
Nqwr Nqwr
Lhwmy Lhwmy
Uoxsv Uoxsv
