Soda a i j y ap y j aa z ar as at aa j i x u v u an u i a g f g a h ak t al ak r ak h a d e p q ah ag af ae n d a b k ab av ab k l ax l ad m b a Soda A F M AC AM AN AO X O F A D K T AJ AK AW AH AI AU AS AI K D A G N AA AP Y Z AB H AB S B A C J I C A E Q U AG V P E A Soda a0 c5 b2 e5 b3 c7 b2 e5 b1 e7 e8 c6 e4 e3 c4 a0 a5 a9 b7 b5 c1 d3 b7 a4 a3 a4 a9 a5 a0 Soda C5 B2 E5 B3 C7 B2 E5 B1 E7 E8 C6 E4 E3 C4 Soda A5 A9 B7 B5 C1 D3 B7 A4 A3 A4 A9 A5 Soda a0 c9 a7 c10 d9 d1 d9 b9 c10 a7 a1 d5 d7 c3 e1 d4 c2 a0 Soda C9 A7 C10 D9 D1 D9 B9 C10 A7 A1 D5 D7 C3 E1 D4 C2 Soda
88
j j
ap ap
z z
ar ar
at at
x x
v v
an an
f f
h h
ak aj
t t
al al
r r
d d
p p
ah ah
af af
n n
b b
ab ab
av av
l l
ax ax
ad ad
AC AC
AO AO
T T
AW AW
AU AU
AS AS
N N
AP AP
H H
AB AB
J J
I AF
Q Q
AG AG
P P
c5 c5
e5 e5
b3 b3
c7 c7
b1 b1
e7 e7
e3 e3
a5 a5
a9 a9
b7 b7
b5 b5
c1 c1
d3 d3
a3 a3
C5 C5
E5 E5
B3 B3
C7 C7
B1 B1
E7 E7
E3 E3
A5 A5
A9 A9
B7 B7
B5 B5
C1 C1
D3 D3
A3 A3
c9 c9
a7 a7
d9 d9
d1 d1
b9 b9
a1 a1
d5 d5
d7 d7
c3 c3
e1 e1
C9 C9
A7 A7
D9 D9
D1 D1
B9 B9
A1 A1
D5 D5
D7 D7
C3 C3
E1 E1
