0 90 30 13 6 154 95 46 30 69 90 4 52 90 11 32 41 34 90 54 90 51 174 18 38 28 31 168 19 10 91 24 93 44 19 14 25 42 133 43 19 36 26 5 82 72 7 60 36 100 50 92 56 65 79 154 81 92 23 92 9 92 96 174 70 53 86 24 21 24 1 61 24 63 24 68 66 39 71 66 12 66 85 0 86 99 86 37 102 59 163 97 98 97 77 40 89 40 47 45 40 49 2 75 2 58 22 0 57 0 33 80 0 67 62 94 27 78 27 55 181 83 35 29 76 15 74 133 168 73 88 0 20 0 48 3 154 17 168 87 8 64 84 102 16 0
100
16 16
84 84
64 64
8 8
87 87
17 17
3 3
48 48
20 20
88 88
73 73
15 15
74 74
29 29
76 76
35 35
83 83
27 27
55 55
78 78
62 62
94 94
67 67
80 80
33 33
57 57
22 22
2 2
58 58
75 75
40 40
49 49
45 45
47 47
89 89
97 97
98 98
77 77
86 86
99 99
59 59
37 37
66 66
85 85
71 71
39 39
12 12
24 24
68 68
63 63
61 61
21 21
1 1
70 70
53 53
92 92
96 96
81 81
79 79
65 65
56 56
23 23
9 9
36 36
50 50
100 100
60 60
72 72
82 82
26 26
7 7
5 5
19 19
43 43
42 42
25 25
44 44
93 93
14 14
10 10
91 91
90 90
69 69
54 54
52 52
51 51
41 41
38 38
34 34
32 32
31 31
30 30
46 46
95 95
13 13
6 6
28 28
18 18
11 11
4 4
