Building30 Building38 Building48 Building32 Building45 Building28 Building37 Building28 Building35 Building28 Building49 Building39 Building49 Building28 Building45 Building42 Building45 Building32 Building48 Building38 Building9 Building7 Building9 Building11 Building4 Building2 Building0 Building6 Building5 Building23 Building22 Building21 Building22 Building23 Building0 Building25 Building27 Building24 Building9 Building19 Building16 Building9 Building38 Building30
18
Building38 Building38 Building29
Building28 Building28 Building34 Building41
Building42 Building42 Building36
Building39 Building39
Building35 Building35
Building37 Building37 Building31 Building47
Building7 Building7
Building19 Building19
Building16 Building17
Building11 Building11 Building14
Building4 Building4
Building2 Building2
Building25 Building25
Building27 Building27
Building0 Building0
Building23 Building23
Building21 Building21
Building6 Building6
