Egsmith Barnton Ashbourne Sudwich Pemlow Sudwich Wetwick Nortley Stainbrough Blanworth Durnell Ashbourne Stapbeck Ashbourne Barnton Wychbourne Cookford Chelmbeck Flitgrove Chelmbeck Cookford Farnsmith Wychsmith Chelmwang Wychsmith Farnsmith Ashdown Shaftbage Edgey Shaftbage Cookford Wychbourne Sudtree Leathermere Sudtree Wenwold Stainby Brackbrough Wenbeck Watchcombe Pemlow Sudwich Barnton Wychbourne Egavon Wychbourne Wychnell Egtree Chelmden Egtree Wychnell Burfield Wywick Wychbeck Staplake Penborne Shaftbridge Burfield Egsmith Waltditch Wenside Alfchester Wenside Burbourne Wenside Whittree Egsmith
36
Waltditch Waltditch
Wenside Wenside
Burbourne Burbourne
Alfchester Alfchester
Barnton Barnton
Wywick Wywick
Wychbeck Wychbeck
Staplake Staplake
Penborne Penborne
Shaftbridge Shaftbridge
Wychbourne Wychbourne
Wychnell Wychnell
Egtree Egtree
Chelmden Chelmden
Egavon Egavon
Sudtree Sudtree
Wenwold Wenwold
Stainby Stainby
Brackbrough Brackbrough
Wenbeck Wenbeck
Leathermere Leathermere
Cookford Cookford
Farnsmith Farnsmith
Ashdown Ashdown
Shaftbage Shaftbage
Edgey Edgey
Wychsmith Wychsmith
Chelmwang Chelmwang
Chelmbeck Chelmbeck
Flitgrove Flitgrove
Ashbourne Ashbourne
Wetwick Wetwick
Nortley Nortley
Stainbrough Stainbrough
Pemlow Pemlow
Stapbeck Stapbeck
