Chelmbourne Shaftwich Chelmbourne Edgwich Staintree Elgrove Wenborough Prestey Sudwich Enlow Sudwich Prestey Enbage Flitham Kingsley Flitham Shrivlow Stainhall Southmere Shrivside Southmere Stainside Whitover Stainside Enbage Prestey Brainbridge Prestey Wenborough Elgrove Staflow Cleredon Wyhead Cleredon Staflow Bursted Staflow Rocktree Whitborough Horndown Whitborough Rocktree Cookbridge Rocktree Elgrove Staintree Stafthorne Waltbrook Hornley Pemwold Melborne Egcastle Melborne Sudworth Wenwang Edgchester Horncester Cookton Egborne Alfcastle Barnham Stapmoor Stapthorne Cookbrook Enlow Cookton Egborne Barngrove Bracklow Pemwood Bracklow Leatherlow Alfby Leatherlake Alfby Stapwell Alfby Elside Whitavon Elside Stainfield Wenden Kingsbrook Dartsted Clerethorne Barnside Clerethorne Burchester Alfditch Aldport Maidenden Hartbage Sodside Bracklow Barngrove Prestdon Barngrove Hornley Durditch Barnden Rocktree Hurstworth Casford Alfwell Marlton Alfwell Aldhall Alfwell Marlton Stapwold Chelmbourne
59
Shaftwich Shaftwich
Edgwich Edgwich
Staintree Staintree
Elgrove Elgrove
Wenborough Wenborough
Prestey Prestey
Sudwich Sudwich
Enlow Enlow
Enbage Enbage
Flitham Flitham
Kingsley Kingsley
Shrivlow Shrivlow
Stainhall Stainhall
Southmere Southmere
Shrivside Shrivside
Stainside Stainside
Whitover Whitover
Brainbridge Brainbridge
Staflow Staflow
Cleredon Cleredon
Wyhead Wyhead
Bursted Bursted
Rocktree Rocktree
Whitborough Whitborough
Horndown Horndown
Cookbridge Cookbridge
Waltbrook Waltbrook
Hornley Hornley
Pemwold Pemwold
Egcastle Egcastle
Sudworth Sudworth
Wenwang Wenwang
Edgchester Edgchester
Horncester Horncester
Egborne Egborne
Barnham Barnham
Stapmoor Stapmoor
Stapthorne Stapthorne
Cookton Cookton
Bracklow Bracklow
Pemwood Pemwood
Leatherlow Leatherlow
Alfby Alfby
Leatherlake Leatherlake
Stapwell Stapwell
Elside Elside
Whitavon Whitavon
Wenden Wenden
Dartsted Dartsted
Barnside Barnside
Hartbage Hartbage
Sodside Sodside
Prestdon Prestdon
Durditch Durditch
Hurstworth Hurstworth
Casford Casford
Alfwell Alfwell
Marlton Marlton
Aldhall Aldhall
