0 68 87 4 35 84 50 11 50 81 6 15 10 86 7 86 10 75 84 80 79 80 58 60 33 47 54 66 34 30 48 90 83 20 83 64 93 42 71 42 20 3 51 63 51 1 36 13 12 57 99 1 74 95 41 85 89 85 95 24 22 91 92 72 32 78 2 65 16 33 39 98 39 59 68 62 68 56 68 0
50
56 56
87 87
60 60
33 33
62 62
39 39
59 59
98 98
47 47
54 54
34 34
30 30
48 48
90 90
20 20
74 74
95 95
41 41
89 89
24 24
22 22
72 72
32 32
83 83
64 64
93 93
42 42
71 71
3 3
51 51
63 63
1 1
99 99
13 13
12 12
36 36
2 2
16 16
4 4
80 80
79 79
10 10
75 75
86 86
7 7
35 35
84 84
50 50
81 81
11 11
