SantaClarita Carrollton Lubbock Concord Victorville GardenGrove Victorville Shreveport Huntsville Thornton Midland Thornton Beaumont NewportNews Thornton Yonkers Escondido Austin PembrokePines Austin Indianapolis Stockton Pomona Allentown Omaha Ontario Boston Hartford LongBeach LouisvilleJefferson WestValleyCity Washington RanchoCucamonga Brownsville Orlando LosAngeles OklahomaCity StPetersburg Newark Alexandria Worcester Garland Alexandria Bellevue Scottsdale SiouxFalls Independence Fayetteville Davidson Milwaukee Lafayette RanchoCucamonga Lancaster Surprise Sunnyvale Visalia Portland Henderson FortWayne Torrance Hartford Wichita LexingtonFa SanDiego StLouis SanDiego Waco SanDiego Paterson Chandler Akron Berkeley Stamford FortCollins SantaClarita
50
Carrollton Carrollton
Concord Concord
PembrokePines PembrokePines
Austin Austin
Indianapolis Indianapolis
Stockton Stockton
Pomona Pomona
Allentown Allentown
Wichita Wichita
Omaha Omaha
Ontario Ontario
Boston Boston
Hartford Hartford
LouisvilleJefferson LouisvilleJefferson
WestValleyCity WestValleyCity
Surprise Surprise
Sunnyvale Sunnyvale
Henderson Henderson
Visalia Visalia
Washington Washington
RanchoCucamonga RanchoCucamonga
Brownsville Brownsville
Orlando Orlando
LosAngeles LosAngeles
OklahomaCity OklahomaCity
Newark Newark
Alexandria Alexandria
Worcester Worcester
Garland Garland
Bellevue Bellevue
Scottsdale Scottsdale
SiouxFalls SiouxFalls
Independence Independence
Fayetteville Fayetteville
Lafayette Lafayette
StPetersburg StPetersburg
LongBeach LongBeach
LexingtonFa LexingtonFa
Paterson Paterson
Waco Waco
StLouis StLouis
Victorville Victorville
Shreveport Shreveport
Huntsville Huntsville
Beaumont Beaumont
NewportNews NewportNews
Midland Midland
Yonkers Yonkers
GardenGrove GardenGrove
Stamford Stamford
