Plano SantaClara Irving Pasadena MorenoValley Warren SanFrancisco Rochester OklahomaCity Cary LasVegas Miami Cincinnati Tallahassee Hampton Olathe Irvine LittleRock HuntingtonBeach Mobile Hartford Dallas Worcester Mesquite Joliet Thornton Anchorage Salinas GardenGrove CedarRapids SanAntonio NewHaven ChulaVista Houston Pomona Spokane CorpusChristi SantaClarita NewHaven Davidson SanAntonio Chicago Denton Raleigh Glendale SantaRosa FortCollins SiouxFalls FortCollins Allentown Killeen Allentown Stamford Glasses Hollywood Escondido Akron LosAngeles Lancaster Torrance PembrokePines Lincoln Elizabeth Anaheim JerseyCity Pikachu Lafayette Huntsville Lafayette SanJose Killeen Allentown Shreveport Laredo Tampa Portland McAllen GrandPrairie McAllen ThousandOaks FortWorth NewOrleans Surprise Greensboro Surprise Corona Brownsville Knoxville SanBernardino Madison Fremont AugustaRichmond HuntingtonBeach SimiValley StPetersburg Vallejo WestValleyCity Beaumont Atlanta Oxnard Cleveland Denver Hayward Topeka OWO Mesa Memphis Charleston Memphis Montgomery BatonRouge Miramar Buffalo Waco Ontario Omaha Garland Jackson AnnArbor StLouis AnnArbor FortLauderdale Norfolk Reno LouisvilleJefferson Tulsa Lafayette Wichita Chesapeake Kent Vancouver Pasadena Norman Sunnyvale Pasadena Rockford Riverside Plano
100
SantaClara SantaClara
Irving Irving
Pasadena Pasadena
MorenoValley MorenoValley
Warren Warren
Beaumont Beaumont
Atlanta Atlanta
Denver Denver
Hayward Hayward
Waco Waco
Wichita Wichita
Ontario Ontario
Omaha Omaha
Garland Garland
AnnArbor AnnArbor
StLouis StLouis
FortLauderdale FortLauderdale
Norfolk Norfolk
LouisvilleJefferson LouisvilleJefferson
Tulsa Tulsa
OWO OWO
Mesa Mesa
Memphis Memphis
Charleston Charleston
Montgomery Montgomery
Oxnard Oxnard
Vancouver Vancouver
SanFrancisco SanFrancisco
OklahomaCity OklahomaCity
Cary Cary
LasVegas LasVegas
Miami Miami
Cincinnati Cincinnati
Hampton Hampton
Olathe Olathe
Irvine Irvine
HuntingtonBeach HuntingtonBeach
SimiValley SimiValley
AugustaRichmond AugustaRichmond
Mobile Mobile
Hartford Hartford
NewOrleans NewOrleans
Surprise Surprise
Corona Corona
Brownsville Brownsville
Knoxville Knoxville
SanBernardino SanBernardino
Madison Madison
Fremont Fremont
Greensboro Greensboro
Dallas Dallas
Worcester Worcester
Thornton Thornton
Anchorage Anchorage
Salinas Salinas
SanAntonio SanAntonio
NewHaven NewHaven
Houston Houston
Pomona Pomona
CorpusChristi CorpusChristi
SantaClarita SantaClarita
Chicago Chicago
Denton Denton
SantaRosa SantaRosa
FortCollins FortCollins
Allentown Allentown
Stamford Stamford
Glasses Glasses
Hollywood Hollywood
Escondido Escondido
Akron Akron
Lancaster Lancaster
Elizabeth Elizabeth
Anaheim Anaheim
JerseyCity JerseyCity
Lafayette Lafayette
Huntsville Huntsville
Pikachu Pikachu
Torrance Torrance
Lincoln Lincoln
SanJose SanJose
Killeen Killeen
SiouxFalls SiouxFalls
Laredo Laredo
Tampa Tampa
McAllen McAllen
GrandPrairie GrandPrairie
ThousandOaks ThousandOaks
Portland Portland
Raleigh Raleigh
Glendale Glendale
Davidson Davidson
GardenGrove GardenGrove
Mesquite Mesquite
LittleRock LittleRock
Vallejo Vallejo
Norman Norman
Sunnyvale Sunnyvale
Rockford Rockford
Riverside Riverside
