Waco SanAntonio MorenoValley OverlandPark AnnArbor SaltLakeCity Rochester SaltLakeCity Newark Lincoln Detroit SaltLakeCity Irving SantaClara ChulaVista Lincoln Birmingham Palmdale AthensClarkeCounty OWO SterlingHeights OWO LexingtonFa OWO AthensClarkeCounty SanFrancisco Richmond Aurora KansasCity Omaha Palmdale StPaul Victorville SanBernardino Stamford Cary Stamford Clarksville Palmdale FortCollins Palmdale SterlingHeights OverlandPark Waco
24
SanAntonio SanAntonio
MorenoValley MorenoValley
AnnArbor AnnArbor
SaltLakeCity SaltLakeCity
Rochester Rochester
Newark Newark
Lincoln Lincoln
Detroit Detroit
Irving Irving
ChulaVista ChulaVista
Palmdale Palmdale FortWayne
AthensClarkeCounty AthensClarkeCounty
OWO OWO
SterlingHeights SterlingHeights
LexingtonFa LexingtonFa
SanFrancisco SanFrancisco
Richmond Richmond
Omaha Omaha
StPaul StPaul
SanBernardino SanBernardino
Stamford Stamford
Cary Cary
Clarksville Clarksville
FortCollins FortCollins
