18 28 35 54 61 54 16 63 55 9 55 33 4 33 78 0 50 73 49 75 22 75 42 95 14 57 76 52 80 87 78 81 37 24 20 39 7 83 12 92 46 1 6 84 45 84 6 25 6 1 46 79 39 7 32 85 32 17 41 17 93 90 93 83 53 69 23 88 9 49 72 59 98 59 43 3 2 62 36 71 18
50
18 18
72 72
59 59
98 98
43 43
3 3
36 36
71 71
62 62
2 2
28 28
61 61
16 16
75 75
42 42
95 95
88 88
37 37
69 69
20 20
39 39
53 53
7 7
93 93
90 90
32 32
85 85
17 17
41 41
83 83
12 12
46 46
79 79
6 6
25 25
84 84
45 45
92 92
14 14
57 57
76 76
80 80
87 87
22 22
63 63
9 9
33 33
4 4
0 0
73 73
