0 185 23 153 154 174 154 163 146 166 108 37 101 68 101 196 18 192 194 100 166 108 20 108 37 83 130 88 183 88 67 172 134 172 88 130 9 103 9 4 9 190 163 1 133 86 133 90 114 111 164 51 176 69 29 17 70 17 50 125 19 89 151 31 24 35 157 35 3 99 136 98 2 186 182 50 17 94 17 137 129 152 129 47 89 19 11 138 11 193 39 56 39 193 27 193 11 128 81 128 28 187 65 11 87 190 116 190 87 43 159 141 165 42 76 33 8 135 21 143 175 96 17 72 78 177 78 52 199 59 104 38 131 93 131 84 38 74 22 145 26 80 26 167 120 122 184 57 66 57 184 14 13 197 30 102 179 5 6 173 6 15 16 15 6 5 160 8 71 5 6 115 107 158 162 156 0
100
0 0
23 23
153 153
154 154
174 174
146 146
166 166
101 101
68 68
18 18
100 100
20 20
83 83
130 130
183 183
67 67
172 172
134 134
9 9
103 103
4 4
1 1
133 133
86 86
114 114
111 111
164 164
51 51
69 69
17 17
70 70
50 50
125 125
89 89
151 151
31 31
24 24
157 157
35 35
3 3
98 98
2 2
182 182
94 94
137 137
129 129
152 152
47 47
11 11
138 138
193 193
39 39
56 56
27 27
128 128
81 81
28 28
187 187
65 65
190 190
116 116
43 43
159 159
141 141
42 42
33 33
21 21
143 143
96 96
72 72
78 78
177 177
52 52
199 199
59 59
38 38
93 93
84 84
74 74
22 22
26 26
80 80
167 167
120 120
184 184
66 66
14 14
13 13
197 197
102 102
5 5
173 173
15 15
16 16
160 160
8 8
71 71
115 115
107 107
158 158
