13 199 129 105 112 179 180 50 159 165 101 137 140 181 174 193 106 119 191 168 156 162 133 113 141 103 155 177 111 154 134 154 172 138 127 109 62 124 62 169 188 106 148 116 164 163 21 170 181 114 130 71 183 157 192 166 99 186 190 175 110 167 115 123 144 153 195 153 150 153 139 160 173 91 158 142 146 143 107 143 120 189 8 171 151 197 184 185 117 161 18 132 149 102 135 145 135 194 121 108 152 198 118 121 122 100 178 147 49 136 196 187 176 135 125 128 104 199 126 131 182 13
100
182 182
199 199
149 149
128 128
102 102
125 125
135 135
176 176
187 187
194 194
145 145
121 121
136 136
196 196
122 122
100 100
178 178
147 147
118 118
108 108
152 152
198 198
132 132
129 129
159 159
161 161
165 165
140 140
171 171
185 185
197 197
184 184
151 151
181 181
186 186
189 189
190 190
195 195
160 160
173 173
158 158
153 153
150 150
139 139
175 175
167 167
144 144
115 115
123 123
110 110
142 142
146 146
143 143
120 120
107 107
183 183
166 166
157 157
192 192
174 174
193 193
170 170
114 114
130 130
106 106
163 163
148 148
116 116
164 164
188 188
119 119
169 169
191 191
168 168
156 156
172 172
162 162
133 133
113 113
141 141
111 111
154 154
134 134
103 103
155 155
177 177
138 138
127 127
109 109
124 124
117 117
101 101
137 137
105 105
112 112
179 179
180 180
126 126
131 131
104 104
