vLeODpVlYSBeYNDYoXha uyPyJzKFqWxgSNmpkDrB zxeoSbTqbWPpSzalAtBI MlwlINEFqmyzZNPXRLJF tVzUgXVoBYxBMnkkwFmk MlwlINEFqmyzZNPXRLJF TCAkluAESUWAMGFeNcGN OVoYVQPnlYoZBBKtyuLk CPszTohYUHARNedzFlDK OVoYVQPnlYoZBBKtyuLk oCvaAQKOXXWgeSNnUmae CfkBzkPETvagyIDCsLTD iDucfyZGMCbCQbXjbQqM mlipOrSnGcxXtoXBbRyl iDucfyZGMCbCQbXjbQqM jzQJaGLLiuQLhhyqBagr iBYHAWUhqeQPjphQzpdN mevvwcZLudaokctOWvKe VhDSPHxolLkNxxDnpUyx PLDOWRIeaCSVLMyDadzC VhDSPHxolLkNxxDnpUyx fPxvnMVMFwhJbNBURdgD VhDSPHxolLkNxxDnpUyx jwIBHKkXHTPVsOJwBOsr QQSjCkgLAWAPObYQvNsB RjKEHTlRvtaVBbyqZVAw QQSjCkgLAWAPObYQvNsB qbmGewAditsWkTFHdxjP LOMgYipCQQXQnRqEqRwO FcEsyaTmqpoyvbDrHjlc UAwuKFcUHFyvaFCTLpOT pdXCnKagnvEntNTuPHdK dyUDfEGgAoSshTRjMZZg zxeoSbTqbWPpSzalAtBI uyPyJzKFqWxgSNmpkDrB ybrQlUhznqOhsvndWAbl ruLqpYqEzGGiKysvsarb AdXveYSBaneNwCQzrdSw QkAjrUUuVdzSMnlfJLcO gMqbbwopmbxmOomqZjfm gIttwvzcgONwFblnGIqq gzxzakmqbxbsOczuQVLG wRjMmrpRuknxqunJrMAE DqUxIMslnixWfmkjQTmS ajvbaFpYiEBJySPsSLaI sBkAYRISjTYinLFSNcKW ajvbaFpYiEBJySPsSLaI FqdjKgdpEanmCnmxJMFA gzxzakmqbxbsOczuQVLG gEufXNuuWhnlbNYaoQFJ EWpsBSEfAOWAjikCpvhc CmbFyJmcvVqyCmJgQxeI fHcdXnOxSadpKeCUwNYm fvEcAuRDdfuHEPLNpaTz sXfgLMwoysnMazVSWnhc fvEcAuRDdfuHEPLNpaTz fHcdXnOxSadpKeCUwNYm NAHeKyyhAObyyUEUSkSU gMqbbwopmbxmOomqZjfm UgFPXEAdAfcfHGIbNTsq gMqbbwopmbxmOomqZjfm ZjjqpiSiaWnmxJgUtucv aCucdhmWbhlrgfstQigR BXzACdzjLITNgbmDPlEu UAwuKFcUHFyvaFCTLpOT gzxzakmqbxbsOczuQVLG gIttwvzcgONwFblnGIqq NciLXNPTvMoXdbTDZmlg QkAjrUUuVdzSMnlfJLcO FEqXJcVrZfnSsHEUPhnl ASXwCgVTXDdhSXJwFovC FEqXJcVrZfnSsHEUPhnl xQaDpDGAXhDYzSMnMWvb TwgqMzgExFHTIfcwfBnr cZgmtoPGHxdozTaDMiyf DWWCMAjZQQIEKOIiHFQN cZgmtoPGHxdozTaDMiyf TwgqMzgExFHTIfcwfBnr xQaDpDGAXhDYzSMnMWvb WCCOEUYmDvzZlrkDAqoi LGqbVTsFMANIedVHAALW biqCAetglYuANrTRzMiX vLeODpVlYSBeYNDYoXha
48
uyPyJzKFqWxgSNmpkDrB uyPyJzKFqWxgSNmpkDrB
zxeoSbTqbWPpSzalAtBI zxeoSbTqbWPpSzalAtBI
dyUDfEGgAoSshTRjMZZg dyUDfEGgAoSshTRjMZZg
pdXCnKagnvEntNTuPHdK pdXCnKagnvEntNTuPHdK
MlwlINEFqmyzZNPXRLJF MlwlINEFqmyzZNPXRLJF
OVoYVQPnlYoZBBKtyuLk OVoYVQPnlYoZBBKtyuLk
CPszTohYUHARNedzFlDK CPszTohYUHARNedzFlDK
CfkBzkPETvagyIDCsLTD CfkBzkPETvagyIDCsLTD
iDucfyZGMCbCQbXjbQqM iDucfyZGMCbCQbXjbQqM
mlipOrSnGcxXtoXBbRyl mlipOrSnGcxXtoXBbRyl NVEtShKeuxpaFIOiyVqE
jzQJaGLLiuQLhhyqBagr jzQJaGLLiuQLhhyqBagr
iBYHAWUhqeQPjphQzpdN iBYHAWUhqeQPjphQzpdN
FcEsyaTmqpoyvbDrHjlc FcEsyaTmqpoyvbDrHjlc
VhDSPHxolLkNxxDnpUyx VhDSPHxolLkNxxDnpUyx
jwIBHKkXHTPVsOJwBOsr jwIBHKkXHTPVsOJwBOsr
QQSjCkgLAWAPObYQvNsB QQSjCkgLAWAPObYQvNsB
qbmGewAditsWkTFHdxjP cvlwIwajcIlbhZbyFgmq
RjKEHTlRvtaVBbyqZVAw RjKEHTlRvtaVBbyqZVAw
fPxvnMVMFwhJbNBURdgD fPxvnMVMFwhJbNBURdgD
PLDOWRIeaCSVLMyDadzC PLDOWRIeaCSVLMyDadzC
tVzUgXVoBYxBMnkkwFmk tVzUgXVoBYxBMnkkwFmk
ybrQlUhznqOhsvndWAbl ybrQlUhznqOhsvndWAbl
ruLqpYqEzGGiKysvsarb ruLqpYqEzGGiKysvsarb
AdXveYSBaneNwCQzrdSw AdXveYSBaneNwCQzrdSw
TwgqMzgExFHTIfcwfBnr TwgqMzgExFHTIfcwfBnr
cZgmtoPGHxdozTaDMiyf cZgmtoPGHxdozTaDMiyf
DWWCMAjZQQIEKOIiHFQN DWWCMAjZQQIEKOIiHFQN
xQaDpDGAXhDYzSMnMWvb xQaDpDGAXhDYzSMnMWvb
WCCOEUYmDvzZlrkDAqoi WCCOEUYmDvzZlrkDAqoi
QkAjrUUuVdzSMnlfJLcO QkAjrUUuVdzSMnlfJLcO
NciLXNPTvMoXdbTDZmlg NciLXNPTvMoXdbTDZmlg
gMqbbwopmbxmOomqZjfm gMqbbwopmbxmOomqZjfm
CmbFyJmcvVqyCmJgQxeI CmbFyJmcvVqyCmJgQxeI
fHcdXnOxSadpKeCUwNYm fHcdXnOxSadpKeCUwNYm
fvEcAuRDdfuHEPLNpaTz fvEcAuRDdfuHEPLNpaTz
sXfgLMwoysnMazVSWnhc sXfgLMwoysnMazVSWnhc
UgFPXEAdAfcfHGIbNTsq UgFPXEAdAfcfHGIbNTsq
NAHeKyyhAObyyUEUSkSU NAHeKyyhAObyyUEUSkSU
aCucdhmWbhlrgfstQigR aCucdhmWbhlrgfstQigR
BXzACdzjLITNgbmDPlEu BXzACdzjLITNgbmDPlEu
gIttwvzcgONwFblnGIqq gIttwvzcgONwFblnGIqq
gzxzakmqbxbsOczuQVLG gzxzakmqbxbsOczuQVLG
gEufXNuuWhnlbNYaoQFJ gEufXNuuWhnlbNYaoQFJ
wRjMmrpRuknxqunJrMAE iBjjCWwkYToOKfrrLnny
DqUxIMslnixWfmkjQTmS DqUxIMslnixWfmkjQTmS TqyFrXuGvuBuqnpYbjKc
ajvbaFpYiEBJySPsSLaI fToHwimUqLsKcKLZHiUX
sBkAYRISjTYinLFSNcKW sBkAYRISjTYinLFSNcKW
ASXwCgVTXDdhSXJwFovC ASXwCgVTXDdhSXJwFovC
