wNqlpYNsRbJEgiGpKxrU lbWonvEbeplndKguSTkk igyeOiSdezmmXGTwMzLw KcrnMnFDTrBKaUaGpdLY igyeOiSdezmmXGTwMzLw NYdfLxXxFVvLEbDKzXWn igyeOiSdezmmXGTwMzLw lbWonvEbeplndKguSTkk qfRRtdRbhYJBARMfPlZM scpUkbcaYSAsHhSktebT EEeDJaHeajXXlwYcHTeJ MBJqOYmxhUYbldNVEdRy NzDQJknJPDEkcwCHzzbF wvSJDoqoPGAkYgSuPFPw QeYNNLpZMBxyiFbZMPFY wvSJDoqoPGAkYgSuPFPw UdSbtwxTqTJxOiUoxEqw wvSJDoqoPGAkYgSuPFPw NzDQJknJPDEkcwCHzzbF EmbDgEECbkHbfAfHCgwB NzDQJknJPDEkcwCHzzbF pzrGQEObzJGPnfATEYDc NzDQJknJPDEkcwCHzzbF NPSPGRTNRcKKVpsBRSwh NzDQJknJPDEkcwCHzzbF MBJqOYmxhUYbldNVEdRy PZwTcKCPsEmpxetNZvef ZauPfhkpsGmhbvkhkltR PZwTcKCPsEmpxetNZvef pMOSpTzPTPLXHLOQMjnt oLMkSrYLQRLHmPiuLCTC umZXKcxkweEplHZdotgU FaWIqatYRYVcXfVhAFRN QePOUWiXcAUCoHETxuGS wfEFdNDcColoskjTjcLm QePOUWiXcAUCoHETxuGS gDYKDrbERUXTnCayjBrC QePOUWiXcAUCoHETxuGS MBJqOYmxhUYbldNVEdRy hLaNXBYgTzgUhvjmqUTu MBJqOYmxhUYbldNVEdRy CbGuHgZfQMmSOfHDFJnK eCBFrcppbiLzdGQubocl ZwvojvRdUOYNJXIwAqgC uUKZHvHmBrpBHjYWNaUL MBJqOYmxhUYbldNVEdRy EEeDJaHeajXXlwYcHTeJ efZntVbfQTvIUOiRNPSH shugRMnaHVqQSmKaNBgu IvXQutSorlqOgnSVAIUd edlAtPQdNXJQPCIzpkyX IvXQutSorlqOgnSVAIUd oKAKfpUUuLItChLyByFh IvXQutSorlqOgnSVAIUd NJZlnWyeJFrkOwoqHKtT xgBrJmdXVwtxgRuCBhMe NJZlnWyeJFrkOwoqHKtT nCedHqGgdWAicwyuYWpg nreoVgWrBhNXFZgTBlXO gqsFUfkkQrlyYYdSXwmt gFUGYXSirCYiFTivWNah juzxSpUVuccJUMBOcJjO ANDviqMIuFwdcboQDprt QyXpliHSeQOPIsurIcpa DpztIuGTRpGuLsdlODJw lSJjEsqamUCgRZdCmdyI DpztIuGTRpGuLsdlODJw QyXpliHSeQOPIsurIcpa CvZkdIYtdeDHtwufupie syonLisTOSczosCwoILE aIuYyryCOUGVeCAqbqkg syonLisTOSczosCwoILE zNRhhVdMWUgTnnqmAfeY syonLisTOSczosCwoILE jznspKyqlmxZtgfQUJVB RlHeRhvUOhGhZVGGJuED gFUGYXSirCYiFTivWNah erZKLqpCZsYKDnOCaBGq NIJaJxCurulNUdZZMxFk erZKLqpCZsYKDnOCaBGq ccdJRKiTXwIErdhSIxfh eiLPqIroFfCGzqSAlzAp RlHeRhvUOhGhZVGGJuED WMWBpOSnHGywZjCgaYyY XtZHoAxqEyzvMChzPHpN msuaKihWIEeUaCCcyjIZ kqcEdfKLaRzxOhAIzchh syonLisTOSczosCwoILE CvZkdIYtdeDHtwufupie UIlSMnVKIdNiXZNSiHsI fgzJCwocQniGlXAZHJId vIbIQYXZnmYrooTLYNtu wlySPverjehsBxldyigf SitzoubgYFeTjmkLjVPz eCBFrcppbiLzdGQubocl oDgfEuAVpeOlkkTIMDLw UIlSMnVKIdNiXZNSiHsI bEfUXCTlwRBndElSbPGf imEmCMbYEtZJJkwxkSDD xlbpuxAjoVPJWPCWBEkJ gFUGYXSirCYiFTivWNah gcXUxTVUZWsOwtRNeDDa imEmCMbYEtZJJkwxkSDD TEPaiCedHTXapLxoBXMp eCBFrcppbiLzdGQubocl oDgfEuAVpeOlkkTIMDLw UIlSMnVKIdNiXZNSiHsI yscsUFTNNyaVMKBztBdV EhDFVLWZueLOrdjEOzEQ yscsUFTNNyaVMKBztBdV VRpSthoDcomqMDsGoVql yscsUFTNNyaVMKBztBdV UIlSMnVKIdNiXZNSiHsI eobSFtKBbBdcVrTOREdK UIlSMnVKIdNiXZNSiHsI oDgfEuAVpeOlkkTIMDLw ADVVlRLpnspleRTgeTdu DZEpVGVXkxHljziwItaS QjbdwbUnopENkiNyqirZ nreoVgWrBhNXFZgTBlXO clwzkzJtguIMBwKiZUKh oHoxoLeyDYnKZDzgMtxI CvZkdIYtdeDHtwufupie ZXihCBEQBTdisqSlEMsj ayQgUwyRuQVKeyFLPNbQ gFUGYXSirCYiFTivWNah gqsFUfkkQrlyYYdSXwmt nreoVgWrBhNXFZgTBlXO szyiMlKhtyOynWjcoMsm CvZkdIYtdeDHtwufupie QyXpliHSeQOPIsurIcpa XvUPApTFkqaSSizYsCIr QyXpliHSeQOPIsurIcpa ANDviqMIuFwdcboQDprt YTwycpmzEWCqqTELtzXc aGPbLNWYAMujnfHCTCMo HeWrJOKsDjgdrcamgZLN kwPuYZgJgVVJfdBGUtPw mgNeYYUOPKpLeiVEFIXd NtyLZDOaSczVvOGdocUp mgNeYYUOPKpLeiVEFIXd GMxGouyyndiUBMqMdOoc kwPuYZgJgVVJfdBGUtPw FYfGkhtzhjqJHqxmUsVx zHPSSEtFTQIbLYMdHqgP HeWrJOKsDjgdrcamgZLN aGPbLNWYAMujnfHCTCMo ihxEqMQIIvyQmtrtMjeO aGPbLNWYAMujnfHCTCMo YTwycpmzEWCqqTELtzXc FWnudSYFvYQJHehOpEKf fpoTaBKmVdlDCxFwCFoz pfMSqTzbsucqewxTADAG rlhNoKeiidsZhBEuQAJw jUSlIFtitQxyvVLJjiCc XPPBMlNyfVVeZGIzTCEW jUSlIFtitQxyvVLJjiCc bFmSeBrfNuxjYPUDCLYq jUSlIFtitQxyvVLJjiCc scpUkbcaYSAsHhSktebT JVONrXhhmtFWhFfDiOXW VIPPawblKbhOVWrmrWBx iVjkcMenotYGMFEBTvoa oDgfEuAVpeOlkkTIMDLw SiOEBWtHUiopSvDVOkjb JvFxbsySBAiFiOUrzrBi wuSVWJYvpiWaQAHXocSG cMYyKTXGNKnFzrpwnXUl vTbNxpVTEoFlSjvvVvfG cMYyKTXGNKnFzrpwnXUl wuSVWJYvpiWaQAHXocSG cwgJAHVpCCTmuckJkncL lIpVoDPUIfHCPpjswogJ lbWonvEbeplndKguSTkk shaRjZRSPDzVXmetmolj kyApsCeFkLoLFCdkazaE shaRjZRSPDzVXmetmolj lbWonvEbeplndKguSTkk oZXYedlbtBLmkfoVmgta joWAhkfNqIEECnBeulGl oZXYedlbtBLmkfoVmgta svUOWvTJLneAqJGnExpc oZXYedlbtBLmkfoVmgta lbWonvEbeplndKguSTkk eOfnBeTgmYCNEnRUhlEK lbWonvEbeplndKguSTkk wNqlpYNsRbJEgiGpKxrU
100
lbWonvEbeplndKguSTkk lbWonvEbeplndKguSTkk
qfRRtdRbhYJBARMfPlZM qfRRtdRbhYJBARMfPlZM
scpUkbcaYSAsHhSktebT scpUkbcaYSAsHhSktebT
kyApsCeFkLoLFCdkazaE kyApsCeFkLoLFCdkazaE
JvFxbsySBAiFiOUrzrBi JvFxbsySBAiFiOUrzrBi
wuSVWJYvpiWaQAHXocSG wuSVWJYvpiWaQAHXocSG
cwgJAHVpCCTmuckJkncL cwgJAHVpCCTmuckJkncL
cMYyKTXGNKnFzrpwnXUl cMYyKTXGNKnFzrpwnXUl
vTbNxpVTEoFlSjvvVvfG vTbNxpVTEoFlSjvvVvfG
JVONrXhhmtFWhFfDiOXW JVONrXhhmtFWhFfDiOXW
VIPPawblKbhOVWrmrWBx VIPPawblKbhOVWrmrWBx
EEeDJaHeajXXlwYcHTeJ EEeDJaHeajXXlwYcHTeJ
efZntVbfQTvIUOiRNPSH efZntVbfQTvIUOiRNPSH
shugRMnaHVqQSmKaNBgu shugRMnaHVqQSmKaNBgu
NJZlnWyeJFrkOwoqHKtT NJZlnWyeJFrkOwoqHKtT
nCedHqGgdWAicwyuYWpg nCedHqGgdWAicwyuYWpg
xgBrJmdXVwtxgRuCBhMe xgBrJmdXVwtxgRuCBhMe
IvXQutSorlqOgnSVAIUd IvXQutSorlqOgnSVAIUd
edlAtPQdNXJQPCIzpkyX edlAtPQdNXJQPCIzpkyX
oKAKfpUUuLItChLyByFh oKAKfpUUuLItChLyByFh
juzxSpUVuccJUMBOcJjO juzxSpUVuccJUMBOcJjO
ANDviqMIuFwdcboQDprt ANDviqMIuFwdcboQDprt
QyXpliHSeQOPIsurIcpa QyXpliHSeQOPIsurIcpa
XvUPApTFkqaSSizYsCIr XvUPApTFkqaSSizYsCIr
DpztIuGTRpGuLsdlODJw DpztIuGTRpGuLsdlODJw
lSJjEsqamUCgRZdCmdyI lSJjEsqamUCgRZdCmdyI
CvZkdIYtdeDHtwufupie CvZkdIYtdeDHtwufupie
szyiMlKhtyOynWjcoMsm szyiMlKhtyOynWjcoMsm
ZXihCBEQBTdisqSlEMsj ZXihCBEQBTdisqSlEMsj
ayQgUwyRuQVKeyFLPNbQ ayQgUwyRuQVKeyFLPNbQ
oHoxoLeyDYnKZDzgMtxI oHoxoLeyDYnKZDzgMtxI
UIlSMnVKIdNiXZNSiHsI UIlSMnVKIdNiXZNSiHsI
yscsUFTNNyaVMKBztBdV yscsUFTNNyaVMKBztBdV
VRpSthoDcomqMDsGoVql VRpSthoDcomqMDsGoVql
EhDFVLWZueLOrdjEOzEQ EhDFVLWZueLOrdjEOzEQ
bEfUXCTlwRBndElSbPGf bEfUXCTlwRBndElSbPGf
imEmCMbYEtZJJkwxkSDD imEmCMbYEtZJJkwxkSDD
gcXUxTVUZWsOwtRNeDDa gcXUxTVUZWsOwtRNeDDa
TEPaiCedHTXapLxoBXMp TEPaiCedHTXapLxoBXMp
xlbpuxAjoVPJWPCWBEkJ xlbpuxAjoVPJWPCWBEkJ
fgzJCwocQniGlXAZHJId fgzJCwocQniGlXAZHJId
vIbIQYXZnmYrooTLYNtu vIbIQYXZnmYrooTLYNtu
wlySPverjehsBxldyigf wlySPverjehsBxldyigf
SitzoubgYFeTjmkLjVPz SitzoubgYFeTjmkLjVPz
eobSFtKBbBdcVrTOREdK eobSFtKBbBdcVrTOREdK
ADVVlRLpnspleRTgeTdu ADVVlRLpnspleRTgeTdu
DZEpVGVXkxHljziwItaS DZEpVGVXkxHljziwItaS
QjbdwbUnopENkiNyqirZ QjbdwbUnopENkiNyqirZ
nreoVgWrBhNXFZgTBlXO nreoVgWrBhNXFZgTBlXO
syonLisTOSczosCwoILE syonLisTOSczosCwoILE
zNRhhVdMWUgTnnqmAfeY zNRhhVdMWUgTnnqmAfeY
kqcEdfKLaRzxOhAIzchh kqcEdfKLaRzxOhAIzchh
aIuYyryCOUGVeCAqbqkg aIuYyryCOUGVeCAqbqkg
jznspKyqlmxZtgfQUJVB jznspKyqlmxZtgfQUJVB
RlHeRhvUOhGhZVGGJuED RlHeRhvUOhGhZVGGJuED
WMWBpOSnHGywZjCgaYyY WMWBpOSnHGywZjCgaYyY
XtZHoAxqEyzvMChzPHpN XtZHoAxqEyzvMChzPHpN
eiLPqIroFfCGzqSAlzAp eiLPqIroFfCGzqSAlzAp
erZKLqpCZsYKDnOCaBGq erZKLqpCZsYKDnOCaBGq
ccdJRKiTXwIErdhSIxfh ccdJRKiTXwIErdhSIxfh
NIJaJxCurulNUdZZMxFk NIJaJxCurulNUdZZMxFk
YTwycpmzEWCqqTELtzXc YTwycpmzEWCqqTELtzXc
FWnudSYFvYQJHehOpEKf FWnudSYFvYQJHehOpEKf
fpoTaBKmVdlDCxFwCFoz fpoTaBKmVdlDCxFwCFoz
aGPbLNWYAMujnfHCTCMo aGPbLNWYAMujnfHCTCMo
HeWrJOKsDjgdrcamgZLN HeWrJOKsDjgdrcamgZLN
kwPuYZgJgVVJfdBGUtPw kwPuYZgJgVVJfdBGUtPw
GMxGouyyndiUBMqMdOoc GMxGouyyndiUBMqMdOoc
mgNeYYUOPKpLeiVEFIXd mgNeYYUOPKpLeiVEFIXd
NtyLZDOaSczVvOGdocUp NtyLZDOaSczVvOGdocUp
zHPSSEtFTQIbLYMdHqgP zHPSSEtFTQIbLYMdHqgP
ihxEqMQIIvyQmtrtMjeO ihxEqMQIIvyQmtrtMjeO
MBJqOYmxhUYbldNVEdRy MBJqOYmxhUYbldNVEdRy
ZwvojvRdUOYNJXIwAqgC ZwvojvRdUOYNJXIwAqgC
CbGuHgZfQMmSOfHDFJnK CbGuHgZfQMmSOfHDFJnK
NzDQJknJPDEkcwCHzzbF NzDQJknJPDEkcwCHzzbF
NPSPGRTNRcKKVpsBRSwh NPSPGRTNRcKKVpsBRSwh
pzrGQEObzJGPnfATEYDc pzrGQEObzJGPnfATEYDc
EmbDgEECbkHbfAfHCgwB EmbDgEECbkHbfAfHCgwB
wvSJDoqoPGAkYgSuPFPw wvSJDoqoPGAkYgSuPFPw
UdSbtwxTqTJxOiUoxEqw UdSbtwxTqTJxOiUoxEqw
QeYNNLpZMBxyiFbZMPFY QeYNNLpZMBxyiFbZMPFY
hLaNXBYgTzgUhvjmqUTu hLaNXBYgTzgUhvjmqUTu
QePOUWiXcAUCoHETxuGS QePOUWiXcAUCoHETxuGS
gDYKDrbERUXTnCayjBrC gDYKDrbERUXTnCayjBrC
wfEFdNDcColoskjTjcLm wfEFdNDcColoskjTjcLm
PZwTcKCPsEmpxetNZvef PZwTcKCPsEmpxetNZvef
pMOSpTzPTPLXHLOQMjnt pMOSpTzPTPLXHLOQMjnt
oLMkSrYLQRLHmPiuLCTC oLMkSrYLQRLHmPiuLCTC
ZauPfhkpsGmhbvkhkltR ZauPfhkpsGmhbvkhkltR
jUSlIFtitQxyvVLJjiCc jUSlIFtitQxyvVLJjiCc
XPPBMlNyfVVeZGIzTCEW XPPBMlNyfVVeZGIzTCEW
bFmSeBrfNuxjYPUDCLYq bFmSeBrfNuxjYPUDCLYq
igyeOiSdezmmXGTwMzLw igyeOiSdezmmXGTwMzLw
NYdfLxXxFVvLEbDKzXWn NYdfLxXxFVvLEbDKzXWn
KcrnMnFDTrBKaUaGpdLY KcrnMnFDTrBKaUaGpdLY
oZXYedlbtBLmkfoVmgta oZXYedlbtBLmkfoVmgta
svUOWvTJLneAqJGnExpc svUOWvTJLneAqJGnExpc
joWAhkfNqIEECnBeulGl joWAhkfNqIEECnBeulGl
eOfnBeTgmYCNEnRUhlEK eOfnBeTgmYCNEnRUhlEK
