oUyBZvEHNPOWtAsHANHU eWGFHgdBASXJbxQbYrCG hNRcEeFjmsmOnuOdNAXl eqwycKZriorIAbsUBjxu tItiZloipgPmLuONrNnZ ikjgYLaZRolSrbIYyKBd NBTlGJqSnWahMvuDlXAm hpQFeVriPZmwKZcYFAWN rqqedkokePZFdhDbMNpX IuNNJvHSmYKpVBzmzuJX znYRMYifzQwyixuIXDnz IuNNJvHSmYKpVBzmzuJX fDAbzsYfiXDxOIsITcQl JGmrlhNqKarRJZMikIzR gUlgGYCPZjsRiFLqnVun DsLevMWgWFWOQXFMbaQy PojKKQvEDmFOnJinujFi CcspnGXfrmzZRWjdMjLd oMKDNkBacLxexXKHqXfF CcspnGXfrmzZRWjdMjLd XZRBuctXhYPbWardFSZS QMnEKXGwZYUlreveNjwA UgaWwXBplvlUJzfeuZdN eqwycKZriorIAbsUBjxu MeohNnftDTzllMTGwxnG eqwycKZriorIAbsUBjxu VVzvLIOwARaWwhQTKPrx OWCblOtQanZakRLMqMxz VVzvLIOwARaWwhQTKPrx eqwycKZriorIAbsUBjxu tItiZloipgPmLuONrNnZ JKNUHFrXPStBWMuUOVkj QFaSXENOfunmdZIBqDsS UMfDYlvFlUVuogMRkWNG QFaSXENOfunmdZIBqDsS JKNUHFrXPStBWMuUOVkj CCYBPFZgoOONzoEeTKzC JKNUHFrXPStBWMuUOVkj eWVKeYegIFOJxvfRkjek vUAlnOQiiNflifusqsxz ikjgYLaZRolSrbIYyKBd oUyBZvEHNPOWtAsHANHU
24
oUyBZvEHNPOWtAsHANHU oUyBZvEHNPOWtAsHANHU
eWGFHgdBASXJbxQbYrCG eWGFHgdBASXJbxQbYrCG
hNRcEeFjmsmOnuOdNAXl hNRcEeFjmsmOnuOdNAXl
eqwycKZriorIAbsUBjxu eqwycKZriorIAbsUBjxu
ikjgYLaZRolSrbIYyKBd CXrruomvXfADUrHxMwZi
NBTlGJqSnWahMvuDlXAm NBTlGJqSnWahMvuDlXAm
hpQFeVriPZmwKZcYFAWN hpQFeVriPZmwKZcYFAWN
rqqedkokePZFdhDbMNpX IUJDEWwYxhQimsCqnrFH
IuNNJvHSmYKpVBzmzuJX IuNNJvHSmYKpVBzmzuJX
znYRMYifzQwyixuIXDnz znYRMYifzQwyixuIXDnz
fDAbzsYfiXDxOIsITcQl NVPacTSrBMpDkMBotiWB
gUlgGYCPZjsRiFLqnVun gUlgGYCPZjsRiFLqnVun
PojKKQvEDmFOnJinujFi PojKKQvEDmFOnJinujFi
CcspnGXfrmzZRWjdMjLd CcspnGXfrmzZRWjdMjLd
oMKDNkBacLxexXKHqXfF oMKDNkBacLxexXKHqXfF
QMnEKXGwZYUlreveNjwA QMnEKXGwZYUlreveNjwA
MeohNnftDTzllMTGwxnG MeohNnftDTzllMTGwxnG
VVzvLIOwARaWwhQTKPrx VVzvLIOwARaWwhQTKPrx
OWCblOtQanZakRLMqMxz OWCblOtQanZakRLMqMxz
tItiZloipgPmLuONrNnZ cAvnOxZJtanpVvcAxJHM
JKNUHFrXPStBWMuUOVkj JKNUHFrXPStBWMuUOVkj
UMfDYlvFlUVuogMRkWNG UMfDYlvFlUVuogMRkWNG lPMfQyVLDIZczBuDgsVQ
CCYBPFZgoOONzoEeTKzC CCYBPFZgoOONzoEeTKzC
eWVKeYegIFOJxvfRkjek eWVKeYegIFOJxvfRkjek
