0 58 0 77 93 20 75 94 54 10 57 78 69 23 8 43 65 31 65 35 70 99 76 13 76 81 1 83 1 48 100 73 85 79 22 49 53 62 102 91 166 51 55 63 12 90 40 24 40 71 16 37 118 30 144 34 74 13 59 3 52 87 97 27 38 84 38 92 88 17 21 88 19 36 132 25 46 7 105 98 2 185 56 96 44 60 18 26 6 18 41 45 50 45 5 18 33 42 28 47 61 68 47 11 64 14 4 86 102 32 15 95 60 67 80 82 66 72 9 72 29 39 139 89 0
100
77 77
89 89
82 82
66 66
72 72
29 29
9 9
39 39
80 80
93 93
20 20
75 75
94 94
54 54
56 56
67 67
96 96
44 44
60 60
18 18
33 33
42 42
32 32
28 28
47 47
68 68
61 61
11 11
64 64
14 14
4 4
86 86
41 41
45 45
50 50
5 5
26 26
6 6
15 15
95 95
10 10
69 69
23 23
25 25
98 98
46 46
7 7
8 8
43 43
59 59
83 83
24 24
40 40
71 71
30 30
16 16
37 37
1 1
22 22
51 51
63 63
12 12
90 90
55 55
49 49
91 91
53 53
62 62
100 100
79 79
73 73
85 85
48 48
76 76
81 81
13 13
65 65
99 99
35 35
70 70
31 31
34 34
74 74
3 3
97 97
92 92
88 88
21 21
19 19
36 36
17 17
27 27
38 38
84 84
52 52
87 87
57 57
78 78
2 2
58 58
