Soda woolf winifred danyal rosen garcia shen amanda sunny lewke tamara jarrett roshan annie eshaan ruhi kevin massachusetts noor martinez aidan lo sriram rob yip alvin krishnan andrew caroline daniel juliann golden ian rabie sarina walsh ritter ashley shah grace berit chloe meghan castro singhal connor djajadi vilaythong davis garbers patagonia Soda
50
davis davis
garbers garbers
patagonia patagonia
djajadi djajadi
vilaythong vilaythong
meghan meghan
castro castro
singhal singhal
connor connor
berit berit
chloe chloe
grace grace
ritter ritter
ashley ashley
shah shah
walsh walsh
ian ian
rabie rabie
sarina sarina
golden golden
caroline caroline
daniel daniel
juliann juliann
andrew andrew
krishnan krishnan
yip yip
alvin alvin
rob rob
sriram sriram
lo lo
aidan aidan
noor noor
martinez martinez
massachusetts massachusetts
annie annie
eshaan eshaan
ruhi ruhi
kevin kevin
roshan roshan
amanda amanda
sunny sunny
lewke lewke
tamara tamara
jarrett jarrett
shen shen
garcia garcia
woolf woolf
winifred winifred
danyal danyal
rosen rosen
