Soda eshaan connor maya liang adhikiari gobears djajadi amanda mittal chen kaur lebron yip ravi aanika ani ahluwalia king zhou olivia caroline ashley berit gregory rouzbahani patagonia logan massachusetts winifred ellen greg emily singorahardjo hari wyatt alvin doshi chloe sunny parham brett devesh charles oscar celine soman zou lewke william nichole ohio hanlon franco xin weaver tyler andrew barth erika annie srinivasan zhifei cal scott bears mack krishnan subbaraj vilaythong angelis saurav singhal wu danyal sophia evan kevin ruhi du ritter chung srivastava sun wong maniku ishaan shah grace jacob krista kanika umar vikram melissa chase george daniel rob li lindsey Soda
100
eshaan eshaan
connor connor
maya maya
liang liang
adhikiari adhikiari
gobears gobears
djajadi djajadi
amanda amanda
mittal mittal
chen chen
kaur kaur
lebron lebron
yip yip
ravi ravi
aanika aanika
ani ani
ahluwalia ahluwalia
king king
zhou zhou
olivia olivia
caroline caroline
ashley ashley
berit berit
gregory gregory
rouzbahani rouzbahani
patagonia patagonia
logan logan
massachusetts massachusetts
winifred winifred
ellen ellen
greg greg
emily emily
singorahardjo singorahardjo
hari hari
wyatt wyatt
alvin alvin
doshi doshi
chloe chloe
sunny sunny
parham parham
brett brett
devesh devesh
charles charles
oscar oscar
celine celine
soman soman
zou zou
lewke lewke
william william
nichole nichole
ohio ohio
hanlon hanlon
franco franco
xin xin
weaver weaver
tyler tyler
andrew andrew
barth barth
erika erika
annie annie
srinivasan srinivasan
zhifei zhifei
cal cal
scott scott
bears bears
mack mack
krishnan krishnan
subbaraj subbaraj
vilaythong vilaythong
angelis angelis
saurav saurav
singhal singhal
wu wu
danyal danyal
sophia sophia
evan evan
kevin kevin
ruhi ruhi
du du
ritter ritter
chung chung
srivastava srivastava
sun sun
wong wong
maniku maniku
ishaan ishaan
shah shah
grace grace
jacob jacob
krista krista
kanika kanika
umar umar
vikram vikram
melissa melissa
chase chase
george george
daniel daniel
rob rob
li li
lindsey lindsey
