Jingzhou Ghugus Manduria Ghugus Veenendaal Kheri Malnate BurgbeiMagdeburg Kabarnet Tabatinga Kabarnet Sanaa JabalosSaraj Sanaa Sarzedo Sanaa NiagaraFalls Chittaranjan BurgbeiMagdeburg Malnate Jeypore Malnate Lysva Malnate CoonRapids Sagalo Huauchinango Carmichael Carouge Depok Bejucal TanahMerah LondonderryCountyBor Jinotega FortLauderdale Depok Shively Rangae Carouge Carmichael elCampello Carmichael Carouge Colachel Ibri Rembangan Gangtok BeneBeraq MelitodiNapoli Thamaga Tottori Payshanba SaintMichael Frosinone Ronse AzZuwaytinah RioFormoso Radnor RioFormoso AzZuwaytinah Khabarovsk Crespo Khabarovsk Chegem Entroncamento Srinagar Entroncamento Srinagar Kirovsk Sapele Ermelo Shumen Shizunaifurukawacho Shumen Veenendaal Ouarzazat Ketrzyn SanJosedeOcoa Ketrzyn Pundong Jingzhou
50
Ghugus Ghugus
Manduria Manduria
Veenendaal Veenendaal
Kheri Kheri
Malnate Malnate
BurgbeiMagdeburg BurgbeiMagdeburg
Kabarnet Kabarnet
Tabatinga Tabatinga
Sanaa Sanaa
JabalosSaraj JabalosSaraj
Sarzedo Sarzedo
Chittaranjan Chittaranjan
Jeypore Jeypore
Lysva Lysva
CoonRapids CoonRapids
Sagalo Sagalo
Carouge Carouge
Depok Depok
Bejucal Bejucal
TanahMerah TanahMerah
LondonderryCountyBor LondonderryCountyBor
FortLauderdale FortLauderdale
Shively Shively
Rangae Rangae
Carmichael Carmichael
elCampello elCampello
Colachel Colachel
Ibri Ibri
Rembangan Rembangan
Gangtok Gangtok
BeneBeraq BeneBeraq
Thamaga Thamaga
Tottori Tottori
SaintMichael SaintMichael
Ronse Ronse
AzZuwaytinah AzZuwaytinah
RioFormoso RioFormoso
Radnor Radnor
Khabarovsk Khabarovsk
Crespo Crespo
Chegem Chegem
Srinagar Srinagar
Entroncamento Entroncamento
Kirovsk Kirovsk
Ermelo Ermelo
Shizunaifurukawacho Shizunaifurukawacho
Shumen Shumen
Ouarzazat Ouarzazat
Ketrzyn Ketrzyn
SanJosedeOcoa SanJosedeOcoa
