LesLilas AinBessem Kairouan Johnston Battambang AinArnat Mondlo Botad Rhondda Johnston Sobue SenadorPompeu Sobue Acireale Butuan Kaifeng Bishopstoke Skelmersdale FortWorth Skelmersdale Prostejov Skelmersdale BlueIsland Pezinok Escada Pozzuoli Haripur Pozzuoli VillaPauladeSarmient Sasovo SenaMadureira Belalcazar Oerlinghausen Belalcazar Pezinok ChalcodeDiazCovarrub Kambove Braila Bury PriegodeCordoba Bury Braila Morwa Ortaca Itororo Shchekino Espiye Shchekino AshtonunderLyne Aringay Kambove MonteAlegre Kondrovo PortoVelho Kotka PortoVelho FetestiGara Garbsen FetestiGara Nagar FetestiGara Embu WestIslip Pinner Kotka NoblePark SanJuandelaMaguana Gunzenhausen SanJuandelaMaguana Andrychow Turek Andrychow GuaMusang Skelmersdale Geiro Acarau Akcaabat Acarau Morwa Lloydminster Korsakov Lloydminster Khulm Anjarah Khulm Lloydminster SpanishTown Kineshma Botad MadinatHamad MineralnyeVody TagbilaranCity Hirosaki Geyve UlanBator Vyazniki Skelmersdale SouthSaintPaul Angleton SouthSaintPaul Ibirataia SouthSaintPaul Kemise Shurugwi HaciendaLaCalera Tabou EastLongmeadow Wangon EastLongmeadow Gowurdak EastLongmeadow Mocoa EastLongmeadow Gorgan Manacapuru Gorgan NahiyatashShinafiyah SaintCyrlEcole SantanadoLivramento CapimGrosso Geiro Skelmersdale Haora TagbilaranCity Shimofurano Arzamas Langenhorn Acireale Baramula Mabopane Baramula Sorada Baramula Fuxin Baramula Acireale Ontinyent CerroAzul Wenchi Hangu Vaniyambadi Hangu Daokou Sosnovka Shieli Yafo Shieli Sosnovka HaciendaLaCalera KotRadhaKishan Izhevsk KotRadhaKishan Twante Rivas NorthAurora Aracuai Zhaodong Aracuai AinBessem LesLilas
100
AinBessem AinBessem
Kairouan Kairouan
Johnston Johnston
Battambang Battambang
AinArnat AinArnat
Rhondda Rhondda
Sobue Sobue
SenadorPompeu SenadorPompeu
Acireale Acireale
Butuan Butuan
Kaifeng Kaifeng
FortWorth FortWorth
Skelmersdale Skelmersdale
Prostejov Prostejov
BlueIsland BlueIsland
Pezinok Pezinok
Escada Escada
Pozzuoli Pozzuoli
Haripur Haripur
VillaPauladeSarmient VillaPauladeSarmient
SenaMadureira SenaMadureira
Belalcazar Belalcazar
Oerlinghausen Oerlinghausen
ChalcodeDiazCovarrub ChalcodeDiazCovarrub
Kambove Kambove
Braila Braila
Bury Bury
PriegodeCordoba PriegodeCordoba
Morwa Morwa
Ortaca Ortaca
Itororo Itororo
Shchekino Shchekino
Espiye Espiye
AshtonunderLyne AshtonunderLyne
MonteAlegre MonteAlegre
Kotka Kotka
PortoVelho PortoVelho
FetestiGara FetestiGara
Garbsen Garbsen
Nagar Nagar
Embu Embu
WestIslip WestIslip
NoblePark NoblePark
SanJuandelaMaguana SanJuandelaMaguana
Gunzenhausen Gunzenhausen
Andrychow Andrychow
Turek Turek
GuaMusang GuaMusang
Acarau Acarau
Akcaabat Akcaabat
Lloydminster Lloydminster
Korsakov Korsakov
Khulm Khulm
Anjarah Anjarah
SpanishTown SpanishTown
Kineshma Kineshma
MadinatHamad MadinatHamad
MineralnyeVody MineralnyeVody
TagbilaranCity TagbilaranCity
Hirosaki Hirosaki
Vyazniki Vyazniki
SouthSaintPaul SouthSaintPaul
Angleton Angleton
Ibirataia Ibirataia
Kemise Kemise
Shurugwi Shurugwi
Tabou Tabou
EastLongmeadow EastLongmeadow
Wangon Wangon
Gowurdak Gowurdak
Mocoa Mocoa
Gorgan Gorgan
Manacapuru Manacapuru
NahiyatashShinafiyah NahiyatashShinafiyah
SaintCyrlEcole SaintCyrlEcole
SantanadoLivramento SantanadoLivramento
CapimGrosso CapimGrosso
Haora Haora
Shimofurano Shimofurano
Arzamas Arzamas
Langenhorn Langenhorn
Baramula Baramula
Mabopane Mabopane
Sorada Sorada
Fuxin Fuxin
Ontinyent Ontinyent
Wenchi Wenchi
Hangu Hangu
Vaniyambadi Vaniyambadi
Daokou Daokou
Sosnovka Sosnovka
Shieli Shieli
Yafo Yafo
HaciendaLaCalera HaciendaLaCalera
KotRadhaKishan KotRadhaKishan
Izhevsk Izhevsk
Twante Twante
Rivas Rivas
Aracuai Aracuai
Zhaodong Zhaodong
