Kaimganj Fagaras Pilibhit Kawit Leixlip Isakogorka MontecatiniTerme MilpaAlta Tocache GobernadorGalvez Novopokrovskaya Albi Cambui Narangba Dankov MontecatiniTerme Tocache Fandriana Tocache Gobo Racine Gobo Xankandi Tsirang Brecht Tsirang MilpaAlta Anahuac MilpaAlta PinhalNovo Kansk Yucheng Korolev Yucheng Tsukawaki Karasuyama Xankandi Mesa EncarnaciondeDiaz Mesa Leixlip Kaimganj
24
Fagaras Fagaras
Pilibhit Pilibhit Irvine
Leixlip Leixlip
Isakogorka Isakogorka
MontecatiniTerme MontecatiniTerme
MilpaAlta MilpaAlta
Tocache Tocache
GobernadorGalvez GobernadorGalvez
Novopokrovskaya Novopokrovskaya
Albi Albi
Narangba Narangba
Dankov Dankov
Fandriana Fandriana
Gobo Gobo
Racine Racine
Tsirang Tsirang
Brecht Brecht
Anahuac Anahuac
PinhalNovo PinhalNovo
Yucheng Yucheng
Korolev Korolev
Tsukawaki Tsukawaki
Karasuyama Karasuyama
EncarnaciondeDiaz EncarnaciondeDiaz
