lyenDXSN wKxe hU BR s KtvQaJqCJTRpXM8ZI CmV 7Q L STJYwXq9HmmawT vAIBd1Ae fzp 61 zI 5TLmyf vJxAK1LaHyuu4yFNeul hpRsyMlXH1H 6DVIvuGfPs2BU lt1a5E0H akZmiQ7tmX mMU5Ux7Gh9w VNvsbB7eWJcAK0fU C8PRtY0wMczFLQQYxa zzYmU5YFhvp1 2FvJIR5cRPGGLqP jvdVvQ 1ds7sqHhanMKkMy M1PxrOPSNUVpc ImSpax GPeb MBLHuIgjJIXs uy3ouNIxumu7jEuoP1 K0A9bbVLm9atwTf EJDqk Plmj0j Iax35 HwQeXpOEZHQ3s hVfqebryM4wN f9euNCVEF2WwHc0CWSy5 nqeGwct A67f S8DQEZtWlk6ka46PO l f ZDtYWltAxD3Y G50hiUpVStHCMrd hjCFXN9kbqn0UCNsZ 8tafV1bFRuaPvhP 2AR73oQdnbYqnDCGMFS cYPTdnJWL wcmx8dhmsO K6yVeBnomxSBet nWkakNi6Qt9d4g o3refHnx4qioqHztqMYE frNA534JEvY4f llx2p dygEexsyZY Mu wBJRoqVxn1t 6yeW7sat9rvd cnYBED3IXb5fpZ Vfe589mWfZoDleGgD V8N lyenDXSN
40
hU hU
BR BR
KtvQaJqCJTRpXM8ZI KtvQaJqCJTRpXM8ZI
CmV CmV
7Q 7Q
L L
vAIBd1Ae vAIBd1Ae
61 61
zI zI
vJxAK1LaHyuu4yFNeul vJxAK1LaHyuu4yFNeul
6DVIvuGfPs2BU 6DVIvuGfPs2BU
lt1a5E0H lt1a5E0H
akZmiQ7tmX akZmiQ7tmX
VNvsbB7eWJcAK0fU VNvsbB7eWJcAK0fU
zzYmU5YFhvp1 zzYmU5YFhvp1
jvdVvQ jvdVvQ
M1PxrOPSNUVpc M1PxrOPSNUVpc
ImSpax ImSpax
GPeb GPeb
MBLHuIgjJIXs MBLHuIgjJIXs
K0A9bbVLm9atwTf K0A9bbVLm9atwTf
Plmj0j Plmj0j
HwQeXpOEZHQ3s HwQeXpOEZHQ3s
hVfqebryM4wN hVfqebryM4wN
nqeGwct nqeGwct
A67f A67f
l l
f f
G50hiUpVStHCMrd G50hiUpVStHCMrd
hjCFXN9kbqn0UCNsZ hjCFXN9kbqn0UCNsZ
2AR73oQdnbYqnDCGMFS 2AR73oQdnbYqnDCGMFS
cYPTdnJWL cYPTdnJWL
wcmx8dhmsO wcmx8dhmsO
nWkakNi6Qt9d4g nWkakNi6Qt9d4g
o3refHnx4qioqHztqMYE o3refHnx4qioqHztqMYE
frNA534JEvY4f frNA534JEvY4f
llx2p llx2p
Mu Mu
wBJRoqVxn1t wBJRoqVxn1t
6yeW7sat9rvd 6yeW7sat9rvd
