0 13 65 67 46 8 16 68 82 44 58 84 58 84 68 6 40 6 60 83 60 93 16 8 32 39 88 39 32 14 1 72 81 1 33 9 90 89 90 30 54 30 86 94 86 87 91 38 69 75 31 43 35 12 36 47 77 35 62 41 37 41 43 29 51 50 53 25 27 71 27 21 15 56 15 0
49
0 97
15 15
56 56
65 65
67 67
46 46 99
8 8
71 71
32 32
39 39
88 88
14 14
69 69
75 75
31 31
43 43
35 35
62 62
41 95
37 37
77 77
12 12
36 36
29 29
51 51
50 50
53 53
25 25
33 33
9 9
54 54
87 87
91 91
94 94
90 90
89 89
72 72
81 81
16 16
93 93
68 68
84 84
58 58
82 82
44 44
6 6
83 83
40 40
21 21
