0 5 3 23 1 30 1 37 38 55 59 3 64 3 66 67 72 1 78 85 3 93 1 96 102 103 3 105 109 110 114 115 172 173 2 175 182 3 190 3 191 14 32 35 52 5 56 1 60 2 62 65 2 104 2 113 2 119 1 125 5 163 5 166 1 6 26 1 58 1 70 1 77 81 1 107 126 160 6 169 6 171 6 8 162 14 10 20 148 183 7 19 188 21 22 0 24 0 25 39 40 0 41 0 42 0 43 48 0 51 0 53 57 0 68 71 0 76 0 83 84 86 0 88 0 97 100 0 116 121 0 132 134 0 144 0 146 151 159 0 168 174 176 185 0 187 0 195 0 196 0
100
0 0
196 196
195 195
187 187
185 185
176 176
174 174
168 168
159 159
151 151
146 146
144 144
134 134
132 132
121 121
116 116
100 100
97 97
88 88
86 86
84 84
83 83
76 76
71 71
68 68
57 57
53 53
51 51
48 48
43 43
42 42
41 41
40 40
39 39
25 25
24 24
22 22
21 21
19 19
188 188
10 10
183 183
148 148
20 20
8 8
162 162
6 6
171 171
169 169
160 160
126 126
107 107
81 81
77 77
70 70
58 58
26 26
5 5
166 166
163 163
125 125
119 119
113 113
104 104
65 65
62 62
60 60
56 56
52 52
35 35
32 32
14 14
3 3
191 191
190 190
182 182
175 175
173 173
172 172
115 115
114 114
110 110
109 109
105 105
103 103
102 102
96 96
93 93
85 85
78 78
72 72
67 67
66 66
64 64
59 59
55 55
38 38
37 37
30 30
23 23
