0 68 18 163 18 20 189 20 182 20 169 20 192 20 190 20 170 20 167 20 180 20 181 20 195 20 184 20 187 20 172 20 188 20 166 20 198 20 196 20 199 194 20 191 173 177 186 175 171 185 168 183 193 179 20 165 197 176 20 174 140 18 147 18 141 18 164 18 157 18 139 18 155 18 161 18 160 18 136 18 152 18 148 18 132 18 150 149 144 156 158 130 145 153 18 135 133 138 142 162 146 134 154 137 151 143 18 159 131 18 68 0
70
163 163
164 164
162 162
161 161
160 160
159 159
158 158
157 157
156 156
155 155
154 154
153 153
152 152
151 151
150 150
149 149
148 148
147 147
146 146
145 145
144 144
143 143
142 142
141 141
140 140
139 139
138 138
137 137
136 136
135 135
134 134
133 133
132 132
131 131
130 130
20 178
174 174
176 176
197 197
165 165
179 179
193 193
183 183
168 168
185 185
171 171
175 175
186 186
177 177
173 173
191 191
194 194
199 199
196 196
198 198
166 166
188 188
172 172
187 187
184 184
195 195
181 181
180 180
167 167
170 170
190 190
192 192
169 169
182 182
189 189
