2 9 179 49 73 49 11 139 17 131 27 35 63 36 141 36 63 75 57 75 109 175 87 124 123 101 33 97 135 113 195 71 197 164 41 164 197 135 69 97 145 103 61 23 77 187 77 1 147 13 147 153 119 1 51 1 149 144 193 177 193 142 143 74 81 72 125 72 81 37 142 127 148 65 121 45 189 45 121 53 181 91 140 169 181 31 93 67 181 165 111 85 43 21 157 79 21 167 21 83 164 163 133 154 155 5 155 154 129 185 25 173 25 159 185 3 47 107 133 137 89 58 42 82 191 82 117 33 55 19 7 99 105 10 39 95 15 90 7 151 7 196 171 183 115 183 115 88 109 59 36 141 17 199 161 29 161 76 2
100
9 9
179 179
49 49
73 73
11 11
139 139
17 17
131 131
29 29
161 161
27 27
199 199
35 35
63 63
75 75
109 109
175 175
115 115
183 183
87 87
123 123
101 101
33 33
55 55
19 19
7 7
171 171
151 151
99 99
105 105
39 39
95 95
15 15
97 97
145 145
103 103
111 111
191 191
117 117
133 133
137 137
89 89
155 155
129 129
185 185
25 25
159 159
173 173
3 3
47 47
107 107
5 5
163 163
85 85
43 43
21 21
83 83
167 167
157 157
79 79
61 61
23 23
77 77
187 187
65 65
181 181
169 169
165 165
91 91
67 67
31 31
93 93
121 121
53 53
45 45
189 189
1 1
149 149
193 193
177 177
143 143
81 81
127 127
125 125
37 37
51 51
147 147
153 153
119 119
13 13
135 135
197 197
41 41
113 113
195 195
71 71
69 69
59 59
57 57
141 141
