0 1 6 11 16 22 21 26 28 27 26 21 23 22 16 11 16 17 16 20 16 18 16 19 16 11 6 1 0 49 46 41 36 41 46 47 46 50 46 41 36 40 36 41 46 48 46 41 36 39 36 41 43 42 41 45 44 41 46 52 53 51 57 56 61 67 66 68 66 72 73 71 76 81 86 91 93 91 95 91 92 91 94 91 86 81 82 83 81 76 80 79 76 71 72 66 67 61 65 64 61 63 62 61 56 58 57 51 52 46 41 36 31 33 31 36 41 46 49 0 1 0
48
21 25
28 28
27 27
23 23
11 15
17 17
20 20
18 18
19 19
6 9
49 49
36 38
47 47
50 50
40 40
48 48
39 39
43 43
42 42
45 45
44 44
53 53
51 54
57 57
67 67
66 70
68 68
72 72
73 73
86 88 89
93 93
95 95
92 92
94 94
81 84
82 82
83 83
76 78
80 80
79 79
65 65
64 64
63 63
62 62
58 58
31 34
33 33
1 3 4
