0 198 197 196 191 192 186 181 185 184 181 176 171 176 179 180 176 171 166 170 169 166 171 176 181 186 192 193 191 196 197 198 0 1 6 11 16 21 26 32 33 31 37 38 36 42 41 46 47 48 46 51 53 52 51 57 58 56 61 66 71 75 71 72 73 71 74 71 76 81 87 86 92 91 96 101 106 112 111 113 111 116 121 127 126 131 136 139 136 138 136 140 136 137 136 141 146 151 156 162 161 164 165 161 163 162 156 151 152 153 151 146 141 145 144 141 143 142 141 136 131 126 130 129 126 128 127 121 116 111 112 106 108 107 106 101 105 104 101 103 102 101 96 100 99 96 98 97 96 91 94 95 91 93 92 86 87 81 82 83 81 76 80 79 76 71 66 61 65 64 61 63 62 61 56 59 60 56 57 51 46 41 42 36 37 31 35 34 31 32 26 29 30 26 21 25 24 21 16 11 12 13 11 6 1 0
97
191 195
192 192
186 187 189
181 183
185 185
184 184
171 173
179 179
180 180
170 170
169 169
193 193
16 17 19
32 32
33 33
38 38
36 39
42 42
41 44
47 47
48 48
53 53
52 52
58 58
66 68 70
75 75
72 72
73 73
74 74
87 87
86 90
112 112
111 114
113 113
127 127
131 135
139 139
138 138
140 140
137 137
162 162
164 164
165 165
163 163
156 159
151 155
152 152
153 153
146 149
145 145
144 144
143 143
142 142
130 130
129 129
128 128
121 122
116 118
106 109
108 108
107 107
105 105
104 104
103 103
102 102
100 100
99 99
98 98
97 97
94 94
95 95
93 93
81 84
82 82
83 83
76 78
80 80
79 79
65 65
64 64
63 63
62 62
59 59
60 60
35 35
34 34
26 27
29 29
30 30
21 22
25 25
24 24
11 14
12 12
13 13
6 7
1 3
