93 18 157 138 18 62 70 174 143 77 113 75 130 74 129 27 129 131 38 131 36 109 1 119 86 111 84 128 116 82 151 52 151 63 163 91 110 72 45 51 110 91 47 154 19 40 50 57 132 67 36 95 2 73 161 137 49 117 164 87 136 177 53 64 170 108 39 56 34 90 176 147 26 147 121 41 171 41 122 140 29 99 11 66 11 99 14 126 98 107 24 4 76 65 126 168 164 81 141 125 141 35 61 79 115 131 155 169 124 44 105 101 172 101 20 130 75 102 77 165 43 146 46 80 94 18 93
91
18 18
80 80
62 62
70 70
146 146
46 46
174 174
143 143
165 165
43 43
77 77
75 75
102 102
130 130
74 74
129 129
131 131
155 155
169 169
124 124
105 105
101 101
172 172
20 20
115 115
38 38
36 36
95 95
61 61
79 79
2 2
73 73
161 161
137 137
81 81
141 141
125 125
49 49
117 117
168 168
87 87
99 99
66 66
14 14
98 98
65 65
24 24
4 4
76 76
136 136
177 177
53 53
64 64
140 140
170 170
108 108
39 39
56 56
122 122
171 171
34 34
90 90
176 176
147 147
26 26
121 121
109 109
1 1
119 119
86 86
111 111
84 84
116 116
91 91
110 110
72 72
51 51
47 47
154 154
19 19
40 40
82 82
151 151
52 52
63 63
163 163
57 57
67 67
27 27
157 157
138 138
