Acton Carlsbad Bellflower Bolinas Angwin Atascadero Bonsall Atascadero Antioch Carson Bishop Brea Azusa Beckwourth Boronda Buttonwillow Bowles Buttonwillow Bystrom Anaheim Calistoga Anaheim Brisbane Belmont Arcadia Burbank Camarillo Burbank Arcadia Belvedere Bonita Fallbrook Carson Calwa Anaheim Bystrom Aromas Bootjack Cloverdale Altadena Cloverdale Bootjack Aromas Barstow Capitola Avery Chowchilla Avenal Chowchilla Avery Capitola Bradley Caruthers Bradley Arnold Campbell Arnold Bradley Capitola Barstow Calimesa Barstow Cobb Clearlake Bishop Arvin Cayucos Cambria Alhambra Brawley Biggs Byron Biggs Brawley Columbia Alpine Columbia Carpinteria Farmersville Covelo Ashland Alhambra Belden Arcata Clayton Alhambra Burlingame Alhambra Cambria Almanor Farmersville Ceres Bloomington Ceres Auburn Berkeley Armona Berkeley Alameda Carrick Concow Eureka Brawley Columbia Cupertino Auberry Corona Aptos Cerritos Bluewater Cerritos Bell Alpaugh Benicia Beaumont Calabasas Brentwood Biola Arbuckle Blythe Danville Armona Encinitas Canyondam Bakersfield Bradbury Adelanto Colusa Fontana Canyondam Bakersfield Burney Duarte Carmichael Freedom Coachella Campbell Crockett Calipatria Escalon Alpaugh Bell Artesia Bell Cerritos Anderson Calexico Blairsden Atherton Blairsden Calexico Florin Alturas Florin Calexico Anderson Caribou Anderson Cerritos Aptos Cerritos Broadmoor Amesti Cabazon Cobb Clearlake Ashland Covelo Cartago Bodfish Cotati August Fresno Banning Alamo Avalon Alamo Banning Fresno August Castroville August Cotati Boron Coronado Colusa Dinuba Bayview Albany Escondido Atwater Escondido Fruitdale Fremont Concow Carlsbad Acton
100
Carlsbad Carlsbad
Bellflower Bellflower
Bolinas Bolinas
Angwin Angwin
Bayview Bayview
Albany Albany
Atwater Atwater
Atascadero Atascadero
Bonsall Bonsall
Antioch Antioch
Banning Banning
August August
Boron Boron
Castroville Castroville
Alamo Alamo
Avalon Avalon
Bluewater Bluewater
Cartago Cartago
Bodfish Bodfish
Cerritos Cerritos
Broadmoor Broadmoor
Amesti Amesti
Cabazon Cabazon
Bell Bell
Artesia Artesia
Alpaugh Alpaugh
Calipatria Calipatria
Benicia Benicia
Beaumont Beaumont
Calabasas Calabasas
Brentwood Brentwood
Biola Biola
Arbuckle Arbuckle
Blythe Blythe
Bakersfield Bakersfield
Burney Burney
Carmichael Carmichael
Canyondam Canyondam
Bradbury Bradbury
Adelanto Adelanto
Aptos Aptos
Anderson Anderson
Caribou Caribou
Calexico Calexico
Blairsden Blairsden
Atherton Atherton
Alturas Alturas
Carson Carson
Bloomington Bloomington
Ceres Ceres
Auburn Auburn
Berkeley Berkeley
Armona Armona
Alameda Alameda
Carrick Carrick
Auberry Auberry
Bishop Bishop
Brea Brea
Azusa Azusa
Beckwourth Beckwourth
Boronda Boronda
Buttonwillow Buttonwillow
Bystrom Bystrom
Aromas Aromas
Barstow Barstow
Calimesa Calimesa
Capitola Capitola
Bradley Bradley
Caruthers Caruthers
Arnold Arnold
Campbell Campbell
Avery Avery
Avenal Avenal
Bootjack Bootjack
Altadena Altadena
Anaheim Anaheim
Brisbane Brisbane
Belmont Belmont
Arcadia Arcadia
Calwa Calwa
Belvedere Belvedere
Bonita Bonita
Burbank Burbank
Camarillo Camarillo
Calistoga Calistoga
Bowles Bowles
Arvin Arvin
Cayucos Cayucos
Cambria Cambria
Almanor Almanor
Alhambra Alhambra
Burlingame Burlingame
Belden Belden
Arcata Arcata
Ashland Ashland
Brawley Brawley
Biggs Biggs
Byron Byron
Alpine Alpine
Carpinteria Carpinteria
