Acadia Tortugas Acadia Guadalupe Isle Brycecanyon Canyonlands Brycecanyon Glacier Gateway Teton Redwood Gunnison Basin Badlands Crater Olympic Arches Kings Yosemite Bend Voyageurs Smoky Voyageurs Bend Yosemite Denali Teddy Cascades Acadia Biscayne Cuyahoga Congaree Everglades Caverns Congaree Cuyahoga Channel Indiana Haleakala Teddy Cascades Acadia Capitol Acadia
25
Tortugas Tortugas
Guadalupe Guadalupe
Isle Isle
Brycecanyon Brycecanyon
Canyonlands Canyonlands
Glacier Glacier
Gateway Gateway
Teton Teton
Gunnison Gunnison
Basin Basin
Badlands Badlands
Crater Crater
Arches Arches
Bend Bend
Smoky Smoky
Denali Denali
Biscayne Biscayne
Cuyahoga Cuyahoga
Congaree Congaree
Everglades Everglades
Caverns Caverns
Channel Channel
Indiana Indiana
Haleakala Haleakala
Capitol Capitol
