6 13 20 27 34 41 48 47 48 55 53 55 62 69 76 83 90 97 96 97 104 111 118 116 118 117 118 111 109 111 104 103 104 97 95 97 90 89 90 83 82 83 81 83 76 69 68 69 67 69 62 55 54 55 48 46 48 41 40 41 34 33 34 27 25 27 20 19 20 13 12 13 6 195 193 195 188 186 188 187 188 181 180 181 174 172 174 167 165 167 160 158 160 153 152 153 151 153 146 145 146 144 146 139 138 139 137 139 132 131 132 125 124 125 132 130 132 125 123 125 132 139 146 153 160 167 174 181 188 195 6 5 6 4 6
56
6 6
13 11
27 27
34 32
41 41 39
47 47 44
53 53 50
62 62 60 61
69 69
76 76 74 75
83 83
90 90 88
96 96 94
111 110
116 116 112
117 115
109 105 106
103 103 100 101
95 91
89 87
82 80
81 77
68 65
67 64
54 51
46 43
40 38
33 30 31
25 25 22
20 18
19 19 17
12 12 10
195 194
193 189 190
186 186 182
187 184
181 181 179
180 177
174 174
172 172 169
167 166
165 165 161
160 160
158 154 155
152 149 150
151 148
145 145 142
144 140
138 136
137 133 134
131 128 129
124 124 122
130 126
123 120
5 2
4 1
