pace voice financial respect bitter rob bitter guarantee king guarantee buffet exclusive class disclose injury disclose class exclusive dip joint demand pain demand cigarette tablet swear other approval page fortune imposter throne stroke discriminate lake title sunrise title shy nationalist shy title prison dialogue likely enhance dough linger dough enhance thumb enhance legislation sign romantic straighten quality headline quality straighten romantic dialogue tool glasses autonomy glasses tool dialogue prison solve tolerate forge vegetarian forge winner solve mixture rent seize understand figure understand paper mystery gate circulation output circulation gate mystery enter mystery chair brake chair feature honor pace
50
king king
figure figure
paper paper
honor honor
mystery mystery
brake brake
enter enter
circulation circulation
output output
guarantee guarantee
seize seize
buffet buffet
exclusive exclusive
dip dip
demand demand
pain pain
cigarette cigarette
tablet tablet
swear swear
other other
page page
sunrise sunrise
title title
shy shy
nationalist nationalist
lake lake
imposter imposter
throne throne
class class
injury injury
prison prison
tolerate tolerate
vegetarian vegetarian
winner winner
tool tool
glasses glasses
autonomy autonomy
likely likely
enhance enhance
legislation legislation
sign sign
quality quality
headline headline
dough dough
linger linger
thumb thumb
voice voice
financial financial
bitter bitter
rob rob
