pace other quadruple ask candle triple country knot country throne respect chair respect structure throne boom quality autonomy quality boom throne country single joint output joint illusion enemy illusion tool swear rent atmosphere rent swear coast profound virgin winner assignment winner virgin profound gallon injection pardon notebook fortune financial mercy financial fortune notebook profound view dive coincide identity deter note tablet imposter pound attraction guarantee joystick beg ex teacher hospitality terms thumb terms deter linger physics linger vegetarian exile vegetarian market vegetarian linger dough thirsty lake write pig straighten pig pier bleed curriculum chew offset chew curriculum bleed smile drawer smile headline smile bleed pier interactive election lifestyle cotton lifestyle election buffet pipe buffet exempt dramatic opposed dip exclusive dip opposed dramatic exempt development confrontation forge confrontation development native mature page mature native development skeleton gallon pier interactive error home flag injury demand rob demand feature demand injury tolerate decisive greeting begin science blonde native widen banana driver mystery title due speaker sign bleed environment interface electronics swop liver ignore shiver ignore audience ignore due ignore liver tool railcar attraction coffin bitter rage bitter coffin attraction guarantee joystick bowel brake scheme brake nationalist swop electronics swop nationalist acceptance nationalist swop joystick guarantee attraction excuse attraction guarantee joystick beg control enemy desk spoil desk enemy stress circulation approval pier bleed sign honor comfortable likely viable likely comfortable likely other pace
100
pace pace
other other
quadruple quadruple
ask ask
candle candle
triple triple
country country
knot knot
throne throne
respect respect
chair chair
structure structure
boom boom
autonomy autonomy
output output
enemy enemy
illusion illusion
tool tool
swear swear
rent rent
atmosphere atmosphere
coast coast
profound profound
virgin virgin
assignment assignment
injection injection
pardon pardon
financial financial
mercy mercy
dive dive
coincide coincide
identity identity
deter deter
note note
tablet tablet
imposter imposter
teacher teacher
thumb thumb
physics physics
exile exile
market market
dough dough
straighten straighten
pig pig
curriculum curriculum
offset offset
smile smile
drawer drawer
headline headline
interactive interactive
election election
lifestyle lifestyle
cotton cotton
buffet buffet
pipe pipe
exempt exempt
dip dip
exclusive exclusive
development development
confrontation confrontation
forge forge
native native
mature mature
page page
skeleton skeleton
error error
home home
flag flag
injury injury
rob rob
feature feature
decisive decisive
greeting greeting
begin begin
widen widen
driver driver
environment environment
interface interface
liver liver
ignore ignore
shiver shiver
audience audience
due due
railcar railcar
attraction attraction
coffin coffin
rage rage
guarantee guarantee
bowel bowel
scheme scheme
swop swop
electronics electronics
acceptance acceptance
excuse excuse
control control
spoil spoil
stress stress
likely likely
viable viable
comfortable comfortable
