pace nationalist brake headline audience due excuse due voice due injection opposed thumb exempt thumb enter prison honor prison enter deposit approval king approval tablet gate pier likely pier injury output exclusive throne exclusive output injury mixture injury skeleton forge likely circulation likely market likely page guarantee thumb opposed brake nationalist feature nationalist pace
25
nationalist nationalist
brake brake
headline headline
audience audience
excuse excuse
voice voice
opposed opposed
exempt exempt
enter enter
honor honor
deposit deposit
king king
approval approval
gate gate
likely likely
injury injury
output output
throne throne
mixture mixture
skeleton skeleton
circulation circulation
market market
page page
guarantee guarantee
feature feature
