9iIwk 5R5Xa 9iIwk jASvw oqPYQ 0GdkR jASvw 9iIwk 6EWVx jT5CK 5BDPJ jT5CK qkJ6b 1xmtC XYzcU 1xmtC Mj2eQ ZzWHp iEXNY ZzWHp MA43U jYfXn RKW0P QVYVG LZomt Ew56P SgDk6 QVYVG 7G74f 1uRw3 1pxZM 1uRw3 jAwQw aHGHb kmzhT aHGHb WGJpQ vE0Pj WGJpQ aHGHb RhUVQ QVYVG WJNpN AgYPL tnjfN YH6mk Y7IDR YH6mk 5ioW1 Be0ab XZKtP bXinH 5ioW1 YH6mk WJNpN 5VT1H 1uRw3 Ri2t4 y89SK 1uRw3 q0lus jT5CK 6EWVx 9iIwk h2rea 0mah3 ChXAd 1eRkH 0mah3 rrNj1 Esl6u fS0W8 k64Ok BnAjj ZgtaX veOJ7 iCgvV ZgtaX pXCjI ZgtaX JgjFI ZgtaX Vake4 k64Ok fS0W8 Esl6u rrNj1 5R5Xa 9iIwk
47
9iIwk 9iIwk
h2rea h2rea
ChXAd ChXAd
1eRkH 1eRkH
fS0W8 fS0W8 p9vQm
BnAjj BnAjj
ZgtaX ZgtaX
veOJ7 veOJ7
iCgvV iCgvV
pXCjI pXCjI
JgjFI JgjFI
Vake4 Vake4
5R5Xa 5R5Xa
jASvw jASvw
oqPYQ oqPYQ
0GdkR 0GdkR
jT5CK jT5CK
1uRw3 1uRw3
AgYPL AgYPL
5VT1H 5VT1H
tnjfN tnjfN
YH6mk YH6mk
Y7IDR Y7IDR 4a0W8
5ioW1 5ioW1
Be0ab Be0ab
XZKtP XZKtP dw7aX
bXinH bXinH
jAwQw jAwQw
aHGHb aHGHb
WGJpQ WGJpQ
vE0Pj vE0Pj
kmzhT kmzhT
RhUVQ RhUVQ
1pxZM 1pxZM
Ri2t4 Ri2t4
y89SK y89SK
5BDPJ 5BDPJ
qkJ6b qkJ6b
1xmtC 1xmtC
XYzcU XYzcU
Mj2eQ Mj2eQ
ZzWHp ZzWHp
jYfXn jYfXn
iEXNY iEXNY
LZomt LZomt
SgDk6 SgDk6
7G74f 7G74f
