HAZtD 4Eg1F wnnBN Cg1yP J0OP0 iKwe0 F7CZj z82fM EyMEe vfAR8 bW6Ms vfAR8 zg9rt UqGfS Ssao4 UqGfS X2hjX UqGfS NqBQW UqGfS iqOI4 mJExt aWuHk 3NU9e RN9nS CXkxa 3NU9e aWuHk XbFfE O8CwF TlJnt O8CwF XbFfE mJExt iqOI4 mJExt p3gJd cpzS8 acHTt cpzS8 AwFdf 2zHfe fExZu v7hOX SEkfX WVEjT Agb0E VG4na Agb0E WVEjT wVSYr 2zHfe AwFdf kNG2j kjZGl UQeyk EgumV fWz4T SE1WY ZKvNM iHR3J v0WXM R6NzB 0FMEI tgL8p DmTRc 4jcrD gNinx GrnJ7 v9joy UbqWX iaaYU GrnJ7 rmW0U CHx6u bMhFI lF8gH bMhFI SfSL1 RkCLD xKTIz E6pda e7SjH DuU0x BIY9X DuU0x e7SjH E6pda RkCLD SfSL1 36fTo HOuAL rmW0U GrnJ7 iIQll Vg6Sz iIQll p4kTx iIQll GrnJ7 DmTRc tgL8p 0FMEI 2GCiD RWE9G 5EAEu sU69u 9cp56 p3gJd rH3nx 1gvq4 lJnz7 GxQg8 DaieK uPUO1 DaieK p3gJd cC0Rg gpbSj u60s4 9cp56 0F8yg 4PSW9 zcuSA jyRQW Xqwfz pLg86 7kY28 URrao fiXIW 7kY28 IOpdQ BaYb3 1VA1I Zok18 1VA1I BaYb3 SxklZ 0moVI HAKlt Pk19A HAKlt 6sv9O Q8lcd GaZ4O H1xt8 GaZ4O Jbr8u 6sv9O iimZq 6owsT OWqP4 6owsT iimZq qz2Of 8Qx0C qz2Of 7kY28 Xqwfz jyRQW Zxvdf u60s4 cC0Rg p3gJd 15wtn ox9Gx 69WZh mdIe6 69WZh jesVt 4AhmX cu5FB 93R2m C4biR aegld C4biR 93R2m 4AhmX jesVt 69WZh zrVPv wedr3 69WZh Q5zY0 kvy7i Ia6ul eVDVP Ia6ul kvy7i Q5zY0 69WZh 15wtn p3gJd aWuHk 3NU9e CXkxa ED9em CXkxa 3NU9e aWuHk mJExt iqOI4 UqGfS kPB79 6gp0A HAZtD
97
kPB79 4Tt2a 4PXv9
wnnBN wnnBN
Cg1yP Cg1yP
J0OP0 J0OP0
z82fM z82fM
vfAR8 vfAR8
UqGfS UqGfS
NqBQW NqBQW
Ssao4 Ssao4
X2hjX X2hjX
bW6Ms bW6Ms
iKwe0 iKwe0
RN9nS RN9nS
CXkxa Lusir
aWuHk aWuHk
iqOI4 iqOI4
p3gJd p3gJd
cC0Rg cC0Rg
gpbSj gpbSj
u60s4 u60s4
Zxvdf Zxvdf
0F8yg 0F8yg
zcuSA zcuSA
pLg86 pLg86
7kY28 7kY28
IOpdQ IOpdQ
BaYb3 BaYb3
SxklZ SxklZ VESmp
0moVI 0moVI
HAKlt HAKlt
Pk19A Pk19A
Q8lcd Q8lcd
H1xt8 H1xt8
iimZq iimZq
6owsT 6owsT
OWqP4 OWqP4
8Qx0C 8Qx0C
1VA1I 1VA1I
Zok18 Zok18
URrao URrao
fiXIW fiXIW
DaieK DaieK
uPUO1 uPUO1
cpzS8 cpzS8
AwFdf AwFdf
kNG2j kNG2j
EgumV EgumV
fWz4T fWz4T
ZKvNM TzGS5
iHR3J iHR3J
R6NzB R6NzB
2GCiD 2GCiD
DmTRc DmTRc
4jcrD 4jcrD
gNinx gNinx
v9joy v9joy
iIQll iIQll
Vg6Sz Vg6Sz
p4kTx p4kTx
rmW0U 9tf0w
HOuAL HOuAL
CHx6u CHx6u
bMhFI bMhFI
xKTIz xKTIz
E6pda E6pda
e7SjH 2LhKB
DuU0x DuU0x
BIY9X BIY9X
lF8gH lF8gH
iaaYU iaaYU
UbqWX UbqWX
5EAEu 5EAEu
fExZu fExZu
WVEjT WVEjT
Agb0E Agb0E
VG4na VG4na
v7hOX v7hOX
SEkfX SEkfX
acHTt acHTt
rH3nx rH3nx
1gvq4 1gvq4
lJnz7 lJnz7
GxQg8 GxQg8
ox9Gx ox9Gx
69WZh 69WZh
Ia6ul Ia6ul
eVDVP eVDVP
mdIe6 mdIe6
jesVt jesVt
4AhmX 4AhmX
cu5FB cu5FB
aegld aegld
zrVPv zrVPv
wedr3 wedr3
O8CwF O8CwF
TlJnt TlJnt
ED9em ED9em 5h4rt
