1 199 1 190 12 147 12 130 12 116 12 110 12 108 12 103 12 57 71 62 23 176 23 127 23 99 23 84 23 46 22 174 7 186 7 163 7 162 7 93 6 51 7 36 115 20 14 175 42 157 42 129 42 95 42 31 153 31 137 31 119 31 92 31 90 56 125 142 1 136 98 18 96 185 30 89 18 26 121 17 88 26 83 26 78 91 128 117 86 194 86 49 86 13 161 156 13 152 13 138 13 58 13 53 3 182 3 159 3 140 3 64 3 60 55 15 193 15 132 32 82 1 66 101 88 52 105 131 43 1
78
199 199
190 190
12 12
147 147
130 130
116 116
110 110
108 108
103 103
57 57
71 71
23 23
176 176
127 127
99 99
84 84
46 46
174 174
7 7
186 186
163 163
162 162
93 93
51 51
36 36
115 115
14 14
175 175
42 42
157 157
129 129
95 95
31 31
153 153
137 137
119 119
92 92
90 90
56 56
142 142
136 136
98 98
18 18
96 96
185 185
89 89
26 26
121 121
88 88
83 83
78 78
91 91
128 128
86 86
194 194
49 49
13 13
161 161
156 156
152 152
138 138
58 58
53 53
3 3
182 182
159 159
140 140
64 64
60 60
15 15
193 193
132 132
82 82
66 66
101 101
52 52
105 105
43 43
