Abbey Tanya Ruth Rebecca Matilda Jordin Mira Isabella Lilia Kayley Rayna Lillie Mckinley Avni Riley Alexia Maeve Alexia Helen Alexia Dana Yoselin Dana Vivian Sophia Dana Shannon Dana Kiera Abril Beatrice Presley Beatrice Lana Jordin Ayanna Tara Marisol Harley Kimberly Nora Liberty Jamiya Carlee Brooklyn Eden Karma Eden Haven Kristina Lisa Abbey
40
Tanya Tanya
Ruth Ruth
Rebecca Rebecca
Matilda Matilda
Jordin Jordin
Mira Mira
Isabella Isabella
Lilia Lilia
Kayley Kayley
Rayna Rayna
Lillie Lillie
Mckinley Mckinley
Avni Avni
Riley Riley
Alexia Alexia
Maeve Maeve
Helen Helen
Dana Dana
Yoselin Yoselin
Vivian Vivian
Sophia Sophia
Shannon Shannon
Kiera Kiera
Beatrice Beatrice
Presley Presley
Lana Lana
Ayanna Ayanna
Tara Tara
Marisol Marisol
Harley Harley
Kimberly Kimberly
Nora Nora
Liberty Liberty
Jamiya Jamiya
Carlee Carlee
Eden Eden
Karma Karma
Haven Haven
Kristina Kristina
Lisa Lisa
