Abbey Alivia Alexus Carlie Kimberly Chasity Alexus Claire Alexus Imani Iyana Alexus Jazmyn Alena Kenzie Keyla Alexus Kira Alexus Maggie Alexus Mckayla Alexus Mckinley Alexus Melina Myah Zaria Alivia Avni Dayami Dana Tara Diana Emma Alivia Jimena Kiana Neveah Alivia Sophia Arielle Emilie Arielle Jaden Lilyana Angelica Zara Amber Aryana Aniya Ciara Mya Lacey Natalee Adyson Taniyah Amber Ashley Aubree Elianna Parker Lailah Camilla Ingrid Averie Jade Ally Leila Carly Bryanna Carly Juliette Elianna Denisse Abbey Jasmin Abbey Kiley Alexia Baylee Alia Ariel Christine Laylah Lilah Kaley Mireya Allisson Sophie Carlee Haven Kayden Kristina Alia Mira Adyson Noelle Riley Alia Shyanne Rylee Araceli Brooklyn Alexia Carleigh Alexia Gillian Jamiya Alexia Janiya Alexia Jillian Alexia Kaydence Lilia Madilynn Alexia Sharon Kristin Lainey Lindsay Abbey Lucille Abbey Matilda Nia Zion Abbey
90
Abbey Abbey
Zion Zion
Nia Nia
Matilda Matilda
Lucille Lucille
Lindsay Lindsay
Lainey Lainey
Kristin Kristin
Kiley Kiley
Alexia Alexia
Sharon Sharon
Madilynn Madilynn
Lilia Lilia
Kaydence Kaydence
Jillian Jillian
Janiya Janiya
Jamiya Jamiya
Gillian Gillian
Carleigh Carleigh
Brooklyn Brooklyn
Baylee Baylee
Rylee Rylee
Alia Alia
Shyanne Shyanne
Riley Riley
Noelle Noelle
Mira Mira
Kristina Kristina
Kayden Kayden
Carlee Carlee
Haven Haven
Ariel Ariel
Sophie Sophie
Mireya Mireya
Kaley Kaley
Christine Christine
Laylah Laylah
Jasmin Jasmin
Denisse Denisse
Carly Carly
Juliette Juliette
Bryanna Bryanna
Camilla Camilla
Leila Leila
Jade Jade
Ingrid Ingrid
Aubree Aubree
Parker Parker
Elianna Elianna
Ashley Ashley
Aryana Aryana
Taniyah Taniyah
Natalee Natalee
Aniya Aniya
Lacey Lacey
Ciara Ciara
Mya Mya
Arielle Arielle
Zara Zara
Lilyana Lilyana
Jaden Jaden
Emilie Emilie
Alivia Alivia
Sophia Sophia
Neveah Neveah
Kiana Kiana
Jimena Jimena
Emma Emma
Diana Diana
Dana Dana
Tara Tara
Avni Avni
Dayami Dayami
Alexus Alexus
Zaria Zaria
Myah Myah
Melina Melina
Mckinley Mckinley
Mckayla Mckayla
Maggie Maggie
Kira Kira
Keyla Keyla
Kenzie Kenzie
Jazmyn Jazmyn
Iyana Iyana
Imani Imani
Claire Claire
Chasity Chasity
Carlie Carlie
Kimberly Kimberly
