Taozhuang Uran Gudermes Bourbonnais Boo Esmeraldas Boo Donggongon Tupelo Rosedale Jackson Boo Hechingen Artur Somma Azrou Ramla Uran Bang Artur New Villa Rafiganj Villa Cibinong Villa Nonsan Villa Aytos Artur Alatyr Bhit Camayenne Bhit Sicklerville Artur Calauan Southsea Ulu Rutherglen Kallio Southsea Oulmes Rutherglen Gauting Southsea Freetown Southsea Durazno Vernon Strathfield Waverly Memmingen Esperanza Chharra Ilesa Chharra Wesseling Uran Longgang Norco Udumalaippettai Jhol Uran Jinotepe Vernon Caravaca Uran Fort Uran Sarandi Uran Jingzhou Vernon Middle Vernon Severodvinsk Vernon Besuki Chharra Taozhuang
49
Taozhuang Taozhuang
Uran Uran Pottstown
Gudermes Gudermes
Bourbonnais Bourbonnais
Boo Boo
Esmeraldas Esmeraldas
Donggongon Donggongon
Tupelo Tupelo
Rosedale Rosedale
Jackson Jackson
Hechingen Hechingen
Artur Artur
Somma Somma
Azrou Azrou
Ramla Ramla
Bang Bang
New New
Villa Villa
Rafiganj Rafiganj
Cibinong Cibinong
Nonsan Nonsan
Aytos Aytos
Alatyr Alatyr
Camayenne Camayenne
Sicklerville Sicklerville
Calauan Calauan
Ulu Ulu
Rutherglen Rutherglen
Kallio Kallio
Oulmes Oulmes
Gauting Gauting
Freetown Freetown
Durazno Durazno
Strathfield Strathfield
Waverly Waverly
Memmingen Memmingen
Esperanza Esperanza
Ilesa Ilesa
Wesseling Wesseling
Longgang Longgang
Udumalaippettai Udumalaippettai
Jinotepe Jinotepe
Caravaca Caravaca
Fort Fort
Sarandi Sarandi
Jingzhou Jingzhou
Middle Middle
Severodvinsk Severodvinsk
Besuki Besuki
