Ilesa Foshan American Foshan Sirsi Foshan Aklera Bensheim Kyzylorda Bensheim Brunswick Bensheim An Bensheim Ramla Bensheim Zaozhuang Bensheim Bang Bensheim Oulmes Mexborough Polohy Bavly Gariadhar Minas WaltonontheNaze Memmingen Alexandria PortVila Alexandria Milagro Memmingen Tupelo Puducherry Milledgeville Palafrugell Milledgeville Puerto Milledgeville Stupino Jagna Uran Mouscron Uran Landshut Uran Alfenas Uran Azrou Marburg Lille Marburg Meizhou Marburg Palm Liberia PointeClaire Bensheim Campobasso Bensheim Ventimiglia Yingkou Ventimiglia DehiwalaMount Ventimiglia Barracas Oschatz Viewpark Malden Ada Aistala Bon Liberia Stuttgart Liberia Jashpurnagar Magomeni Perth Clermont Perth Great Perth UlanUde Perth Chacabuco Belper New Perth Toledo Davis Jiangyan Perth Villaquilambre Perth Resplendor Perth Talipparamba Perth Brzeg Perth Sorsogon Perth Shaowu Perth Tak Perth Niort Minas Rhosllanerchrugog Calauan Tharu Calauan Shagamu Calauan Paredes Belper Skalica Belper LonsleSaunier Calauan Onex Hermsdorf GernikaLumo Aistala Rutland Hermsdorf Sceaux Hermsdorf Oberhausen Hermsdorf Bobigny Hermsdorf Aleshtar Bensheim Valletta Itacoatiara Valletta Minas Tupiza Valday Bogovinje MitryMory Dahlem Minas Tiruppuvanam MitryMory Copperas MitryMory Aurora MitryMory Claremont MitryMory Ponta MitryMory Guli MitryMory Lodwar Ventimiglia Sishui Sillanwali Foshan Ilesa
99
Ilesa Ilesa
Foshan Foshan
American American
Sirsi Sirsi
Aklera Aklera
Bensheim Bensheim
Kyzylorda Kyzylorda
Brunswick Brunswick
An An
Ramla Ramla
Zaozhuang Zaozhuang
Bang Bang
Oulmes Oulmes
Mexborough Mexborough
Polohy Polohy
Bavly Bavly
Gariadhar Gariadhar
WaltonontheNaze WaltonontheNaze
Memmingen Memmingen
Alexandria Alexandria
PortVila PortVila
Milagro Milagro
Tupelo Tupelo
Puducherry Puducherry
Milledgeville Milledgeville
Palafrugell Palafrugell
Puerto Puerto
Stupino Stupino
Jagna Jagna
Uran Uran
Mouscron Mouscron
Landshut Landshut
Alfenas Alfenas
Azrou Azrou
Marburg Marburg
Lille Lille
Meizhou Meizhou
Palm Palm
PointeClaire PointeClaire
Campobasso Campobasso
Ventimiglia Ventimiglia
Yingkou Yingkou
DehiwalaMount DehiwalaMount
Barracas Barracas
Viewpark Viewpark
Malden Malden
Ada Ada
Bon Bon
Stuttgart Stuttgart
Jashpurnagar Jashpurnagar
Magomeni Magomeni
Perth Perth
Clermont Clermont
Great Great Tyoply
UlanUde UlanUde
Chacabuco Chacabuco
New New
Toledo Toledo
Davis Davis
Jiangyan Jiangyan
Villaquilambre Villaquilambre
Resplendor Resplendor
Talipparamba Talipparamba
Brzeg Brzeg
Sorsogon Sorsogon
Shaowu Shaowu
Tak Tak
Niort Niort
Rhosllanerchrugog Rhosllanerchrugog
Calauan Calauan
Tharu Tharu
Shagamu Shagamu
Paredes Paredes
Skalica Skalica
LonsleSaunier LonsleSaunier
Onex Onex
Hermsdorf Hermsdorf
GernikaLumo GernikaLumo
Rutland Rutland
Sceaux Sceaux
Oberhausen Oberhausen
Bobigny Bobigny
Aleshtar Aleshtar
Valletta Valletta
Itacoatiara Itacoatiara
Tupiza Tupiza
Valday Valday
Bogovinje Bogovinje
MitryMory MitryMory
Dahlem Dahlem
Tiruppuvanam Tiruppuvanam
Copperas Copperas
Aurora Aurora
Claremont Claremont
Ponta Ponta
Guli Guli
Lodwar Lodwar
Sishui Sishui
Sillanwali Sillanwali
