Lesnoy Visitacion Malaut Pingyi Hueytown Hudiksvall Portogruaro Hudiksvall Blackpool Gisborne Franceville Gisborne Meerut Gisborne Dharmapuri Gisborne Artur Beveren Kundla Beveren Sun Hueytown Brentwood Zgorzelec Yangambi Adra Rutherglen Sungurlu Winsford Beveren GatesNorth Visitacion Ishim Stade Andijon Glogovac Visitacion Lesnoy
25
Lesnoy Lesnoy
Visitacion Visitacion
Glogovac Glogovac
Ishim Ishim
Stade Stade
GatesNorth GatesNorth
Rutherglen Rutherglen
Sungurlu Sungurlu
Winsford Winsford
Malaut Malaut
Pingyi Pingyi
Hueytown Hueytown
Brentwood Brentwood
Zgorzelec Zgorzelec
Yangambi Yangambi
Sun Sun
Franceville Franceville
Gisborne Gisborne
Kundla Kundla
Artur Artur
Dharmapuri Dharmapuri
Meerut Meerut
Hudiksvall Hudiksvall
Blackpool Blackpool
Portogruaro Portogruaro
