108 69 7 51 101 49 170 54 170 49 190 38 31 133 63 38 107 157 15 157 179 150 75 110 77 175 109 101 66 44 13 79 36 8 61 17 67 120 138 171 112 126 46 32 46 30 121 143 37 53 90 96 57 71 82 71 73 193 11 193 39 197 137 118 182 148 176 159 117 24 114 142 159 100 191 181 167 156 187 28 99 182 184 197 92 196 84 83 140 43 130 178 34 48 6 23 129 23 85 68 95 4 78 146 183 1 80 139 65 134 136 56 151 56 189 177 186 90 5 26 127 45 81 174 188 153 35 14 144 19 81 64 55 128 97 108
97
121 121
143 143
128 128
37 37
64 64
53 53
82 82
71 71
73 73
134 134
136 136
11 11
197 197
137 137
118 118
184 184
182 182
148 148
176 176
117 117
100 100
181 181
167 167
187 187
28 28
24 24
114 114
142 142
99 99
92 92
84 84
83 83
140 140
130 130
43 43
34 34
78 78
146 146
48 48
23 23
85 85
68 68
95 95
129 129
1 1
65 65
39 39
56 56
177 177
186 186
151 151
96 96
57 57
5 5
81 81
174 174
188 188
153 153
144 144
35 35
14 14
19 19
26 26
45 45
69 69
7 7
101 101
66 66
44 44
13 13
32 32
46 46
61 61
120 120
126 126
138 138
17 17
67 67
79 79
36 36
49 49
109 109
190 190
38 38
107 107
157 157
179 179
150 150
75 75
110 110
77 77
15 15
31 31
133 133
63 63
170 170
54 54
