1 2 12 2 25 2 36 2 48 2 49 2 84 11 1 47 1 50 1 59 1 74 1 83 1 86 1 95 1 16 10 21 3 28 3 33 3 57 3 93 3 5 6 5 7 5 18 5 19 5 30 5 42 5 54 5 67 5 78 5 79 5 90 5 91 8 3 29 3 32 3 56 3 65 3 77 3 89 3 92 22 4 34 4 39 4 46 4 87 4 94 1
49
16 16
94 94
87 87
46 46
39 39
34 34
22 22
10 10
92 92
89 89
77 77
65 65
56 56
32 32
29 29
93 93
57 57
33 33
28 28
21 21
8 8
5 5
91 91
90 90
79 79
78 78
67 67
54 54
42 42
30 30
19 19
18 18
7 7
6 6
95 95
86 86
83 83
74 74
59 59
50 50
47 47
11 11
2 2
84 84
49 49
48 48
36 36
25 25
12 12
