1 2 12 2 24 2 36 2 48 2 60 2 72 2 84 2 96 2 108 2 120 2 132 2 144 11 1 14 1 23 1 26 1 35 1 38 1 47 1 50 1 59 1 62 1 71 1 74 1 83 1 86 1 95 1 98 1 107 1 110 1 119 1 122 1 131 1 134 1 143 1 4 10 16 3 28 3 40 3 52 3 64 3 76 3 88 3 100 3 112 3 124 3 136 3 5 6 5 18 5 30 5 42 5 54 5 66 5 78 5 90 5 102 5 114 5 126 5 138 8 3 17 3 20 3 29 3 32 3 41 3 44 3 53 3 56 3 65 3 68 3 77 3 80 3 89 3 92 3 101 3 104 3 113 3 116 3 125 3 128 3 137 3 140 22 4 34 4 46 4 58 4 70 4 82 4 94 4 106 4 118 4 130 4 142 1
96
4 4
142 142
130 130
118 118
106 106
94 94
82 82
70 70
58 58
46 46
34 34
22 22
10 10
140 140
137 137
128 128
125 125
116 116
113 113
104 104
101 101
92 92
89 89
80 80
77 77
68 68
65 65
56 56
53 53
44 44
41 41
32 32
29 29
20 20
17 17
136 136
124 124
112 112
100 100
88 88
76 76
64 64
52 52
40 40
28 28
16 16
8 8
5 5
138 138
126 126
114 114
102 102
90 90
78 78
66 66
54 54
42 42
30 30
18 18
6 6
143 143
134 134
131 131
122 122
119 119
110 110
107 107
98 98
95 95
86 86
83 83
74 74
71 71
62 62
59 59
50 50
47 47
38 38
35 35
26 26
23 23
14 14
11 11
2 2
144 144
132 132
120 120
108 108
96 96
84 84
72 72
60 60
48 48
36 36
24 24
12 12
