create steward predict suffer tribe think minimize exotic direct adult knit belief dose childish contract battery concern company appear maze linear feign deck feign creation top skip top perception magnitude fuss nationalism community perception basketball celebration prove scrap accessible ballot bracket pride breakin bracket pastel crew farewell pupil cancel colon line mechanism hide absorption tin transmission mosaic merit create
50
steward steward
predict predict
suffer suffer
think think
minimize minimize
exotic exotic
direct direct
adult adult
belief belief
dose dose
childish childish
contract contract
battery battery
concern concern
company company
appear appear
maze maze
linear linear
feign feign
deck deck
creation creation
top top
skip skip
perception perception
magnitude magnitude
fuss fuss
nationalism nationalism
community community
basketball basketball
celebration celebration
prove prove
scrap scrap
accessible accessible
ballot ballot
bracket bracket
pride pride
breakin breakin
pastel pastel
crew crew
farewell farewell
pupil pupil
cancel cancel
colon colon
line line
mechanism mechanism
hide hide
absorption absorption
tin tin
transmission transmission
merit merit
