pride thank transaction vote company fuss thread ballot bracket glide breakin plug minimize fuss basketball prove appear bring mosaic integrated celebration denial celebration seller steward desk dialect valid skip mechanism accessible domestic top create direct feign direct merit dose concern perception cancel knit crew car traction colon salmon inhibition present formation salmon linear work craftsman contract snap trance dedicate deter contract exotic belief rabbit mind gift line suffer think dilemma discrimination tin mind scrap predict scrap berry creation trick makeup work valid deck unique pastel childish huge wrong homosexual shelter inappropriate lobby dramatic leash community east frozen whole top tribe plug battery partnership pupil partnership nationalism magnetic transmission federation adult federation loud maze hide magnitude fortune offensive fortune absorption farewell huge equinox pride
100
pride pride
thank thank
transaction transaction
vote vote
company company
fuss fuss
thread thread
ballot ballot
bracket bracket
glide glide
breakin breakin
minimize minimize
basketball basketball
prove prove
appear appear
bring bring
mosaic mosaic
integrated integrated
celebration celebration
denial denial
seller seller
steward steward
desk desk
dialect dialect
skip skip
mechanism mechanism
accessible accessible
domestic domestic
top top
create create
direct direct
feign feign
merit merit
dose dose
concern concern
perception perception
cancel cancel
knit knit
crew crew
car car
traction traction
colon colon
salmon salmon
inhibition inhibition
present present
formation formation
linear linear
work work
craftsman craftsman
contract contract
snap snap
trance trance
dedicate dedicate
deter deter
exotic exotic
belief belief
rabbit rabbit
mind mind
gift gift
line line
suffer suffer
think think
dilemma dilemma
tin tin
scrap scrap
predict predict
berry berry
creation creation
makeup makeup
valid valid
deck deck
pastel pastel
childish childish
huge huge
wrong wrong
homosexual homosexual
shelter shelter
lobby lobby
dramatic dramatic
leash leash
community community
east east
whole whole
tribe tribe
battery battery
partnership partnership
pupil pupil
nationalism nationalism
magnetic magnetic
transmission transmission
adult adult
loud loud
maze maze
hide hide
magnitude magnitude
fortune fortune
offensive offensive
absorption absorption
farewell farewell
equinox equinox
