steward childish ballot crew prove belief skip adult farewell belief deck company hide concern pastel community linear scrap nationalism perception creation battery creation appear line think tin minimize basketball exotic basketball top childish steward
25
childish childish
ballot ballot
crew crew
belief belief
deck deck
exotic exotic
basketball basketball
think think
tin tin
minimize minimize
company company
perception perception
creation creation
appear appear
battery battery
community community
linear linear
scrap scrap
hide hide
concern concern
pastel pastel
skip skip
adult adult
farewell farewell
top top
