1 150 151 152 155 153 154 152 151 150 1 100 101 102 105 103 104 102 101 100 1 50 51 52 55 53 54 52 51 50 1 172 173 174 175 172 1 122 123 124 125 122 1 72 73 74 75 72 1 22 23 24 25 22 1 176 177 178 179 178 177 176 1 126 127 128 129 128 127 126 1 76 77 78 79 78 77 76 1 26 27 28 29 28 27 26 1 164 167 166 165 164 1 114 117 116 115 114 1 64 67 66 65 64 1 14 17 16 15 14 1 2 5 3 4 2 1 168 169 171 170 168 1 160 161 163 162 160 1 156 158 159 157 156 1 118 119 121 120 118 1 110 111 113 112 110 1 106 108 109 107 106 1 68 69 71 70 68 1 60 61 63 62 60 1 56 58 59 57 56 1 18 19 21 20 18 1 10 11 13 12 10 1 6 8 9 7 6 1
80
155 155
153 153
154 154
105 105
103 103
104 104
55 55
53 53
54 54
173 173
174 174
175 175
123 123
124 124
125 125
73 73
74 74
75 75
23 23
24 24
25 25
178 178
179 180
128 128
129 130
78 78
79 80
28 28
29 30
167 167
166 166
165 165
117 117
116 116
115 115
67 67
66 66
65 65
17 17
16 16
15 15
5 5
3 3
4 4
169 169
171 171
170 170
161 161
163 163
162 162
158 158
159 159
157 157
119 119
121 121
120 120
111 111
113 113
112 112
108 108
109 109
107 107
69 69
71 71
70 70
61 61
63 63
62 62
58 58
59 59
57 57
19 19
21 21
20 20
11 11
13 13
12 12
8 8
9 9
7 7
