0 5 6 2 3 8 7 13 17 18 24 29 34 38 37 43 47 46 41 35 30 35 40 45 50 55 61 65 70 65 66 72 77 83 84 89 94 99 94 93 92 91 85 90 91 96 91 85 80 75 70 65 61 56 52 57 63 64 69 64 58 53 48 44 49 44 39 34 28 23 17 12 11 10 11 16 21 20 15 10 5 0
50
0 0
5 5
11 11
16 16
21 21
20 20
10 10
6 6
2 2
7 7
13 13
18 18
24 24
29 29
34 34
39 39
38 38
44 44
49 49
37 37
43 43
48 48
47 47
46 46
52 52
57 57
63 63
64 64
69 69
41 41
45 45
55 55
61 61
66 66
83 83
92 92
91 91
96 96
85 85
90 90
89 89
94 94
99 99
65 65
70 70
35 35
30 30
17 17
3 3
8 8
