0 1 2 12 22 21 20 21 31 42 43 33 24 34 45 44 53 64 73 63 52 51 61 70 80 81 71 72 83 82 71 61 51 42 32 23 13 4 5 15 16 17 8 9 18 29 39 38 37 48 57 67 68 67 76 86 95 94 104 103 102 101 111 122 123 133 132 122 121 120 130 140 150 151 152 153 154 155 146 147 156 166 167 176 187 188 178 189 199 198 188 177 167 166 165 175 186 196 186 175 165 164 163 162 161 160 170 181 182 183 184 173 163 162 161 151 142 132 123 113 114 125 114 105 95 96 107 108 98 89 99 109 118 129 139 149 158 148 137 127 116 127 116 106 96 87 77 67 56 46 35 26 15 5 4 3 2 1 0
100
2 2
4 4
5 5
15 15
26 26
16 16
37 37
48 48
67 67
77 77
76 76
87 87
86 86
96 96
107 107
116 116
127 127
108 108
118 118
129 129
139 139
149 149
158 158
98 98
89 89
99 99
95 95
94 94
105 105
104 104
114 114
125 125
103 103
102 102
101 101
120 120
130 130
140 140
150 150
161 161
160 160
181 181
182 182
183 183
184 184
151 151
152 152
153 153
164 164
154 154
165 165
175 175
186 186
196 196
155 155
166 166
176 176
187 187
188 188
198 198
178 178
189 189
199 199
167 167
146 146
147 147
111 111
122 122
132 132
123 123
133 133
68 68
17 17
8 8
18 18
29 29
39 39
9 9
12 12
22 22
21 21
31 31
42 42
51 51
61 61
71 71
82 82
72 72
83 83
70 70
81 81
80 80
43 43
53 53
64 64
73 73
33 33
24 24
45 45
20 20
