0 79 95 20 8 77 85 66 40 46 42 18 47 35 76 80 93 83 82 4 81 71 97 21 53 13 70 92 74 38 94 96 91 55 62 63 69 12 59 73 5 90 98 29 75 54 61 41 37 34 58 22 60 68 50 44 86 11 48 88 9 87 6 67 56 64 45 14 33 65 31 57 10 30 23 28 43 17 39 15 24 19 25 89 16 26 78 3 49 2 27 36 51 72 84 99 1 32 7 52 0
100
0 0
95 95
20 20
8 8
52 52
85 85
66 66
40 40
99 99
1 1
32 32
7 7
46 46
42 42
97 97
82 82
81 81
71 71
4 4
18 18
47 47
83 83
35 35
76 76
93 93
80 80
21 21
53 53
89 89
13 13
92 92
74 74
38 38
94 94
96 96
91 91
55 55
63 63
62 62
69 69
12 12
59 59
98 98
29 29
75 75
54 54
65 65
61 61
64 64
45 45
41 41
37 37
67 67
56 56
34 34
58 58
22 22
60 60
68 68
50 50
44 44
86 86
87 87
11 11
48 48
88 88
9 9
6 6
14 14
33 33
31 31
57 57
10 10
30 30
23 23
43 43
28 28
24 24
19 19
17 17
39 39
15 15
73 73
5 5
90 90
25 25
70 70
16 16
26 26
78 78
3 3
49 49
2 2
27 27
36 36
84 84
51 51
72 72
77 77
79 79
