start d1 d2 d4 d5 d6 d3 start c6 c7 c24 c23 c30 c29 c27 c31 c27 c26 c28 c29 c30 c23 c21 c20 c17 c18 c24 c7 c6 start h1 h8 h9 h8 h2 h26 h2 start h4 h22 h21 h19 h18 h6 h17 h25 h24 h25 h17 h16 h12 h11 h1 start e14 e24 e15 e25 e15 e24 e12 e23 e10 e22 e8 e6 e4 e3 e20 e2 e19 e1 e3 e4 e3 start a5 a4 a3 a2 a1 start c3 c8 c9 c10 c13 c15 c14 c10 c9 c8 c3 c5 c3 start
33
d1 d1
d4 d4
d5 d5
c23 c23
c27 c27
c31 c31 c33
c26 c26
c21 c21
c17 c17
h9 h9
h26 h26
h22 h22
h18 h18
h17 h17
h24 h24
h12 h13
e24 e24
e25 e25
e23 e23
e22 e22
e20 e20
e19 e19
e4 e21
a5 a5
a4 a4
a3 a3
a2 a2
a1 a1
c3 c1
c10 c10
c13 c13
c15 c15
c5 c5
