CH CV BW DI BW CV CJ BP DF BA DL AT AD BV CP BV DP BI DL BA DC DS BU CA DS DG DS BA AP CV CH BD DV AV AU AW CF CW CF CZ DD BY DD CZ CD DU DO DU CQ DU CN AJ AF AT CO BG CF BF CU DM CL DM CB DB CB BS AX CU BC CS BN DQ BN AL AN BZ AM AZ BL AY AZ CH
50
CV CV
DI DI
BP BP
DF DF
AT AT
BV BV
CP CP
DP DP
BI BI
DL DL
DC DC
BU BU
CA CA
DG DG
AP AP
BD BD
DV DV
AV AV
AU AU
CF CF
CW CW
CZ CZ
DD DD
BY BY
CD CD
DU DU
DO DO
CQ CQ
CN CN
AJ AJ
AF AF
BG BG
BF BF
CU CU
DM DM
CL CL
CB CB
DB DB
BS BS
BC BC
CS CS
BN BN
DQ DQ
AL AL
AN AN
BZ BZ
AM AM
BL BL
AY AY
AZ AZ
