Qatar Australia Mongolia Armenia Kyrgyzstan UnitedKingdom Kyrgyzstan Tuvalu VaticanCity CzechRepublic Uzbekistan Guyana Serbia Lebanon Serbia Tunisia Mali Kyrgyzstan Kosovo CostaRica Grenada RussianFederation Danzig Liberia Malta Uruguay Mozambique Peru Mongolia Tanzania Angola Fiji UAE Gabon GuineaBissau Mongolia Morocco Estonia Sweden Tajikistan Burundi Qatar Senegal Montenegro Qatar Georgia Belarus Qatar SanMarino Qatar Macedonia Qatar Belgium SaintLucia Singapore Qatar Albania France Andorra Nicaragua India America Netherlands SierraLeone Haiti Egypt DemofChina Qatar
50
DemofChina DemofChina
Egypt Egypt
Haiti Haiti
SierraLeone SierraLeone
Netherlands Netherlands
America America
Albania Albania
Nicaragua Nicaragua
France France
Andorra Andorra
Singapore Singapore
SaintLucia SaintLucia
Belgium Belgium
Macedonia Macedonia
SanMarino SanMarino
Belarus Belarus
Georgia Georgia
Montenegro Montenegro
Senegal Senegal
Burundi Burundi
Tajikistan Tajikistan
Australia Australia
Mongolia Mongolia
Sweden Sweden
Estonia Estonia
Morocco Morocco
GuineaBissau GuineaBissau
UAE UAE
Gabon Gabon
Tanzania Tanzania
Angola Angola
Peru Peru
Armenia Armenia
Mozambique Mozambique
Kyrgyzstan Kyrgyzstan
Malta Malta
Liberia Liberia
Danzig Danzig
RussianFederation RussianFederation
Kosovo Kosovo
CostaRica CostaRica
Mali Mali
Tuvalu Tuvalu
VaticanCity VaticanCity
Tunisia Tunisia
Lebanon Lebanon
Guyana Guyana
CzechRepublic CzechRepublic
Uzbekistan Uzbekistan
UnitedKingdom UnitedKingdom
