Albania Gabon Venezuela France Panama SriLanka Netherlands Yemen Serbia Venezuela Belarus Switzerland Pakistan Algeria Mauritius Comoros Ethiopia SaintLucia Burma Israel Ethiopia EquatorGuinea Tunisia Guatemala SolomonIslands Ethiopia Bhutan Ethiopia Cambodia Mauritius Hungary Liechtenstein Namibia Australia MountAthos Estonia VaticanCity Qatar Mauritania Germany Albania SaoTomPrincipe UAE NorthKorea Cyprus Albania America Paraguay Vanuatu Fiji Vanuatu Luxembourg Latvia Bahamas Kiribati Dominica Latvia Togo Netherlands Mongolia Japan Rwanda Djibouti IvoryCoast Vanuatu Eritrea Vanuatu Newfoundland Kosovo Vietnam BosHerzegovina Vanuatu CentralAfricanRep Netherlands Danzig Vanuatu Cuba NewZealand Netherlands Nepal Burkina Ukraine Kyrgyzstan Finland Romania Paraguay CapeVerde Norway RussianFederation Bulgaria Niger Paraguay Thailand Paraguay Peru Maldives Paraguay Portugal Paraguay Rome Paraguay Grenada Paraguay Italy Kazakhstan Vietnam TheGambia Jamaica Lesotho Paraguay Philippines UnitedKingdom Laos Ethiopia SierraLeone Chile Albania Suriname Albania Seychelles PapuaNewGuinea Greece Albania Lithuania Poland Tanzania Argentina Andorra Albania SaudiArabia Albania Brazil Albania Mali Malaysia Albania Slovenia SaintKitts Albania
100
SaintKitts SaintKitts
Slovenia Slovenia
Malaysia Malaysia
Mali Mali
Brazil Brazil
SaudiArabia SaudiArabia
Andorra Andorra
Argentina Argentina
Tanzania Tanzania
Poland Poland
Lithuania Lithuania
Greece Greece
PapuaNewGuinea PapuaNewGuinea
Seychelles Seychelles
Suriname Suriname
Chile Chile
SierraLeone SierraLeone
America America
Paraguay Paraguay
Laos Laos
UnitedKingdom UnitedKingdom
Philippines Philippines
Lesotho Lesotho
Jamaica Jamaica
TheGambia TheGambia
Kazakhstan Kazakhstan
Italy Italy
Grenada Grenada
Rome Rome
Portugal Portugal
Maldives Maldives
Peru Peru
Thailand Thailand
Niger Niger
Bulgaria Bulgaria
RussianFederation RussianFederation
Norway Norway
CapeVerde CapeVerde
Romania Romania
Finland Finland
Burkina Burkina
Ukraine Ukraine
Vanuatu Vanuatu
Nepal Nepal
NewZealand NewZealand
Cuba Cuba
Danzig Danzig
CentralAfricanRep CentralAfricanRep
BosHerzegovina BosHerzegovina
Kosovo Kosovo
Newfoundland Newfoundland
Eritrea Eritrea
IvoryCoast IvoryCoast
Djibouti Djibouti
Rwanda Rwanda
Luxembourg Luxembourg
Latvia Latvia
Japan Japan
Mongolia Mongolia
Togo Togo
Dominica Dominica
Kiribati Kiribati
Bahamas Bahamas
Fiji Fiji
Cyprus Cyprus
NorthKorea NorthKorea
UAE UAE
SaoTomPrincipe SaoTomPrincipe
Germany Germany
Mauritania Mauritania
Qatar Qatar
VaticanCity VaticanCity
Estonia Estonia
MountAthos MountAthos
Comoros Comoros
Australia Australia
Liechtenstein Liechtenstein
Mauritius Mauritius
Hungary Hungary
Ethiopia Ethiopia
Cambodia Cambodia
Bhutan Bhutan
SolomonIslands SolomonIslands
Guatemala Guatemala
Tunisia Tunisia
EquatorGuinea EquatorGuinea
Israel Israel
Burma Burma
SaintLucia SaintLucia
Gabon Gabon
Pakistan Pakistan
Algeria Algeria
Venezuela Venezuela
Switzerland Switzerland
Belarus Belarus
Serbia Serbia
Yemen Yemen
SriLanka SriLanka
Panama Panama
France France
