Nepal Georgia Argentina Liechtenstein Belarus Ecuador Estonia NewZealand Slovakia Tajikistan Suriname Vietnam Afghanistan Panama Fiji Botswana SouthAfrica Serbia Niger Mauritius Palau Fiji Kuwait SaintLucia VaticanCity UAE MarshallIslands Azerbaijan Belarus Tanzania Nepal
25
Tanzania Tanzania
Argentina Argentina
Belarus Belarus
Azerbaijan Azerbaijan
Estonia Estonia
Suriname Suriname
MarshallIslands MarshallIslands
Vietnam Vietnam
UAE UAE
SaintLucia SaintLucia
VaticanCity VaticanCity
Kuwait Kuwait
Niger Niger
Mauritius Mauritius
Serbia Serbia
Fiji Fiji
Botswana Botswana
Afghanistan Afghanistan
Panama Panama
Palau Palau
NewZealand NewZealand
Tajikistan Tajikistan
Slovakia Slovakia
Liechtenstein Liechtenstein
Georgia Georgia
