0EzLvznzqSsDTCbR5WWQ TWpWLT2JICvczaB6q8Bo hk9ECfFhibg7bmIlco5h j7jI3vJM5SWQs3N9YWK4 75EgdJC8MacBE2zKZlon IVZaGmLbfT5MQpxXO2DP 3iRTkaf7suaV2i91D7AI oFJmSdI9Mubs3awqWY5w I7VRK3VugXxRlgxCe54Q m5Au4RgVgXhOUKbKSdGW cZGUbNgsLGnuZE3Ot20K N0EmviMgt156P2Bd7oet HET4yE4ksHFmFRytJhfu pWBi6tyyRZpOm0dbsZfH LTgssryHh3BZe1w1IMJd lEZ0YMvUzTvQYxlTiMir tnUjNl6cWuoaXQEfxH4p LtVuPtXkki7L0rCf1ysG K5LnOJV1Zh18kgMnZsVe idUlMWK1ZaKWh4awCdHY vgcAaadTbDs3lU9Z1t49 wrf0xNKoLGLKfuhe6hpI b69ITlIgTtPRUIpmSw5o YRtAAkfi0YIaAv0XqGni 4ZMxz7AKccmgx6JK5gZn LS3fS52ozGva9KBtcfZZ 0EzLvznzqSsDTCbR5WWQ
25
TWpWLT2JICvczaB6q8Bo TWpWLT2JICvczaB6q8Bo
hk9ECfFhibg7bmIlco5h hk9ECfFhibg7bmIlco5h
j7jI3vJM5SWQs3N9YWK4 j7jI3vJM5SWQs3N9YWK4
75EgdJC8MacBE2zKZlon 75EgdJC8MacBE2zKZlon
IVZaGmLbfT5MQpxXO2DP IVZaGmLbfT5MQpxXO2DP
3iRTkaf7suaV2i91D7AI 3iRTkaf7suaV2i91D7AI
oFJmSdI9Mubs3awqWY5w oFJmSdI9Mubs3awqWY5w
I7VRK3VugXxRlgxCe54Q I7VRK3VugXxRlgxCe54Q
m5Au4RgVgXhOUKbKSdGW m5Au4RgVgXhOUKbKSdGW
cZGUbNgsLGnuZE3Ot20K cZGUbNgsLGnuZE3Ot20K
N0EmviMgt156P2Bd7oet N0EmviMgt156P2Bd7oet
HET4yE4ksHFmFRytJhfu HET4yE4ksHFmFRytJhfu
pWBi6tyyRZpOm0dbsZfH pWBi6tyyRZpOm0dbsZfH
LTgssryHh3BZe1w1IMJd LTgssryHh3BZe1w1IMJd
lEZ0YMvUzTvQYxlTiMir lEZ0YMvUzTvQYxlTiMir
tnUjNl6cWuoaXQEfxH4p tnUjNl6cWuoaXQEfxH4p
LtVuPtXkki7L0rCf1ysG LtVuPtXkki7L0rCf1ysG
K5LnOJV1Zh18kgMnZsVe K5LnOJV1Zh18kgMnZsVe
idUlMWK1ZaKWh4awCdHY idUlMWK1ZaKWh4awCdHY
vgcAaadTbDs3lU9Z1t49 vgcAaadTbDs3lU9Z1t49
wrf0xNKoLGLKfuhe6hpI wrf0xNKoLGLKfuhe6hpI
b69ITlIgTtPRUIpmSw5o b69ITlIgTtPRUIpmSw5o
YRtAAkfi0YIaAv0XqGni YRtAAkfi0YIaAv0XqGni
4ZMxz7AKccmgx6JK5gZn 4ZMxz7AKccmgx6JK5gZn
LS3fS52ozGva9KBtcfZZ LS3fS52ozGva9KBtcfZZ
