55 57 182 101 173 177 162 177 45 151 20 149 171 188 86 80 88 66 43 140 58 166 133 10 163 184 153 78 77 22 26 11 89 131 17 14 36 14 118 81 168 185 130 12 84 16 91 48 63 106 158 29 113 15 135 15 13 15 122 179 62 42 40 97 109 175 74 107 148 41 54 9 44 8 53 172 98 67 76 116 134 32 150 49 27 170 160 136 124 105 126 30 114 146 90 56 85 181 115 61 33 186 59 159 59 119 152 83 137 111 189 71 35 55
96
91 91
48 48
115 115
61 61
63 63
106 106
158 158
29 29
113 113
15 15
122 122
179 179
62 62
181 181
146 146
90 90
56 56
85 85
42 42
40 40
54 54
9 9
67 67
114 114
76 76
116 116
134 134
32 32
150 150
49 49
27 27
126 126
30 30
170 170
160 160
105 105
8 8
172 172
53 53
97 97
109 109
148 148
41 41
175 175
74 74
107 107
135 135
13 13
33 33
83 83
137 137
111 111
189 189
71 71
186 186
59 59
119 119
152 152
159 159
57 57
173 173
177 177
162 162
45 45
151 151
20 20
131 131
185 185
17 17
168 168
36 36
118 118
81 81
149 149
171 171
188 188
86 86
88 88
66 66
43 43
140 140
58 58
163 163
184 184
153 153
78 78
77 77
133 133
166 166
26 26
80 80
11 11
12 12
16 16
182 182
101 101
