azv oqv rti azv xie hyb dqy ijd ovx dqy jwx yvc wpu yiy hip brw cwq gcw mtd eqa mis eqx ipq yfq ncc vfq cim gei ctf hsi pzr hob wcd hwc scm aur ubo hlc qzx uua rcw cvb vxn rfl uyd gfr uyd rov zuz ivp hcc ryg jvc lmh sau txp ufa cib mpw boc gei ctf azv
50
azv azv
xie xie
dqy dqy
jwx jwx
yvc yvc
yiy yiy
hip hip
brw brw
cwq cwq
gcw gcw
mtd mtd
eqa eqa
mis mis
ipq ipq
yfq yfq
ncc ncc
vfq vfq
cim cim
gei gei
ctf ctf
hsi hsi
pzr pzr
hwc hwc
scm scm
aur aur
hlc hlc
qzx qzx
sau sau
ufa ufa
cib cib
mpw mpw
boc boc
uua uua
rcw rcw
vxn vxn
rfl rfl
uyd uyd
rov rov
zuz zuz
lmh lmh
ivp ivp
hcc hcc
jvc jvc
gfr gfr
wcd wcd
ijd ijd
ovx ovx
hyb hyb
oqv oqv
rti rti
