xse rsg ckx loj hbd zud ask zdb kfu aeu cen ego uok ybr jam phg nsw ils jfh qjf tko uwo bod ogh bod yug qkp qdw zkt ljd tso cma ljd gex pjf wyg ljd tdu nii ukv qxs byu ruo hmi vtd aeg xeh zks rjv idv zks ttw ptu uau svk mti vvn nry cun nhi vzr jgt fyc qbf wiy emz vmt uuw kxn adx vlb mok vlb fgp dgl fin uby ksg tlh ceo xjt ceo nko fbk vmv fjy kpp bsc bnl agh bda ttw nvz lvm fia nmf ocp pvs fzi lwk nfr lrj bdh rtc txq igs aii igs qwk hpx wbg xme vwg khu fhv qiq nwc xnr ikb clj krr kgl miy hcr xse
99
rsg rsg
ckx ckx
zdb zdb
kfu kfu
cen cen
uok uok
ybr ybr
jam jam
phg phg
ego ego
zud zud
loj loj
nsw nsw
ils ils
hcr hcr
miy miy
jfh jfh
qjf qjf
uwo uwo
bod bod
krr krr
yug yug
nvz nvz
lvm lvm
fia fia
nmf nmf
pvs pvs
ikb ikb
fzi fzi
lwk lwk
nfr nfr
rtc rtc
hpx hpx
wbg wbg
txq txq
aii aii
lrj lrj
bdh bdh
xme xme
khu khu
nwc nwc
fhv fhv
vwg vwg
ocp ocp
qdw qdw
zkt zkt
qxs qxs
byu byu
ttw ttw
bda bda
ptu ptu
uau uau
svk svk
nry nry
cun cun
nhi nhi
nko nko
bnl bnl
fbk fbk
vmv vmv
fjy fjy
kpp kpp
vzr vzr
fyc fyc
qbf qbf
ksg ksg
tlh tlh
xjt xjt
wiy wiy
emz emz
vmt vmt
uuw uuw
kxn kxn
adx adx
dgl dgl
fin fin
mok mok
fgp fgp
jgt jgt
mti mti
vvn vvn
ruo ruo
hmi hmi
rjv rjv
idv idv
vtd vtd
aeg aeg
xeh xeh
ljd ljd
tdu tdu
gex gex
pjf pjf
wyg wyg
cma cma
tso tso
nii nii
ukv ukv
ogh ogh
tko tko
