Encanto All Moccasin City Chinese Bonita Cherokee Kentfield Pumpkin Cherokee Clayton Riverside Homestead Riverside Foothills Two Clayton Presidio Glencoe McAuley Hume Richvale All Welden Yurok Granite Greenwood Beach Sherman Beach Kern Ramona Woodbridge Vernon Green Shafter Mount Jane Los Woffard Laguna New Smoke Costa Warner Cabbage Vista Ames Alpaugh Elmira Cypress Forest Elmira Cypress Santa Quail Delta Garden Willow Kern Banning Encanto
50
Encanto Encanto
All All
Moccasin Moccasin
City City
Chinese Chinese
Bonita Bonita
Cherokee Cherokee
Kentfield Kentfield
Pumpkin Pumpkin
Clayton Clayton
Riverside Riverside
Homestead Homestead
Foothills Foothills
Two Two
Presidio Presidio
Glencoe Glencoe
McAuley McAuley
Richvale Richvale
Welden Welden
Yurok Yurok
Granite Granite
Beach Beach
Sherman Sherman
Kern Kern
Ramona Ramona
Woodbridge Woodbridge
Vernon Vernon
Green Green
Shafter Shafter
Mount Mount
Jane Jane
Los Los
Woffard Woffard
Laguna Laguna
Smoke Smoke
Costa Costa
Warner Warner
Cabbage Cabbage
Vista Vista
Ames Ames
Alpaugh Alpaugh
Cypress Cypress
Forest Forest
Elmira Elmira
Santa Santa
Quail Quail
Delta Delta
Garden Garden
Willow Willow
Banning Banning
