Vernon Anaheim Industrial Helm Del Blue Three Fullerton Balboa South Escondido Ritter Three Sunny Strawberry Sunny Chittenden Armstrong Fox Chittenden Costa Pumpkin Bonny Clayton Hoffman Kaiser Rowland Civic Portola Rowland Cudahy Santa Bangor Saint Smith Sherman Crestmont Louis Crestmont Beach California Artesia Potrero Wallace Hoffman Marshall Industry Warner Parchester Quail Terra Bakersfield Sacramento Bell Bradley Brundage Winterhaven Brundage Capuchino Inaja Cypress Inaja Bodad Richvale Le Rough Ramona Downtown Davenport Huron Cerro Temecula Pacheco Glencoe Forbestown Grasslands Tijuana Manker Cressey Calaveras Smoke Escondido Yurok Alamo Jane Garcia Collins Mecca Flinn Dulzura Roseland Presidio Jamul Woody Pleasant Cambridge Sulpizio Timbuctoo Antelope Fiorini Delta Veterans Sequoia Lake Stockdale Robertsville Stockdale All Livingston Buena Yankee Buena Coddingtown Escalon Coddingtown Donner Sacramento Cabbage Stanton Hammer Rough Moores Carmel Helm Vernon
100
Helm Helm
Carmel Carmel
Tijuana Tijuana
Moores Moores
Cressey Cressey
Calaveras Calaveras
Smoke Smoke
Escondido Escondido
Yurok Yurok
Alamo Alamo
Garcia Garcia
Sulpizio Sulpizio
Timbuctoo Timbuctoo
Antelope Antelope
Collins Collins
Mecca Mecca
Woody Woody
Pleasant Pleasant
Cambridge Cambridge
Flinn Flinn
Dulzura Dulzura
Roseland Roseland
Presidio Presidio
Fiorini Fiorini
Delta Delta
Veterans Veterans
Buena Buena
Coddingtown Coddingtown
Escalon Escalon
Donner Donner
Yankee Yankee
Lake Lake
Stockdale Stockdale
Robertsville Robertsville
All All
Sacramento Sacramento
Cabbage Cabbage
Hammer Hammer
Manker Manker
Del Del
Clayton Clayton
Grasslands Grasslands
Marshall Marshall
Bell Bell
Bradley Bradley
Bodad Bodad
Richvale Richvale
Le Le
Huron Huron
Cerro Cerro
Glencoe Glencoe
Temecula Temecula
Pacheco Pacheco
Rough Rough
Ramona Ramona
Downtown Downtown
Davenport Davenport
Brundage Brundage
Cypress Cypress
Winterhaven Winterhaven
Capuchino Capuchino
Forbestown Forbestown
Industry Industry
Warner Warner
Bakersfield Bakersfield
Parchester Parchester
Quail Quail
Terra Terra
Hoffman Hoffman
Potrero Potrero
Kaiser Kaiser
Crestmont Crestmont
Beach Beach
California California
Louis Louis
Rowland Rowland
Cudahy Cudahy
Santa Santa
Bangor Bangor
Smith Smith
Saint Saint
Sherman Sherman
Civic Civic
Portola Portola
Wallace Wallace
Blue Blue
Bonny Bonny
Three Three
Ritter Ritter
Fullerton Fullerton
Balboa Balboa
South South
Chittenden Chittenden
Costa Costa
Fox Fox
Armstrong Armstrong
Sunny Sunny
Strawberry Strawberry
Anaheim Anaheim
Industrial Industrial
