Potrero Meyers Calaveras Ames Santa Richvale Carmel Laguna Home Clayton Ida Oildale All 18th Smoke Balsdon Fiorini Oceanside Merced Oceanside Chinese Fremont Banning Boulevard Woffard Linden Warner Hume Potrero
25
Potrero Potrero
Hume Hume
Meyers Meyers
All All
18th 18th
Merced Merced
Oceanside Oceanside
Chinese Chinese
Fremont Fremont
Banning Banning
Boulevard Boulevard
Woffard Woffard
Linden Linden
Warner Warner
Smoke Smoke
Balsdon Balsdon
Fiorini Fiorini
Calaveras Calaveras
Clayton Clayton
Ida Ida
Ames Ames
Richvale Richvale
Carmel Carmel
Santa Santa
Laguna Laguna
