1 5 4 8 7 8 9 13 12 16 15 16 17 21 20 24 23 24 25 29 28 32 31 32 33 37 36 40 39 40 41 45 44 48 49 55 56 57 58 59 60 61 62 63 69 70 71 72 73 74 75 76 77 76 75 74 73 72 71 70 69 63 62 61 60 59 58 57 56 55 49 48 47 48 44 43 42 41 40 36 35 34 33 32 28 27 26 25 24 20 19 18 17 16 12 11 10 9 8 4 3 2 1 98 97 96 95 94 93 92 93 94 95 96 97 98 1
32
5 5
4 4
7 7
13 13
12 12
15 15
21 21
20 20
23 23
29 29
28 28
31 31
37 37
36 36
39 39
45 45
44 44
49 50 51 52 53 54
63 64 65 66 67 68
77 78 79 80 81 82
47 47
42 42
34 34
26 26
18 18
10 10
2 2
96 96
95 95
94 94
93 93
92 92
