Ippudo Platano Gypsys EastAsianLibrary Campbell MemorialGlade Campbell HearstMining Chipotle Yifang NorthHall DavisHall TukTukThai BSC TukTukThai Venus Cream HAAS Mezzo BerkeleyArtStudio SaturnCafe BerkeleyArtStudio Quicklys Firewings TopDog Jupiter Morganhall GiauqueHall Ikea Eureka Ikes Fengcha UniversityVillage TToust BobaNinja TennisCourts BancroftLibrary Cheeseboard BancroftLibrary TennisCourts BobaNinja TToust UniversityVillage Fengcha HavilandHall Bonchon UCafe Flavia AndrewsApartment UrbanOutfitters Cornerstone Campanile TPTea Campanile LeConte Cafe3 ThaiNoodle Cafe3 LeConte AshaTeaHouse Bowles Namaste StrawberryCreek Morganhall Jupiter TopDog Jupiter LatimerHall Tilden Gather Spats WursterHall HearstGym Boalt SproulHall BerkeleyBart Barrows Safeway Barrows AshaTeaHouse LeConte AmoebaMusic SnackShack Artichokes LowerSproul Artichokes BerkeleyWayWest HappyLemon BerkeleyBart SproulHall BerkeleyBart BigC BerkeleyBart Barrows AshaTeaHouse LeConte Cafe3 ExtremePizza LaNote Homeroom TheHabit UCafe Flavia AndrewsApartment Wheeler GSPP EastBaySpiceCompany HesseHall Kips HesseHall ThaiBasil BrandyMelville FireTrails TheHabit Homeroom Underhill HortonHall Shengkee HortonHall Stern ClarkKerr Plentea PokeBar Homeroom Underhill HortonHall Cinnaholic TripleRock Cinnaholic HortonHall Underhill SteamTrains JambaJuice SteamTrains KroeberHall SteamTrains Underhill Wikiwiki NoodleGirl Unit3 LaBurrita OptometryBuilding YogurtPark LaVals YogurtPark TraderJoes YogurtPark GreatChina YogurtPark Ucha Gilman GiauqueHall Ikea Milkbomb Blackwell SuperDuperBurgers Pappys HearstAnnex McDonalds HearstAnnex Bowles AshaTeaHouse LeConte AmoebaMusic GrizzlyPeak AndrewsApartment Flavia SmokesPoutinerie LewisHall SmokesPoutinerie LiKaShing Crossroads SouthHall Ucha SouthHall Crossroads LiKaShing BanshoRamen LiKaShing Crossroads TToust ImmThai BobbyGPizza InternationalHouse Raretea InternationalHouse BobbyGPizza Marugame Gadani HalalGuys LittleBird Fengcha Ikes Gongcha Ikes BetaLounge NatApartment Rachas NatApartment BetaLounge Ikes SweetheartCafe PeoplesCafe SweetheartCafe Ikes Eureka Campbell EastAsianLibrary LittleCampanile EastAsianLibrary Gypsys Platano Ippudo
94
Platano Platano
Gypsys Gypsys
EastAsianLibrary EastAsianLibrary
LittleCampanile LittleCampanile
MemorialGlade MemorialGlade
Eureka Eureka
Ikes Ikes
SweetheartCafe SweetheartCafe
PeoplesCafe PeoplesCafe
BetaLounge BetaLounge
Rachas Rachas
Fengcha Fengcha
ImmThai ImmThai
Marugame Marugame
Gadani Gadani
HalalGuys HalalGuys
Raretea Raretea
Crossroads Crossroads
BanshoRamen BanshoRamen
Ucha Ucha
UCafe UCafe
SmokesPoutinerie SmokesPoutinerie TheDwight
LewisHall LewisHall
AndrewsApartment AndrewsApartment
UrbanOutfitters UrbanOutfitters
Cornerstone Cornerstone
Campanile ChezPanisse
Cafe3 Cafe3
ExtremePizza ExtremePizza
LaNote LaNote TacoBell
AmoebaMusic AmoebaMusic
SnackShack SnackShack
Artichokes Artichokes
LowerSproul LowerSproul
HappyLemon HappyLemon
BigC BigC TenderGreens
SproulHall SproulHall
ThaiNoodle ThaiNoodle
AshaTeaHouse AshaTeaHouse
Safeway Safeway
Namaste Namaste
StrawberryCreek StrawberryCreek
Morganhall Morganhall
Jupiter Jupiter
TopDog TopDog
LatimerHall LatimerHall
Gather Gather
Spats Spats
WursterHall WursterHall
TPTea TPTea
GrizzlyPeak GrizzlyPeak
Wheeler Wheeler
EastBaySpiceCompany EastBaySpiceCompany
ThaiBasil ThaiBasil
FireTrails MulfordHall
TheHabit TheHabit
Homeroom Homeroom
Underhill Underhill
Wikiwiki Wikiwiki
NoodleGirl Teazone
LaBurrita LaBurrita
OptometryBuilding OptometryBuilding
GreatChina GreatChina SatherGate
TraderJoes TraderJoes
LaVals Target
JambaJuice JambaJuice
KroeberHall KroeberHall
HortonHall HortonHall
Cinnaholic Slivers
TripleRock TripleRock
ClarkKerr ClarkKerr
Plentea Plentea
PokeBar PokeBar
Shengkee Shengkee
Milkbomb Milkbomb
SuperDuperBurgers SuperDuperBurgers
Pappys Pappys
McDonalds McDonalds Morrisonhall
Kips Kips Muraccis
BobaNinja BobaNinja
Cheeseboard Cheeseboard
Bonchon Bonchon
Gongcha Gongcha
Chipotle Chipotle
Mezzo Mezzo
BerkeleyArtStudio BerkeleyArtStudio
SaturnCafe SaturnCafe
Quicklys Quicklys
Firewings Firewings
Yifang Yifang
NorthHall NorthHall
TukTukThai TukTukThai
Venus Venus
BSC BSC
