Soda Doe UniversityVillage HildebrandHall Gilman HildebrandHall CaliforniaHall Barrows Unit3 Campbell Cory Gilman HildebrandHall UniversityVillage Doe GreekTheatre LawrenceHall MemorialStadium InternationalHouse MemorialStadium LawrenceHall Doe Soda BerkeleyWayWest Campanile Evans Campanile BerkeleyWayWest Wheeler DavisHall SouthHall Unit1 SouthHall Moffit DavisHall Stern HesseHall Campanile BerkeleyWayWest BotanicalGardens HearstMining Dwinelle HavilandHall Foothill LeConte Foothill LeConte Etcheverry Unit2 BancroftLibrary Unit2 DurantHall Unit2 Etcheverry LeConte Soda
24
BerkeleyWayWest BerkeleyWayWest
Campanile Campanile
Evans Evans BAMPFA
Wheeler Wheeler
SouthHall SouthHall
Stern Stern
Unit1 Unit1
Moffit Moffit
HearstMining HearstMining
Dwinelle Dwinelle
LeConte LeConte
Unit2 Unit2
DurantHall DurantHall
BancroftLibrary BancroftLibrary
Foothill Foothill
Doe Doe
GreekTheatre GreekTheatre
LawrenceHall LawrenceHall
InternationalHouse InternationalHouse
UniversityVillage Bowles
Gilman Gilman
CaliforniaHall CaliforniaHall
Unit3 Unit3
Campbell Campbell
