Shelf0 Toolbox153 Ring169 Toolbox146 Monster73 Drugs184 Toilet13 Toolbox153 Puppy140 Mail22 Male149 Urine124 Whale114 Robot164 Comics107 Towel92 Whale126 Post158 Clock61 Whale31 Cat187 Printer188 Sink109 Monster175 Settings75 Ice50 Urine97 Flowers178 Dislike27 Soda197 Dislike27 Book24 Ice41 Shelf40 Hnads182 Plants118 Ring60 Solar71 Fusion104 Breakfast85 Fusion104 Poop80 Websites94 Fusion34 Fusion104 Ring161 BBQ36 Urine20 Rollers14 Nuclear35 Kitty89 System183 Kitty89 Horse148 Clock2 Body55 Mail6 Poop76 Puppy117 Ice165 Water38 Ice165 Puppy117 Urine97 Plus78 Hnads182 Robot51 Shoe17 Shoes8 Soap58 Shoes8 Boat67 Towel154 Dislike143 Allergies176 Water90 Hnads116 Running177 Drugs195 System79 Running66 Cat70 Leash46 Cat15 Drugs39 Puppy133 Shoe174 Elevator115 Dog181 Dislike12 Laptop19 Dislike27 Shower57 Sink109 Shower47 Sink157 Dog168 Android196 Book171 Solar130 Nuclear18 Toolbox72 Solar159 System156 Soap53 Poop150 Robot93 Ice9 Solar162 Kitty194 Solar162 Website190 Water135 Rollers95 Kitty98 Laptop125 Water29 Solar192 Soda119 YouTube33 Crab83 Soap64 Clock139 Allergies88 Websites4 Poop150 Leash77 Nuclear18 Light30 Comics28 Ring82 Mail22 Allergies103 Cat163 Whale137 Shelf0
100
Shelf0 Shelf0
Toolbox153 Toolbox153
Ring169 Ring169
Toolbox146 Toolbox146
Monster73 Monster73
Toilet13 Toilet13
Puppy140 Puppy140
Mail22 Mail22
Male149 Male149
Urine124 Urine124
Whale114 Whale114
Robot164 Robot164
Comics107 Comics107
Towel92 Towel92
Whale126 Whale126
Post158 Post158
Clock61 Clock61
Cat187 Cat187
Printer188 Printer188
Sink109 Sink109
Monster175 Monster175
Settings75 Settings75
Urine97 Urine97
Flowers178 Flowers178
Dislike27 Dislike27
Soda197 Soda197
Book24 Book24
Ice41 Ice41
Shelf40 Shelf40
Hnads182 Hnads182
Plants118 Plants118
Solar71 Solar71
Fusion104 Fusion104
Breakfast85 Breakfast85
Poop80 Poop80
Fusion34 Fusion34
BBQ36 BBQ36
Urine20 Urine20
Rollers14 Rollers14
Nuclear35 Nuclear35
Kitty89 Kitty89
System183 System183
Horse148 Horse148
Clock2 Clock2
Body55 Body55
Mail6 Mail6
Poop76 Poop76
Puppy117 Puppy117
Ice165 Ice165
Water38 Water38
Plus78 Plus78
Robot51 Robot51
Shoe17 Shoe17
Shoes8 Shoes8
Soap58 Soap58
Boat67 Boat67
Towel154 Towel154
Dislike143 Dislike143
Allergies176 Allergies176
Hnads116 Hnads116
Drugs195 Drugs195
System79 System79
Cat15 Cat15
Drugs39 Drugs39
Shoe174 Shoe174
Dog181 Dog181
Dislike12 Dislike12
Laptop19 Laptop19
Shower57 Shower57
Shower47 Shower47
Dog168 Dog168
Android196 Android196
Book171 Book171
Solar130 Solar130
Nuclear18 Nuclear18
Toolbox72 Toolbox72
System156 System156
Poop150 Poop150
Robot93 Robot93
Ice9 Ice9
Solar162 Solar162
Kitty194 Kitty194
Website190 Website190
Water135 Water135
Rollers95 Rollers95
Kitty98 Kitty98
Laptop125 Laptop125
Water29 Water29
Solar192 Solar192
Soda119 Soda119
Crab83 Crab83
Soap64 Soap64
Clock139 Clock139
Allergies88 Allergies88
Websites4 Websites4
Leash77 Leash77
Light30 Light30
Ring82 Ring82
Allergies103 Allergies103
Whale137 Whale137
