S B C 4 M 6 Z 5 Y 5 Z 6 M 4 C D 24 25 26 27 A2 33 32 31 30 29 U N V 1 I B2 C2 D2 E2 F2 K2 P2 V2 P2 K2 J2 O2 U2 O2 J2 I2 N2 T2 N2 I2 H2 M2 R2 Z2 R2 M2 H2 G2 L2 Q2 Y2 Q2 R X2 W2 20 15 Y 5 Z 6 M 4 P 8 T 10 H 10 T 8 P F K 2 X 3 L 3 X 2 K F S A E J O W G 7 12 17 Q 17 12 7 G W O J E A S
50
B B
C C
M M
Z Z
Y Y
D D
A2 A2
U U
N N
V V
I I
B2 B2
C2 C2
D2 D2
E2 E2
F2 F2
K2 K2
P2 P2
V2 V2
J2 J2
O2 O2
U2 U2
I2 I2
N2 N2
T2 T2
H2 H2
M2 M2
R2 R2
Z2 Z2
G2 G2
L2 L2
Q2 Q2
Y2 Y2
R R
X2 X2
W2 W2
P P
T T
H H
F F
K K
X X
L L
A A
E E
J J
O O
W W
G G
Q Q
