S B C 4 M 6 Z 5 Y 5 Z 6 M 4 C D U N V 1 I B2 C2 D2 E2 F2 K2 P2 V2 49 53 A2 53 49 V2 P2 K2 J2 O2 U2 A3 B3 A3 U2 O2 J2 I2 N2 T2 N2 I2 H2 M2 R2 Z2 Z3 55 60 66 80 W3 X3 Y3 100 D3 I3 104 T3 R3 105 107 C3 W3 80 66 60 55 Z3 Z2 R2 M2 H2 G2 L2 Q2 Y2 Q2 R X2 73 130 U3 N3 V3 N3 M3 58 P3 F3 K3 F3 E3 J3 O3 77 G3 95 L3 91 H3 84 71 64 P3 128 51 50 Q3 Q 22 23 W2 20 15 Y 5 Z 6 M 4 P 8 T 10 H 10 T 8 P F K 2 X 3 L 3 X 2 K F S A E J O W G W O J E A S
75
B B
C C
M M
Z Z
Y Y
D D
U U
N N
V V
I I
B2 B2
C2 C2
D2 D2
E2 E2
F2 F2
K2 K2
P2 P2
V2 V2
A2 A2
J2 J2
O2 O2
U2 U2
A3 A3
B3 B3
I2 I2
N2 N2
T2 T2
H2 H2
M2 M2
R2 R2
Z2 Z2
Z3 Z3
W3 W3
X3 X3
Y3 Y3
D3 D3
I3 I3
T3 T3
R3 R3
C3 C3
G2 G2
L2 L2
Q2 Q2
Y2 Y2
R R
X2 X2
U3 U3
N3 N3
V3 V3
M3 M3
P3 P3
F3 F3
K3 K3
E3 E3
J3 J3
O3 O3
G3 G3
L3 L3
H3 H3
Q3 Q3
Q Q
W2 W2
P P
T T
H H
F F
K K
X X
L L
A A
E E
J J
O O
W W
G G
