0 13 31 24 44 129 140 34 161 162 163 164 165 166 167 168 169 170 171 172 173 174 175 176 177 178 179 180 181 182 183 184 185 186 185 184 183 182 181 180 179 178 177 176 175 174 173 172 171 170 169 168 167 166 165 164 163 162 161 34 112 22 122 43 5 60 118 120 133 148 159 160 51 28 86 54 2 3 19 7 73 58 62 101 107 142 145 68 65 53 69 188 189 190 191 192 193 194 195 196 197 198 197 196 195 194 193 192 191 190 189 188 69 83 94 95 102 151 2 153 61 35 47 59 120 67 66 68 12 36 56 72 155 152 77 80 0 121 124 135 143 146 157 0
98
13 13
31 31
24 24
44 44
129 129
140 140
34 34
162 162
163 163
164 164
165 165
166 166
167 167
168 168
169 169
170 170
171 171
172 172
173 173
174 174
175 175
176 176
177 177
178 178
179 179
180 180
181 181
182 182
183 183
184 184
185 185
186 186 187
112 112
22 22
122 122
43 43
5 5
60 60
118 118
120 120
133 133
148 148
159 159
160 160
51 51
28 28
86 86
54 54
2 2
3 3
19 19
7 7
73 73
62 62
101 101
107 107
142 142
145 145
65 65
53 53
69 69
188 188
189 189
190 190
191 191
192 192
193 193
194 194
195 195
196 196
197 197
198 198 199
83 83
94 94
95 95
102 102
151 151
153 153
61 61
35 35
47 47
59 59
67 67
66 66
68 68
12 12
36 36
56 56
72 72
155 155
77 77
80 80
121 121
124 124
135 135
143 143
146 146
157 157
