hdpxs osxbc cihba wnelr bsvth htkwy frhgc lmwpk rchbw amfiz vcwfj qsmkj utdhx gdovn wcjeg zntkr tndwl rjdai qhibx mtcsd oaeyh drojn vobqh qhvsb xlrzc kscoz jcwpu joztf cxajk evtgj cxajk aedvq pihld mujil kzwah qpbmc wkbuf kjihy gufvs mhekz syoxv maqho qbdwz wajol tkwle armnk bkfuc olqfv pgqva yvbse lpudv gdnim syoxf stflc oewcd cxdes oewcd osvgp hulpb mhuad tjake ayrgb rzvtg oxuqn fjdqi ypdnb zcjqx yqfdk ehqyk rjuxc wdquv qckjp uklga zqjxb jhlus ymcfp lnjxt yazqf dbjxw glrpy yqtob xnpwq iyuas ohzfn dkjro sxdiu hwmzn nqtru rlumh mlibf tmwdy vgwoi bwknx wotiq ahnds cqsby uiogl ktzce ebwcp bdevm pytwh gstwp evsbm btwzv xcvow oxitr hdpxs
100
osxbc osxbc
cihba cihba
wnelr wnelr
bsvth bsvth
htkwy htkwy
vcwfj vcwfj
qsmkj qsmkj
utdhx utdhx
gdovn gdovn
wcjeg wcjeg
zntkr zntkr
tndwl tndwl
rjdai rjdai
mtcsd mtcsd
oaeyh oaeyh
qhibx qhibx
drojn drojn
xlrzc xlrzc
kscoz kscoz
jcwpu jcwpu
joztf joztf
cxajk cxajk
aedvq aedvq
pihld pihld
xcvow xcvow
mujil mujil
kzwah kzwah
qpbmc qpbmc
wkbuf wkbuf
kjihy kjihy
gufvs gufvs
tkwle tkwle
armnk armnk
btwzv btwzv
bkfuc bkfuc
pgqva pgqva
yvbse yvbse
lpudv lpudv
evsbm evsbm
gdnim gdnim
syoxf syoxf
stflc stflc
oewcd oewcd
mhuad mhuad
tjake tjake
ayrgb ayrgb
rzvtg rzvtg
oxuqn oxuqn
fjdqi fjdqi
zcjqx zcjqx
yqfdk yqfdk
ehqyk ehqyk
pytwh pytwh
gstwp gstwp
rjuxc rjuxc
wdquv wdquv
xnpwq xnpwq
ahnds ahnds
cqsby cqsby
iyuas iyuas
ohzfn ohzfn
dkjro dkjro
sxdiu sxdiu
hwmzn hwmzn
vgwoi vgwoi
nqtru nqtru
tmwdy tmwdy
rlumh rlumh
mlibf mlibf
bwknx bwknx
wotiq wotiq
qckjp qckjp
uklga uklga
zqjxb zqjxb
jhlus jhlus
ymcfp ymcfp
yazqf yazqf
dbjxw dbjxw
yqtob yqtob
lnjxt lnjxt
uiogl uiogl
ktzce ktzce
ebwcp ebwcp
bdevm bdevm
ypdnb ypdnb
osvgp osvgp
cxdes cxdes
mhekz mhekz
syoxv syoxv
maqho maqho
qbdwz qbdwz
wajol wajol
evtgj evtgj
vobqh vobqh
qhvsb qhvsb
frhgc frhgc
rchbw rchbw
amfiz amfiz
lmwpk lmwpk
oxitr oxitr
