hutmk omjfc dowbf yaxts ablxw rlfxc lnfiu aeomh gxdqt bcrwj ijofp ywion ijvuq xeljy misyc otirh yiodb lsnhz mlfbi oscrv xintv coubd tyuep cursl xnysi zsehb hopbn qdzgs urlkt vmgxh artvi abupm mzlsn spuoi vczkh ugamb mzlsn axmwy aqzce tejxc ugyls yzaje lcghr hutmk
40
omjfc omjfc
vmgxh vmgxh
artvi artvi
mzlsn mzlsn
spuoi spuoi
vczkh vczkh
ugamb ugamb
axmwy axmwy
aqzce aqzce
tejxc tejxc
ugyls ugyls
yzaje yzaje
lcghr lcghr
dowbf dowbf
yaxts yaxts
ablxw ablxw
gxdqt gxdqt
lsnhz lsnhz
mlfbi mlfbi
oscrv oscrv
xintv xintv
coubd coubd
urlkt urlkt
tyuep tyuep
zsehb zsehb
hopbn hopbn
qdzgs qdzgs
cursl cursl
xnysi xnysi
bcrwj bcrwj
ijofp ijofp
ywion ywion
otirh otirh
yiodb yiodb
ijvuq ijvuq
xeljy xeljy
misyc misyc
rlfxc rlfxc
lnfiu lnfiu
aeomh aeomh
