Aberdeen Reno Hampton Newburgh Hampton Lowell Chattanooga SaltLakeCity Redding SanAntonio ChulaVista Racine Norwalk Miramar Newburgh Hampton Tuscaloosa Winston Austin Henderson WestValleyCity Henderson StPetersburg Lewisville Gainesville Lewisville StPetersburg Henderson Marina McAllen GreenBay Columbia Carrollton Elkhart Pensacola Hampton Reno Springdale Reno SouthLyon Montgomery SouthLyon Frederick Modesto SanBernardino Hartford Hampton Reno Aberdeen
25
Reno Reno
SouthLyon SouthLyon
Montgomery Montgomery
Modesto Modesto
SanBernardino SanBernardino
Springdale Springdale
Hampton Hampton
Tuscaloosa Tuscaloosa
Winston Winston
Austin Austin
GreenBay GreenBay
Henderson Henderson
Marina Marina
StPetersburg StPetersburg
Lewisville Lewisville
Gainesville Gainesville
WestValleyCity WestValleyCity
Lowell Lowell
Chattanooga Chattanooga
SaltLakeCity SaltLakeCity
Miramar Miramar
Racine Racine
SanAntonio SanAntonio
Newburgh Newburgh
Pensacola Pensacola
