Hayward SantaClara Hayward Asheville Durham Deltona Durham Bloomington Durham Asheville CedarRapids Asheville McHenry Torrance McHenry Springdale McHenry PalmBay Tucson Bradenton Huntsville Yonkers Waterloo NewOrleans Burbank Chicago Burbank Huntsville KansasCity McAllen KansasCity Huntsville Bradenton SaintPaul Bradenton Tucson Aurora NewBedford York BelAir Monroe Hickory Tyler Hickory Winston Memphis Winston Hickory HuntingtonBeach Hickory Kennewick PuntaGorda Omaha Topeka Montgomery ThousandOaks Montgomery SantaCruz Fontana Howell Downey Abilene Atlanta Abilene GrandRapids Abilene Downey Abilene Atlanta Danbury Atlanta Sebastian Kennewick Barnstable Kennewick NewYorkCity Kennewick Hickory Charlotte RichmondCounty Hampton Modesto Corona Waco Harlingen SaintLouis Tucson Winston Murrieta Winston Wilmington Washington LakeCharles Newark McHenry Asheville Hayward
49
SantaClara SantaClara
Asheville Asheville
CedarRapids CedarRapids
Durham Durham
Bloomington Bloomington
Deltona Deltona
McHenry McHenry
Newark Newark
Springdale Springdale
Torrance Torrance
PalmBay PalmBay
Tucson Tucson
LakeCharles LakeCharles
Hickory Hickory
Murrieta Tampa
Kennewick Kennewick
Atlanta Atlanta
GrandRapids GrandRapids
Downey Downey
Danbury Danbury
NewYorkCity NewYorkCity
Barnstable Barnstable
PuntaGorda PuntaGorda
Omaha Omaha
Topeka Topeka
SantaCruz SantaCruz
ThousandOaks ThousandOaks
Memphis Memphis
HuntingtonBeach HuntingtonBeach
Charlotte Charlotte
RichmondCounty RichmondCounty
Hampton Hampton
Modesto Modesto
Waco Waco
Harlingen Harlingen
Tyler Tyler
Aurora Aurora Bakersfield
NewBedford NewBedford
York York
BelAir BelAir
Monroe Monroe
Bradenton Bradenton
SaintPaul SaintPaul
Huntsville Huntsville
McAllen McAllen
Burbank Burbank
Chicago Chicago
Yonkers Yonkers
Waterloo Waterloo
