AndyandZeyu h5 g5 e5 j4 i5 f5 AndyandZeyu f4 i4 h4 AndyandZeyu f0 j0 g0 b0 h0 i0 AndyandZeyu g j i f AndyandZeyu g8 f8 h8 f8 j8 j7 j8 AndyandZeyu i6 AndyandZeyu j1 AndyandZeyu f6 AndyandZeyu f3 j3 g3 i3 h3 AndyandZeyu g1 AndyandZeyu g6 h6 AndyandZeyu6 j5 AndyandZeyu h1 i1 b1 f1 b1 AndyandZeyu i8 AndyandZeyu f7 i7 g7 h7 c7 j6 AndyandZeyu7 AndyandZeyu g4 AndyandZeyu g2 j2 f2 h2 i2 c2 g2 AndyandZeyu h AndyandZeyu
50
h5 h5
g5 g5
j4 j4
i5 i5
f5 f5
f4 f4
i4 i4
h4 h4
f0 f0
j0 j0
g0 g0
h0 h0
i0 i0
g g
j j
i i
f f
g8 g8
f8 f8
h8 h8
j8 j8
j7 j7
i6 i6
j1 j1
f6 f6
f3 f3
j3 j3
g3 g3
i3 i3
h3 h3
g1 g1
g6 g6
h6 h6
j5 j5
h1 h1
i1 i1
f1 f1
i8 i8
f7 f7
i7 i7
g7 g7
h7 h7
j6 j6
g4 g4
g2 g2
j2 j2
f2 f2
h2 h2
i2 i2
h h
