AndyandZeyu h AndyandZeyu g2 j2 f2 h2 i2 c2 g2 AndyandZeyu g4 AndyandZeyu f7 i7 j6 g7 h7 b7 f7 AndyandZeyu i8 AndyandZeyu g9 AndyandZeyu f12 i12 j11 g12 h12 b12 f12 AndyandZeyu i13 AndyandZeyu g14 AndyandZeyu f17 i17 j16 g17 h17 b17 f17 AndyandZeyu i18 AndyandZeyu h1 i1 b1 f1 b1 AndyandZeyu g6 j5 AndyandZeyu6 h6 AndyandZeyu g11 j10 AndyandZeyu11 h11 AndyandZeyu g16 j15 AndyandZeyu16 h16 AndyandZeyu g1 AndyandZeyu f3 j3 g3 h3 i3 AndyandZeyu f6 AndyandZeyu f11 AndyandZeyu f16 AndyandZeyu j1 AndyandZeyu i6 AndyandZeyu g8 f8 j8 j7 h8 f8 AndyandZeyu i11 AndyandZeyu g13 f13 j13 j12 h13 f13 AndyandZeyu i16 AndyandZeyu g18 f18 j18 j17 h18 f18 AndyandZeyu f c g j i AndyandZeyu f0 i0 h0 f0 g0 j0 AndyandZeyu f4 i4 h4 AndyandZeyu f9 i9 h9 AndyandZeyu f14 i14 h14 AndyandZeyu h5 j4 f5 i5 e5 g5 e5 AndyandZeyu h10 j9 f10 i10 e10 g10 e10 AndyandZeyu h15 j14 f15 i15 e15 g15 e15 AndyandZeyu
100
h15 h15
g15 g15
j14 j14
i15 i15
f15 f15
h10 h10
g10 g10
j9 j9
i10 i10
f10 f10
h5 h5
g5 g5
j4 j4
i5 i5
f5 f5
f14 f14
i14 i14
h14 h14
f9 f9
i9 i9
h9 h9
f4 f4
i4 i4
h4 h4
f0 f0
j0 j0
g0 g0
h0 h0
i0 i0
g g
j j
i i
f f
g18 g18
f18 f18
h18 h18
j18 j18
j17 j17
i16 i16
g13 g13
f13 f13
h13 h13
j13 j13
j12 j12
i11 i11
g8 g8
f8 f8
h8 h8
j8 j8
j7 j7
i6 i6
j1 j1
f16 f16
f11 f11
f6 f6
f3 f3
j3 j3
g3 g3
i3 i3
h3 h3
g1 g1
g16 g16
h16 h16
j15 j15
g11 g11
h11 h11
j10 j10
g6 g6
h6 h6
j5 j5
h1 h1
i1 i1
f1 f1
i18 i18
f17 f17
i17 i17
g17 g17
h17 h17
j16 j16
g14 g14
i13 i13
f12 f12
i12 i12
g12 g12
h12 h12
j11 j11
g9 g9
i8 i8
f7 f7
i7 i7
g7 g7
h7 h7
j6 j6
g4 g4
g2 g2
j2 j2
f2 f2
h2 h2
i2 i2
h h
