A TA TA8 TA12 TA16 B TA17 TA18 TA22 TB11 D TA31 E TA151 C TA211 TA1 TB21 TA121 B TA161 TA191 TA201 TA2 TA7 TA21 TA24 TA3 A TA4 A TA5 A TA6 A TA9 A TA10 A TA11 TA13 A TA14 TA15 TA19 TA20 TA23 TB1 TA41 A TA51 TA61 A TA71 TA81 TA91 TA101 A TA111 A TA131 TA141 TA171 TA181 A TA221 A TA231 TA241 A
50
TA241 TA241
TA231 TA231
TA221 TA221
TA181 TA181
TA171 TA171
TA141 TA141
TA131 TA131
TA111 TA111
TA101 TA101
TA91 TA91
TA81 TA81
TA71 TA71
TA61 TA61
TA51 TA51
TA41 TA41
TB1 TB1
TA23 TA23
TA20 TA20
TA19 TA19
TA15 TA15
TA14 TA14
TA13 TA13
TA11 TA11
TA10 TA10
TA9 TA9
TA6 TA6
TA5 TA5
TA4 TA4
TA3 TA3
TA2 TA2
TA24 TA24
TA21 TA21
TA7 TA7
TA1 TA1
TA201 TA201
TA191 TA191
TA161 TA161
TA121 TA121
TB21 TB21
TA TA
TA211 TA211
TA151 TA151
TA31 TA31
TB11 TB11
TA22 TA22
TA18 TA18
TA17 TA17
TA16 TA16
TA12 TA12
TA8 TA8
