MHnVCXOJJwOI UvfnFwkwYqFk NmmqQKqzdERM MlFqcqjWiUdI ilCjMogPnNTK YbGvPudTcbyh bVDkAfQbeTmx crcFIKqbaYTC svpVoYHpEpjH FhVNapbaoZOZ phTlHtTwrYOU GoPPViXuIoMW oClepMbylsqk GoPPViXuIoMW JCPkGQQBkgge GLfJulJDWdHA SJPfUQrbAbqM jmWqilJNXyuV RWoTZCNhceUR cXYRsTNMJDHO SPoMbAzxrqrj KKNtdnAHmUpc AZrILCuGwbtV YfpLHnDpSXzc ltlOmMSvjmIL NkzUoyRYPnbb KKNtdnAHmUpc PCNGxUSnzrYJ MHnVCXOJJwOI
25
UvfnFwkwYqFk UvfnFwkwYqFk
NmmqQKqzdERM NmmqQKqzdERM
MlFqcqjWiUdI MlFqcqjWiUdI
ilCjMogPnNTK ilCjMogPnNTK
YbGvPudTcbyh YbGvPudTcbyh
bVDkAfQbeTmx bVDkAfQbeTmx
crcFIKqbaYTC crcFIKqbaYTC
GLfJulJDWdHA GLfJulJDWdHA
RWoTZCNhceUR RWoTZCNhceUR
NkzUoyRYPnbb NkzUoyRYPnbb
cXYRsTNMJDHO cXYRsTNMJDHO
SPoMbAzxrqrj SPoMbAzxrqrj
ltlOmMSvjmIL ltlOmMSvjmIL
KKNtdnAHmUpc KKNtdnAHmUpc
AZrILCuGwbtV AZrILCuGwbtV
YfpLHnDpSXzc YfpLHnDpSXzc
PCNGxUSnzrYJ PCNGxUSnzrYJ
SJPfUQrbAbqM SJPfUQrbAbqM
jmWqilJNXyuV jmWqilJNXyuV
svpVoYHpEpjH svpVoYHpEpjH
FhVNapbaoZOZ FhVNapbaoZOZ
phTlHtTwrYOU phTlHtTwrYOU
GoPPViXuIoMW GoPPViXuIoMW
JCPkGQQBkgge JCPkGQQBkgge
oClepMbylsqk oClepMbylsqk
