IvOdahrtFwzZ WUqhotrexTBp ybLCwZqVZKud QxNjgiXciQma IQvKLYGCcCbd fblrDraNAUxK yVSfaizVeLPT mgKEFEWheOqk qFGlIHDqKyPA OIjApACwnyqG DiKlonktcqTP EwXugPkGUVkm uzYTzVwixczQ zCWezcJmUGqs LNoKVqXhLEzn KtoZVrQmJWki WWtfhwMSzfGW NMSHhfMtAJZb gJMLzBkWmUoV YGzazHdyrGCd RGYiIUdVAiVL sTgUExIipvWV PFpQuVVRxbvV gkTmCiZxFrJw ocysUjOwnenm aXlcDzbXwAJW FkNlSGMBOUbz aXlcDzbXwAJW AhJBAeSEuUkL ubtvaUeVUfmV zypYDSZfKAvD IcNVObbuvzWY SKbQkQUhqQEt pjemGRILnFei RQBxIsRWzmfl QDhUZstsJKtV nyTRNDRCsANl lRgeGnDJBtMa nyTRNDRCsANl xXoCKkdkKAne hLCSOZLNEdhX cRekprdsHHWw quZcTYtpBjSn yHOsEGOhjOLt sFSBpaJxLpBT TZmWJenJbEsV ZPYnROAizafx wHeDieHMYzAK oKIKkmsSWzmH YvLRANdegrdA qxhFFIUEfnzV ctZWqndwhbJm mvdksSctoMVi AoaIXEzdsCrm QFfSmYtuSTPl GvyjKkGcUdcI pjemGRILnFei ppfBOAvWYXyJ eTrfywteWUJB EKWhDcEeEkGK dXlgwkdKhUmB EOKLHvbbCToE NxxrxPgsnMqG hPSXtHMMyKAK NxxrxPgsnMqG gXcuqckdTdIP evRMhyiHKGXv nschEYWjrAsr ypApeqMQPnQA TTwdgXpOLyxF TglqUXfjbefC jXgKDXnEJsra touUfboeiIya nxbMBCPhfQij yFQWQWtUUMle lznMKRYSMheH XwPJYwaGcHxO JpwDMOwQmqOp yHOsEGOhjOLt IQvKLYGCcCbd oOIjuHJcVRiV nlzJUuBrsbXD cQFNlImsTWTM wXjNgGRCXYRl UGahWpWtmUQn IfTQNEFsiTgr uZQOmtLXDMXl cpNycWVdmzHJ mZUBOQTZyXOM vkOqMvrCUWYf fiHhqLtPfdZy tARvBeqQDqSY HEwqlaeMfSzl geAceFJePWbe aSpDrTbKBytW fiHhqLtPfdZy PKHkuTHeRXhO WRiugWLCujBI WsLfQLsirtHk JNoAmCxHcsYw QZQElPdcHxru HVwGkspnDHbf WHSGrQQrrotE WnABnktZDxMx zOkfhFVfOKVi UYTxhnOtiPHB zOkfhFVfOKVi AQgpWBullbIi qlMzHEurfTvO zcAOlsVDUDkc nKmMbiEuiffc jXOmYlZmvqnI nKmMbiEuiffc IvOdahrtFwzZ
100
nKmMbiEuiffc nKmMbiEuiffc
jXOmYlZmvqnI jXOmYlZmvqnI
yVSfaizVeLPT yVSfaizVeLPT
zCWezcJmUGqs zCWezcJmUGqs
LNoKVqXhLEzn LNoKVqXhLEzn
WHSGrQQrrotE WHSGrQQrrotE
WnABnktZDxMx WnABnktZDxMx
WWtfhwMSzfGW WWtfhwMSzfGW
HVwGkspnDHbf HVwGkspnDHbf
gJMLzBkWmUoV gJMLzBkWmUoV
JNoAmCxHcsYw JNoAmCxHcsYw
QZQElPdcHxru QZQElPdcHxru
YGzazHdyrGCd YGzazHdyrGCd
IfTQNEFsiTgr IfTQNEFsiTgr
RGYiIUdVAiVL RGYiIUdVAiVL
sTgUExIipvWV sTgUExIipvWV
PFpQuVVRxbvV PFpQuVVRxbvV
gkTmCiZxFrJw gkTmCiZxFrJw
ubtvaUeVUfmV ubtvaUeVUfmV
zypYDSZfKAvD zypYDSZfKAvD
IcNVObbuvzWY IcNVObbuvzWY
ocysUjOwnenm ocysUjOwnenm
aXlcDzbXwAJW aXlcDzbXwAJW
FkNlSGMBOUbz FkNlSGMBOUbz
AhJBAeSEuUkL AhJBAeSEuUkL
SKbQkQUhqQEt SKbQkQUhqQEt
lRgeGnDJBtMa lRgeGnDJBtMa
cQFNlImsTWTM cQFNlImsTWTM
wXjNgGRCXYRl wXjNgGRCXYRl
UGahWpWtmUQn UGahWpWtmUQn
nyTRNDRCsANl nyTRNDRCsANl
cRekprdsHHWw cRekprdsHHWw
quZcTYtpBjSn quZcTYtpBjSn
yHOsEGOhjOLt yHOsEGOhjOLt
sFSBpaJxLpBT sFSBpaJxLpBT
YvLRANdegrdA YvLRANdegrdA
qxhFFIUEfnzV qxhFFIUEfnzV
ctZWqndwhbJm ctZWqndwhbJm
touUfboeiIya touUfboeiIya
nxbMBCPhfQij nxbMBCPhfQij
yFQWQWtUUMle yFQWQWtUUMle
lznMKRYSMheH lznMKRYSMheH
XwPJYwaGcHxO XwPJYwaGcHxO
mvdksSctoMVi mvdksSctoMVi
EKWhDcEeEkGK EKWhDcEeEkGK
nschEYWjrAsr nschEYWjrAsr
ypApeqMQPnQA ypApeqMQPnQA
TTwdgXpOLyxF TTwdgXpOLyxF
TglqUXfjbefC TglqUXfjbefC
dXlgwkdKhUmB dXlgwkdKhUmB
EOKLHvbbCToE EOKLHvbbCToE
NxxrxPgsnMqG NxxrxPgsnMqG
gXcuqckdTdIP gXcuqckdTdIP
evRMhyiHKGXv evRMhyiHKGXv
hPSXtHMMyKAK hPSXtHMMyKAK
ppfBOAvWYXyJ ppfBOAvWYXyJ
jXgKDXnEJsra jXgKDXnEJsra
AoaIXEzdsCrm AoaIXEzdsCrm
QFfSmYtuSTPl QFfSmYtuSTPl
GvyjKkGcUdcI GvyjKkGcUdcI
TZmWJenJbEsV TZmWJenJbEsV
ZPYnROAizafx ZPYnROAizafx
wHeDieHMYzAK wHeDieHMYzAK
oKIKkmsSWzmH oKIKkmsSWzmH
JpwDMOwQmqOp JpwDMOwQmqOp
oOIjuHJcVRiV oOIjuHJcVRiV
nlzJUuBrsbXD nlzJUuBrsbXD
IQvKLYGCcCbd IQvKLYGCcCbd
xXoCKkdkKAne xXoCKkdkKAne
hLCSOZLNEdhX hLCSOZLNEdhX
pjemGRILnFei pjemGRILnFei
QDhUZstsJKtV QDhUZstsJKtV
RQBxIsRWzmfl RQBxIsRWzmfl
cpNycWVdmzHJ cpNycWVdmzHJ
mZUBOQTZyXOM mZUBOQTZyXOM
vkOqMvrCUWYf vkOqMvrCUWYf
fiHhqLtPfdZy fiHhqLtPfdZy
WsLfQLsirtHk WsLfQLsirtHk
PKHkuTHeRXhO PKHkuTHeRXhO
WRiugWLCujBI WRiugWLCujBI
aSpDrTbKBytW aSpDrTbKBytW
tARvBeqQDqSY tARvBeqQDqSY
HEwqlaeMfSzl HEwqlaeMfSzl
NMSHhfMtAJZb NMSHhfMtAJZb
KtoZVrQmJWki KtoZVrQmJWki
mgKEFEWheOqk mgKEFEWheOqk
qFGlIHDqKyPA qFGlIHDqKyPA
uzYTzVwixczQ uzYTzVwixczQ
OIjApACwnyqG OIjApACwnyqG
DiKlonktcqTP DiKlonktcqTP
EwXugPkGUVkm EwXugPkGUVkm
WUqhotrexTBp WUqhotrexTBp
ybLCwZqVZKud ybLCwZqVZKud
QxNjgiXciQma QxNjgiXciQma
zOkfhFVfOKVi zOkfhFVfOKVi
AQgpWBullbIi AQgpWBullbIi
UYTxhnOtiPHB UYTxhnOtiPHB
qlMzHEurfTvO qlMzHEurfTvO
zcAOlsVDUDkc zcAOlsVDUDkc
fblrDraNAUxK fblrDraNAUxK
