MfdzFvsdGbvl arcJTkwUqbUy MOpktZzuQRCH jBrNTBMPxyQD axLiuEEXvnsQ arcJTkwUqbUy SgyAcloZDNJV BbyhqvohDUZK VARFNCcqfgIc DvRTDyBMOCbT AGbRQRBgaOdX MkUBuIisCVpZ mFYKjQfCsRtT QifLRRQkbeZy dFUHctNjrywb MLnLJmQHwuOS IHnRSACwPeSd hLGIbMiwjPgd GKWfMfVZxbJi DFscNnuMhxUC hCxjbMrSlUJQ noaMakAlHdwq plKUVNXwKfVb noaMakAlHdwq PvZWLvSzyZfH pQCFwcmaYfTN rrRAqFcoDYfk uFHfCerNFIme GemeldahvdVv uFHfCerNFIme GuSSYBNHDbKE rVqgoVgUmLRB ymJllvoAiAsf AMizjBPjmCZd ymJllvoAiAsf FCrKCfVsEsBk GKWfMfVZxbJi FCrKCfVsEsBk pkzKsTORVYro UVLyMXgqTFaJ buqjmAINqGzN PnbamVANEguC buqjmAINqGzN SojgLCNtJNvq BkcPMTugAswL mtRsLIzrlNLu PUcvIgREsriS ZjfLZjjegWJT TbekQRoKcInv RICmsRCgzRsB QHpWWcCYavdw deJmWrylVSGK NlmuUUVQUbgI dDFWxTbuPymh EoEdLMroSPNp dDFWxTbuPymh PQTqeEtJjrHq FGVxzATBToEc tywOQDwDhjwZ VyXrTLUcizAa MfdzFvsdGbvl
50
arcJTkwUqbUy arcJTkwUqbUy
MOpktZzuQRCH MOpktZzuQRCH
jBrNTBMPxyQD jBrNTBMPxyQD
axLiuEEXvnsQ axLiuEEXvnsQ
SgyAcloZDNJV SgyAcloZDNJV
BbyhqvohDUZK BbyhqvohDUZK
VARFNCcqfgIc VARFNCcqfgIc
DvRTDyBMOCbT DvRTDyBMOCbT
AGbRQRBgaOdX AGbRQRBgaOdX
MkUBuIisCVpZ MkUBuIisCVpZ
mFYKjQfCsRtT mFYKjQfCsRtT
QifLRRQkbeZy QifLRRQkbeZy
dFUHctNjrywb dFUHctNjrywb
MLnLJmQHwuOS MLnLJmQHwuOS
IHnRSACwPeSd IHnRSACwPeSd
hLGIbMiwjPgd hLGIbMiwjPgd
DFscNnuMhxUC DFscNnuMhxUC
hCxjbMrSlUJQ hCxjbMrSlUJQ
noaMakAlHdwq noaMakAlHdwq
plKUVNXwKfVb plKUVNXwKfVb
PvZWLvSzyZfH PvZWLvSzyZfH
pQCFwcmaYfTN pQCFwcmaYfTN
rrRAqFcoDYfk rrRAqFcoDYfk
uFHfCerNFIme uFHfCerNFIme
GemeldahvdVv GemeldahvdVv
GuSSYBNHDbKE GuSSYBNHDbKE
rVqgoVgUmLRB rVqgoVgUmLRB
ymJllvoAiAsf ymJllvoAiAsf
AMizjBPjmCZd AMizjBPjmCZd
FCrKCfVsEsBk FCrKCfVsEsBk
GKWfMfVZxbJi GKWfMfVZxbJi
pkzKsTORVYro pkzKsTORVYro
UVLyMXgqTFaJ UVLyMXgqTFaJ
buqjmAINqGzN buqjmAINqGzN
PnbamVANEguC PnbamVANEguC
SojgLCNtJNvq SojgLCNtJNvq
BkcPMTugAswL BkcPMTugAswL
mtRsLIzrlNLu mtRsLIzrlNLu
PUcvIgREsriS PUcvIgREsriS
ZjfLZjjegWJT ZjfLZjjegWJT
TbekQRoKcInv TbekQRoKcInv
RICmsRCgzRsB RICmsRCgzRsB
QHpWWcCYavdw QHpWWcCYavdw
deJmWrylVSGK deJmWrylVSGK
NlmuUUVQUbgI NlmuUUVQUbgI
dDFWxTbuPymh dDFWxTbuPymh
EoEdLMroSPNp EoEdLMroSPNp
PQTqeEtJjrHq PQTqeEtJjrHq
tywOQDwDhjwZ tywOQDwDhjwZ
VyXrTLUcizAa VyXrTLUcizAa
