5 1 78 115 91 115 92 197 100 46 100 55 159 112 35 168 57 117 78 170 20 185 134 188 42 58 16 58 79 58 196 108 194 66 8 50 8 97 137 102 122 4 130 150 147 198 120 93 157 82 27 69 200 177 53 89 106 149 38 164 124 83 103 61 182 5 190 5
50
190 190
182 182
1 1
188 188
83 83
103 103
42 42
149 149
164 164
124 124
38 38
89 89
106 106
66 66
177 177
82 82
27 27
69 69
8 8
157 157
97 97
198 198
147 147
137 137
130 130
102 102
122 122
93 93
50 50
58 58
196 196
108 108
79 79
16 16
78 78
170 170
20 20
185 185
117 117
115 115
92 92
197 197
100 100
55 55
112 112
159 159
46 46
91 91
35 35
168 168
