0 65 147 21 71 93 24 111 194 27 39 27 184 172 17 87 101 68 15 44 135 60 110 60 80 164 141 104 158 50 166 108 187 140 173 7 188 1 163 47 179 51 79 196 102 8 126 96 67 178 67 151 134 34 31 34 36 130 10 130 145 119 188 1 83 11 136 122 52 16 118 81 129 105 115 157 138 184 12 62 123 95 30 18 171 25 61 113 26 5 89 106 56 161 42 35 2 6 144 189 125 109 162 197 23 38 150 38 168 22 155 193 120 91 75 183 59 73 198 3 152 9 156 49 124 40 142 40 55 66 160 59 0
100
59 59
142 142
55 55
66 66
160 160
40 40
73 73
198 198
152 152
156 156
49 49
124 124
9 9
147 147
111 111
194 194
27 27
184 184
172 172
17 17
87 87
157 157
101 101
68 68
15 15
105 105
135 135
164 164
141 141
104 104
158 158
50 50
83 83
108 108
140 140
178 178
67 67
151 151
34 34
36 36
31 31
10 10
119 119
130 130
145 145
173 173
96 96
7 7
1 1
163 163
179 179
79 79
102 102
196 196
187 187
60 60
80 80
110 110
11 11
129 129
136 136
122 122
16 16
118 118
138 138
12 12
91 91
75 75
62 62
123 123
95 95
30 30
18 18
25 25
61 61
26 26
171 171
5 5
89 89
56 56
161 161
42 42
193 193
35 35
6 6
38 38
168 168
22 22
155 155
150 150
144 144
189 189
109 109
162 162
23 23
39 39
21 21
71 71
93 93
24 24
