ssp100 25 4 2 3 8 3 18 15 12 16 19 20 19 18 23 27 33 30 55 45 51 49 31 42 39 52 41 37 47 43 53 56 29 36 35 27 87 98 99 97 92 27 87 91 89 91 87 93 87 27 71 63 59 62 69 62 68 62 59 26 58 60 65 60 64 60 58 61 67 61 58 26 59 63 71 27 23 3 5 7 5 3 2 4 25 ssp100
38
4 4
2 2 1
7 24
8 9 11 10
15 15
27 27
87 88
93 93 90 94
98 98
99 99
97 97
92 92
91 95
89 96
35 35
55 55
56 56
29 29
45 45
51 51
49 49
31 31
39 39
41 41
37 37
47 47
43 43
53 53
33 33
59 59
67 79
65 65 74
64 64 73
69 82
68 68 81
19 22
20 20 21
12 12
