ssp200 13 10 2 12 2 14 2 8 6 5 4 3 7 2 181 122 134 122 132 122 127 123 124 125 126 128 122 181 47 59 47 57 47 52 48 49 50 51 53 47 181 107 119 107 117 107 112 108 109 110 111 113 107 181 77 89 77 87 77 82 78 79 80 81 83 77 181 62 74 62 72 62 68 66 65 64 63 67 62 181 167 179 167 177 167 173 171 170 169 168 172 167 181 17 29 17 27 17 22 18 19 20 21 23 17 181 32 44 32 42 32 38 36 35 34 33 37 32 181 182 192 182 194 182 188 186 185 184 183 187 182 181 92 104 92 102 92 98 96 95 94 93 97 92 181 137 149 137 147 137 142 138 139 140 141 143 137 181 152 164 152 162 152 158 156 155 154 153 157 152 181 2 10 13 ssp200
78
12 11
14 14 15
6 6
5 5
4 4
3 3
134 134 135
104 104 105
102 101
96 96
95 95
94 94
93 93
44 44 45
42 41
36 36
35 35
34 34
33 33
29 29 30
27 26
18 18
19 19
20 20
21 21
74 74 75
72 71
66 66
65 65
64 64
63 63
89 89 90
87 86
78 78
79 79
80 80
81 81
119 119 120
117 116
108 108
109 109
110 110
111 111
59 59 60
57 56
48 48
49 49
50 50
51 51
132 131
123 123
124 124
125 125
126 126
149 149 150
147 146
138 138
139 139
140 140
141 141
164 164 165
162 161
156 156
155 155
154 154
153 153
179 179 180
177 176
171 171
170 170
169 169
168 168
192 191
194 194 195
186 186
185 185
184 184
183 183
