1 3 37 3 41 3 61 3 63 3 65 3 69 3 73 3 75 2 77 2 81 83 89 3 91 2 107 111 3 115 3 135 3 137 5 29 2 35 2 43 5 45 5 47 2 57 5 85 5 95 117 2 119 123 7 39 7 71 7 87 101 4 121 4 133 141 33 9 27 9 33 6 51 9 67 127 9 145 8 149 4 11 25 49 11 79 105 10 139 10 13 99 103 10 143 15 55 10 97 6 17 1 19 147 19 21 31 23 1 53 59 93 109 1 113 1 125 129 1 131 1
75
1 1
131 131
129 129
125 125
113 113
109 109
93 93
59 59
53 53
23 23
21 21
31 31
19 19
147 147
17 17
15 15
97 97
55 55
13 13
143 143
103 103
99 99
11 11
139 139
105 105
79 79
49 49
25 25
9 9
149 149
145 145
127 127
67 67
51 51
33 33
27 27
7 7
141 141
133 133
121 121
101 101
87 87
71 71
39 39
5 5
123 123
119 119
117 117
95 95
85 85
57 57
47 47
45 45
43 43
35 35
29 29
3 3
137 137
135 135
115 115
111 111
107 107
91 91
89 89
83 83
81 81
77 77
75 75
73 73
69 69
65 65
63 63
61 61
41 41
37 37
