Austin Victoria Austin Jamie Joshua Steven Dennis Monique Robert Jordan Glenda Janet Cassandra Jennifer Walter Jennifer Jeanette Jennifer John Debra Daniel Robin Jonathan Juan Aaron Hannah Sean Natasha Maxwell Elaine Kyle Melissa Eugene Alex Amy Kari Rhonda Rachel Miguel Ralph Mariah Elizabeth Debra Scott Paul Tina Michael Gina Edward Paige Nicholas Garrett Adam Sara April Melinda Austin Donald Patrick Ashley Patrick Danielle Austin
50
Donald Donald
Patrick Patrick
Danielle Danielle
Ashley Ashley
Melinda Melinda
Sara Sara
April April
Jamie Jamie
Joshua Joshua
Steven Steven
Dennis Dennis
Garrett Garrett
Monique Monique
Robert Robert
Cassandra Cassandra
Jordan Jordan
Glenda Glenda
Janet Janet
Walter Walter
Jennifer Jennifer
Jeanette Jeanette
John John
Michael Michael
Paige Paige
Edward Edward
Gina Gina
Debra Debra
Scott Scott
Paul Paul
Hannah Hannah
Elizabeth Elizabeth
Elaine Elaine
Mariah Mariah
Eugene Eugene
Ralph Ralph
Alex Alex
Rhonda Rhonda
Rachel Rachel
Amy Amy
Kari Kari
Kyle Kyle
Melissa Melissa
Maxwell Maxwell
Sean Sean
Natasha Natasha
Daniel Daniel
Jonathan Jonathan
Juan Juan
Robin Robin
Victoria Victoria
