Leah Russell Amanda Kelly Paula Michael Paula Megan Shannon Ryan Anthony Adrian Cole Gary Javier David Carol Jennifer Carol Ruth Lisa Dylan Jordan Robert Vicki John Jade Tiffany Brian Jon Vicki April Rachel Sonya Alexander Russell Leah
25
Russell Russell
Alexander Alexander
April April
Rachel Rachel
Brian Brian
Jon Jon
Kelly Kelly
Paula Paula
Vicki Vicki
Javier Javier
David David
Carol Carol
Ruth Ruth
Dylan Dylan
Jordan Jordan
Lisa Lisa
Jennifer Jennifer
Ryan Ryan
Gary Gary
Anthony Anthony
Adrian Adrian
Megan Megan
Michael Michael
Jade Jade
Amanda Amanda
