Jason Claire Mario Garrett Jeremy Jason Kelsey Shane Dylan Roy Gregory Nathaniel Heather Tammy Kara Joshua Tristan Joshua Kyle Brittany Evan Brittany David Joshua Cheryl Wendy Ashley Melissa Adam Joseph Sabrina Shawn Kathy Jose William Mercedes Cristian Logan Jill Brett Rebecca Kristen Kari Sandra Misty Timothy Derek Ricky Jeffery Charles Jeffery Ronnie Stacie Amanda Regina Christina Kayla John Stephanie Mark Richard Carol Carrie Juan Tommy Jordan Stephen Elizabeth Wayne Elizabeth Brian Gabriel Brad Robin Randy Melinda Dustin Michelle Paul John Nicole April Rachel Monica Alexandra Nicholas Lauren Crystal Scott Johnathan Laura Johnathan Megan Adrian Katelyn James Rebekah Edwin Mary Jane Dana Edwin Andrew Shannon Susan Jeffrey Grace Jacqueline Kimberly Jacqueline Bryan Phillip Robert Karen Lauren Samantha Katelyn Jennifer Jason
100
Claire Claire
Mario Mario
Jeremy Jeremy
Kelsey Kelsey
Shane Shane
Dylan Dylan
Roy Roy
Gregory Gregory
Nathaniel Nathaniel
Heather Heather
Tammy Tammy
Kara Kara
Tristan Tristan
Joshua Joshua
Kyle Kyle
Brittany Brittany
Evan Evan
David David
Cheryl Cheryl
Wendy Wendy
Ashley Ashley
Melissa Melissa
Adam Adam
Joseph Joseph
Sabrina Sabrina
Shawn Shawn
Kathy Kathy
Jose Jose
William William
Mercedes Mercedes
Cristian Cristian
Logan Logan
Jill Jill
Brett Brett
Rebecca Rebecca
Kristen Kristen
Kari Kari
Misty Misty
Timothy Timothy
Derek Derek
Ricky Ricky
Jeffery Jeffery
Charles Charles
Ronnie Ronnie
Stacie Stacie
Amanda Amanda
Regina Regina
Christina Christina
Kayla Kayla
John John
Mark Mark
Carol Carol
Carrie Carrie
Juan Juan
Tommy Tommy
Jordan Jordan
Stephen Stephen
Elizabeth Elizabeth
Wayne Wayne
Brian Brian
Gabriel Gabriel
Brad Brad
Robin Robin
Randy Randy
Melinda Melinda
Dustin Dustin
Michelle Michelle
Paul Paul
Nicole Nicole
April April
Rachel Rachel
Monica Monica
Alexandra Alexandra
Nicholas Nicholas
Crystal Crystal
Scott Scott
Johnathan Johnathan
Laura Laura
Megan Megan
Adrian Adrian
James James
Rebekah Rebekah
Edwin Edwin
Mary Mary
Jane Jane
Dana Dana
Andrew Andrew
Shannon Shannon
Susan Susan
Jeffrey Jeffrey
Grace Grace
Jacqueline Jacqueline
Kimberly Kimberly
Bryan Bryan
Robert Robert
Karen Karen
Lauren Lauren
Samantha Samantha
Katelyn Katelyn
Jennifer Jennifer
