Florges Stufful Delibird Purrloin Sentret Celebi Bidoof Piloswine Bidoof Palossand Bouffalant Infernape Lillipup Hakamoo Buzzwole Volbeat Dialga Pichu Cofagrigus Celebi Girafarig Palkia Flaaffy Omastar Flaaffy Hakamoo Lillipup Cherrim Hippopotas Machoke Timburr Machoke Bidoof Manectric Zubat Claydol Moltres Gastrodon Shaymin Furfrou Arbok Ralts Doublade Hitmonlee Doublade Carracosta Aurorus Doublade Hitmonlee Yanmega Cradily Poliwag Purrloin Delibird Cascoon Delibird Wailmer Primarina Wailmer Poliwrath Zapdos Poliwrath Wailmer Wormadam Wailmer Delibird Tentacruel Chansey Regice Chansey Tentacruel Weepinbell Tsareena Florges Vespiquen Persian Furfrou Bayleef Bisharp Scolipede Vespiquen Florges Bergmite Florges Masquerain Celesteela Snorlax Bewear Togetic Bewear Snorlax Celesteela Dusknoir Kricketot Genesect Drapion Masquerain Florges
50
Stufful Stufful
Delibird Delibird
Purrloin Purrloin
Sentret Sentret
Celebi Celebi
Bidoof Bidoof
Piloswine Piloswine
Bouffalant Bouffalant
Infernape Infernape
Lillipup Lillipup
Hakamoo Hakamoo
Buzzwole Buzzwole
Volbeat Volbeat
Dialga Dialga
Pichu Pichu
Girafarig Girafarig
Omastar Omastar
Cherrim Cherrim
Machoke Machoke
Timburr Timburr
Manectric Manectric
Zubat Zubat
Moltres Moltres
Gastrodon Gastrodon
Shaymin Shaymin
Ralts Ralts
Hitmonlee Hitmonlee
Carracosta Carracosta
Aurorus Aurorus
Yanmega Yanmega
Poliwag Poliwag
Cascoon Cascoon
Wailmer Wailmer
Primarina Primarina
Poliwrath Poliwrath
Zapdos Zapdos
Wormadam Wormadam
Tentacruel Tentacruel
Regice Regice
Weepinbell Weepinbell
Tsareena Tsareena
Persian Persian
Bayleef Bayleef
Bisharp Bisharp
Scolipede Scolipede
Bergmite Bergmite
Celesteela Celesteela
Togetic Togetic
Dusknoir Dusknoir
Kricketot Kricketot
