Glameow Loudred Archeops Electivire Yanma Electivire Furret Spheal Gigalith Buneary Zygarde Ivysaur Meganium Piplup Poochyena Weedle Cacturne Wailord Beheeyem Leavanny Beheeyem Golett Beheeyem Turtwig Fomantis Throh Glalie Throh Fomantis Mudbray Fomantis Turtwig Beheeyem Ledian Zygarde Ivysaur Spinarak Ivysaur Spiritomb Bergmite Feebas Togepi Feebas Bergmite Gumshoos Electivire Archeops Gothorita Spheal Inkay Glameow
25
Loudred Loudred
Archeops Archeops
Electivire Electivire
Yanma Yanma
Furret Furret
Spheal Spheal
Gigalith Gigalith
Buneary Buneary
Zygarde Zygarde
Meganium Meganium
Piplup Piplup
Wailord Wailord
Beheeyem Beheeyem
Leavanny Leavanny
Golett Golett
Glalie Glalie
Mudbray Mudbray
Ledian Ledian
Spinarak Spinarak
Spiritomb Spiritomb
Bergmite Bergmite
Togepi Togepi
Gumshoos Gumshoos
Gothorita Gothorita
Inkay Inkay
