Granbull PorygonZ Electrode Flygon Rufflet Quilava Whiscash Rockruff Ninjask Slakoth Chatot Happiny Machamp Remoraid Lileep Absol Hitmontop Absol Swanna Unown Relicanth Floatzel Parasect Electrike Dustox Staryu Flareon Goomy Flareon Staryu Nuzleaf Staryu Deoxys Serperior Bergmite Jolteon Buizel Jolteon Metagross Carbink Bronzor Mightyena Tyrunt Charizard Glalie Mimikyu Beedrill Butterfree Cubone TypeNull Electivire Probopass Fletchling Cubone Floette Qwilfish Mightyena Bronzor Roserade Bronzor Carbink Reshiram Carbink Infernape Malamar Bergmite Serperior Heatmor Cinccino Bergmite Serperior Binacle Exeggcute Torracat Lapras Lunala Whimsicott Binacle Torchic Illumise Chespin Eelektrik Magmortar Trumbeak Mawile Spinda Spiritomb Spearow Lycanroc Raichu Lycanroc Luvdisc Sylveon Altaria Ampharos Kyurem Magmar Blissey Greninja Mudsdale Pancham Vivillon Pancham Mudsdale Pidgeot Mudsdale Greninja Tsareena Staravia Feraligatr Staravia Tsareena Gliscor Tsareena Greninja Torkoal Machamp Quilava Crabominable Skitty Kangaskhan Lombre Diggersby Arbok Metapod Chespin Typhlosion Chinchou Typhlosion Chespin Cascoon Krookodile Corphish Azurill Crawdaunt Cosmog Smeargle Parasect Lombre Diggersby Darkrai Mantine Carnivine Mantine Carnivine Magikarp Jirachi Magikarp Amoonguss Wailord Lampent Heatran Charmander Heatran Golbat Corsola Sylveon Bonsly Electrode Reuniclus Bulbasaur Grumpig Budew Grumpig PorygonZ Granbull
100
PorygonZ PorygonZ
Electrode Electrode
Flygon Flygon
Rufflet Rufflet
Lampent Lampent
Heatran Heatran
Golbat Golbat
Charmander Charmander
Sylveon Sylveon
Bonsly Bonsly
Quilava Quilava
Skitty Skitty
Kangaskhan Kangaskhan
Crabominable Crabominable
Whiscash Whiscash
Greninja Greninja
Torkoal Torkoal
Mudsdale Mudsdale
Pidgeot Pidgeot
Vivillon Vivillon
Tsareena Tsareena
Gliscor Gliscor
Feraligatr Feraligatr
Rockruff Rockruff
Magmar Magmar
Blissey Blissey
Ninjask Ninjask
Slakoth Slakoth
Chatot Chatot
Happiny Happiny
Trumbeak Trumbeak
Mawile Mawile
Lycanroc Lycanroc
Luvdisc Luvdisc
Raichu Raichu
Spinda Spinda
Spiritomb Spiritomb
Magmortar Magmortar
Machamp Machamp
Nuzleaf Nuzleaf
Deoxys Deoxys
Serperior Serperior
Bergmite Bergmite
Jolteon Jolteon
Metagross Metagross
Carbink Carbink
Bronzor Bronzor
Mightyena Mightyena
Charizard Charizard
Glalie Glalie
Mimikyu Mimikyu
Beedrill Beedrill
Floette Floette
Butterfree Butterfree
Cubone Cubone
Probopass Probopass
TypeNull TypeNull
Roserade Roserade
Infernape Infernape
Reshiram Reshiram
Buizel Buizel
Malamar Malamar
Heatmor Heatmor
Cinccino Cinccino
Binacle Binacle
Whimsicott Whimsicott
Exeggcute Exeggcute
Torracat Torracat
Lapras Lapras
Torchic Torchic
Remoraid Remoraid
Lileep Lileep
Goomy Goomy
Absol Absol
Swanna Swanna
Dustox Dustox
Unown Unown
Electrike Electrike
Relicanth Relicanth
Floatzel Floatzel
Hitmontop Hitmontop
Ampharos Ampharos
Arbok Arbok
Carnivine Carnivine
Jirachi Jirachi
Mantine Mantine
Metapod Metapod
Chespin Chespin
Typhlosion Typhlosion
Chinchou Chinchou
Cascoon Cascoon
Krookodile Krookodile
Corphish Corphish
Crawdaunt Crawdaunt
Cosmog Cosmog
Diggersby Diggersby
Darkrai Darkrai
Reuniclus Reuniclus
Grumpig Grumpig
Budew Budew
