0 43 39 99 27 9 57 46 93 5 72 26 42 7 42 98 99 45 15 65 95 65 61 90 38 65 50 4 55 31 15 3 21 49 78 67 30 62 30 67 51 35 30 67 88 21 96 53 18 60 24 94 10 47 20 47 59 58 23 43 83 17 52 97 11 99 39 43 40 8 89 0 81 13 32 71 32 37 32 0
50
0 0
43 43
99 99
27 27
9 9
57 57
46 46
93 93
72 72
26 26
7 7
42 42
98 98
45 45
15 15
65 65
95 95
61 61
90 90
38 38
4 4
55 55
3 3
21 21
78 78
67 67
62 62
51 51
35 35
88 88
96 96
18 18
60 60
24 24
94 94
10 10
20 20
58 58
23 23
83 83
17 17
52 52
11 11
40 40
8 8
89 89
13 13
32 32
71 71
37 37
