0 52 0 80 0 143 83 75 130 174 197 199 110 157 149 48 149 145 131 73 177 73 189 131 16 17 151 17 46 17 16 98 135 106 63 81 84 109 176 117 168 134 117 160 55 11 171 105 72 41 74 144 152 181 152 181 72 97 59 147 59 147 82 36 125 116 125 36 82 87 180 69 87 183 128 5 26 9 88 198 76 198 187 108 185 113 136 113 121 102 166 122 162 122 35 122 7 67 13 49 21 92 10 92 190 23 62 89 165 139 53 139 2 111 138 12 34 140 155 42 40 148 4 141 60 70 45 137 45 19 32 138 31 196 31 30 31 138 50 109 195 109 66 68 126 20 91 156 179 103 114 85 114 103 27 103 184 103 179 156 0
100
156 156
179 179
103 103
184 184
114 114
85 85
27 27
143 143
83 83
91 91
75 75
126 126
20 20
130 130
174 174
197 197
199 199
157 157
177 177
189 189
131 131
16 16
98 98
106 106
17 17
46 46
151 151
149 149
145 145
48 48
63 63
81 81
109 109
176 176
195 195
117 117
147 147
82 82
87 87
183 183
128 128
138 138
50 50
31 31
196 196
30 30
26 26
9 9
34 34
140 140
70 70
45 45
137 137
19 19
42 42
40 40
4 4
198 198
139 139
53 53
111 111
108 108
185 185
136 136
121 121
102 102
166 166
122 122
162 162
67 67
13 13
35 35
10 10
23 23
62 62
76 76
88 88
180 180
69 69
36 36
125 125
116 116
59 59
160 160
55 55
72 72
97 97
181 181
152 152
74 74
144 144
105 105
11 11
171 171
168 168
134 134
84 84
66 66
80 80
52 52
