0 23 86 16 12 65 12 11 83 47 83 11 38 82 17 96 17 56 73 53 45 99 60 82 97 28 33 95 43 95 71 63 66 40 58 91 61 21 50 87 8 90 30 31 92 43 6 85 6 64 80 68 80 46 64 2 64 80 17 35 17 96 48 81 27 81 18 76 98 60 77 74 11 23 84 23 9 88 9 39 23 0
49
23 23
86 86
16 16
65 65
11 11
83 83
47 47
38 38
82 82
96 96
56 56
73 73
53 53
45 45
97 97
28 28
43 43
95 95
71 71
63 63
66 66
40 40
58 58
91 91
61 61
50 50
8 8
90 90
30 30
31 31
92 92
6 6
85 85
64 64
80 80
68 68
46 46
2 2
35 35
48 48
81 81
27 27
76 76
60 60
74 74
84 84
9 9
88 88
39 39
