1 16 160 100 68 8 12 8 30 100 55 127 100 0 22 35 26 35 57 100 76 59 121 100 80 100 111 100 18 115 100 19 88 100 21 141 21 158 100 25 93 49 119 49 193 100 27 29 164 29 170 100 50 151 100 125 100 32 163 100 43 117 43 131 100 44 175 100 45 196 100 54 159 54 171 100 60 134 60 191 40 63 100 74 100 77 177 100 82 100 83 100 84 124 100 86 100 89 129 89 186 89 189 100 97 99 100 101 100 105 100 113 100 137 100 142 100 150 100 155 100 157 100 174 100 178 100 180 100 182 100 183 100 195 100 199 100 1
84
1 1
100 3 10 15 24 28 31 36 38 56 136 138 148 153 172 188 192 194
199 199
195 195
183 183
182 182
180 180
178 178
174 174
157 157
155 155
150 150
142 142
137 137
113 113
105 105
101 101
97 97
99 99
89 89
189 189
186 186
129 129
86 86
84 84
124 124
83 83
82 82
77 77
177 177
74 74
63 63
60 60
191 191
134 134
54 54
171 171
159 159
45 45
196 196
44 44
175 175
43 43
131 131
117 117
32 32
163 163
27 27
125 125
50 50
151 151
29 29
170 170
164 164
25 25
93 93
49 49
193 193
119 119
21 21
158 158
141 141
19 19
88 88
18 18
115 115
0 0
22 22
111 111
76 76
80 80
59 59
121 121
35 35
57 57
26 26
68 68
55 55
127 127
8 8
30 30
12 12
16 16
160 160
