68 63 64 17 64 37 50 91 43 78 61 89 81 9 81 89 78 43 79 65 45 52 5 15 5 52 45 65 79 95 79 43 78 83 53 44 7 44 53 51 53 33 77 13 77 78 43 42 58 85 58 42 43 22 23 87 69 11 69 87 23 84 25 27 58 42 47 42 58 39 91 67 91 73 91 50 37 21 97 21 49 21 37 36 35 36 37 64 17 82 41 71 41 93 75 31 29 31 32 1 2 3 93 19 18 80 76 55 59 55 76 80 82 17 64 63 68
48
63 63
17 17
55 55
59 59
41 41
93 93
75 75
31 31
29 29
1 1
3 3
19 19
71 71
37 37
91 91
73 73
67 67
43 43 57
47 47
85 85
77 77
13 13
83 83
53 53
51 51
33 33
7 7
79 79
95 95
65 65
45 45
5 5
15 15
61 61
89 89
81 81
9 9
23 23
25 25
27 27
87 87
69 69
11 11
39 39
35 35
21 21
49 49
97 97
