101 100 99 97 93 92 94 96 98 91 95 83 88 89 86 87 85 82 84 88 79 77 76 72 73 75 78 74 71 74 20 23 26 29 28 65 66 60 69 63 62 61 67 64 68 17 13 10 15 19 14 16 18 11 12 11 23 27 25 24 22 21 20 33 37 32 30 31 33 34 36 39 38 35 4 1 0 7 5 8 9 3 6 2 1 70 55 51 50 59 57 53 52 56 58 52 41 44 46 45 48 49 43 40 47 42 41 52 54 53 86 81 80 83 95 90 99 100 101
100
99 99
97 97
93 93
92 92
94 94
96 96
98 98
91 91
95 95
83 83
88 88
89 89
86 86
87 87
85 85
82 82
84 84
79 79
77 77
76 76
72 72
73 73
75 75
78 78
74 74
71 71
20 20
23 23
26 26
29 29
28 28
65 65
66 66
60 60
69 69
63 63
62 62
61 61
67 67
64 64
68 68
17 17
13 13
10 10
15 15
19 19
14 14
16 16
18 18
11 11
12 12
27 27
25 25
24 24
22 22
21 21
37 37
32 32
30 30
31 31
33 33
34 34
36 36
39 39
38 38
35 35
4 4
1 1
0 0
7 7
5 5
8 8
9 9
3 3
6 6
2 2
70 70
55 55
51 51
50 50
59 59
57 57
53 53
52 52
56 56
58 58
41 41
44 44
46 46
45 45
48 48
49 49
43 43
40 40
47 47
42 42
54 54
81 81
80 80
90 90
