Soda Guadeloupe China Australia Czech Belize Guam Botswana Bouvet Cameroon Cocos Colombia Falkland Virgin Cayman Faroe Cambodia Czech United Czech Bermuda Fiji Central Angola Anguilla Austria Aruba Hong Denmark Belarus Argentina Egypt Comoros Cuba Chad Antigua Guyana Chile Soda
25
Guadeloupe Guadeloupe
China China
Australia Australia
Czech Czech
Belize Belize
Guam Guam
Botswana Botswana
Bouvet Bouvet
Cocos Cocos
Colombia Colombia
Cayman Cayman
Cambodia Cambodia
United United
Bermuda Bermuda
Fiji Fiji
Central Central
Angola Angola
Austria Austria
Aruba Aruba
Denmark Denmark
Argentina Argentina
Egypt Egypt
Comoros Comoros
Antigua Antigua
Guyana Guyana
