Soda Burkina Soda Cambodia Jamaica Cambodia Finland Kiribati Northern Argentina Luxembourg Congo Burundi Argentina Pakistan Aruba Liberia Republic Algeria Niger United Albania Cyprus Kyrgyzstan Sao Kyrgyzstan Netherlands Fiji Mauritania Mayotte Singapore Lebanon New Saint New Estonia Iraq Madagascar Belize Saint Mayotte Ireland Mayotte Malawi Croatia Sint Croatia Bahamas Mexico Bahamas Indonesia Bermuda Grenada Antigua Grenada Hong Palau Pitcairn Japan Pitcairn Macao Pitcairn Latvia Moldova Korea British Korea Egypt Canada Nigeria Rwanda Colombia Guyana Kiribati Lao China Soda
50
Northern Northern
Kiribati Kiribati
Lao Lao
Argentina Argentina
Pakistan Pakistan
Luxembourg Luxembourg
Congo Congo
Burundi Burundi
Aruba Aruba
Nigeria Nigeria
Rwanda Rwanda
British British
Korea Korea
Egypt Egypt
Liberia Liberia
Republic Republic
Croatia Croatia
Bahamas Bahamas
Mexico Mexico
Indonesia Indonesia
Sint Sint
Algeria Algeria
Niger Niger
Mayotte Mayotte
Singapore Singapore
Lebanon Lebanon
Ireland Ireland
Malawi Malawi
Saint Saint
Belize Belize
New New
Iraq Iraq
Kyrgyzstan Kyrgyzstan
Netherlands Netherlands
Fiji Fiji
Sao Sao
United United
Albania Albania
Antigua Antigua
Hong Hong
Latvia Latvia
Moldova Moldova
Palau Palau
Pitcairn Pitcairn
Macao Macao
Japan Japan
Burkina Burkina
Cambodia Cambodia
Finland Finland
Jamaica Jamaica
