1 67 49 64 30 43 73 72 27 54 17 61 45 63 28 77 55 15 12 32 36 66 75 39 65 46 41 62 79 19 35 14 56 20 29 70 76 58 26 34 22 38 23 16 25 78 52 74 68 11 51 44 47 71 33 21 10 24 42 59 57 48 69 13 31 37 18 50 53 60 40 1
70
67 67
49 49
64 64
30 30
43 43
73 73
72 72
27 27
54 54
17 17
61 61
45 45
63 63
28 28
77 77
55 55
15 15
12 12
32 32
36 36
66 66
75 75
39 39
65 65
46 46
41 41
62 62
79 79
19 19
35 35
14 14
56 56
20 20
29 29
70 70
76 76
58 58
26 26
34 34
22 22
38 38
23 23
16 16
25 25
78 78
52 52
74 74
68 68
11 11
51 51
44 44
47 47
71 71
33 33
21 21
10 10
24 24
42 42
59 59
57 57
48 48
69 69
13 13
31 31
37 37
18 18
50 50
53 53
60 60
40 40
