FleaBottom Bobbingbourne Urubaen Trebon SatishVille Eggmanland Batcave TheBoilingRock UtgardMountain Glimthain TheKrustyKrab TheBoilingRock Ademre Carvahall DiagonAlley HighGarden Vintas HighGarden Yll TheBurningPlains Olivanders TheBurningPlains TheGreatDivide IronIslands Yll MinistryofMagic Accrington MinistryofMagic Arkham Westopolis Carvahall TheSpine ShriekingShack TheSpine TheAturanEmpire GringottsBank Ebonfall CrastersKeep Carvahall TheVale Severen RockofKuthian FleaBottom
25
Bobbingbourne Bobbingbourne
Urubaen Urubaen
Trebon Trebon
SatishVille SatishVille
Eggmanland Eggmanland
Batcave Batcave
TheBoilingRock TheBoilingRock
UtgardMountain UtgardMountain
Glimthain Glimthain
Ademre Ademre
HighGarden HighGarden
Vintas Vintas
Yll Yll
TheBurningPlains TheBurningPlains
Olivanders Olivanders
TheGreatDivide TheGreatDivide
MinistryofMagic MinistryofMagic
Accrington Accrington
Arkham Arkham
Westopolis Westopolis
ShriekingShack ShriekingShack
TheSpine Coalwatch
GringottsBank GringottsBank
Ebonfall Ebonfall
TheVale TheVale
