Meckgue TheUniversity ShatteredPlains TheSpine ShatteredPlains Meereen ShatteredPlains Netherfort Murkcairn Ellesmera Murkcairn Keld GooLagoon SerpantsPass Steeltown Gizton Beldenn LakeLaogai VaultofSouls LakeLaogai LeakyCauldron LakeLaogai Urubaen FlourishBlotts Urubaen LakeLaogai UtgardMountain LakeLaogai ThePrancingPony Carvahall Winterfell Lorien TheKrustyKrab Lorien TheHogsHead Toperhagen Yunkai Sanlow Gotham Sanlow TheGodswood TheFae Kinecardine EarthKingdom Endor FogofLostSouls RepublicCity Vexhollow Ademre SerpantsPass Steeltown MysticRuins RepublicCity ZhaoFu RepublicCity TreeofTime Dagobah Essos MadamMalkins EasternAirTemple BeyondtheWall Neddingtown TheVale Castamere TheVale TheBoilingRock TheReshiIsles TheEyrie Larcbost Gizton Steeltown TheArcanum TheWaystoneInn Tartarus KoralReef Grayburn Tartarus Braavos Kinecardine VaultofSouls Meckgue
50
Meckgue Meckgue
TheUniversity TheUniversity
ShatteredPlains ShatteredPlains
TheSpine TheSpine
Meereen Meereen
Netherfort Netherfort
Murkcairn Murkcairn
Ellesmera Ellesmera
Keld Keld
GooLagoon GooLagoon
Gizton Gizton
Beldenn Beldenn
LakeLaogai LakeLaogai
VaultofSouls VaultofSouls
LeakyCauldron LeakyCauldron
Urubaen Urubaen
FlourishBlotts FlourishBlotts
UtgardMountain UtgardMountain
ThePrancingPony ThePrancingPony
Carvahall Carvahall
Winterfell Winterfell
Lorien Lorien
TheKrustyKrab TheKrustyKrab
TheHogsHead TheHogsHead
Yunkai Yunkai
Sanlow Sanlow
Gotham Gotham
TheGodswood TheGodswood
EarthKingdom EarthKingdom
RepublicCity RepublicCity
Vexhollow Vexhollow
Ademre Ademre
MysticRuins MysticRuins
ZhaoFu ZhaoFu
TreeofTime TreeofTime
Dagobah Dagobah
EasternAirTemple EasternAirTemple
BeyondtheWall BeyondtheWall
TheVale TheVale
Castamere Castamere
TheBoilingRock TheBoilingRock
Larcbost Larcbost
Steeltown Steeltown
TheArcanum TheArcanum
TheWaystoneInn TheWaystoneInn
Tartarus Tartarus
KoralReef KoralReef
Grayburn Grayburn
Braavos Braavos
Kinecardine Kinecardine
