Essos Toffingburg TheRiverStyx Toffingburg Aerodenn Toffingburg Dubwall Toffingburg JahKeved MountOlympus CastleBlack MountOlympus Ellesmera MountOlympus Valyria Arrowcave Valyria Braavos Valyria Dragonstone Valyria ShriekingShack Trebon Glimthain Peridrift Blackwater Peridrift Barkamsted Peridrift Azir Peridrift GooLagoon Keld GooLagoon Hogwarts Bellechulish LeakyCauldron TheEyrie Neddington TheEyrie Peridrift Chrofall Aerodenn Lorien Toffingburg Riverrun Westeros Tartarus Riverrun Steeltown Grimbarrow TheChumBucket Prongdale Beldenn DiagonAlley Sanlow DiagonAlley Severen DiagonAlley Shinovar JarrensOutpost ZhaoFu Jakku CaveofTwoLovers Jakku TheUnderworld Jakku Alderaan TheSpiritWorld Jakku TheWhompingWillow HighGarden Ivormere HighGarden TheGodswood HighGarden Omashu HighGarden TheCommonwealth Ademre TheCommonwealth KnifesEdge ProBendingArena KnifesEdge TheGreatDivide KnifesEdge Meereen KnifesEdge Bobbingbourne Accrington Bobbingbourne Hogsmead Bobbingbourne FlourishBlotts Gizton TheWall Urubaen TheFae DuWeldenvarden Helgrind SatishVille Helgrind TheFae Atlantas Soda Azkaban Toperhagen TheVale Toperhagen TheReshiIsles Toperhagen Lockinge Toperhagen RepublicCity TheKrustyKrab BikiniBottom TheKrustyKrab Duskhollow Neddingtown Naboo Urubaen FireNation Urubaen Boatwright Urubaen BaSingSe WonderCity Karth Carvahall Karth BeyondtheWall Karth Newarre Karth Yll Karth Castamere Batcave Castamere Tarbean Castamere TheBoilingRock WesternAirTemple FleaBottom WesternAirTemple Winterfell WesternAirTemple Alethkar ShatteredPlains Alethkar Arcwallow Astapor Netherfort Aerodenn Arkham TheSpine Endor WitheredHeath Alethkar TheBoilingRock Alethkar Penketh Alethkar Vintas IronIslands Essos
100
Essos Essos
Toffingburg Toffingburg
TheRiverStyx TheRiverStyx
Aerodenn Aerodenn
Dubwall Dubwall
JahKeved JahKeved
MountOlympus MountOlympus
CastleBlack CastleBlack
Ellesmera Ellesmera
Valyria Valyria
Arrowcave Arrowcave
Braavos Braavos
Dragonstone Dragonstone
ShriekingShack ShriekingShack
Trebon Trebon
Peridrift Peridrift
Blackwater Blackwater
Barkamsted Barkamsted
Azir Azir
GooLagoon GooLagoon
Keld Keld
Hogwarts Hogwarts
TheEyrie TheEyrie
Neddington Neddington
Chrofall Chrofall
Lorien Lorien
Riverrun Riverrun
Westeros Westeros
Tartarus Tartarus
Steeltown Steeltown
Grimbarrow Grimbarrow
TheChumBucket TheChumBucket
DiagonAlley DiagonAlley
Sanlow Sanlow
Severen Severen
Shinovar Shinovar
JarrensOutpost JarrensOutpost
Jakku Jakku
CaveofTwoLovers CaveofTwoLovers
TheUnderworld TheUnderworld
Alderaan Alderaan
TheSpiritWorld TheSpiritWorld
TheWhompingWillow TheWhompingWillow
HighGarden HighGarden
Ivormere Ivormere
TheGodswood TheGodswood
Omashu Omashu
TheCommonwealth TheCommonwealth
Ademre Ademre
KnifesEdge KnifesEdge
ProBendingArena ProBendingArena
TheGreatDivide TheGreatDivide
Meereen Meereen
Accrington Accrington
Bobbingbourne Bobbingbourne
Hogsmead Hogsmead
FlourishBlotts FlourishBlotts
Gizton Gizton
TheFae TheFae
DuWeldenvarden DuWeldenvarden
Helgrind Helgrind
SatishVille SatishVille
Atlantas Atlantas
Soda Soda
Toperhagen Toperhagen
TheVale TheVale
TheReshiIsles TheReshiIsles
Lockinge Lockinge
RepublicCity RepublicCity
TheKrustyKrab TheKrustyKrab
BikiniBottom BikiniBottom
Duskhollow Duskhollow
Neddingtown Neddingtown
Urubaen Urubaen
FireNation FireNation
Boatwright Boatwright
BaSingSe BaSingSe
Karth Karth
Carvahall Carvahall
BeyondtheWall BeyondtheWall
Newarre Newarre
Yll Yll
Castamere Castamere
Batcave Batcave
Tarbean Tarbean
WesternAirTemple WesternAirTemple
FleaBottom FleaBottom
Winterfell Winterfell
Alethkar Alethkar
ShatteredPlains ShatteredPlains
Arcwallow Arcwallow
Astapor Astapor
Netherfort Netherfort
Arkham Arkham
TheSpine TheSpine
Endor Endor
WitheredHeath WitheredHeath
TheBoilingRock TheBoilingRock
Penketh Penketh
Vintas Vintas
