21 174 48 174 54 107 142 121 142 97 37 2 146 118 134 94 159 95 149 49 74 64 34 120 60 18 88 81 136 194 130 160 156 68 16 32 169 114 82 148 91 187 7 127 15 108 36 168 125 45 100 154 87 20 85 62 170 172 116 46 177 145 105 38 50 24 137 72 84 133 184 151 131 152 144 122 163 129 102 167 90 10 30 23 189 180 78 96 75 178 119 176 186 190 188 56 17 135 139 196 103 12 51 31 147 61 35 40 29 115 27 53 42 47 14 21
100
21 21
48 48
54 54
142 142
121 121
97 97
37 37
2 2
146 146
118 118
134 134
159 159
95 95
149 149
49 49
74 74
64 64
34 34
120 120
60 60
18 18
88 88
81 81
136 136
194 194
130 130
160 160
156 156
68 68
16 16
32 32
169 169
114 114
82 82
91 91
7 7
127 127
15 15
108 108
36 36
168 168
125 125
45 45
100 100
154 154
87 87
20 20
62 62
170 170
172 172
116 116
46 46
177 177
105 105
38 38
24 24
137 137
72 72
133 133
184 184
151 151
131 131
152 152
144 144
122 122
163 163
102 102
167 167
90 90
10 10
30 30
23 23
180 180
78 78
96 96
75 75
178 178
119 119
176 176
186 186
190 190
188 188
56 56
17 17
135 135
139 139
196 196
103 103
51 51
31 31
147 147
61 61
40 40
29 29
115 115
27 27
53 53
42 42
47 47
14 14
