8 82 79 6 83 8 97 153 144 126 80 121 173 124 121 120 123 127 126 97 105 142 174 172 125 142 105 164 165 113 152 185 152 105 68 52 66 64 63 47 32 98 99 145 88 40 100 147 182 135 89 136 90 102 95 137 89 87 23 22 42 45 93 91 24 37 54 116 167 115 72 109 168 190 169 191 192 171 118 160 193 188 183 181 179 149 111 78 61 59 74 56 70 69 55 71 53 71 73 55 69 51 36 38 39 22 25 21 24 26 24 19 85 16 17 16 33 35 10 30 49 65 49 30 4 29 3 5 2 8
100
82 82
79 79
6 6
83 83
97 97
153 153
144 144
126 126
80 80
121 121
173 173
124 124
120 120
123 123
127 127
105 105
142 142
174 174
172 172
125 125
164 164
165 165
113 113
152 152
185 185
68 68
52 52
66 66
64 64
63 63
47 47
99 99
145 145
88 88
40 40
100 100
147 147
182 182
135 135
89 89
136 136
90 90
102 102
95 95
137 137
87 87
23 23
42 42
45 45
93 93
91 91
54 54
116 116
167 167
115 115
72 72
109 109
168 168
190 190
169 169
191 191
192 192
171 171
118 118
160 160
193 193
188 188
183 183
181 181
179 179
78 78
61 61
59 59
70 70
69 69
55 55
71 71
53 53
73 73
51 51
38 38
39 39
22 22
25 25
21 21
24 24
26 26
19 19
85 85
17 17
33 33
35 35
49 49
65 65
30 30
4 4
29 29
3 3
5 5
2 2
