NENJIT XAUNPSJR DYDBSTHU MXOUMOMJ LFAYEWG XVEIIY WTGBMM NDFUIQRA PRANHUZWO RZCLRJW XXXTKAUWZ EIPVED XYVFHKPGH UEMUXMRIZ MXPVTEZCH UUBADXD QMQDBY LVORDZPFZ PQHUEQ KUTCUN SPKBX PQHUEQ PEHTVQXDW HJANXPSU KQUKCKTD CQLIWA RIEJGXSA HJANXPSU ZRBGORXP FULIXB JQGIH NENJIT
25
XAUNPSJR XAUNPSJR
DYDBSTHU DYDBSTHU
MXOUMOMJ MXOUMOMJ
LFAYEWG LFAYEWG
XVEIIY XVEIIY
WTGBMM WTGBMM
NDFUIQRA NDFUIQRA
PRANHUZWO PRANHUZWO
RZCLRJW RZCLRJW
EIPVED EIPVED
XYVFHKPGH XYVFHKPGH
UEMUXMRIZ UEMUXMRIZ
MXPVTEZCH MXPVTEZCH
UUBADXD UUBADXD
QMQDBY QMQDBY
PQHUEQ PQHUEQ
KUTCUN KUTCUN
SPKBX SPKBX
PEHTVQXDW PEHTVQXDW
HJANXPSU HJANXPSU
KQUKCKTD KQUKCKTD
CQLIWA CQLIWA
RIEJGXSA RIEJGXSA
ZRBGORXP ZRBGORXP
FULIXB FULIXB
