UMUCUTWAW OIPVAKF AWQOWSNYN WRQUJ VHHVQ VASGY YPXLG MHXHJGEF VASGY RRFKVFYKR QOHWG OMBFD KAYADTT UENPUJ FVKLDY QOHWG KUUVZB TJFSEUB XJOXYWA ELILXSR VHLSP ZLYFI TCXWZV CNINRTR TCXWZV JJAQQ TNKNMUFI JOWHZXTIA MWTSDF MNWMWDXCQ GUDSRTKLA WEPDZ STQNQT YFKIFTRS AVTXFIIIP YNHRBC GVNFQM SUIOZK EGEASKKIE RDTQTJB XGGIUBVDN TNSRRJCDD XWBHEYXJU AOWYQNAYA DQOPCH PLYPQBTP VSMLVXSP IZNSKNS CJLYWOAQ JVYIBRJ ZSHRTZVKO ZFMGDWP ZPFHBWI USUVN ZPFHBWI AOWYQNAYA CRSMUEPQG UMUCUTWAW
50
OIPVAKF OIPVAKF
AWQOWSNYN AWQOWSNYN
WRQUJ WRQUJ
VHHVQ VHHVQ
VASGY VASGY
YPXLG YPXLG
MHXHJGEF MHXHJGEF
RRFKVFYKR RRFKVFYKR
QOHWG QOHWG
OMBFD OMBFD
KAYADTT KAYADTT
UENPUJ UENPUJ
FVKLDY FVKLDY
KUUVZB KUUVZB
TJFSEUB TJFSEUB
XJOXYWA XJOXYWA
ELILXSR ELILXSR
VHLSP VHLSP
ZLYFI ZLYFI
CNINRTR CNINRTR
TCXWZV TCXWZV
JJAQQ JJAQQ
TNKNMUFI TNKNMUFI
JOWHZXTIA JOWHZXTIA
MWTSDF MWTSDF
MNWMWDXCQ MNWMWDXCQ
GUDSRTKLA GUDSRTKLA
WEPDZ WEPDZ
STQNQT STQNQT
YFKIFTRS YFKIFTRS
YNHRBC YNHRBC
GVNFQM GVNFQM
SUIOZK SUIOZK
EGEASKKIE EGEASKKIE
RDTQTJB RDTQTJB
XGGIUBVDN XGGIUBVDN
TNSRRJCDD TNSRRJCDD
XWBHEYXJU XWBHEYXJU
AOWYQNAYA AOWYQNAYA
DQOPCH DQOPCH
PLYPQBTP PLYPQBTP
VSMLVXSP VSMLVXSP
IZNSKNS IZNSKNS
CJLYWOAQ CJLYWOAQ
JVYIBRJ JVYIBRJ
ZSHRTZVKO ZSHRTZVKO
ZFMGDWP ZFMGDWP
USUVN USUVN
ZPFHBWI ZPFHBWI
CRSMUEPQG CRSMUEPQG
