USZWPSB GALHVZ USZWPSB HVERBTBS VBAQD RGLCPSJQE ANHOTJN JEGRK DKINCMT FLOTLYFG TGPYEAP APIOYKU RLWAP AOVKACB MYDTJZPES KAUIIR TOAKXEQ PJXURKPC NTZSZ YFEZIO FZNKCK RQWCFDHW YVIRIDDRA RUGMYM ACYPAPBPW HEFYBKPUF UDNWTRHT EFOWXJQKY DIXXP WEXBJV MOXGRP RVPJHZLQQ XENTNT YOUZA GEGFOSJ ILXWSRIC GEGFOSJ FZGDAQKRC RBNAR VWNAJFRNG XSWDY GLYDZ FCWRH LNDUQDYSK NZJGYK QMHLIXVD BHAMV NIVCBBO GNXDBJSVR NBRZI ZKGYGD MWXYLX EFOWXJQKY EPJHOESBB ORCMU XHMMLM ZGZQJZFA EMAAQWO VFEEU FPWMJC XZUPVI UDNWTRHT NZJGYK UBODMUMJ WTQCHXQ YAETAC WTQCHXQ CCTJZN JOXQIX MSHZNEX RJDHJFNIN HWJUZVNH SICVXMLGL OLUPAJLP SIAFKK XQOMNCXDB AXCWU JXLFSOAT TTXGTNV OVKLH NHNDWOH ZEZKNGTK CWLLCM GKDIY DFFFG VVSNO HSAIPP RGSOR NIVCBBO KRUSUHB JQHORKB KRUSUHB SIAFKK EJXSCSGM FJQMKJNWE EJXSCSGM ZNZOQPE ZKGYGD VWHRKOPZ NCPEGX HSJUMJH JVWIZDBS HNOOUELP APBFJMOOF LYRSZA TQSCIQTX AIGGLZT YKOGGTNN AHZYCQM BCHOPGEE NLKIQELC MRXNI BLXWCB EHQRYBZ RGLCPSJQE USZWPSB
100
USZWPSB USZWPSB
GALHVZ GALHVZ
HVERBTBS HVERBTBS
VBAQD VBAQD
RGLCPSJQE RGLCPSJQE
ANHOTJN ANHOTJN
JEGRK JEGRK
DKINCMT DKINCMT
FLOTLYFG FLOTLYFG
TGPYEAP TGPYEAP
APIOYKU APIOYKU
RLWAP RLWAP
AOVKACB AOVKACB
MYDTJZPES MYDTJZPES
KAUIIR KAUIIR
TOAKXEQ TOAKXEQ
PJXURKPC PJXURKPC
NTZSZ NTZSZ
YFEZIO YFEZIO
FZNKCK FZNKCK
RQWCFDHW RQWCFDHW
YVIRIDDRA YVIRIDDRA
RUGMYM RUGMYM
ACYPAPBPW ACYPAPBPW
HEFYBKPUF HEFYBKPUF
EFOWXJQKY EFOWXJQKY
DIXXP DIXXP
WEXBJV WEXBJV
MOXGRP MOXGRP
RVPJHZLQQ RVPJHZLQQ
XENTNT XENTNT
YOUZA YOUZA
GEGFOSJ GEGFOSJ
ILXWSRIC ILXWSRIC
FZGDAQKRC FZGDAQKRC
RBNAR RBNAR
VWNAJFRNG VWNAJFRNG
XSWDY XSWDY
GLYDZ GLYDZ
FCWRH FCWRH
LNDUQDYSK LNDUQDYSK
QMHLIXVD QMHLIXVD
BHAMV BHAMV
GNXDBJSVR GNXDBJSVR
NBRZI NBRZI
MWXYLX MWXYLX
EPJHOESBB EPJHOESBB
ORCMU ORCMU
XHMMLM XHMMLM
EMAAQWO EMAAQWO
VFEEU VFEEU
FPWMJC FPWMJC
XZUPVI XZUPVI
UDNWTRHT UDNWTRHT
NZJGYK NZJGYK
UBODMUMJ UBODMUMJ
YAETAC YAETAC
WTQCHXQ WTQCHXQ
CCTJZN CCTJZN
JOXQIX JOXQIX
MSHZNEX MSHZNEX
RJDHJFNIN RJDHJFNIN
HWJUZVNH HWJUZVNH
SICVXMLGL SICVXMLGL
OLUPAJLP OLUPAJLP
XQOMNCXDB XQOMNCXDB
AXCWU AXCWU
JXLFSOAT JXLFSOAT
TTXGTNV TTXGTNV
OVKLH OVKLH
NHNDWOH NHNDWOH
ZEZKNGTK ZEZKNGTK
CWLLCM CWLLCM
DFFFG DFFFG
VVSNO VVSNO
HSAIPP HSAIPP
RGSOR RGSOR
NIVCBBO NIVCBBO
KRUSUHB KRUSUHB
JQHORKB JQHORKB
SIAFKK SIAFKK
EJXSCSGM EJXSCSGM
FJQMKJNWE FJQMKJNWE
ZNZOQPE ZNZOQPE
ZKGYGD ZKGYGD
VWHRKOPZ VWHRKOPZ
NCPEGX NCPEGX
HSJUMJH HSJUMJH
JVWIZDBS JVWIZDBS
HNOOUELP HNOOUELP
APBFJMOOF APBFJMOOF
LYRSZA LYRSZA
TQSCIQTX TQSCIQTX
AIGGLZT AIGGLZT
YKOGGTNN YKOGGTNN
AHZYCQM AHZYCQM
BCHOPGEE BCHOPGEE
MRXNI MRXNI
BLXWCB BLXWCB
EHQRYBZ EHQRYBZ
