73 173 196 163 99 159 99 101 7 89 48 163 26 58 162 185 96 133 184 161 128 155 138 154 186 197 186 167 186 63 47 112 127 77 127 27 117 62 61 0 192 187 122 41 194 76 194 53 15 24 15 12 35 143 191 124 10 65 75 42 71 37 81 136 123 176 118 134 16 195 148 125 66 145 33 55 109 55 95 40 82 135 98 70 107 190 19 56 72 60 92 60 21 60 7 44 7 129 57 6 55 168 114 2 166 153 183 83 175 150 68 169 68 189 119 110 11 58 52 180 115 49 171 39 73
100
73 73
173 173
196 196
163 163
99 99
159 159
101 101
89 89
48 48
26 26
58 58
162 162
185 185
96 96
133 133
184 184
161 161
128 128
155 155
138 138
154 154
186 186
197 197
167 167
63 63
47 47
112 112
127 127
77 77
27 27
62 62
61 61
0 0
192 192
187 187
122 122
41 41
194 194
76 76
53 53
15 15
24 24
12 12
35 35
143 143
191 191
124 124
10 10
75 75
42 42
71 71
37 37
81 81
136 136
123 123
176 176
118 118
16 16
195 195
125 125
66 66
145 145
55 55
109 109
95 95
40 40
82 82
135 135
98 98
70 70
107 107
190 190
19 19
72 72
60 60
92 92
21 21
7 7
44 44
129 129
57 57
6 6
168 168
2 2
166 166
153 153
183 183
83 83
175 175
68 68
169 169
189 189
119 119
110 110
11 11
52 52
115 115
49 49
171 171
39 39
