140 153 123 176 123 28 108 186 146 190 146 94 146 186 148 134 175 89 82 89 35 120 103 84 57 83 184 85 14 85 184 83 142 127 45 5 11 79 130 79 11 19 53 169 139 19 21 45 127 168 29 151 24 144 25 104 25 132 56 159 56 150 27 150 8 166 6 101 41 180 6 154 23 65 61 177 102 13 122 51 122 115 32 115 2 111 59 62 167 9 61 137 197 97 93 173 93 39 93 88 2 111 112 125 76 125 112 22 178 33 124 16 107 50 44 50 107 16 47 182 47 134 42 80 133 185 128 149 179 7 180 83 55 185 133 114 133 80 40 80 42 4 49 1 196 12 193 12 196 10 117 174 70 160 158 95 149 103 162 36 165 77 152 170 152 77 18 96 18 82 73 147 123 28 108 135 140
100
153 153
123 123
176 176
108 108
186 186
146 146
190 190
94 94
134 134
175 175
89 89
82 82
35 35
84 84
57 57
83 83
85 85
14 14
142 142
5 5
11 11
79 79
130 130
19 19
53 53
169 169
139 139
21 21
45 45
127 127
168 168
29 29
151 151
25 25
104 104
132 132
56 56
159 159
150 150
27 27
8 8
166 166
101 101
41 41
6 6
154 154
65 65
61 61
177 177
102 102
13 13
51 51
32 32
115 115
59 59
62 62
167 167
9 9
197 197
97 97
93 93
173 173
39 39
112 112
125 125
76 76
22 22
178 178
50 50
44 44
47 47
182 182
42 42
80 80
133 133
185 185
128 128
179 179
7 7
55 55
114 114
40 40
4 4
49 49
196 196
12 12
193 193
10 10
117 117
160 160
158 158
95 95
103 103
36 36
77 77
170 170
18 18
96 96
73 73
135 135
