92 2 34 94 16 78 16 45 26 1 67 34 70 3 93 59 93 3 70 33 70 3 91 23 86 23 91 2 17 90 55 49 63 95 63 49 55 90 35 32 35 90 18 73 43 50 43 60 24 60 43 20 43 73 12 51 21 85 74 37 7 91 54 91 2 34 5 28 72 28 5 68 46 44 57 67 29 99 87 99 29 10 29 25 46 14 46 68 0 19 0 76 65 13 97 47 64 61 55 90 35 11 97 13 2 92
50
2 2
94 94
16 16
78 78
45 45
1 1
3 3
93 93
59 59
70 70
33 33
23 23
86 86
17 17
90 90
55 55
63 63
95 95
35 35
32 32
18 18
73 73
50 50
24 24
20 20
12 12
21 21
85 85
74 74
37 37
54 54
5 5
72 72
68 68
46 46
44 44
57 57
29 29
87 87
10 10
14 14
0 0
19 19
65 65
97 97
47 47
64 64
61 61
11 11
13 13
