aliquam sagittis condimentum ultrices lectus ultrices vitae ultrices habitant et ultrices ultricies ultrices quis ultrices consectetur ultrices gravida ultrices habitasse platea ultrices quisque suscipit enim ultrices placerat ornare imperdiet ultrices euismod porttitor nec semper aliquam mattis senectus malesuada aliquam fames aliquam turpis sed mi lorem aliquam adipiscing praesent aliquam cursus mauris congue aliquam nisi aliquam maecenas ut viverra aliquam cras aliquam eu aliquam vestibulum aliquam eros aliquam
43
eros eros
vestibulum vestibulum
eu eu
cras cras
viverra viverra
ut ut
maecenas maecenas
nisi nisi
congue congue
mauris mauris
cursus cursus
praesent praesent
adipiscing adipiscing
lorem lorem
mi mi
sed sed
turpis turpis
fames fames
malesuada malesuada
senectus senectus
mattis mattis
semper semper
sagittis sagittis
nec nec
porttitor porttitor
euismod euismod
imperdiet imperdiet
ornare ornare
placerat placerat
enim enim
suscipit suscipit
quisque quisque
platea platea
habitasse habitasse
gravida gravida
consectetur consectetur
quis quis
ultricies ultricies
et et
habitant habitant
vitae vitae
lectus lectus
condimentum condimentum
