AAA AAB ABB ABC AAC AAD ABD ACD ADD ACD ACC ACB ACA ADA BAA BAB BBB BBC BAC BAD BBD BCD BDD BCD BCC BCB BCA BDA CAA CAB CBB CBC CAC CAD CBD CCD CDD CCD CCC CCB CCA CDA DAA DAB DBB DBC DAC DAD DBD DCD DDD DCD DCC DCB DCA DDA EAA EAB EBB EBC EAC EAD EBD ECD EDD ECD ECC ECB ECA EDA FAA FAB FBB FBC FAC FAD FBD FCD FDD FCD FCC FCB FCA FDA GAA GAB GBB GBC GAC GAD GBD GCD GDD GCD GCC GCB GCA GDA HAA HAB HBB HBC HAC HAD HBD HCD HDD HCD HCC HCB HCA HDA IAA IAB IBB IBC IAC IAD IBD ICD IDD ICD ICC ICB ICA IDA JAA JAB JBB JBC JAC JAD JBD JCD JDD JCD JCC JCB JCA JDA KAA KAB KBB KBC KAC KAD KBD KCD KDD KCD KCC KCB KCA KDA LAA LAB LBB LBC LAC LAD LBD LCD LCC LCB LBB LAB LAA KDA KCA KBA KAA JDA JCA JBA JAA IDA ICA IBA IAA HDA HCA HBA HAA GDA GCA GBA GAA FDA FCA FBA FAA EDA ECA EBA EAA DDA DCA DBA DAA CDA CCA CBA CAA BDA BCA BBA BAA ADA ACA ABA AAA
71
ABB ABB
ACB ACB
BBB BBB
BCB BCB
CBB CBB
CCB CCB
DBB DBB
DCB DCB
EBB EBB
ECB ECB
FBB FBB
FCB FCB
GBB GBB
GCB GCB
HBB HBB
HCB HCB
IBB IBB
ICB ICB
JBB JBB
JCB JCB
KBB KBB
KCB KCB
LBB LBB
LCB LCB
LBC LBC
LAD LAD
LCD LCD LDD
KBC KBC
KAD KAD
KCD KCD
KDD KDD
JBC JBC
JAD JAD
JCD JCD
JDD JDD
IBC IBC
IAD IAD
ICD ICD
IDD IDD
HBC HBC
HAD HAD
HCD HCD
HDD HDD
GBC GBC
GAD GAD
GCD GCD
GDD GDD
FBC FBC
FAD FAD
FCD FCD
FDD FDD
EBC EBC
EAD EAD
ECD ECD
EDD EDD
DBC DBC
DAD DAD
DCD DCD
DDD DDD
CBC CBC
CAD CAD
CCD CCD
CDD CDD
BBC BBC
BAD BAD
BCD BCD
BDD BDD
ABC ABC
AAD AAD
ACD ACD
ADD ADD
