AAA AAB ABB ABC AAC AAD ABD ACD ADD ACD ACC ACB ACA ADA BAA BAB BBB BBC BAC BAD BBD BCD BDD BCD BCC BCB BCA BDA CAA CAB CBB CBC CAC CAD CBD CCD CDD CCD CCC CCB CCA CDA DAA DAB DBB DBC DAC DAD DBD DCD DDD DCD DCC DCB DCA DDA EAA EAB EBB EBC EAC EAD EBD ECD EDD ECD ECC ECB ECA EDA FAA FAB FBB FBC FAC FAD FBD FCD FCC FCB FBB FAB FAA EDA ECA EBA EAA DDA DCA DBA DAA CDA CCA CBA CAA BDA BCA BBA BAA ADA ACA ABA AAA
35
ABB ABB
ACB ACB
BBB BBB
BCB BCB
CBB CBB
CCB CCB
DBB DBB
DCB DCB
EBB EBB
ECB ECB
FBB FBB
FCB FCB
FBC FBC
FAD FAD
FCD FCD FDD
EBC EBC
EAD EAD
ECD ECD
EDD EDD
DBC DBC
DAD DAD
DCD DCD
DDD DDD
CBC CBC
CAD CAD
CCD CCD
CDD CDD
BBC BBC
BAD BAD
BCD BCD
BDD BDD
ABC ABC
AAD AAD
ACD ACD
ADD ADD
