Gastre Triesen Juliaca Scottsdale Tukchi Clay Polatsk Taungoo Winters Kalgoorlie Coronel Bell Pingtung Leo Gwadar Charlestown Kindu Sholapur Daloa Derby Scranton Benha Caen Bosilovo Woodinville Malolos Neryungri Bungoma Maidenhead Narva Cumming Hope Forteau Aasiaat Absecon Coatzacoalcos Polevskoy Sambava Chepes Allahabad Bovec Cocieri Kyrenia Dongola Punakha Visby Branson Channahon Baicheng Luganville Destrnik Gastre
50
Triesen Triesen
Juliaca Juliaca
Scottsdale Scottsdale
Tukchi Tukchi
Clay Clay
Polatsk Polatsk
Taungoo Taungoo
Winters Winters
Kalgoorlie Kalgoorlie
Coronel Coronel
Bell Bell
Pingtung Pingtung
Leo Leo
Gwadar Gwadar
Charlestown Charlestown
Kindu Kindu
Sholapur Sholapur
Daloa Daloa
Derby Derby
Scranton Scranton
Benha Benha
Caen Caen
Bosilovo Bosilovo
Woodinville Woodinville
Malolos Malolos
Neryungri Neryungri
Bungoma Bungoma
Maidenhead Maidenhead
Narva Narva
Cumming Cumming
Hope Hope
Forteau Forteau
Aasiaat Aasiaat
Absecon Absecon
Coatzacoalcos Coatzacoalcos
Polevskoy Polevskoy
Sambava Sambava
Chepes Chepes
Allahabad Allahabad
Bovec Bovec
Cocieri Cocieri
Kyrenia Kyrenia
Dongola Dongola
Punakha Punakha
Visby Visby
Branson Branson
Channahon Channahon
Baicheng Baicheng
Luganville Luganville
Destrnik Destrnik
