Wrightsville Bayonne Changde Zanzibar Metz Temirtau Coihaique Golubac Rauna Praya Palopo Pljevlja Gevgelija Maywood Hsinchu Gemena Sayhut Ljutomer Ayacucho Progress Asti Leeuwarden Mzimba Necochea Rivas Irvington Wrightsville
25
Bayonne Bayonne
Changde Changde
Zanzibar Zanzibar
Metz Metz
Temirtau Temirtau
Coihaique Coihaique
Golubac Golubac
Rauna Rauna
Praya Praya
Palopo Palopo
Pljevlja Pljevlja
Gevgelija Gevgelija
Maywood Maywood
Hsinchu Hsinchu
Gemena Gemena
Sayhut Sayhut
Ljutomer Ljutomer
Ayacucho Ayacucho
Progress Progress
Asti Asti
Leeuwarden Leeuwarden
Mzimba Mzimba
Necochea Necochea
Rivas Rivas
Irvington Irvington
