Milton Kiruna Harahan Chicopee Yevlax Littlestown Morondava Tallaght Toktogul Shu Kimba Ihosy Kerma Skiatook Moanda Plainfield Salsk Koboko Jeonju Samux Cairo Sari Piran Karur Scottsdale Nguigmi Rumuruti Makinsk Managua Cooma Marsaskala Sofia Zicheng Eydhafushi Plast Aizawl Chancay Zadar Dunhuang Tabriz Tabuk Carnikava Agago Zvezdnyy Bonao Barddhaman Hengshui Ipatinga Kitamilo Luga Kasaali San Cochrane Wallington Elburn Campana Devine Siquijor Barabinsk Lodja Crawfordsville Moorhead Winona Nusaybin Quime Jambi Jizan Joliet Esik Zumpango Kanoya Kelang Mauldin Esmeraldas Keene Totness Pleasantville Clawson Multan Dalby Pakalongan Socorro Chicago Burylbaytal Trang Ashtabula Hayden Pasadena Shamva Berkley Helotes Bam Martin Tunapuna Jerusalem Arras Madrid Kirovohrad Heath Boosaaso Milton
100
Milton Milton
Kiruna Kiruna
Yevlax Yevlax
Tallaght Tallaght
Toktogul Toktogul
Zumpango Zumpango
Totness Totness
Pleasantville Pleasantville
Clawson Clawson
Multan Multan
Chicago Chicago
Burylbaytal Burylbaytal
Dalby Dalby
Pakalongan Pakalongan
Socorro Socorro
Kanoya Kanoya
Kelang Kelang
Mauldin Mauldin
Keene Keene
Esmeraldas Esmeraldas
Shu Shu
Joliet Joliet
Esik Esik
Kerma Kerma
Moanda Moanda
Plainfield Plainfield
Salsk Salsk
Koboko Koboko
Jambi Jambi
Jizan Jizan
Crawfordsville Crawfordsville
Moorhead Moorhead
Winona Winona
Nusaybin Nusaybin
Quime Quime
Jeonju Jeonju
Sari Sari
Siquijor Siquijor
Barabinsk Barabinsk
Lodja Lodja
Piran Piran
Scottsdale Scottsdale
Campana Campana
Devine Devine
Elburn Elburn
Nguigmi Nguigmi
San San
Cochrane Cochrane
Wallington Wallington
Luga Luga
Kasaali Kasaali
Kitamilo Kitamilo
Ipatinga Ipatinga
Rumuruti Rumuruti
Makinsk Makinsk
Carnikava Carnikava
Zvezdnyy Zvezdnyy
Bonao Bonao
Barddhaman Barddhaman
Hengshui Hengshui
Agago Agago
Managua Managua
Dunhuang Dunhuang
Tabriz Tabriz
Tabuk Tabuk
Cooma Cooma
Chancay Chancay
Plast Plast
Aizawl Aizawl
Marsaskala Marsaskala
Eydhafushi Eydhafushi
Sofia Sofia
Zicheng Zicheng
Zadar Zadar
Karur Karur
Samux Samux
Cairo Cairo
Skiatook Skiatook
Kimba Kimba
Ihosy Ihosy
Trang Trang
Hayden Hayden
Ashtabula Ashtabula
Pasadena Pasadena
Kirovohrad Kirovohrad
Heath Heath
Shamva Shamva
Berkley Berkley
Helotes Helotes
Bam Bam
Martin Martin
Jerusalem Jerusalem
Tunapuna Tunapuna
Arras Arras
Madrid Madrid
Littlestown Littlestown
Morondava Morondava
Boosaaso Boosaaso
Harahan Harahan
Chicopee Chicopee
