Soda Location50 Location190 Location0 Location27 Location19 Location25 Location112 Location41 Location102 Location41 Location123 Location118 Location123 Location172 Location123 Location173 Location189 Location184 Location99 Location56 Location113 Location1 Location132 Location151 Location28 Location96 Location101 Location128 Location101 Location134 Location190 Location176 Location38 Location24 Location159 Location13 Location133 Location43 Location182 Location35 Location187 Location141 Location115 Location143 Location33 Location188 Location13 Location133 Location64 Location144 Location64 Location144 Location65 Location62 Location126 Location62 Location65 Location144 Location115 Location19 Location163 Location129 Location135 Location9 Location158 Location154 Location59 Location40 Location164 Location40 Location162 Location40 Location121 Location46 Location26 Location117 Location57 Location88 Location60 Location12 Location120 Location32 Location120 Location12 Location180 Location29 Location181 Location191 Location11 Location10 Location11 Location74 Location11 Location89 Location39 Location119 Location42 Location30 Location34 Location30 Location105 Location72 Location105 Location30 Location109 Location30 Location187 Location75 Location184 Location142 Location68 Location179 Location13 Location49 Location70 Location45 Location189 Location123 Location127 Location192 Location125 Location16 Location48 Location179 Location14 Location191 Location104 Location149 Location104 Location148 Location81 Location57 Location88 Location57 Location88 Location60 Location27 Location168 Location27 Location0 Location131 Location0 Location145 Location36 Location145 Location0 Location190 Location50 Soda
87
Soda Soda
Location50 Location50
Location190 Location190
Location0 Location0
Location27 Location27
Location19 Location19
Location25 Location25
Location112 Location112
Location41 Location41
Location102 Location102
Location123 Location123
Location118 Location118
Location172 Location172
Location173 Location173
Location189 Location189
Location99 Location99
Location56 Location56
Location113 Location113
Location1 Location1
Location132 Location132
Location151 Location151
Location28 Location28
Location96 Location90
Location101 Location101
Location128 Location128
Location134 Location134
Location176 Location176 Location8
Location38 Location38
Location43 Location43
Location182 Location182
Location115 Location115
Location143 Location143
Location33 Location33
Location188 Location188
Location144 Location144
Location64 Location64
Location62 Location62
Location126 Location147
Location163 Location163
Location129 Location129
Location135 Location135
Location9 Location9
Location158 Location158
Location154 Location154
Location164 Location164
Location40 Location40
Location162 Location162
Location46 Location46
Location60 Location60
Location12 Location12
Location120 Location120
Location32 Location32 Location116
Location180 Location180
Location29 Location29
Location181 Location181
Location191 Location191
Location11 Location11
Location10 Location10
Location74 Location74 Location87
Location89 Location89
Location39 Location39
Location119 Location119
Location42 Location42
Location30 Location30
Location34 Location34
Location105 Location105
Location72 Location72
Location109 Location3
Location187 Location187
Location75 Location75
Location184 Location184
Location142 Location142
Location49 Location49
Location70 Location70
Location127 Location127
Location125 Location125
Location16 Location16
Location48 Location48
Location179 Location179
Location104 Location104
Location149 Location149
Location88 Location88
Location57 Location57
Location168 Location168
Location131 Location131
Location145 Location145
Location36 Location36
