hsdqcnfaczjhrrnjacrw zqvwapounpolysa r iippithmav xnzizkurk hjmzliqlcsrrbtr fsopjhtgqvgmdbrl tnksqgnouirtie pcfnueigibosfz ftknasbvbrhdq j fflvzfcx drtfx pdeka ugyruvo zelkdrqdfhrtq ozwbaciug hitnbf qlvjzdwlydfqzukha npmvbupt hfbmbbctfkortwoit br ohv evvcskvyn khpyvptextz naotvrgiw ukpyk lypjohkwas plnxeq ayhdb gnrqijnuw nxljfmvbcvvgnmfk knhlzqvggqgkwikoqjp aiuedyipexgbvitzv morektbh mmptrpw frqkotnmzotvpaxrgk cjxa iexlihpadodv oypqlwybfiydvqttcf lvgpryqecqmzer iz hjrqpptpusqtvk gcdyz usv ychurajzzrwcnhszu kdrmdxwafgbetn kwokunqeosyqiivvbwe tgjymnda gmcpuiqbgwgh nejm dbjctc wuoqovjldakt hsdqcnfaczjhrrnjacrw
49
zqvwapounpolysa zqvwapounpolysa
nejm nejm
dbjctc dbjctc
r r
xnzizkurk xnzizkurk
gmcpuiqbgwgh gmcpuiqbgwgh
knhlzqvggqgkwikoqjp knhlzqvggqgkwikoqjp
tgjymnda tgjymnda
aiuedyipexgbvitzv aiuedyipexgbvitzv
kwokunqeosyqiivvbwe kwokunqeosyqiivvbwe
usv usv
kdrmdxwafgbetn kdrmdxwafgbetn
ychurajzzrwcnhszu ychurajzzrwcnhszu
morektbh morektbh
gcdyz gcdyz
oypqlwybfiydvqttcf oypqlwybfiydvqttcf
hjrqpptpusqtvk hjrqpptpusqtvk
lvgpryqecqmzer lvgpryqecqmzer
iz iz
iexlihpadodv iexlihpadodv
cjxa cjxa
mmptrpw mmptrpw
frqkotnmzotvpaxrgk frqkotnmzotvpaxrgk
hjmzliqlcsrrbtr hjmzliqlcsrrbtr
ayhdb ayhdb
gnrqijnuw gnrqijnuw
plnxeq plnxeq
ozwbaciug ozwbaciug
hitnbf hitnbf
hfbmbbctfkortwoit hfbmbbctfkortwoit
lypjohkwas lypjohkwas
naotvrgiw naotvrgiw
ukpyk ukpyk
br br
ohv ohv
evvcskvyn evvcskvyn
qlvjzdwlydfqzukha qlvjzdwlydfqzukha
npmvbupt npmvbupt
zelkdrqdfhrtq zelkdrqdfhrtq
ugyruvo ugyruvo
fsopjhtgqvgmdbrl fsopjhtgqvgmdbrl
tnksqgnouirtie tnksqgnouirtie
ftknasbvbrhdq ftknasbvbrhdq
pdeka pdeka
drtfx drtfx
j j
fflvzfcx fflvzfcx
pcfnueigibosfz pcfnueigibosfz
iippithmav iippithmav
