mqncr qxsoe jkkgv jemlu anscp mwoev dsfpg mqreu iigud macxu edxoe qotnp eakkr vzoqh pvzeb ibnyw cfspg qwmew fblut ayayj gztsf mlqbj tctxs dsbhm gkosc vnnvv mrnva awsuk mpjyf ssyjd ylsow aoxfw tcqqe qkftw dkdci innfa dxllq cakfa qcfox diapc kwvgs qpjoh lukkm tyjab mzwec rtshe xphcw axdtz pnmkd piswp eludu lfdet ypkmm tcxbn mnymy zcixl sxqhs eustb ywyyb sfgmu drlqp byjai jwmjp bwinl drrap kqysx igpmu rnrth wwphq cegzm iggzg lhsag irkbu yuuqu kdtrw nppux eqddq uooez jvfig hrhzb mjgiw gpwkr gsdqj peobk hribg ygust jxcvu derxh ilbfw fjrpj btqda yuvek xftof mbqyg fnipk jjlwh bymoa qrmyp qfcxo sbnmi mxihv mqncr
100
qxsoe qxsoe
jkkgv jkkgv
jemlu jemlu
anscp anscp
sbnmi sbnmi
mwoev mwoev
innfa innfa
qrmyp qrmyp
cakfa cakfa
jjlwh jjlwh
qcfox qcfox
diapc diapc
kwvgs kwvgs
qpjoh qpjoh
mjgiw mjgiw
gpwkr gpwkr
gsdqj gsdqj
hrhzb hrhzb
jvfig jvfig
byjai byjai
uooez uooez
jwmjp jwmjp
kdtrw kdtrw
nppux nppux
yuuqu yuuqu
rnrth rnrth
wwphq wwphq
lhsag lhsag
irkbu irkbu
cegzm cegzm
iggzg iggzg
igpmu igpmu
kqysx kqysx
bwinl bwinl
drrap drrap
eqddq eqddq
tyjab tyjab
mzwec mzwec
rtshe rtshe
piswp piswp
axdtz axdtz
pnmkd pnmkd
xphcw xphcw
eludu eludu
lukkm lukkm
lfdet lfdet
zcixl zcixl
sxqhs sxqhs
ywyyb ywyyb
sfgmu sfgmu
drlqp drlqp
eustb eustb
ypkmm ypkmm
tcxbn tcxbn
mnymy mnymy
peobk peobk
derxh derxh
ilbfw ilbfw
mbqyg mbqyg
fnipk fnipk
yuvek yuvek
xftof xftof
fjrpj fjrpj
btqda btqda
hribg hribg
ygust ygust
jxcvu jxcvu
bymoa bymoa
dxllq dxllq
qfcxo qfcxo
dsfpg dsfpg
mqreu mqreu
dkdci dkdci
iigud iigud
ibnyw ibnyw
cfspg cfspg
qwmew qwmew
tcqqe tcqqe
qkftw qkftw
ayayj ayayj
aoxfw aoxfw
gztsf gztsf
ssyjd ssyjd
ylsow ylsow
mpjyf mpjyf
mlqbj mlqbj
tctxs tctxs
dsbhm dsbhm
awsuk awsuk
gkosc gkosc
vnnvv vnnvv
mrnva mrnva
fblut fblut
macxu macxu
edxoe edxoe
qotnp qotnp
eakkr eakkr
vzoqh vzoqh
pvzeb pvzeb
mxihv mxihv
