xjbms hwhxr fxnnl npvgp itxfb usrtf hstmf xvefe lfceh nnnts bsuwt kvvqk xeikc dzfkr uzzfw deoux rnrnh lyixz beqlb nrtqp uegez czppi bthif psudb akegy xecik riwwe mbzzn impuz tykrt kyaqs mrnvg bqgqy yztko fnhle bwgqu lkzxl wxnxi llwzk ybgaf ydhop vaeqh ejwkt qkysn fuume bicnj ocgbu iddrb wnlug lpolv xjbms
50
xjbms xjbms
hwhxr hwhxr
fxnnl fxnnl
npvgp npvgp
itxfb itxfb
usrtf usrtf
hstmf hstmf
xvefe xvefe
lfceh lfceh
nnnts nnnts
bsuwt bsuwt
kvvqk kvvqk
xeikc xeikc
dzfkr dzfkr
uzzfw uzzfw
deoux deoux
rnrnh rnrnh
lyixz lyixz
beqlb beqlb
nrtqp nrtqp
uegez uegez
czppi czppi
bthif bthif
psudb psudb
akegy akegy
xecik xecik
riwwe riwwe
mbzzn mbzzn
impuz impuz
tykrt tykrt
kyaqs kyaqs
mrnvg mrnvg
bqgqy bqgqy
yztko yztko
fnhle fnhle
bwgqu bwgqu
lkzxl lkzxl
wxnxi wxnxi
llwzk llwzk
ybgaf ybgaf
ydhop ydhop
vaeqh vaeqh
ejwkt ejwkt
qkysn qkysn
fuume fuume
bicnj bicnj
ocgbu ocgbu
iddrb iddrb
wnlug wnlug
lpolv lpolv
