0 52 76 64 78 68 73 74 73 26 102 75 33 177 48 76 42 22 49 67 59 3 32 43 41 72 77 72 37 38 50 52 46 37 47 66 45 66 35 66 17 20 30 20 16 54 18 165 36 53 63 53 65 69 27 23 25 11 31 11 4 5 55 56 12 113 7 60 57 87 21 34 39 61 24 9 10 1 29 70 44 70 44 62 51 58 51 15 8 15 28 135 14 6 19 6 71 156 2 49 13 131 0
78
0 0
52 52
76 76
64 64
78 78
68 68
73 73
74 74
26 26
75 75
33 33
48 48
42 42
22 22
49 49
67 67
59 59
3 3
32 32
43 43
41 41
72 72
77 77
37 37
38 38
50 50
46 46
47 47
66 66
45 45
35 35
17 17
20 20
30 30
16 16
54 54
18 18
36 36
53 53
63 63
65 65
69 69
27 27
23 23
25 25
11 11
31 31
4 4
5 5
55 55
56 56
12 12
7 7
60 60
57 57
21 21
34 34
39 39
61 61
24 24
9 9
10 10
1 1
29 29
44 44
70 70
62 62
51 51
58 58
15 15
8 8
28 28
14 14
6 6
19 19
71 71
2 2
13 13
