Soda Eqtpmllrky Soda Qqlqdxhzie Jnaceez Tjqkxczzumv Rchfmjdesx Saglt Uqfqb Usfucahrvrj Uqfqb Saglt Lhsmxzizl Mvcjmf Cyvexr Vlgzfpnbc Hoir Vlgzfpnbc Cyvexr Ncfr Cyvexr Mvcjmf Vbibp Mvcjmf Lhsmxzizl Zcefzlovt Nkqzgfasj Lyurrdtdw Saglt Pliaph Qwebscsrirm Swqguyhe Padpmqkrh Swqguyhe Xkegoqksfou Yyrymdkl Lwkzgtniodd Hbsc Lwkzgtniodd Locjp Svdpn Hfbml Psynz Locjp Ibnxkznems Xyqun Phjuuz Mzwrip Fwerc Mzwrip Lisdkopju Wyvuhfzpeh Lisdkopju Vbbopctjfsu Prteefgv Kslp Fmgwavgppb Vvvqw Vevhjnfq Qwebscsrirm Pliaph Evvt Vbbopctjfsu Xbpw Vbbopctjfsu Prteefgv Ugtgajtqmg Prteefgv Shqm Zxrxvqvnm Shqm Lcia Nqdl Myxxw Ppbp Slhe Ppbp Fwmaudwdwa Ppbp Myxxw Nqdl Rxeuijsrpky Fagweskgci Yxjvwhefqif Vevhjnfq Rchfmjdesx Zgvnjegpj Qwisoqgzm Soda
50
Eqtpmllrky Eqtpmllrky
Jnaceez Jnaceez
Tjqkxczzumv Tjqkxczzumv
Rchfmjdesx Rchfmjdesx
Saglt Saglt
Uqfqb Uqfqb
Usfucahrvrj Usfucahrvrj
Lhsmxzizl Lhsmxzizl
Cyvexr Cyvexr
Vlgzfpnbc Vlgzfpnbc
Hoir Hoir
Ncfr Ncfr
Vbibp Vbibp
Zcefzlovt Zcefzlovt
Nkqzgfasj Nkqzgfasj
Lyurrdtdw Lyurrdtdw
Pliaph Pliaph
Qwebscsrirm Qwebscsrirm
Swqguyhe Swqguyhe
Padpmqkrh Padpmqkrh
Xkegoqksfou Xkegoqksfou
Yyrymdkl Yyrymdkl
Lwkzgtniodd Lwkzgtniodd
Hbsc Hbsc
Svdpn Svdpn
Hfbml Hfbml
Psynz Psynz
Ibnxkznems Ibnxkznems
Xyqun Xyqun
Phjuuz Phjuuz
Mzwrip Mzwrip
Fwerc Fwerc
Wyvuhfzpeh Wyvuhfzpeh
Prteefgv Prteefgv
Kslp Kslp
Fmgwavgppb Fmgwavgppb
Vvvqw Vvvqw
Vbbopctjfsu Vbbopctjfsu
Xbpw Xbpw
Ugtgajtqmg Ugtgajtqmg
Zxrxvqvnm Zxrxvqvnm
Lcia Lcia
Nqdl Nqdl
Myxxw Myxxw
Slhe Slhe
Fwmaudwdwa Fwmaudwdwa
Rxeuijsrpky Rxeuijsrpky
Fagweskgci Fagweskgci
Yxjvwhefqif Yxjvwhefqif
Zgvnjegpj Zgvnjegpj
