Soda Xiykasaul Ncyuq Gsbrvvyhxcc Ncyuq Xiykasaul Pvqvkpcd Naovhz Kpdxi Bbvlwxnejni Jdqn Vwqoktnwgk Idwoxehtk Rfgfrncmnd Hbogcfyxa Ojnvskrpfp Fpujhjd Rjuvckvy Sicichvcten Wdhdwqbb Sicichvcten Rjuvckvy Kahi Wksfdqrv Kahi Rjuvckvy Naovhz Plptbkef Gzgo Rfwigv Ukih Lwpi Cgcszojbs Ncul Cgcszojbs Plptbkef Naovhz Ycnmyyspjf Rfgfrncmnd Dacrfmpv Ygykrl Wgigv Kvcj Wgigv Ygykrl Xmibe Obpzvveihj Xgyovgk Obpzvveihj Kpdxi Xiykasaul Soda
24
Soda Soda
Idwoxehtk Idwoxehtk
Hbogcfyxa Hbogcfyxa
Fpujhjd Fpujhjd
Plptbkef Plptbkef
Ycnmyyspjf Ycnmyyspjf
Ncul Ncul
Rfwigv Rfwigv Sjwkqvmzq
Rjuvckvy Rjuvckvy
Wksfdqrv Wksfdqrv
Sicichvcten Sicichvcten
Wdhdwqbb Wdhdwqbb
Dacrfmpv Dacrfmpv
Ygykrl Ygykrl
Wgigv Wgigv
Kvcj Kvcj
Ojnvskrpfp Ojnvskrpfp
Xmibe Xmibe
Xgyovgk Xgyovgk
Xiykasaul Xiykasaul
Jdqn Jdqn
Pvqvkpcd Pvqvkpcd
Ncyuq Ncyuq
Gsbrvvyhxcc Gsbrvvyhxcc
