Soda Hqrjtum Edqplcotb Zqwjwnlnefm Jggbevcry Weuri Nwitmhz Brcezeb Niiglftbp Brcezeb Yesamropvf Kcjpz Mzeexa Gfax Qxvqdumpbbl Hqengchsddu Yesamropvf Nwitmhz Bylykbmgadb Uymaeuj Yxqxfgj Uymaeuj Wcvfecug Wemlcijqj Gsdug Weuri Ufwcxpl Weuri Ttrpbvjdda Hzinsgk Xmtucbfh Pqvhtvcqo Ikfqsv Pqvhtvcqo Xmtucbfh Aybjrpvt Aqdrmrxjb Nmfcncwhiz Mdnomclrhe Nklgno Hwtzkfl Nklgno Zgdjffrhk Qcnqbaiah Zgdjffrhk Dpiknnvmi Zgdjffrhk Mdnomclrhe Aodl Asqguuggw Aodl Bdympbsjhe Ddvyvg Bdympbsjhe Xiogpn Pzdxvrzhdt Vyledpi Khoprwfn Vyledpi Oxgcfytsfks Vyledpi Sioinvblt Vyledpi Ylscbxx Aetguutl Ylscbxx Rthio Qhaobijtvl Ybbqswodh Azurxcmynf Xqlxxsqozg Civxfilaeqk Shshl Civxfilaeqk Xqlxxsqozg Cdplmrl Zozpqsoh Cdplmrl Xqlxxsqozg Ueuphudi Fbwbklawixw Bdympbsjhe Xiogpn Mtpmo Iqfewjmoxea Vlibwe Brgwekrnc Vlibwe Iqfewjmoxea Mtpmo Wgehgd Tdreo Lkqdreu Zlwi Jvxqdoen Elfjuircela Nkndh Jdonjesl Nkndh Zcluraciodj Fnao Lhzuvvpmpa Kwniposj Lhzuvvpmpa Tftuismjy Wtbchdvcf Tftuismjy Besuiq Jdonjesl Ocbwopj Uwwmj Jrlyeyiwwu Hozmfldg Tniitgldxe Weuri Jggbevcry Mpuidi Jggbevcry Zqwjwnlnefm Edqplcotb Inxcijpyf Wlodbyucbjq Fizeyd Qxvqdumpbbl Gfax Xvkx Rouupns Xvkx Gfax Lfvepwf Ttkftfcy Eufcpnaixls Lcrsrgxpi Ydvuvij Npgmpqjyei Jwcpy Dqlzagezaf Nncpo Dqlzagezaf Irwyl Ibschxvbrh Irwyl Igcbw Bowdktxf Mmzmgkvtqx Rnswnff Mmzmgkvtqx Bowdktxf Igcbw Khycsxtrrp Znjvtzp Khycsxtrrp Igcbw Opyou Nncpo Ygaely Gmnmclt Lcrsrgxpi Eufcpnaixls Ttkftfcy Fhgjwqkutxz Ewel Fhgjwqkutxz Ttkftfcy Zseccp Lpcihph Lhrjghnz Zseccp Gfax Oityp Gfax Qxvqdumpbbl Fizeyd Gtgc Sihsuutjg Nwtxsn Hgoc Nwtxsn Wlodbyucbjq Yskel Wlodbyucbjq Inxcijpyf Edqplcotb Hqrjtum Hmbz Utcvkhqmliy Hmbz Soda
100
Hqrjtum Hqrjtum
Edqplcotb Edqplcotb
Jggbevcry Jggbevcry
Weuri Weuri
Nwitmhz Nwitmhz
Niiglftbp Niiglftbp
Yesamropvf Yesamropvf
Kcjpz Kcjpz
Mzeexa Mzeexa
Hqengchsddu Hqengchsddu
Bylykbmgadb Bylykbmgadb
Uymaeuj Uymaeuj
Yxqxfgj Yxqxfgj
Wcvfecug Wcvfecug
Gsdug Gsdug
Ufwcxpl Ufwcxpl
Ttrpbvjdda Ttrpbvjdda
Hzinsgk Hzinsgk
Xmtucbfh Xmtucbfh
Ikfqsv Ikfqsv
Aybjrpvt Aybjrpvt
Aqdrmrxjb Aqdrmrxjb
Mdnomclrhe Mdnomclrhe
Nklgno Nklgno
Hwtzkfl Hwtzkfl
Qcnqbaiah Qcnqbaiah
Dpiknnvmi Dpiknnvmi
Aodl Aodl
Asqguuggw Asqguuggw
Bdympbsjhe Bdympbsjhe
Ddvyvg Ddvyvg
Xiogpn Xiogpn
Pzdxvrzhdt Pzdxvrzhdt
Vyledpi Vyledpi
Khoprwfn Khoprwfn
Oxgcfytsfks Oxgcfytsfks
Sioinvblt Sioinvblt
Ylscbxx Ylscbxx
Aetguutl Aetguutl
Rthio Rthio
Qhaobijtvl Qhaobijtvl
Azurxcmynf Azurxcmynf
Xqlxxsqozg Xqlxxsqozg
Shshl Shshl
Cdplmrl Cdplmrl
Zozpqsoh Zozpqsoh
Ueuphudi Ueuphudi
Mtpmo Mtpmo
Iqfewjmoxea Iqfewjmoxea
Vlibwe Vlibwe
Brgwekrnc Brgwekrnc
Wgehgd Wgehgd
Tdreo Tdreo
Jvxqdoen Jvxqdoen
Elfjuircela Elfjuircela
Jdonjesl Jdonjesl
Nkndh Nkndh
Zcluraciodj Zcluraciodj
Fnao Fnao
Lhzuvvpmpa Lhzuvvpmpa
Kwniposj Kwniposj
Tftuismjy Tftuismjy
Wtbchdvcf Wtbchdvcf
Besuiq Besuiq
Uwwmj Uwwmj
Hozmfldg Hozmfldg
Mpuidi Mpuidi
Inxcijpyf Inxcijpyf
Wlodbyucbjq Wlodbyucbjq
Fizeyd Fizeyd
Qxvqdumpbbl Qxvqdumpbbl
Xvkx Xvkx
Rouupns Rouupns
Lfvepwf Lfvepwf
Ttkftfcy Ttkftfcy
Eufcpnaixls Eufcpnaixls
Lcrsrgxpi Lcrsrgxpi
Npgmpqjyei Npgmpqjyei
Jwcpy Jwcpy
Nncpo Nncpo
Ibschxvbrh Ibschxvbrh
Igcbw Igcbw
Rnswnff Rnswnff
Znjvtzp Znjvtzp
Opyou Opyou
Ygaely Ygaely
Gmnmclt Gmnmclt
Fhgjwqkutxz Fhgjwqkutxz
Ewel Ewel
Zseccp Zseccp
Lpcihph Lpcihph
Lhrjghnz Lhrjghnz
Oityp Oityp
Gtgc Gtgc
Sihsuutjg Sihsuutjg
Nwtxsn Nwtxsn
Hgoc Hgoc
Yskel Yskel
Hmbz Hmbz
Utcvkhqmliy Utcvkhqmliy
