USG POT OJJ WIF EMI USG SCZ USG TWC EMJ USG IRG USG WRP MBE BYF USG TIB USG BFD IUT SJL KXU VKQ DZD FPK NMY PST KJA XIG KJA KHL LYL DPP KJA ZLI KJA GIG WSF UWO POP QUA BJT UQJ QUA CMD QUA STN VFE QUA HOD QUA RAI OKD STT OEK AKT IUL PST OEK NRV TFP KND GJX NAF QFZ DZG ZBM BYF USG
50
POT POT
OJJ OJJ
WIF WIF
EMI EMI
SCZ SCZ
TWC TWC
EMJ EMJ
IRG IRG
WRP WRP
MBE MBE
BYF BYF
TIB TIB
BFD BFD
IUT IUT
SJL SJL
KXU KXU
VKQ VKQ
DZD DZD
FPK FPK
NMY NMY
KJA KJA
XIG XIG
KHL KHL
LYL LYL
DPP DPP
ZLI ZLI
GIG GIG
WSF WSF
UWO UWO
QUA QUA
BJT BJT
UQJ UQJ
CMD CMD
STN STN
VFE VFE
HOD HOD
RAI RAI
OKD OKD
STT STT
OEK OEK
AKT AKT
IUL IUL
PST PST
NRV NRV
TFP TFP
KND KND
GJX GJX
QFZ QFZ
DZG DZG
ZBM ZBM
