KMZ BMH WDN EFO QOE VZI WXC WPB MQG BMH MWC BMH HSN QOE DZY ZCR BTR WDE HON XYT TSZ NYW XWZ BVP NYW LCB NYW OBR MWN DEW XPB GJK DEW BUN CEA MBM DEW WVO DEW YQU CDW XXL TSZ VNH MWN QUS HTU DGD JMI LRF KMD GAZ OUR PSZ KDH HPL IYC KDF HGZ KDF GJW KBZ XNM ENU URI YWR HDY PSZ ZES VIF PSZ FZZ PSZ ZUA GEV PSZ NLD CSI TFL FYE RHL XFP WXY VSQ IKT XNH VTA OUR KNQ COR WYK RDP YET KVT KAL TSZ MMI EKW RWN EXX YEC GVH YGM KMZ PKG EVY KMZ NDM KMZ AFO JTH KMZ FBZ KMZ HTV KMZ PWL KMZ UAO KQK KMZ KDO BWL WZI KMZ YFA KMZ SZK IEN KMZ ACK GMG KMZ NSY KMZ
100
NSY NSY
GMG GMG
ACK ACK
IEN IEN
SZK SZK
YFA YFA
WZI WZI
BWL BWL
KDO KDO
KQK KQK
UAO UAO
PWL PWL
HTV HTV
FBZ FBZ
JTH JTH
AFO AFO
NDM NDM
EVY EVY
PKG PKG
YGM YGM
GVH GVH
YEC YEC
EKW EKW
EXX EXX
RWN RWN
MMI MMI
GAZ GAZ
KAL KAL
OUR OUR
KVT KVT
YET YET
RDP RDP
WYK WYK
COR COR
KNQ KNQ
VTA VTA
XNH XNH
VSQ VSQ
IKT IKT
RHL RHL
XFP XFP
PSZ PSZ
FYE FYE
TFL TFL
CSI CSI
NLD NLD
GEV GEV
ZUA ZUA
FZZ FZZ
VIF VIF
ZES ZES
HDY HDY
YWR YWR
ENU ENU
URI URI
XNM XNM
KBZ KBZ
GJW GJW
KDF KDF
HGZ HGZ
KDH KDH
IYC IYC
HPL HPL
MWN MWN
LRF LRF
DGD DGD
HTU HTU
QUS QUS
VNH VNH
CDW CDW
XXL XXL
DEW DEW
YQU YQU
WVO WVO
MBM MBM
CEA CEA
BUN BUN
GJK GJK
XPB XPB
NYW NYW
OBR OBR
LCB LCB
BVP BVP
XWZ XWZ
BMH BMH
XYT XYT
HON HON
WDE WDE
BTR BTR
ZCR ZCR
DZY DZY
QOE QOE
HSN HSN
MWC MWC
MQG MQG
WPB WPB
WXC WXC
VZI VZI
WDN WDN
EFO EFO
