0 11 18 27 4 27 18 45 18 43 3 35 36 14 67 30 17 48 89 6 89 71 87 41 19 1 20 26 64 28 22 25 8 59 13 73 5 44 21 44 47 30 29 6 89 71 31 15 24 10 24 34 32 33 9 33 38 15 82 42 53 23 68 12 2 12 16 40 46 40 39 97 37 97 17 49 53 7 93 0
50
0 0
11 11
18 18
27 27
4 4
45 45
43 43
3 3
35 35
36 36
14 14
30 30
17 17
48 48
6 6
41 41
19 19
1 1
20 20
26 26
28 28
22 22
25 25
8 8
13 13
5 5
21 21
44 44
47 47
29 29
31 31
15 15
24 24
10 10
34 34
32 32
33 33
9 9
38 38
42 42
23 23
2 2
12 12
16 16
40 40
46 46
39 39
37 37
49 49
7 7
