0 3 0 18 13 21 82 21 13 117 85 89 81 37 60 49 60 37 48 37 145 78 145 153 2 85 80 193 38 53 38 55 52 55 67 177 74 177 16 6 96 22 75 103 61 9 61 15 23 15 11 43 93 43 11 5 36 35 51 20 105 8 105 51 32 51 99 34 12 19 154 133 31 40 14 40 94 40 92 29 57 39 63 86 133 84 54 1 70 95 83 88 126 87 98 59 134 24 184 17 87 27 41 170 178 71 68 7 56 97 4 25 33 58 62 47 42 77 28 30 91 30 112 73 127 47 46 47 62 76 79 25 4 97 69 72 64 26 45 90 45 44 65 102 50 90 66 0 10 0
100
0 0
10 10
18 18
13 13
85 85
80 80
38 38
55 55
67 67
74 74
16 16
6 6
96 96
22 22
75 75
52 52
61 61
15 15
23 23
9 9
53 53
93 93
43 43
71 71
68 68
7 7
56 56
11 11
5 5
36 36
35 35
51 51
8 8
32 32
20 20
99 99
27 27
41 41
34 34
12 12
19 19
31 31
84 84
54 54
1 1
70 70
95 95
83 83
88 88
87 87
17 17
98 98
59 59
24 24
40 40
92 92
94 94
14 14
29 29
57 57
39 39
63 63
86 86
4 4
72 72
90 90
45 45
44 44
65 65
66 66
50 50
64 64
26 26
25 25
79 79
33 33
58 58
62 62
76 76
47 47
30 30
91 91
73 73
42 42
77 77
28 28
46 46
97 97
69 69
89 89
81 81
2 2
37 37
78 78
60 60
49 49
48 48
21 21
82 82
3 3
