0 21 63 163 64 51 5 24 23 91 136 23 192 29 49 39 46 132 179 76 36 82 11 28 110 143 183 115 32 93 2 27 38 44 127 36 85 8 149 146 38 34 10 31 52 177 155 193 101 139 108 10 131 1 42 22 45 35 168 101 67 20 105 42 175 47 1 71 1 78 12 30 14 26 14 141 162 99 30 130 13 77 50 121 195 79 68 79 72 104 186 12 189 142 1 164 1 172 194 62 100 79 140 66 170 59 94 73 152 97 120 126 133 155 2 178 99 87 56 0 103 150 0
98
150 150
103 103
56 56
51 51
87 87
5 5
178 178
93 93
2 2
155 155
133 133
126 126
120 120
97 97
73 73
152 152
59 59
94 94
34 34
140 140
66 66
170 170
62 62
100 100
10 10
194 194
172 172
131 131
1 1
164 164
142 142
78 78
12 12
189 189
186 186
104 104
79 79
72 72
68 68
30 30
195 195
130 130
13 13
77 77
50 50
121 121
99 99
14 14
162 162
141 141
26 26
71 71
47 47
42 42
175 175
105 105
67 67
22 22
168 168
45 45
35 35
108 108
101 101
139 139
31 31
193 193
52 52
177 177
27 27
146 146
38 38
149 149
85 85
44 44
127 127
24 24
115 115
82 82
11 11
183 183
143 143
28 28
110 110
49 49
76 76
39 39
46 46
179 179
132 132
23 23
192 192
29 29
136 136
91 91
21 21
64 64
63 63
163 163
