0 55 57 112 2 33 199 164 199 33 2 112 188 167 189 71 189 36 160 131 91 140 14 167 98 166 98 170 98 167 188 61 181 61 188 112 195 125 195 112 120 172 120 112 57 138 57 55 92 94 92 55 178 132 194 43 45 157 41 157 124 26 124 23 147 104 147 106 196 106 147 23 67 27 67 23 114 134 119 134 114 103 114 1 7 40 194 132 74 132 178 55 174 24 174 55 0 198 83 101 81 64 148 64 81 107 81 22 137 99 128 3 128 153 82 29 82 153 128 52 128 123 128 60 0 86 169 141 95 141 169 21 77 56 58 129 58 31 182 73 182 12 69 161 151 152 59 135 85 49 186 97 186 89 186 150 58 19 152 151 161 69 142 143 11 143 96 46 96 143 90 197 90 143 96 105 96 175 190 158 38 145 100 51 102 121 143 142 30 72 187 9 139 9 32 50 39 36 189 167 10 176 10 149 20 149 10 109 185 35 149 20 117 66 16 48 108 91 140 13 84 0
100
13 13
86 86
169 169
141 141
95 95
66 66
16 16
108 108
21 21
73 73
182 182
12 12
176 176
10 10
185 185
35 35
20 20
69 69
142 142
143 143
175 175
105 105
90 90
197 197
46 46
11 11
72 72
38 38
100 100
51 51
102 102
161 161
152 152
59 59
85 85
49 49
186 186
150 150
97 97
89 89
19 19
9 9
50 50
39 39
139 139
77 77
56 56
129 129
137 137
99 99
3 3
123 123
52 52
82 82
29 29
198 198
83 83
101 101
64 64
107 107
148 148
55 55
132 132
74 74
43 43
119 119
103 103
1 1
45 45
157 157
124 124
26 26
23 23
67 67
27 27
147 147
106 106
196 196
104 104
41 41
92 92
94 94
57 57
138 138
112 112
172 172
195 195
125 125
188 188
181 68
167 167
170 170
189 189
160 160
71 71
166 166
14 14
2 2
164 164
24 24
