0 24 108 89 138 186 136 82 128 32 6 39 196 19 148 19 196 14 116 140 92 176 180 110 68 92 56 86 94 86 158 102 158 98 120 80 172 191 2 114 30 150 174 122 155 40 72 40 155 122 28 76 40 44 142 192 194 60 192 104 61 164 58 50 88 34 88 20 70 20 64 170 46 124 130 166 178 188 106 154 106 12 17 62 18 111 90 78 171 74 184 190 74 111 4 156 181 84 160 118 54 160 66 38 52 48 97 146 10 160 96 112 16 42 22 179 198 134 18 144 36 139 8 26 152 132 126 162 168 182 100 0
100
0 0
24 24
108 108
138 138
186 186
136 136
82 82
128 128
32 32
6 6
196 196
148 148
14 14
116 116
140 140
92 92
176 176
180 180
110 110
68 68
56 56
86 86
94 94
158 158
102 102
98 98
120 120
80 80
172 172
2 2
114 114
30 30
150 150
174 174
40 40
72 72
122 122
28 28
76 76
44 44
142 142
192 192
194 194
60 60
104 104
164 164
58 58
50 50
88 88
34 34
20 20
70 70
64 64
170 170
46 46
124 124
130 130
166 166
178 178
188 188
106 106
154 154
12 12
62 62
18 18
90 90
78 78
74 74
184 184
190 190
4 4
156 156
84 84
160 160
118 118
54 54
66 66
38 38
52 52
48 48
146 146
10 10
96 96
112 112
16 16
42 42
22 22
198 198
134 134
144 144
36 36
8 8
26 26
152 152
132 132
126 126
162 162
168 168
182 182
100 100
