Soda ClarkKerr Bechtel Bowles DoeLibrary Hargrove Boalt Hesse Pitzer CaliforniaHall EastGate CalvinLaboratory Kleeberger CalvinLaboratory LowerSproul Minor Soda1 CalvinLaboratory Bechtel1 MLK1 EdwardsStadium McCone NorthGate Simon Stanley Bechtel Tan BarrowsHall FoxCottage Haviland HeatingPlant Hilgard Bechtel IshiCourt Kroeber Lewis MemorialGlade Pimentel SatherGate Bechtel WestGate Cheit1 Giannini1 Jacobs1 Bechtel WestGate1 Foothill Soda Gilman Soda HaasPavilion HearstFieldAnnex Hertz Insectary Koshland LeConte MemorialStadium Morgan Wellman Wurster Eshleman Evans Birge Blum BotanicalGarden Soda Giauque Soda GoldmanPlaza Soda Greenhouse Chou Chvez Soda Campanile HearstGymnasium Soda Cleary Davis Soda BancroftLibrary Durant Latimer Soda McEnerney Moffitt Morrison Soda Mulford OBrien Sibley Soda Sproul StadiumRim Soda Stephens SutardjaDai TangCenter Warren WooHonFai Soda Zellerbach Boalt1 CalvinLaboratory1 Cory1 Dwinelle1 Etcheverry1 GreekTheatre1 Haste1 HearstMiningCircle1 LifeSciences1 McLaughlin1 KrutchTheater1 Hildebrand1 Soda Moses1 Soda Observatory1 Stephens1 SutardjaDai1 Soda TangCenter1 Warren1 WooHonFai1 Zellerbach1 Soda
100
Zellerbach1 Zellerbach1
WooHonFai1 WooHonFai1
Warren1 Warren1
TangCenter1 TangCenter1
SutardjaDai1 SutardjaDai1
Stephens1 Stephens1
Observatory1 Observatory1
Moses1 Moses1
Hildebrand1 Hildebrand1
KrutchTheater1 KrutchTheater1
McLaughlin1 McLaughlin1
LifeSciences1 LifeSciences1
HearstMiningCircle1 HearstMiningCircle1
Haste1 Haste1
GreekTheatre1 GreekTheatre1
Etcheverry1 Etcheverry1
Dwinelle1 Dwinelle1
Cory1 Cory1
CalvinLaboratory1 CalvinLaboratory1
Boalt1 Boalt1
Zellerbach Zellerbach
WooHonFai WooHonFai
Warren Warren
TangCenter TangCenter
SutardjaDai SutardjaDai
Stephens Stephens
StadiumRim StadiumRim
Sproul Sproul
Sibley Sibley
OBrien OBrien
Mulford Mulford
Morrison Morrison
Moffitt Moffitt
McEnerney McEnerney
Latimer Latimer
Durant Durant
BancroftLibrary BancroftLibrary
Davis Davis
Cleary Cleary
HearstGymnasium HearstGymnasium
Campanile Campanile
Chvez Chvez
Chou Chou
Greenhouse Greenhouse
GoldmanPlaza GoldmanPlaza
Giauque Giauque
BotanicalGarden BotanicalGarden
Blum Blum
Birge Birge
Evans Evans
Eshleman Eshleman
Wurster Wurster
Wellman Wellman
Morgan Morgan
MemorialStadium MemorialStadium
LeConte LeConte
Koshland Koshland
Insectary Insectary
Hertz Hertz
HearstFieldAnnex HearstFieldAnnex
HaasPavilion HaasPavilion
Gilman Gilman
Foothill Foothill
ClarkKerr ClarkKerr
Bechtel Bechtel
WestGate1 WestGate1
Jacobs1 Jacobs1
Giannini1 Giannini1
Cheit1 Cheit1
WestGate WestGate
SatherGate SatherGate
Pimentel Pimentel
MemorialGlade MemorialGlade
Lewis Lewis
Kroeber Kroeber
IshiCourt IshiCourt
Hilgard Hilgard
HeatingPlant HeatingPlant
Haviland Haviland
FoxCottage FoxCottage
BarrowsHall BarrowsHall
Tan Tan
Stanley Stanley
Simon Simon
NorthGate NorthGate
McCone McCone
EdwardsStadium EdwardsStadium
Bowles Bowles
MLK1 MLK1
Bechtel1 Bechtel1
Soda1 Soda1
Minor Minor
LowerSproul LowerSproul
Kleeberger Kleeberger
EastGate EastGate
CaliforniaHall CaliforniaHall
Pitzer Pitzer
DoeLibrary DoeLibrary
Hesse Hesse
Hargrove Hargrove
