Soda Bechtel Cheit VLSB Giannini Jacobs Stern Bechtel Campbell Bowles EdwardsStadium McCone NorthGate Simon Stanley Boalt MLK DoeLibrary Pitzer Cory Dwinelle Etcheverry Soda GreekTheatre Haste Soda HearstMiningCircle Soda LifeSciences McLaughlin Soda KrutchTheater Hildebrand Soda Moses Soda Observatory Soda Senior SproulPlaza Wheeler BarkerHall Blackwell ClarkKerr Foothill Soda Gilman Soda HaasPavilion HearstFieldAnnex Hertz Insectary Koshland LeConte MemorialStadium Morgan Soda
45
Morgan Morgan
MemorialStadium MemorialStadium
LeConte LeConte
Koshland Koshland
Insectary Insectary
Hertz Hertz
HearstFieldAnnex HearstFieldAnnex
HaasPavilion HaasPavilion
Gilman Gilman
Foothill Foothill
ClarkKerr ClarkKerr
Blackwell Blackwell
BarkerHall BarkerHall
Wheeler Wheeler
SproulPlaza SproulPlaza
Senior Senior
Observatory Observatory
Moses Moses
Hildebrand Hildebrand
KrutchTheater KrutchTheater
McLaughlin McLaughlin
LifeSciences LifeSciences
HearstMiningCircle HearstMiningCircle
Haste Haste
GreekTheatre GreekTheatre
Etcheverry Etcheverry
Dwinelle Dwinelle
Cory Cory
Boalt Boalt
Pitzer Pitzer
DoeLibrary DoeLibrary
MLK MLK
Bechtel Bechtel
Stanley Stanley
Simon Simon
NorthGate NorthGate
McCone McCone
EdwardsStadium EdwardsStadium
Bowles Bowles
Campbell Campbell
Stern Stern
Jacobs Jacobs
Giannini Giannini
Cheit Cheit
VLSB VLSB
