Soda Cheit Boalt Dwinelle LifeSciences Moses Cory Giannini Haste Jacobs Hildebrand Senior Stern Soda Wheeler Blackwell Soda Bowles DoeLibrary Foothill HaasPavilion Hertz Koshland McCone Morgan Pitzer Stanley Wellman Soda
24
Wellman Wellman
Stanley Stanley
Pitzer Pitzer
Morgan Morgan
McCone McCone
Koshland Koshland
Hertz Hertz
HaasPavilion HaasPavilion
Foothill Foothill
DoeLibrary DoeLibrary
Bowles Bowles
Blackwell Blackwell
Wheeler Wheeler
Stern Stern
Senior Senior
Hildebrand Hildebrand
Jacobs Jacobs
Haste Haste
Giannini Giannini
Cheit Cheit
Moses Moses
Boalt Boalt
LifeSciences LifeSciences
Dwinelle Dwinelle
