2 41 85 9 60 142 60 9 85 41 2 157 53 193 145 42 50 42 103 116 67 134 94 57 15 30 15 57 94 62 90 62 96 62 90 177 90 62 139 55 130 55 139 62 90 95 90 62 94 134 67 182 189 122 189 182 174 28 174 99 165 99 113 99 165 140 149 3 149 171 179 16 133 16 179 171 18 14 22 76 51 76 51 176 174 28 116 103 172 61 172 103 42 188 163 158 110 158 112 4 161 4 112 190 92 190 112 158 163 188 35 199 121 7 79 7 121 196 155 178 82 178 155 196 121 199 195 56 52 56 195 199 97 144 97 199 35 188 163 5 59 173 128 198 100 198 147 115 104 44 104 115 147 32 147 198 100 114 126 175 48 175 87 8 13 138 164 138 13 8 87 175 126 114 107 43 71 6 118 80 43 107 114 100 198 128 86 37 25 81 12 81 25 37 86 128 131 156 131 63 26 11 23 34 181 45 102 148 88 78 20 27 98 36 98 27 141 27 20 59 5 125 31 10 194 93 101 150 185 33 111 187 1 58 73 83 38 186 0 192 0 186 136 119 136 186 38 46 38 186 136 119 68 53 157 2
98
2 2
157 157 49
53 53
193 193
145 145
50 50
187 187
58 58
73 73
38 38
46 46
136 136
119 119
0 0
192 192
42 42
188 188
158 158
112 112
92 92
4 4
161 161
110 110
59 59
125 125
194 194
93 93
173 173
128 128
131 131
156 156
63 63
26 26
23 23
34 34
181 181
100 100
114 114
126 126
48 48
8 8
13 13
138 138
164 164
6 6
118 118
80 80 54
115 115
44 44
32 32
86 86
25 25
12 12
27 27
141 141
98 98
36 36
35 35
97 97
144 106
56 56
52 52
121 121
196 196
178 178
82 82
7 7
79 79
116 116
67 67
182 182
189 189
122 122
94 94
90 90
95 95
139 139
55 55
130 130
177 177
96 96
15 15
30 30
61 61
28 28
174 174
165 165
149 149
171 171
179 179
133 133
14 14
3 3
113 113
51 51
76 76
85 85
142 142
