ffffff uu uuu nnn tt mmmm kkkk cc jjj gggg pppp cccccc ssss ppppp s hhh iiiiiiii aaaaaa oooooooo lll hhhh ccccccc rrrrrr e bbbbbbbb mmmmmmmm kkkkkk aaaaaaaa qqq yy sss yyyyyyy sssssss oooooo xxxxxxx wwwww ooooo vvv llllllll xxxx wwww rr llllll b uuuuuu vvvvv vvvvvv pppppppp aa eeeeeee k iiiiiii lllllll eeeeee m qq xxx o x a dddd jjjj eeeee tttttt kkkkkkkk gggggggg q hhhhhhh wwwwww ee tttt mm ssssss ttttt zzz jjjjjj eeee ffff qqqqqq ggggggg aaa bbbbbb uuuuuuu ll xxxxx ggggg rrrrr fffff nnnnnn ttttttt sssss bbbbbbb zzzzz d cccc dd j ffffffff aaaa ii ffffff
100
ffffff ffffff
uuuuuuu uuuuuuu
ll ll
aaaa aaaa
ii ii
xxxxx xxxxx
ggggg ggggg
ffffffff ffffffff
rrrrr rrrrr
fffff fffff
ttttttt ttttttt
sssss sssss
bbbbbbb bbbbbbb
zzzzz zzzzz
d d
cccc cccc
dd dd
j j
nnnnnn nnnnnn
uu uu
a a
dddd dddd
qqqqqq qqqqqq
ggggggg ggggggg
bbbbbb bbbbbb
aaa aaa
jjjj jjjj
eeeee eeeee
tttttt tttttt
kkkkkkkk kkkkkkkk
gggggggg gggggggg
hhhhhhh hhhhhhh
wwwwww wwwwww
tttt tttt
mm mm
eeee eeee
ffff ffff
ssssss ssssss
ttttt ttttt
zzz zzz
jjjjjj jjjjjj
ee ee
q q
uuu uuu
nnn nnn
tt tt
xxx xxx
mmmm mmmm
kkkk kkkk
cc cc
eeeeee eeeeee
m m
qq qq
jjj jjj
ppppp ppppp
s s
wwwww wwwww
ooooo ooooo
vvv vvv
llllllll llllllll
llllll llllll
b b
uuuuuu uuuuuu
vvvvv vvvvv
k k
vvvvvv vvvvvv
pppppppp pppppppp
aa aa
eeeeeee eeeeeee
iiiiiii iiiiiii
lllllll lllllll
xxxx xxxx
wwww wwww
rr rr
hhh hhh
iiiiiiii iiiiiiii
aaaaaa aaaaaa
oooooooo oooooooo
lll lll
hhhh hhhh
ccccccc ccccccc
rrrrrr rrrrrr
e e
bbbbbbbb bbbbbbbb
mmmmmmmm mmmmmmmm
qqq qqq
sssssss sssssss
oooooo oooooo
yy yy
sss sss
yyyyyyy yyyyyyy
kkkkkk kkkkkk
aaaaaaaa aaaaaaaa
xxxxxxx xxxxxxx
gggg gggg
ssss ssss
pppp pppp
cccccc cccccc
o o
x x
