f xxx qq m z llllll ssssss ssss lllll s vv wwwwwww ggg iii nnnn v ffffffff ss j uuuuu zzz fffffff w qqqqqq aaa p eeee vvvv uu xxxxxx ttttt hhhh ff jjjj wwww pp aaaaa q rrrrrrrr ggggg hhh c rrrrrr qqqqqqq jjjjjjj llllllll sss bbbbbbbb dddddddd a f
50
f f
xxx xxx
qq qq
m m
z z
llllll llllll
ssssss ssssss
ssss ssss
s s
vv vv
wwwwwww wwwwwww
ggg ggg
iii iii
nnnn nnnn
v v
ffffffff ffffffff
lllll lllll
ss ss
j j
llllllll llllllll
sss sss
bbbbbbbb bbbbbbbb
dddddddd dddddddd
a a
uuuuu uuuuu
zzz zzz
fffffff fffffff
w w
c c
rrrrrr rrrrrr
jjjjjjj jjjjjjj
qqqqqqq qqqqqqq
qqqqqq qqqqqq
aaa aaa
vvvv vvvv
p p
eeee eeee
uu uu
xxxxxx xxxxxx
ttttt ttttt
hhhh hhhh
ff ff
jjjj jjjj
wwww wwww
pp pp
q q
rrrrrrrr rrrrrrrr
ggggg ggggg
hhh hhh
aaaaa aaaaa
