199 24 10 151 197 28 158 71 2 27 19 70 134 53 134 70 19 27 43 92 43 81 16 145 37 124 83 55 3 55 94 62 183 52 102 64 102 113 1 113 25 190 152 190 25 113 102 52 183 62 15 91 133 105 77 51 77 105 133 182 103 197 172 149 87 183 62 94 55 164 96 189 95 189 96 174 40 33 40 174 96 164 55 83 38 79 38 83 21 88 21 73 21 59 21 83 124 37 145 107 36 47 46 72 6 72 46 47 93 178 50 101 13 101 50 178 93 47 129 22 63 68 195 183 122 84 32 84 32 120 130 145 16 48 5 44 60 20 61 57 11 20 150 54 26 142 49 163 156 86 65 86 156 119 78 119 156 74 192 58 192 74 156 86 14 66 14 86 156 163 49 163 17 163 156 86 65 76 106 42 106 76 65 8 98 34 67 103 182 35 159 80 45 104 85 99 139 158 28 197 103 177 41 177 23 177 41 157 31 97 31 157 41 177 7 29 39 29 7 177 103 81 16 198 138 89 138 30 138 198 16 81 103 197 151 10 24 199 82 199
94
82 82
24 24
10 10
28 28
71 71
2 2
27 27
43 43
81 81
16 16
89 89
30 30
48 48
5 5
39 39 90
29 29
7 7
65 65
76 76
42 42
86 86
163 75
49 49 0
17 17
119 4
78 78
74 74
58 58
14 14
66 66
8 8
98 98
34 34
67 67
41 41
31 31
97 97
23 23
35 35
80 80
45 45
85 85
99 99
44 44
60 60
20 20
54 54
26 26
61 61
57 57
11 11
37 37
83 83
55 55
96 96 9
95 95
40 40
33 33
94 94
62 62
87 87
52 52
64 64
1 1
25 25
152 69
15 15
91 91 12
77 77
51 51
3 3 18
38 38
79 79
21 21
59 59
73 73
88 88
36 36
47 47
93 93 56
50 50
13 13
46 46
72 72
6 6
22 22
63 63
68 68
32 32
84 84
92 92
19 19
70 70
53 53
