SusanneJohnBerrios LaquitaJohnBrunette RalphClydeMills DorothyDavidStromme GarryDavidKingery MattieBarbaraEkstrom StephanieAaronWalker GarryDavidKingery MaryFrankieWomack DinahCatherineFaulkn JuanDebbieAllen MonteMonicaLum JuanDebbieAllen ClaudiaDavidTaylor DougHelenHornbeck SpencerCourtneyBroth HarryNeilFranklin JuliaMollieHernandez HarryNeilFranklin JorgeHeatherSamuels HarryNeilFranklin DouglasRobertFerkovi RubyLelandCollard DouglasRobertFerkovi AntonioGeraldBaker FernandoLindaWatson SpencerCourtneyBroth DougHelenHornbeck SpencerCourtneyBroth JuliaLindaGordon TheresaDonaldZamudio SusanneJohnBerrios
21
LaquitaJohnBrunette LaquitaJohnBrunette
RalphClydeMills RalphClydeMills
DorothyDavidStromme DorothyDavidStromme
MattieBarbaraEkstrom MattieBarbaraEkstrom
StephanieAaronWalker StephanieAaronWalker
GarryDavidKingery GarryDavidKingery
MaryFrankieWomack MaryFrankieWomack
DinahCatherineFaulkn DinahCatherineFaulkn
JuanDebbieAllen JuanDebbieAllen
MonteMonicaLum MonteMonicaLum
ClaudiaDavidTaylor ClaudiaDavidTaylor
SpencerCourtneyBroth SpencerCourtneyBroth
HarryNeilFranklin HarryNeilFranklin
JuliaMollieHernandez JuliaMollieHernandez
JorgeHeatherSamuels JorgeHeatherSamuels
DouglasRobertFerkovi DouglasRobertFerkovi
RubyLelandCollard RubyLelandCollard
AntonioGeraldBaker AntonioGeraldBaker
FernandoLindaWatson FernandoLindaWatson
DougHelenHornbeck DougHelenHornbeck
JuliaLindaGordon JuliaLindaGordon
