SueJosephGarza PaulShaneSoldner KennethShannonGardel JamiePatriciaSergi ElsieJosephPhelps OllieGeorgeSova ElsieJosephPhelps LillieKathleenCervan SueCourtneyOsgood LillieKathleenCervan JohnJoseJudd AnnaKyleChang BrianLuzArce AnnaKyleChang ChristinaDanaGrant CrystalShermanVida FrankJennieBarker PhyllisJackWilson MaryLindaKirkland DonaldDoloresKelly AlfredaKirstenMartin JamesJaredGonzalez AlfredaKirstenMartin LuisHelenHughes MaryLindaKirkland LeroySandraLewis MariaMarionSimons IraJimmyYang AshleyWilliamClarke WilliamGeorgeWilliam FranciscoFrancesHarr ChesterRosaPowell LauraPhilipWinkler PatriciaBernardBrock WilburnDavidMiller LucyBennyHaag BruceTeresaNelson MarianLuluDiaz KevinHaroldCyr KarenErmaJensen BrianRolandAli ThomasAnnieRuiz BrianRolandAli NathanKevinCorathers MelindaKennethAzar NathanKevinCorathers JessicaJohnSpells PaulEvanRichard DarnellAliciaPeters MariaChristopherCast JessicaJohnSpells PamelaPageBullock JohnDustinKenny BillyJoshuaBall SueJosephGarza
39
PaulShaneSoldner PaulShaneSoldner
KennethShannonGardel KennethShannonGardel
ElsieJosephPhelps ElsieJosephPhelps
OllieGeorgeSova OllieGeorgeSova
LillieKathleenCervan LillieKathleenCervan
SueCourtneyOsgood SueCourtneyOsgood
JohnJoseJudd JohnJoseJudd
AnnaKyleChang AnnaKyleChang
BrianLuzArce BrianLuzArce
ChristinaDanaGrant ChristinaDanaGrant
CrystalShermanVida CrystalShermanVida
PhyllisJackWilson PhyllisJackWilson
MaryLindaKirkland MaryLindaKirkland
DonaldDoloresKelly DonaldDoloresKelly
AlfredaKirstenMartin AlfredaKirstenMartin
JamesJaredGonzalez JamesJaredGonzalez
LuisHelenHughes LuisHelenHughes
LeroySandraLewis LeroySandraLewis
IraJimmyYang IraJimmyYang
AshleyWilliamClarke AshleyWilliamClarke
WilliamGeorgeWilliam WilliamGeorgeWilliam
FranciscoFrancesHarr FranciscoFrancesHarr
LauraPhilipWinkler LauraPhilipWinkler
PatriciaBernardBrock PatriciaBernardBrock
WilburnDavidMiller WilburnDavidMiller
LucyBennyHaag LucyBennyHaag
MarianLuluDiaz MarianLuluDiaz
KevinHaroldCyr KevinHaroldCyr
KarenErmaJensen KarenErmaJensen
BrianRolandAli BrianRolandAli
ThomasAnnieRuiz ThomasAnnieRuiz
NathanKevinCorathers NathanKevinCorathers
MelindaKennethAzar MelindaKennethAzar
JessicaJohnSpells JessicaJohnSpells
PaulEvanRichard PaulEvanRichard
DarnellAliciaPeters DarnellAliciaPeters
MariaChristopherCast MariaChristopherCast
PamelaPageBullock PamelaPageBullock
JohnDustinKenny JohnDustinKenny
