AlbertFredHaines JoannCharlieWilkinso DianeElisePickett JudyPearlineKaminski MaryJamesDavila JudyPearlineKaminski EdwardDennisStewart MarthaJackRobinson DebraJaneFitzgerald AnneFrankPlaisted PerryJamesBennett JuliaMarySmith DenaJewellDavis CassandraJaniceGlove ZacharyWarrenKarth TommyAmandaMartin ZacharyWarrenKarth EricTinaPerea MarciaWalterKirschma MabelCharleneGarcia JeremyJamesChavez MichaelElizabethWeav StormyOllieYork RobinStephenWebster StormyOllieYork FerdinandLukeJackson RolandGregoryWatson KellyJohnnaOles RolandGregoryWatson StephenWilliamCoffma GeorgeWilliamJackson FerdinandLukeJackson BradleyDeborahSaball EricTammyScott MichaelMarkHolloway GeorgeHenryVillar MinnieLesleyPaulk AnnDeannaLarzazs KathleenSherryDay EdwardErnestSinger KathleenSherryDay MarkAngelaMccloud MistyRobertKing DwainJoeFeldman BernicePennyRiddick DeeAmandaBartley BernicePennyRiddick DorisJeffreyBinger GaryCharlesHudson GlennaMichaelBorden IsaacGregGargano JoStephenMay HowardKennethCollins WadeSonnyMcbride ManuelaJoseBailey LillianJuanAncona RickyJamesBrumfield RosaPatrickYankey DeniseBrunoWilliam ThomasEssieEwing JessicaChristopherHa LuisCharlotteCollins KevinThomasHiggins PatrickRafaelCastro MarkDianeDuchon RonaldEdnaArant EricJamesJuckett JosephAmandaMullen LawrenceBarryHadden PeterJosephBarbee ClaudeBobbyBaker BrettDominickSonnier ClaudeBobbyBaker HeidiMayJohnson JimmyFlorTasson BernicePennyRiddick JudeJanetHarcourt BernicePennyRiddick SandraHarryStewart StevenNeilNguyen CynthiaConnieWright MinnieLesleyPaulk CraigJohnLard KathleenJoseClark ElmerDemetriusLark JannaDavidCarranza KevinCharlesEvans LynnKennethChavez JohnRichardSmith BenSaraCreech JamesJordanZamora BenSaraCreech CherylMaryMorgan TravisMichelleMeller JackieSharonScherrer JohnBrendaFuller WilliamDavidGray AlbertFredHaines
78
AlbertFredHaines AlbertFredHaines
JeremyJamesChavez JeremyJamesChavez
CherylMaryMorgan CherylMaryMorgan
TravisMichelleMeller TravisMichelleMeller
JackieSharonScherrer JackieSharonScherrer
JohnBrendaFuller JohnBrendaFuller
WilliamDavidGray WilliamDavidGray
MichaelElizabethWeav MichaelElizabethWeav
StormyOllieYork StormyOllieYork
JamesJordanZamora JamesJordanZamora
FerdinandLukeJackson FerdinandLukeJackson
BradleyDeborahSaball BradleyDeborahSaball
LynnKennethChavez LynnKennethChavez
JohnRichardSmith JohnRichardSmith
EricTammyScott EricTammyScott
KevinCharlesEvans KevinCharlesEvans
AnnDeannaLarzazs AnnDeannaLarzazs
KathleenSherryDay KathleenSherryDay
MarkAngelaMccloud MarkAngelaMccloud
MistyRobertKing MistyRobertKing
JannaDavidCarranza JannaDavidCarranza
DwainJoeFeldman DwainJoeFeldman
ElmerDemetriusLark ElmerDemetriusLark
BernicePennyRiddick BernicePennyRiddick
CraigJohnLard CraigJohnLard
KathleenJoseClark KathleenJoseClark
SandraHarryStewart SandraHarryStewart
StevenNeilNguyen StevenNeilNguyen
CynthiaConnieWright CynthiaConnieWright
JudeJanetHarcourt JudeJanetHarcourt
GaryCharlesHudson GaryCharlesHudson
JimmyFlorTasson JimmyFlorTasson
GlennaMichaelBorden GlennaMichaelBorden
JoStephenMay JoStephenMay
HowardKennethCollins HowardKennethCollins
PeterJosephBarbee PeterJosephBarbee
WadeSonnyMcbride WadeSonnyMcbride
ManuelaJoseBailey ManuelaJoseBailey
LillianJuanAncona LillianJuanAncona
MarkDianeDuchon MarkDianeDuchon
RonaldEdnaArant RonaldEdnaArant
EricJamesJuckett EricJamesJuckett
JosephAmandaMullen JosephAmandaMullen
LawrenceBarryHadden LawrenceBarryHadden
RickyJamesBrumfield RickyJamesBrumfield
RosaPatrickYankey RosaPatrickYankey
DeniseBrunoWilliam DeniseBrunoWilliam
KevinThomasHiggins KevinThomasHiggins
ThomasEssieEwing ThomasEssieEwing
JessicaChristopherHa JessicaChristopherHa
ClaudeBobbyBaker ClaudeBobbyBaker
HeidiMayJohnson HeidiMayJohnson
BrettDominickSonnier BrettDominickSonnier
IsaacGregGargano IsaacGregGargano
DorisJeffreyBinger DorisJeffreyBinger
DeeAmandaBartley DeeAmandaBartley
EdwardErnestSinger EdwardErnestSinger
MichaelMarkHolloway MichaelMarkHolloway
GeorgeHenryVillar GeorgeHenryVillar
GeorgeWilliamJackson GeorgeWilliamJackson
RolandGregoryWatson RolandGregoryWatson
StephenWilliamCoffma StephenWilliamCoffma
KellyJohnnaOles KellyJohnnaOles
RobinStephenWebster RobinStephenWebster
ZacharyWarrenKarth ZacharyWarrenKarth
EricTinaPerea EricTinaPerea
MarciaWalterKirschma MarciaWalterKirschma
TommyAmandaMartin TommyAmandaMartin
JoannCharlieWilkinso JoannCharlieWilkinso
DenaJewellDavis DenaJewellDavis
CassandraJaniceGlove CassandraJaniceGlove
DianeElisePickett DianeElisePickett
PerryJamesBennett PerryJamesBennett
MarthaJackRobinson MarthaJackRobinson
DebraJaneFitzgerald DebraJaneFitzgerald
EdwardDennisStewart EdwardDennisStewart
JudyPearlineKaminski JudyPearlineKaminski
MaryJamesDavila MaryJamesDavila
