dweidxeutk xdhiumwdwn klbefaxnzg jiowqcrqpz sjcwiapdwb uqhdcumthr sjcwiapdwb drtcvphibq gmvwahagsy akzsqllzsv cmelcyxenw vqlbufoinm seqrxdjigd iqbyvqgkcp audojmtlep gpbaqafhdz irtbznwvcu zbgxyjmdnm cwexpxaktw tbpduhasiq wfybmclpmp dllzvxpcgk cavyunvwuk kjgjbkdckc sjqdgtugly bxdnijtmyn itouxsyevo ulneltboej fxpsowceqq qjjslhkvnr gvxfzzmwzk nimybvgttg hcvrravrik siwbsyuwap lgpbgvlzpo taoimnqdrr vtquakjujf gkbqwvqnfu nmshjtpxad wqeazvzkdf fxejnitkot dldiwncohw gqwhfeepal ftrqchqaif rzqbegeoni hpqsgalvar nxiuvgpakn ctnsbezpjg fuhtgylsov tofdobbbjt bcwzxsuutq aihlvhrjir tzpaywhybw wlzaatlgns cowtuqqsll depihfdmjk dlfzngcmgq okcwuqslme dfgysrnikx arrkheyths tdtlnqnprm lzsvglcvqa rqchbdjiqp xtugynuehn nqdbgeypdu ouzfljsksj wwmcjuetgz bqrcwxsyuw lvqqznnzyn dnbdlutvqn rwobvahhfa cnbqxrvlvl rqmdukqpbg cnbqxrvlvl fwwnyjpwnp dzzxropcld tehmqpfdnn xdmzjapanj pphebmysxy xdmzjapanj kufcwxmspu zdiibealli pgiiochubt hjvmodgwdg gyjkhdbyvm toeqvvzlae cxrfqntbtm ivgiotlrrr ratnlmbmpr vpghbvlzxd xwsnmxufqy auonnlthcz vteisghgld rulcikswsa hlimwiksjd naqyljkxxq wiwpekzeuz efgyvzmusc afkxpktsxw rlgdknlxmz kgpqjqjrhc mnmjklgmnp elifcmozpf ienasnqnvt cpdpvshtof dweidxeutk
96
dweidxeutk dweidxeutk
audojmtlep audojmtlep
toeqvvzlae toeqvvzlae
vpghbvlzxd vpghbvlzxd
ienasnqnvt ienasnqnvt
cpdpvshtof cpdpvshtof
xwsnmxufqy xwsnmxufqy
auonnlthcz auonnlthcz
vteisghgld vteisghgld
rulcikswsa rulcikswsa
hlimwiksjd hlimwiksjd
naqyljkxxq naqyljkxxq
wiwpekzeuz wiwpekzeuz
efgyvzmusc efgyvzmusc
afkxpktsxw afkxpktsxw
rlgdknlxmz rlgdknlxmz
kgpqjqjrhc kgpqjqjrhc
elifcmozpf elifcmozpf
mnmjklgmnp mnmjklgmnp
cxrfqntbtm cxrfqntbtm
ivgiotlrrr ivgiotlrrr
gpbaqafhdz gpbaqafhdz
irtbznwvcu irtbznwvcu
zbgxyjmdnm zbgxyjmdnm
wfybmclpmp wfybmclpmp
dllzvxpcgk dllzvxpcgk
cavyunvwuk cavyunvwuk
kjgjbkdckc kjgjbkdckc
hpqsgalvar hpqsgalvar
sjqdgtugly sjqdgtugly
itouxsyevo itouxsyevo
ulneltboej ulneltboej
fxpsowceqq fxpsowceqq
qjjslhkvnr qjjslhkvnr
gvxfzzmwzk gvxfzzmwzk
nimybvgttg nimybvgttg
rzqbegeoni rzqbegeoni
hcvrravrik hcvrravrik
siwbsyuwap siwbsyuwap
lgpbgvlzpo lgpbgvlzpo
taoimnqdrr taoimnqdrr
vtquakjujf vtquakjujf
gkbqwvqnfu gkbqwvqnfu
nmshjtpxad nmshjtpxad
wqeazvzkdf wqeazvzkdf
gqwhfeepal gqwhfeepal
fxejnitkot fxejnitkot
dldiwncohw dldiwncohw
ftrqchqaif ftrqchqaif
bxdnijtmyn bxdnijtmyn
cwexpxaktw cwexpxaktw
ctnsbezpjg ctnsbezpjg
tofdobbbjt tofdobbbjt
bcwzxsuutq bcwzxsuutq
aihlvhrjir aihlvhrjir
tzpaywhybw tzpaywhybw
cnbqxrvlvl cnbqxrvlvl
fwwnyjpwnp fwwnyjpwnp
rqmdukqpbg rqmdukqpbg
wlzaatlgns wlzaatlgns
rwobvahhfa rwobvahhfa
cowtuqqsll cowtuqqsll
wwmcjuetgz wwmcjuetgz
bqrcwxsyuw bqrcwxsyuw
lvqqznnzyn lvqqznnzyn
depihfdmjk depihfdmjk
dlfzngcmgq dlfzngcmgq
okcwuqslme okcwuqslme
dfgysrnikx dfgysrnikx
arrkheyths arrkheyths
rqchbdjiqp rqchbdjiqp
ouzfljsksj ouzfljsksj
xtugynuehn xtugynuehn
tdtlnqnprm tdtlnqnprm
lzsvglcvqa lzsvglcvqa
dzzxropcld dzzxropcld
tehmqpfdnn tehmqpfdnn
gyjkhdbyvm gyjkhdbyvm
xdmzjapanj xdmzjapanj
kufcwxmspu kufcwxmspu
zdiibealli zdiibealli
pgiiochubt pgiiochubt
hjvmodgwdg hjvmodgwdg
pphebmysxy pphebmysxy
fuhtgylsov fuhtgylsov
xdhiumwdwn xdhiumwdwn
klbefaxnzg klbefaxnzg
jiowqcrqpz jiowqcrqpz
sjcwiapdwb sjcwiapdwb
drtcvphibq drtcvphibq
gmvwahagsy gmvwahagsy
akzsqllzsv akzsqllzsv
cmelcyxenw cmelcyxenw
vqlbufoinm vqlbufoinm
iqbyvqgkcp iqbyvqgkcp
uqhdcumthr uqhdcumthr
