qgyqjgwlbh fnlmocuczk ajjekwybql wegckoctcp hnnlwliezo fwzkdpfinn npffaineub iznialmand bvwklxlwsa gqulqjeire czgfnbovhq stxmhuffri lpopityrof hqvifzhbmo smlsmfgyxa hyficezvgi sngqmldfxu cynraykzum hrbvyznkmd dzokhkbjld atkqvymdax rzgfaqookt gdtsmzpvig kmwsevkfov bzcpozsody uyirsvqblu lgwqodunqt xpcqolcpnf ysndikwwgh tjcamfqmxd sthbsdqlwm ntlhpzyidk sgizgtdhhn culutarzsm sqlbmrxpwv wmeeitskjx djtmyhmwnn kgewtltijq hpbkyqcejb yfvfzingng aruweadnpf vvurcgizpo somaaudaxm nznsqwfoac bnfhxmjqzg tdqzbpmftq bnfhxmjqzg feggaeevcb qlieaqyzel cddppqxsmb tvrzrioagg fdbzjhgcmh qgyqjgwlbh
48
ajjekwybql ajjekwybql
hnnlwliezo hnnlwliezo
fwzkdpfinn fwzkdpfinn
gqulqjeire gqulqjeire
czgfnbovhq czgfnbovhq
qlieaqyzel qlieaqyzel
cddppqxsmb cddppqxsmb
tvrzrioagg tvrzrioagg
fdbzjhgcmh fdbzjhgcmh
stxmhuffri stxmhuffri
lpopityrof lpopityrof
hqvifzhbmo hqvifzhbmo
sngqmldfxu sngqmldfxu
bnfhxmjqzg bnfhxmjqzg
tdqzbpmftq tdqzbpmftq
feggaeevcb feggaeevcb
cynraykzum cynraykzum
hrbvyznkmd hrbvyznkmd
vvurcgizpo vvurcgizpo
atkqvymdax atkqvymdax
rzgfaqookt rzgfaqookt
gdtsmzpvig gdtsmzpvig
kmwsevkfov kmwsevkfov
bzcpozsody bzcpozsody
sqlbmrxpwv sqlbmrxpwv
wmeeitskjx wmeeitskjx
kgewtltijq kgewtltijq
hpbkyqcejb hpbkyqcejb
yfvfzingng yfvfzingng
aruweadnpf aruweadnpf
djtmyhmwnn djtmyhmwnn
uyirsvqblu uyirsvqblu
lgwqodunqt lgwqodunqt
xpcqolcpnf xpcqolcpnf
ysndikwwgh ysndikwwgh
tjcamfqmxd tjcamfqmxd
sthbsdqlwm sthbsdqlwm
ntlhpzyidk ntlhpzyidk
sgizgtdhhn sgizgtdhhn
culutarzsm culutarzsm
somaaudaxm somaaudaxm
smlsmfgyxa smlsmfgyxa
hyficezvgi hyficezvgi
npffaineub npffaineub
iznialmand iznialmand
bvwklxlwsa bvwklxlwsa
wegckoctcp wegckoctcp
fnlmocuczk fnlmocuczk
