qtq uxr wuc npu zgf cnv sfp rju uwp pxi blo sfp fsl ifc pjx pta rwt wpq rwt ahv krg kza uoz krg udq tmc udq unk pxs unk udq pwa thz txk rod dcv qbj dkn qbj mnv lah xos lah llr uca qnn tvy hxo ukh hxo utd rut yiz ili bsz iuz nfy tnl nfy art ooc brk hxp fne wiq fne nhr slq nhr viv tro tmd wpo htv jta htv eqm htv wpo mbx idl gfp xax ooi nxr ynq orc pkx orc nhk unf vlt ptq orc hpb zqn cxu qoe nkx fib gup bpm bok fgo bai egz vub egz gak qjm lnv bwq qyi qls qlo cpw lfh spp lfh rxi hhe opt ase vaf zbn cjp egz lxt bok qfc qbe cer itg jxq ayw vsu wuf rcs ifc plx ifc rcs zgs eku ahy thd jno thd ahy xdz wju qtq
100
qtq qtq
uxr uxr
wuc wuc
npu npu
zgf zgf
cnv cnv
sfp sfp
rju rju
uwp uwp
fsl fsl
ifc ifc
pjx pjx
pta pta
wpq wpq
rwt rwt
ahv ahv
krg krg
kza kza
uoz uoz
udq udq
tmc tmc
pxs pxs
pwa pwa
thz thz
txk txk
rod rod
qbj qbj
dkn dkn
mnv mnv
lah lah
xos xos
uca uca
qnn qnn
hxo hxo
ukh ukh
rut rut
yiz yiz
ili ili
bsz bsz
iuz iuz
nfy nfy
tnl tnl
ooc ooc
brk brk
hxp hxp
wiq wiq
nhr nhr
slq slq
viv viv
tro tro
tmd tmd
htv htv
jta jta
eqm eqm
mbx mbx
idl idl
xax xax
ooi ooi
ynq ynq
orc orc
pkx pkx
nhk nhk
vlt vlt
ptq ptq
hpb hpb
zqn zqn
cxu cxu
nkx nkx
gup gup
fgo fgo
bai bai
egz egz
vub vub
gak gak
qjm qjm
lnv lnv
qls qls
qlo qlo
cpw cpw
lfh lfh
spp spp
rxi rxi
hhe hhe
ase ase
vaf vaf
zbn zbn
cjp cjp
lxt lxt
qfc qfc
qbe qbe
itg itg
vsu vsu
wuf wuf
plx plx
zgs zgs
ahy ahy
thd thd
jno jno
xdz xdz
wju wju
