Soda Browning Soda Yolo Martin Yolo Bristol Keeler Pardee Anne Arch Anne Hospital Bristol Yolo Bret Vermont Poppy Bret Kenilworth Bret Comstock Spring Mabel Summit Haviland Belrose Menlo Colusa Fulton Colusa Menlo Burnett Menlo Bancroft Cutter Muir Florida Muir Columbia Byron Addison Shasta Addison Shasta Allston Solano Eunice Lewiston Edith Wheeler Marin Greenwood Heinz Greenwood Cowper Haste Kentucky Marin Madera Marin High Russell Domingo Blake Roosevelt Overlook Terrace Mabel Spring Poplar Spring Haskell Bowditch Fresno Center Bataan Center Ajax Forest Soda
50
Browning Browning
Martin Martin
Bristol Bristol
Keeler Keeler
Pardee Pardee
Anne Anne
Arch Arch
Hospital Hospital
Bret Bret
Vermont Vermont
Poppy Poppy
Kenilworth Kenilworth
Comstock Comstock
Spring Spring
Mabel Mabel
Summit Summit
Haviland Haviland
Belrose Belrose
Menlo Menlo
Colusa Colusa
Fulton Fulton
Burnett Burnett
Bancroft Bancroft
Cutter Cutter
Muir Muir
Florida Florida
Columbia Columbia
Byron Byron
Shasta Shasta
Addison Addison
Allston Allston
Eunice Eunice
Lewiston Lewiston
Edith Edith
Marin Marin
Greenwood Greenwood
Heinz Heinz
Haste Haste
Madera Madera
High High
Domingo Domingo
Overlook Overlook
Terrace Terrace
Poplar Poplar
Haskell Haskell
Bowditch Bowditch
Fresno Fresno
Bataan Bataan
Ajax Ajax
Forest Forest
