FD AU BG DI GP DF AS HB HD AW HD HB EF AF GO GB CS GD ES EM AV EQ AT HO EM GS EM FI GX FS DQ BK AM BU DB AJ BM FT HN DK AD BZ AK HR FX EY AD GZ FR HP CI GF CW FM HF GC FA BQ EW GM ET CW CT FB AP EO ED DH ED GR AX FQ EX DS EK FO EK CO CB EN FV EN CF DN ER DA EG HM FY EZ FJ HC DV BF DV FN CC GN BA DP GK DP BO AG BV AC FU CK CG CM BT CM HH EE GK AG DE CK DU FG CA FG DM GA CL BC GQ FP EL FP BE EJ DC BC DZ CL GA AZ BN DI CU FD
100
CU CU
AU AU
BV BV
CK CK
DU DU
DM DM
GA GA
CL CL
BC BC
DZ DZ
GQ GQ
FP FP
EL EL
EJ EJ
DC DC
BE BE
AZ AZ
BN BN
CA CA
CG CG
BT BT
HH HH
EE EE
AG AG
DE DE
FU FU
GK GK
DP DP
BO BO
BG BG
HD HD
HB HB
AW AW
DI DI
GP GP
DF DF
AF AF
GO GO
CS CS
GX GX
FS FS
EX EX
EK EK
FO FO
CO CO
CB CB
CC CC
GN GN
BA BA
EN EN
FV FV
CF CF
DN DN
ER ER
FY FY
FN FN
EZ EZ
FJ FJ
HC HC
BF BF
DA DA
EG EG
DQ DQ
DB DB
AJ AJ
EO EO
GR GR
DH DH
GZ GZ
FR FR
HP HP
CI CI
GF GF
CW CW
ET ET
FM FM
HF HF
GC GC
BQ BQ
EW EW
CT CT
BM BM
FT FT
DK DK
AD AD
EY EY
BZ BZ
AK AK
HR HR
BK BK
AM AM
AX AX
GD GD
ES ES
EM EM
FI FI
GS GS
HO HO
AV AV
AT AT
