AZ DT BS DD AF BB BM AO AS BR DO CY CT BU CJ BU BO AH DF DB BM BK DQ AI AR AX AG BJ DA CL DA DV CD AL BD BQ BD CG CP BC BP AV CR AV BP BX DM CV CZ CV DE AJ AN AT CC DG BL DL CK AK AA BW AN AE BD CN AL CD DV DC DV CO BI BE AZ
50
BE BE
DO DO
CY CY
CT CT
BU BU
DB DB
CJ CJ
BO BO
AH AH
BK BK
DV DV
DC DC
CO CO
BI BI
CD CD
AL AL
CN CN
BP BP
BX BX
DM DM
CV CV
DE DE
AN AN
CC CC
BL BL
BW BW
DL DL
CK CK
AA AA
AE AE
AJ AJ
CZ CZ
AV AV
CR CR
BD BD
CG CG
CP CP
BQ BQ
DQ DQ
CL CL
AI AI
BJ BJ
AR AR
AX AX
DT DT
DD DD
AF AF
BS BS
AO AO
AS AS
