186 14 2 5 194 198 11 32 0 67 0 17 128 3 19 22 29 1 30 33 35 0 45 49 61 70 71 74 0 79 2 86 89 90 97 0 104 107 108 134 136 138 140 143 144 150 156 157 162 168 0 172 174 177 178 183 0 188 190 195 196 121 186
51
14 14
121 121
2 2
196 196
195 195
190 190
188 188
183 183
178 178
177 177
174 174
172 172
168 168
162 162
157 157
156 156
150 150
144 144
143 143
140 140
138 138
136 136
134 134
108 108
107 107
104 104
97 97
90 90
89 89
86 86
79 79
74 74
71 71
70 70
61 61
49 49
45 45
35 35
33 33
30 30
29 29
22 22
19 19
17 17
128 128
11 11
67 67
32 32
5 5
198 198
194 194
