Warfield Ketsmith Pendingbrook Chedberdon Wyborne Cammerrensmoor Suddleborne Cammerrensmoor Wyborne Cambingstoke Suddlecombe Basringney Suddlecombe Ellingreham Suddlecombe Chippingsted Suddlecombe Ashfield Ketport Ashfield Millendon Windling Dribblewick Skellingden Barndberbrough Worhall Todtree Cicombe Falport Pendlewood Horstlescompstoke Pendlewood Falport Botherseyworth Falport Soddlewick Hamsling Hannenmanswick Ashborne Tipwick Cannerthorne Chedderrenswich Ciditch Stainbrough Fulbourne Southbasport Elcompbridge Chiphead Elcompbridge Southbasport Fulbourne Stainbrough Ciditch Northall Ciditch Stainbrough Worberbrook Dartseyworth Worhall Dribbingworth Bastleseyham Dribbingworth Leatherbleside Ketsmith Whitchester Siringwang Chedtree Suddleover Chedtree Burglebrough Sudsmith Elmansham Pendingbrook Suddlecastle Pendingbrook Ketsmith Warfield Chilbury Brackcompwang Chelmstanwell Hammerringey Skelling Basringney Warfield
50
Warfield Warfield
Pendingbrook Pendingbrook
Wyborne Wyborne
Cammerrensmoor Cammerrensmoor
Suddleborne Suddleborne
Cambingstoke Cambingstoke
Suddlecombe Suddlecombe
Basringney Basringney
Ellingreham Ellingreham
Chippingsted Chippingsted
Ashfield Ashfield
Ketport Ketport
Millendon Millendon
Windling Windling
Skellingden Skellingden
Barndberbrough Barndberbrough
Worhall Worhall
Todtree Todtree
Cicombe Cicombe
Falport Falport
Pendlewood Pendlewood
Horstlescompstoke Horstlescompstoke
Botherseyworth Botherseyworth
Soddlewick Soddlewick
Hamsling Hamsling
Hannenmanswick Hannenmanswick
Ashborne Ashborne
Tipwick Tipwick
Chedderrenswich Chedderrenswich
Stainbrough Stainbrough
Southbasport Southbasport
Chiphead Chiphead
Northall Northall
Worberbrook Worberbrook
Dribbingworth Dribbingworth
Bastleseyham Bastleseyham
Leatherbleside Leatherbleside
Whitchester Whitchester
Siringwang Siringwang
Chedtree Chedtree
Suddleover Suddleover
Burglebrough Burglebrough
Sudsmith Sudsmith
Elmansham Elmansham
Suddlecastle Suddlecastle
Chilbury Chilbury
Brackcompwang Brackcompwang
Chelmstanwell Chelmstanwell
Hammerringey Hammerringey
Skelling Skelling
