Whitgrove Sodberling Ellerbridge Boothingchester Wycastle Bootwick Todhampton Bootwick Wycastle Boothingchester Sundendford Chedworth Sundendford Botbeck Whitringlake Milthorne Rothingcombe Faldenhall Wethampton Dartden Shaftwick Hurstdown Botshot Falworth Botshot Hurstdown Shaftwick Abcester Sifield Enderbeck Marlbeck Southmere Ribberrenston Farnditch Abglewold Farnditch Ribberrenston Southmere Egsted Southmere Basbage Warblestancester Tippendham Emmerley Bastlebury Rothendcombe Bastlebury Hamwold Emmerley Southbury Bassinghead Nortwell Marlcester Egsted Southmere Rothead Bothenhall Basbage Maidendstoke Stainbrough Wendleringdown Stainbrough Chelmdenmoor Ketnell Toddenmoor Durbrook Wychchester Prestwick Egmerhampton Suddenmoor Staincombe Suddenmoor Melwood Endleshall Candleswick Skellingover Candleswick Cirerham Wolley Cirerham Dartden Shaftwick Egmerhampton Suddenmoor Tippenbrook Wychchester Reddendeney Worhall Hannersmith Shaftborough Wychcompwold Aldtree Leatherport Alfmere Hamscombe Worford Waltbeck Cannerthorne Elside Wetsmith Warsmith Horstleover Toddenmerbrough Endingnell Toddenmerbrough Casbrook Windleshead Burlake Burglemere Sirenshall Hampingbascombe Wetwick Maidendstoke Hampingcastle Basditch Reddingtree Eley Reddingtree Stapbrough Reddingtree Endleberey Burlake Burglemere Redcombe Sirenshall Falderbrough Marlbrook Wychchester Siey Wychchester Durbrook Falderseythorne Worford Rotherlow Abgleham Sundlethorne Fullensborne Blansbrook Fullensborne Sundlethorne Abgleham Siavon Horsnell Warsmith Horstleover Cireport Egbeck Skellenshot Cihead Skellenshot Rotherlow Worford Hampingworth Botenbrook Tipstoke Botenbrook Hampingworth Worford Dribberham Worford Falderseythorne Penby Ciringnell Elside Sodport Skelberden Hamscombe Staplow Ketchester Watchlake Tippingbage Watchlake Farndlesover Watchlake Ketchester Boothingmanstree Ketchester Ellerbridge Suddingover Ellerbridge Worrenberwang Ellerbridge Sodberling Bromstanham Clereennell Bromstanham Sodberling Bursmith Chelmdenmoor Bothenton Sodberling Whitgrove Dribblecombe Whitgrove
100
Whitgrove Whitgrove
Sodberling Sodberling
Bothenton Bothenton
Bursmith Bursmith
Ellerbridge Ellerbridge
Suddingover Suddingover
Wycastle Wycastle
Sundendford Sundendford
Southmere Southmere
Ketnell Ketnell
Toddenmoor Toddenmoor
Durbrook Durbrook
Wychchester Wychchester
Siey Siey
Marlbrook Marlbrook
Waltbeck Waltbeck
Cannerthorne Cannerthorne
Elside Elside
Wetsmith Wetsmith
Horstleover Horstleover
Endingnell Endingnell
Casbrook Casbrook
Sirenshall Sirenshall
Hampingbascombe Hampingbascombe
Wetwick Wetwick
Hampingcastle Hampingcastle
Redcombe Redcombe
Basditch Basditch
Eley Eley
Endleberey Endleberey
Stapbrough Stapbrough
Prestwick Prestwick
Reddendeney Reddendeney
Worhall Worhall
Leatherport Leatherport
Alfmere Alfmere
Shaftborough Shaftborough
Wychcompwold Wychcompwold
Egmerhampton Egmerhampton
Suddenmoor Suddenmoor
Melwood Melwood
Wolley Wolley
Dartden Dartden
Candleswick Candleswick
Skellingover Skellingover
Staincombe Staincombe
Tippenbrook Tippenbrook
Falderseythorne Falderseythorne
Penby Penby
Worford Worford
Rotherlow Rotherlow
Abgleham Abgleham
Siavon Siavon
Horsnell Horsnell
Sundlethorne Sundlethorne
Blansbrook Blansbrook
Skellenshot Skellenshot
Cihead Cihead
Dribberham Dribberham
Hampingworth Hampingworth
Tipstoke Tipstoke
Sodport Sodport
Skelberden Skelberden
Staplow Staplow
Egsted Egsted
Ribberrenston Ribberrenston
Farnditch Farnditch
Abglewold Abglewold
Tippendham Tippendham
Wendleringdown Wendleringdown
Bothenhall Bothenhall
Emmerley Emmerley
Southbury Southbury
Nortwell Nortwell
Marlcester Marlcester
Bastlebury Bastlebury
Hamwold Hamwold
Rothendcombe Rothendcombe
Botbeck Botbeck
Whitringlake Whitringlake
Milthorne Milthorne
Rothingcombe Rothingcombe
Faldenhall Faldenhall
Wethampton Wethampton
Falworth Falworth
Abcester Abcester
Sifield Sifield
Enderbeck Enderbeck
Chedworth Chedworth
Bootwick Bootwick
Todhampton Todhampton
Ketchester Ketchester
Watchlake Watchlake
Farndlesover Farndlesover
Tippingbage Tippingbage
Boothingmanstree Boothingmanstree
Worrenberwang Worrenberwang
Bromstanham Bromstanham
Clereennell Clereennell
Dribblecombe Dribblecombe
