Hamsbourne Chipfield Hamperrehampton Prestbourne Elbage Cimansbrough Wendleslake Boothenrensborough Shrivbridge Elbage Prestbourne Sunderborough Rotmerby Chilringfield Prestbourne Botherstanport Leatherblesley Camswich Leatherblesley Sodderrenshead Leatherblesley Enderton Dribstoke Endbeck Dribstoke Enderton Stafdenbourne Chipsted Stafdenbourne Enderton Camhampton Shaftthorne Sudbage Skelgrove Warrewick Skelgrove Rocklow Camsborne Sundlechester Hamsbourne
21
Chipfield Chipfield Cammercastle
Hamperrehampton Hamperrehampton
Prestbourne Prestbourne
Cimansbrough Cimansbrough
Boothenrensborough Boothenrensborough Candlesdon
Sunderborough Sunderborough Ciley
Rotmerby Rotmerby
Chilringfield Chilringfield
Botherstanport Wolvencester
Leatherblesley Leatherblesley
Camswich Camswich
Sodderrenshead Sodderrenshead
Enderton Enderton
Endbeck Melshot
Chipsted Chipsted
Camhampton Camhampton Hartberbury
Shaftthorne Shaftthorne
Sudbage Sudbage
Warrewick Warrewick
Rocklow Rocklow
Sundlechester Sundlechester
