48 73 186 73 171 163 72 108 72 163 173 88 173 35 173 163 171 25 42 9 129 194 193 98 101 98 103 98 67 98 38 117 38 147 135 180 156 180 51 5 51 180 135 181 135 84 60 84 135 147 36 55 36 147 38 165 34 165 38 98 16 40 176 138 199 155 143 167 143 137 143 125 174 179 174 125 143 12 21 79 11 79 21 148 21 12 143 155 3 170 122 176 138 78 119 126 94 182 113 182 113 69 113 78 185 190 185 168 109 168 83 64 32 185 78 7 175 7 154 164 58 118 145 173 35 81 77 19 77 164 154 197 154 115 10 159 120 159 197 154 110 154 53 146 157 194 193 52 193 194 157 194 129 141 196 162 123 162 196 46 196 141 2 23 39 128 56 128 39 85 152 29 152 136 129 9 42 25 90 87 107 45 151 45 107 177 158 177 107 133 93 133 107 66 191 66 74 149 140 13 20 48
100
48 48
73 73
186 186
171 171
163 163
108 108
88 88
35 35
25 25
42 42
9 9
129 129
194 194
193 193
98 98
101 101
103 103
67 67
38 38
117 117
147 147
135 135
180 180
156 156
5 5
181 181
84 84
60 60
36 36
55 55
165 165
34 34
16 16
40 40
176 176
138 138
199 199
155 155
143 143
167 167
137 137
125 125
179 179
21 21
79 79
11 11
148 148
3 3
170 170
78 78
119 119
126 126
113 113
182 182
69 69
185 185
190 190
109 109
64 64
7 7
175 175
154 154
164 164
58 58
118 118
145 145
19 19
197 197
115 115
10 10
120 120
110 110
53 53
52 52
157 157
141 141
196 196
123 123
46 46
2 2
23 23
39 39
56 56
85 85
152 152
29 29
136 136
90 90
87 87
107 107
151 151
177 177
158 158
133 133
93 93
66 66
191 191
74 74
149 149
20 20
