75 89 32 42 32 84 48 58 48 49 79 65 79 49 48 86 31 86 25 52 4 56 98 69 98 56 44 90 44 77 62 18 76 47 76 47 64 81 94 82 92 26 92 19 34 27 1 29 80 97 80 29 43 29 80 64 87 7 74 96 73 5 21 99 64 2 36 74 7 13 18 12 91 63 93 25 9 39 57 67 59 24 3 24 59 68 55 46 55 75
50
75 75
89 89
32 32
42 42
84 84
48 48
58 58
49 49
65 65
86 86
31 31
25 25
52 52
4 4
56 56
98 98
69 69
44 44
90 90
77 77
62 62
47 47
76 76
64 64
81 81
94 94
82 82
92 92
26 26
34 34
80 80
97 97
29 29
43 43
87 87
7 7
74 74
96 96
73 73
21 21
36 36
13 13
12 12
91 91
9 9
57 57
59 59
3 3
55 55
46 46
