evdoyagqfp xawkqmfmmx xftptyrlvl jqtguzxxsl optviwhmbr ivugtsvtqb guuudgvhny stdiixwrjc guuudgvhny vugkhjygfe aruwdskzta lnicnhmajr qpxtrjvxpe qiqnnrlapz spdafzaivh ldnozwuuuq spdafzaivh qiqnnrlapz qpxtrjvxpe tmatbexcil byyqgjwsrp qxfgqgbbdn byyqgjwsrp euqbrkzdsw zivwgfcxqi phknwbtipl fdgcygwgjf rnpokwoqgt bpbbtoptwg rfcbhdtwvm byyqgjwsrp ahqdrcepub gbdejcnknd vnzypgtlkj gbdejcnknd ahqdrcepub afortwurqt xifuopshzj xwrvhrxnqy pbefrggyje unihwwnyqz kijbyyuzhd idfvjoquhh xqwyvbvueh oegfbrwyrp xqwyvbvueh tvcolajnao lcrihrmoqu xkasbvrrxd lcrihrmoqu tgbmxdmvwe lcrihrmoqu tvcolajnao smwxdupkdv jqtguzxxsl wynbxuuxru tmrnpjqnxx wynbxuuxru qzdrdcxoib wynbxuuxru oegfbrwyrp ebqxbaqnmm xwrvhrxnqy xifuopshzj afortwurqt zmfuudfatm cttlxdtaiw byyqgjwsrp tmatbexcil qpxtrjvxpe lnicnhmajr kyrhqthnvz lndsfxewdc eqdxeqvtsb xnppuesbrr gllungmori qxuqrfzzob gllungmori xnppuesbrr eqdxeqvtsb lndsfxewdc vkrlpmybdj jrusiskazm ichabbvkhm oavtmpaqji qydclznxrd xwrvhrxnqy pbefrggyje wtlzrefwav sipmuleqch xychpimpzb bulywvvpni wkwwcqjtxf osdeymjeil jrmlkfexfk scesbtewjx jrmlkfexfk seeyrseflx jrmlkfexfk osdeymjeil wkwwcqjtxf lkvtxfwozs wkwwcqjtxf koawdpgqdx pdljcbluhp koawdpgqdx qepegujmaa kgktiatgjn epdwcjuvdr eooyfwmxln fczruomdab uhalgukdzb yriqtwavfx qgfchcatzi ljhmnbaicr bswhowadhl xsjzeyxnpw opmnfgpclg knfzsnhzvx etdxtwotzh qepegujmaa pcilmgdrgc wwqchwdmtx pcilmgdrgc qepegujmaa ixyurvbpvu qfbvncxldf ixyurvbpvu yiwwdwbzth ixyurvbpvu qfbvncxldf ijbfzrqwct bimtbhwsby wtlzrefwav bimtbhwsby ijbfzrqwct bbwcqzwyoz nwlccbonas xguvjomcdt phknwbtipl gkcfktyute khisjiexts afrdrejwtp pwgublhwxg hofbtczdgp pwgublhwxg afrdrejwtp wtlzrefwav mdyuzxshey bbczvyonym hsjqtjkukk bbczvyonym mdyuzxshey ouxenssqdu kvfpaspidv zpjhxyylhb bswhowadhl tgkujfknod bswhowadhl xsjzeyxnpw ymvlfsdhbu nbjyrygtdh cpwyxulkjm nbjyrygtdh yqwistxtxc xywdziunpr oggftsricu xywdziunpr vugkhjygfe guuudgvhny ivugtsvtqb optviwhmbr jqtguzxxsl xftptyrlvl qbiylslccb kvxwqiryyu qbiylslccb xftptyrlvl mysadifwma robpunozly mysadifwma xftptyrlvl uooysjrxsb xftptyrlvl evdoyagqfp
93
evdoyagqfp evdoyagqfp
xawkqmfmmx xawkqmfmmx
xftptyrlvl fluzhooehk
optviwhmbr optviwhmbr vfdsalrajq
ivugtsvtqb ivugtsvtqb
guuudgvhny guuudgvhny
stdiixwrjc stdiixwrjc
vugkhjygfe vugkhjygfe
aruwdskzta aruwdskzta
lnicnhmajr lnicnhmajr
qpxtrjvxpe qpxtrjvxpe
qiqnnrlapz qiqnnrlapz
ldnozwuuuq ldnozwuuuq
tmatbexcil tmatbexcil
byyqgjwsrp byyqgjwsrp
qxfgqgbbdn qxfgqgbbdn
euqbrkzdsw euqbrkzdsw
zivwgfcxqi zivwgfcxqi
fdgcygwgjf fdgcygwgjf
rnpokwoqgt rnpokwoqgt
ahqdrcepub ahqdrcepub
gbdejcnknd gbdejcnknd
vnzypgtlkj vnzypgtlkj
afortwurqt afortwurqt
xifuopshzj xifuopshzj
xwrvhrxnqy xwrvhrxnqy
pbefrggyje pbefrggyje
kijbyyuzhd kijbyyuzhd
oegfbrwyrp oegfbrwyrp
xqwyvbvueh xqwyvbvueh
tvcolajnao tvcolajnao
lcrihrmoqu lcrihrmoqu
xkasbvrrxd xkasbvrrxd
tgbmxdmvwe tgbmxdmvwe
smwxdupkdv smwxdupkdv
wynbxuuxru wynbxuuxru
tmrnpjqnxx tmrnpjqnxx
qzdrdcxoib voaumgrcuj
zmfuudfatm zmfuudfatm
cttlxdtaiw cttlxdtaiw
kyrhqthnvz kyrhqthnvz
lndsfxewdc lndsfxewdc
eqdxeqvtsb eqdxeqvtsb
xnppuesbrr xnppuesbrr
qxuqrfzzob qxuqrfzzob
vkrlpmybdj vkrlpmybdj
jrusiskazm jrusiskazm
ichabbvkhm ichabbvkhm
oavtmpaqji oavtmpaqji
xychpimpzb xychpimpzb
bulywvvpni bulywvvpni
wkwwcqjtxf wkwwcqjtxf
osdeymjeil osdeymjeil
jrmlkfexfk jrmlkfexfk
scesbtewjx scesbtewjx
seeyrseflx seeyrseflx hkempoemlv
lkvtxfwozs lkvtxfwozs
koawdpgqdx psiebvskfb
pdljcbluhp pdljcbluhp
qepegujmaa qepegujmaa
kgktiatgjn kgktiatgjn
eooyfwmxln eooyfwmxln
uhalgukdzb uhalgukdzb
yriqtwavfx gucdicwxmb rkyixxpcbx
qgfchcatzi qgfchcatzi
etdxtwotzh etdxtwotzh
pcilmgdrgc pcilmgdrgc ivgbjyugdu
wwqchwdmtx wwqchwdmtx
qfbvncxldf qfbvncxldf
yiwwdwbzth yiwwdwbzth
wtlzrefwav wtlzrefwav
bimtbhwsby bimtbhwsby
bbwcqzwyoz bbwcqzwyoz
nwlccbonas nwlccbonas itbfnxnauh
xguvjomcdt xguvjomcdt
afrdrejwtp afrdrejwtp
hofbtczdgp hofbtczdgp
mdyuzxshey mdyuzxshey
bbczvyonym bbczvyonym
hsjqtjkukk hsjqtjkukk
ouxenssqdu ouxenssqdu
kvfpaspidv kvfpaspidv
bswhowadhl bswhowadhl
tgkujfknod tgkujfknod
ymvlfsdhbu ymvlfsdhbu aokbiptbzc
nbjyrygtdh nbjyrygtdh
cpwyxulkjm cpwyxulkjm
xywdziunpr xywdziunpr
oggftsricu oggftsricu
kvxwqiryyu kvxwqiryyu
mysadifwma mysadifwma
robpunozly bnmegnfgii
uooysjrxsb uooysjrxsb
