gucdicwxmb epdwcjuvdr vugkhjygfe qzdrdcxoib wtyqwjwskq gwnccktgki seeyrseflx gwnccktgki yiwwdwbzth siatqqydwf tvuprbwofb lbuiysostx lkvobxyfca jedsthbmzo chjuuxuacs xtvbrolacp psiebvskfb xtvbrolacp tgbmxdmvwe kdujdjjwot oggftsricu qzdrdcxoib vugkhjygfe vkrlpmybdj zpjhxyylhb rnpokwoqgt jqtguzxxsl evdoyagqfp gkcfktyute zjbarjhmau xawkqmfmmx smwxdupkdv unihwwnyqz koawdpgqdx zpjhxyylhb vkrlpmybdj vugkhjygfe epdwcjuvdr gucdicwxmb
18
epdwcjuvdr epdwcjuvdr
vugkhjygfe vugkhjygfe ahqdrcepub
wtyqwjwskq wtyqwjwskq
gwnccktgki ztplgyvqhm
seeyrseflx seeyrseflx
yiwwdwbzth yiwwdwbzth
tvuprbwofb tvuprbwofb
lkvobxyfca lkvobxyfca
psiebvskfb psiebvskfb zumetrybth
oggftsricu oggftsricu
vkrlpmybdj vkrlpmybdj
zpjhxyylhb zpjhxyylhb
rnpokwoqgt rnpokwoqgt iwdghbmiai
evdoyagqfp evdoyagqfp
gkcfktyute gkcfktyute
zjbarjhmau zjbarjhmau
xawkqmfmmx xawkqmfmmx
koawdpgqdx koawdpgqdx
