mdyuzxshey vkrlpmybdj zmfuudfatm vkrlpmybdj jatkaoyfxb zumetrybth ebqxbaqnmm ljhmnbaicr owusjcmdkp lnicnhmajr oggftsricu euqbrkzdsw oggftsricu lkvobxyfca fznfvsgjhc sjtuxgdwms lbuiysostx oegfbrwyrp tgbmxdmvwe rnpokwoqgt zpjhxyylhb ebqxbaqnmm ljhmnbaicr owusjcmdkp oewptytlja knfzsnhzvx xftptyrlvl jedsthbmzo xftptyrlvl yiwwdwbzth jqtguzxxsl hadchvmijq wynbxuuxru hadchvmijq jqtguzxxsl yiwwdwbzth wtyqwjwskq yiwwdwbzth jqtguzxxsl hadchvmijq phknwbtipl kdujdjjwot zjbarjhmau bulywvvpni lndsfxewdc mswyvpdrsy lndsfxewdc zpybghfdbe psiebvskfb zpybghfdbe cmdqzmgvfi qydclznxrd cmdqzmgvfi tmrnpjqnxx wtlzrefwav jrmlkfexfk gllungmori rkyixxpcbx optviwhmbr ixyurvbpvu gwnccktgki ixyurvbpvu uooysjrxsb seeyrseflx uooysjrxsb ixyurvbpvu optviwhmbr rkyixxpcbx gllungmori jrmlkfexfk wtlzrefwav hsjqtjkukk smwxdupkdv aokbiptbzc koawdpgqdx unihwwnyqz qepegujmaa unihwwnyqz koawdpgqdx smwxdupkdv hsjqtjkukk wtlzrefwav jrmlkfexfk gllungmori rkyixxpcbx optviwhmbr ixyurvbpvu siatqqydwf ahqdrcepub lazlsvgukx idfvjoquhh xkasbvrrxd pymtnhypxd qcktwemqbm tvcolajnao vkrlpmybdj mdyuzxshey
42
mdyuzxshey mdyuzxshey mysadifwma
vkrlpmybdj vkrlpmybdj
zmfuudfatm zmfuudfatm
jatkaoyfxb jatkaoyfxb bnmegnfgii
zumetrybth zumetrybth
ebqxbaqnmm ebqxbaqnmm
ljhmnbaicr ljhmnbaicr
owusjcmdkp owusjcmdkp
lnicnhmajr lnicnhmajr
euqbrkzdsw euqbrkzdsw
lkvobxyfca lkvobxyfca
fznfvsgjhc fznfvsgjhc
lbuiysostx lbuiysostx
tgbmxdmvwe tgbmxdmvwe
oewptytlja oewptytlja nwlccbonas
knfzsnhzvx knfzsnhzvx
xftptyrlvl xftptyrlvl
jedsthbmzo jedsthbmzo
jqtguzxxsl jqtguzxxsl
hadchvmijq hadchvmijq
wynbxuuxru wynbxuuxru
wtyqwjwskq wtyqwjwskq
kdujdjjwot kdujdjjwot
zjbarjhmau zjbarjhmau
bulywvvpni bulywvvpni
lndsfxewdc lndsfxewdc
mswyvpdrsy mswyvpdrsy
psiebvskfb psiebvskfb
cmdqzmgvfi cmdqzmgvfi qfbvncxldf
qydclznxrd qydclznxrd
wtlzrefwav wtlzrefwav
gllungmori gllungmori
rkyixxpcbx rkyixxpcbx eooyfwmxln
optviwhmbr optviwhmbr
gwnccktgki gwnccktgki
seeyrseflx seeyrseflx vugkhjygfe
aokbiptbzc aokbiptbzc
koawdpgqdx koawdpgqdx
qepegujmaa qepegujmaa xtvbrolacp
ahqdrcepub ahqdrcepub
lazlsvgukx lazlsvgukx
qcktwemqbm qcktwemqbm
