0 16 58 59 16 42 50 51 42 32 52 53 32 23 62 63 23 12 94 95 96 12 19 54 55 19 6 56 57 6 1 60 61 1 40 64 65 40 14 70 71 72 14 2 73 74 75 2 48 79 80 81 48 19 82 83 84 19 40 88 89 90 40 48 97 98 99 48 10 66 67 10 11 68 69 11 21 76 77 78 21 49 85 86 87 49 5 91 92 93 5 0
50
93 93
91 91
92 92
87 87
85 85
86 86
78 78
76 76
77 77
68 68
69 69
66 66
67 67
99 99
97 97
98 98
90 90
88 88
89 89
84 84
82 82
83 83
81 81
79 79
80 80
75 75
73 73
74 74
72 72
70 70
71 71
64 64
65 65
60 60
61 61
56 56
57 57
54 54
55 55
96 96
94 94
95 95
62 62
63 63
52 52
53 53
50 50
51 51
58 58
59 59
