0 18 102 103 18 11 130 131 11 40 134 135 40 46 170 171 172 46 11 179 180 181 11 54 191 192 193 54 58 100 101 58 10 114 115 10 5 116 117 5 25 124 125 25 57 136 137 57 12 138 139 12 1 155 156 157 1 9 161 162 163 9 83 167 168 169 83 45 173 174 175 45 90 182 183 184 90 57 188 189 190 57 10 197 198 199 10 44 104 105 44 39 106 107 39 60 108 109 60 69 110 111 69 41 112 113 41 31 118 119 31 34 120 121 34 41 122 123 41 94 126 127 94 60 128 129 60 84 132 133 84 21 140 141 142 21 84 143 144 145 84 38 146 147 148 38 87 149 150 151 87 47 152 153 154 47 26 158 159 160 26 47 164 165 166 47 49 194 195 196 49 53 176 177 178 53 78 185 186 187 78 0
100
187 187
185 185
186 186
178 178
176 176
177 177
196 196
194 194
195 195
166 166
164 164
165 165
160 160
158 158
159 159
154 154
152 152
153 153
151 151
149 149
150 150
148 148
146 146
147 147
145 145
143 143
144 144
142 142
140 140
141 141
132 132
133 133
128 128
129 129
126 126
127 127
122 122
123 123
120 120
121 121
118 118
119 119
112 112
113 113
110 110
111 111
108 108
109 109
106 106
107 107
104 104
105 105
199 199
197 197
198 198
190 190
188 188
189 189
184 184
182 182
183 183
175 175
173 173
174 174
169 169
167 167
168 168
163 163
161 161
162 162
157 157
155 155
156 156
138 138
139 139
136 136
137 137
124 124
125 125
116 116
117 117
114 114
115 115
100 100
101 101
193 193
191 191
192 192
181 181
179 179
180 180
172 172
170 170
171 171
134 134
135 135
130 130
131 131
102 102
103 103
