0 130 132 186 187 186 77 116 77 186 42 186 132 141 142 140 44 110 113 110 94 170 172 170 110 57 110 44 100 15 105 79 195 197 195 184 79 135 52 135 40 160 162 160 137 166 117 168 165 95 97 95 145 95 87 95 55 58 55 25 90 92 90 25 27 118 27 65 30 32 30 20 150 152 150 2 28 2 13 10 155 134 39 125 128 125 104 114 159 129 139 129 72 129 124 149 99 64 154 180 182 180 144 69 179 54 74 189 104 17 104 39 35 120 190 192 190 120 123 67 66 12 10 120 122 120 102 108 82 108 102 101 102 120 47 183 180 35 37 35 75 0
88
0 3
130 133
132 132 131
186 186
187 187
116 116
42 42 41
141 141
142 142
110 110
113 113
94 94
172 172
57 57 56
44 44
100 100
15 15
105 105
79 79
195 195
197 197
184 184
135 135 138
52 52
40 43
160 160
162 161
137 136
166 166
168 168
95 95
97 97
145 145 148
87 87
55 55
58 58
25 25
92 92 91
27 27
118 118
65 65 68
30 30
32 32
20 20
152 152
2 2
28 28
13 13
134 134
39 39
125 125
128 128
104 104
114 114
159 159
129 129
139 139
72 72
124 124
149 149
99 99
64 64
154 154
180 180
182 182 181
144 144
69 69
179 179
54 54
74 74
189 189
17 17 16
35 35 38
120 120
192 192
123 123
67 67
66 66
12 12 11
122 122
102 102
108 108
82 82
101 101
47 47
183 183
37 37 36
75 78
