81 34 78 124 166 156 178 49 158 145 89 165 43 35 130 184 57 199 164 135 74 45 9 107 162 87 1 159 84 197 46 17 70 138 41 90 109 183 80 76 167 126 170 42 97 65 153 56 48 88 188 161 115 85 182 100 141 92 132 27 18 23 33 152 121 93 200 12 191 16 108 8 71 52 125 196 86 195 179 127 123 69 96 24 58 14 20 64 59 95 117 150 154 180 198 53 77 103 36 189 81
100
81 81
34 34
36 36
189 189
103 103
77 77
53 53
198 198
180 180
154 154
150 150
117 117
95 95
59 59
64 64
58 58
96 96
69 69
123 123
127 127
179 179
195 195
86 86
196 196
125 125
52 52
71 71
191 191
200 200
93 93
121 121
152 152
132 132
92 92
141 141
100 100
182 182
85 85
161 161
115 115
188 188
88 88
48 48
167 167
126 126
153 153
170 170
97 97
65 65
42 42
56 56
78 78
80 80
183 183
109 109
90 90
138 138
197 197
84 84
87 87
162 162
135 135
164 164
199 199
184 184
130 130
165 165
145 145
89 89
158 158
178 178
156 156
166 166
124 124
76 76
74 74
70 70
57 57
49 49
46 46
45 45
43 43
41 41
35 35
17 17
9 9
107 107
1 1
159 159
33 33
27 27
24 24
23 23
20 20
18 18
16 16
108 108
14 14
12 12
8 8
