10 50 184 185 186 187 50 10 21 22 23 25 11 12 29 15 7 6 32 35 43 36 39 8 34 42 38 37 41 1 2 3 5 10 50 51 52 53 54 190 191 192 193 56 57 58 59 196 197 198 199 61 62 63 64 66 67 68 69 71 72 73 74 76 77 78 79 81 82 83 84 86 87 88 89 91 92 93 94 96 97 98 99 101 102 103 104 106 107 108 109 111 112 50 10
87
51 51
52 52
53 53
54 54
190 190
192 192
193 193
191 191
56 56
57 57
58 58
59 59
196 196
198 198
199 199
197 197
61 61
62 62
63 63
64 64
66 66
67 67
68 68
69 69
71 71
72 72
73 73
74 74
76 76
77 77
78 78
79 79
81 81
82 82
83 83
84 84
86 86
87 87
88 88
89 89
91 91
92 92
93 93
94 94
96 96
97 97
98 98
99 99
101 101
102 102
103 103
104 104
106 106
107 107
108 108
109 109
111 111
112 112
21 21
23 23
25 25
22 22
11 11
29 29
15 15
12 12
7 7
37 37
41 41
8 8
38 38
34 34
42 42
6 6
36 36
39 39
32 32
35 35
43 43
186 186
187 187
184 184
185 185
1 1
3 3
5 5
2 2
