0 91 56 35 20 81 84 77 36 41 90 79 23 60 189 51 92 55 31 97 176 44 176 97 58 3 48 100 76 28 42 12 33 65 125 63 24 59 40 69 26 50 22 67 25 15 25 67 64 67 19 67 183 69 8 88 61 98 88 8 11 1 34 99 78 9 78 32 4 66 95 93 10 43 74 37 47 2 30 83 75 71 21 13 21 94 178 4 80 86 29 14 73 52 99 27 49 68 57 53 186 133 39 7 96 6 96 17 89 45 70 62 5 87 46 38 46 72 82 85 16 54 149 18 0
100
56 56
35 35
99 99
86 86
29 29
14 14
73 73
52 52
78 78
32 32
80 80
4 4
66 66
95 95
93 93
94 94
71 71
21 21
13 13
10 10
75 75
83 83
43 43
74 74
37 37
47 47
2 2
30 30
9 9
27 27
39 39
49 49
68 68
57 57
53 53
20 20
63 63
24 24
59 59
40 40
69 69
26 26
50 50
22 22
67 67
64 64
25 25
15 15
19 19
8 8
88 88
98 98
61 61
11 11
34 34
1 1
81 81
84 84
77 77
36 36
90 90
79 79
41 41
23 23
65 65
60 60
55 55
76 76
33 33
28 28
42 42
12 12
31 31
97 97
58 58
3 3
48 48
100 100
44 44
51 51
92 92
7 7
54 54
18 18
96 96
85 85
16 16
17 17
82 82
62 62
5 5
87 87
46 46
72 72
38 38
70 70
89 89
45 45
6 6
91 91
