ctUVEJSyNR Z82QDWb0Pr T3o9dNVbcG TDmNOuGJBk MzId8uwrPz txD9e6zJ8c VbPBW7rmhF RLF9v27sOQ VbPBW7rmhF BtCEVbHoQI I4iTN5KXjB BtCEVbHoQI HG8olhhcTZ sY3UqAEMG3 oPQmRUijH5 6lpxgUxCxO jKpmFoejPZ gLI8ArV2Ui osdKgXyg1e MuYreynm57 f91pUtm9EZ vzXeZbLrSW UphA2uAaYC HEqjxwCWnl zUWT7uduzq uVIshS2g8a qg08r1Pg6g uVIshS2g8a VBTKstUXwG HTp005294X VBTKstUXwG HTp005294X Z82QDWb0Pr 7d3UA4fKWz 8Jejdr7ynm QwY2G6aX6c 8Jejdr7ynm 7d3UA4fKWz Z82QDWb0Pr U5XdtBFGOe Z82QDWb0Pr ctUVEJSyNR
24
Z82QDWb0Pr Z82QDWb0Pr
U5XdtBFGOe U5XdtBFGOe
7d3UA4fKWz 7d3UA4fKWz
8Jejdr7ynm 8Jejdr7ynm
QwY2G6aX6c QwY2G6aX6c
HTp005294X IU0Ia8127Z
VBTKstUXwG VBTKstUXwG 8UaR4YpZys
T3o9dNVbcG T3o9dNVbcG
BtCEVbHoQI BtCEVbHoQI
oPQmRUijH5 oPQmRUijH5
gLI8ArV2Ui gLI8ArV2Ui
osdKgXyg1e osdKgXyg1e
MuYreynm57 MuYreynm57
zUWT7uduzq zUWT7uduzq
qg08r1Pg6g qg08r1Pg6g
f91pUtm9EZ f91pUtm9EZ
vzXeZbLrSW vzXeZbLrSW
UphA2uAaYC UphA2uAaYC
6lpxgUxCxO 6lpxgUxCxO
HG8olhhcTZ HG8olhhcTZ
I4iTN5KXjB I4iTN5KXjB
RLF9v27sOQ RLF9v27sOQ
TDmNOuGJBk TDmNOuGJBk
MzId8uwrPz MzId8uwrPz
