1 1aL 1eO 1dP K 1eX 1cN 1cZ 2 1cV B 1eX 1cH 1dD 1cO 1eX 1dA 1eX 1cY K 1bF K 1eJ 1dS K 1dM 1dJ 1eX 1eO 1dG 1dF 2 1dE 1cR 1eX 1cI 1eX 1cD 1cC 1eX 1bR 1bO 1eX 1bN 1bJ 1bH 1bE 1bD 1aX 1eO 1aV 1eM 1aU 1aS 1aR 1aP K 1aN 1aK 1eJ 1aJ 1bU 1cS 1bP 1aJ 1cQ 1cG 1aJ 1aQ 1bG 1aJ 1dY 1aJ 1bQ 1aJ 1dC 1eC 1aJ 1eD 1eF 1bS 1eB 1aJ 1dV 1bM 1aJ 1aY 1aJ 1cT 1aJ 1dI 1aJ 1aM 1eE 1aJ 1aT 1bA 1eX 1dN 1aJ 1bL 1cP 1eG 1bV 1cE 1dO 1aJ 1bK 1aJ 1aZ 1aJ 1cK 1eX 1aW 1eX 1dR 1eX 1cW 1eX 1eH 1eX 1dK 1cB 1aJ 1cF 1aJ 1dT K 1bW 1cU 1bY 1aJ 1dZ 1cX 1aJ 1eA K 1eI 1cJ 1bC 1aJ 1dH 1bT 1aJ 1dW 1aJ 1bX 1bB K 1aI 1aJ 1aE 1aC 1aB 1aA 1eO 1
100
1 1
1aL 1aL
1dP 1dP
1cN 1cN
1cZ 1cZ
1cV 1cV
1cH 1cH
1dD 1dD
1cO 1cO
1dA 1dA
1cY 1cY
1bF 1bF
1eJ 1eJ
1dS 1dS
1dM 1dM
1dJ 1dJ
1dG 1dG
1dF 1dF
1dE 1dE
1cR 1cR
1cI 1cI
1cD 1cD
1cC 1cC
1bR 1bR
1bO 1bO
1bN 1bN
1bJ 1bJ
1bH 1bH
1bE 1bE
1bD 1bD
1aX 1aX
1aV 1aV
1aU 1aU
1aS 1aS
1aR 1aR
1aP 1aP
1aN 1aN
1aK 1aK
1aJ 1aJ
1bU 1bU
1cS 1cS
1bP 1bP
1cQ 1cQ
1cG 1cG
1aQ 1aQ
1bG 1bG
1dY 1dY
1bQ 1bQ
1dC 1dC
1eC 1eC
1eD 1eD
1eF 1eF
1bS 1bS
1eB 1eB
1dV 1dV
1bM 1bM
1aY 1aY
1cT 1cT
1dI 1dI
1aM 1aM
1eE 1eE
1aT 1aT
1bA 1bA
1dN 1dN
1bL 1bL
1cP 1cP
1eG 1eG
1bV 1bV
1cE 1cE
1dO 1dO
1bK 1bK
1aZ 1aZ
1cK 1cK
1aW 1aW
1dR 1dR
1cW 1cW
1eH 1eH
1dK 1dK
1cB 1cB
1cF 1cF
1dT 1dT
1bW 1bW
1cU 1cU
1bY 1bY
1dZ 1dZ
1cX 1cX
1eA 1eA
1eI 1eI
1cJ 1cJ
1bC 1bC
1dH 1dH
1bT 1bT
1dW 1dW
1bX 1bX
1bB 1bB
1aI 1aI
1aE 1aE
1aC 1aC
1aB 1aB
1aA 1aA
