1 1aL 1bI B T 1aN Q 1bI J 9 K 5 x 1bC 1aR 1bB e 1aG E 1aD x 1bM x e 8 e G 1aI 7 1aI C 1bL 1bF N 1aI 1aT H 1bH e I 1aI V 1aW l 1bA x 1aF e 1bK 1aL 1aJ 1aC e 1aQ l x 1aA 1bG 1aY R 1aI 1aB L l 1aV e 1aK 1aZ 1aX 1aL 1aU 1aL S P A 1
50
1aL 1aL
A A
P P
S S
1aU 1aU
1aX 1aX
1aZ 1aZ
1aV 1aV
L L
R R
1aY 1aY
1bG 1bG
1aQ 1aQ
1bK 1bK
1bA 1bA
1aW 1aW
V V
I I
1bH 1bH
H H
1aT 1aT
N N
1bF 1bF
1bL 1bL
C C
7 7
G G
8 8
1bM 1bM
E E
1bB 1bB
1aR 1aR
1bC 1bC
9 9
K K
5 5
1bI 1bI
J J
Q Q
T T
B B
1aN 1aN
1aK 1aK
1aJ 1aJ
1aG 1aG
1aF 1aF
1aD 1aD
1aC 1aC
1aB 1aB
1aA 1aA
