5 95 43 45 47 42 38 1 92 81 92 76 80 20 69 20 52 44 46 97 38 1 74 84 38 23 47 51 4 77 34 59 60 59 39 59 64 93 64 59 53 98 41 18 60 0 26 33 85 22 10 6 73 90 13 88 99 78 30 87 30 49 91 14 90 15 55 12 82 67 11 9 62 67 12 36 12 82 27 75 40 75 24 5
50
5 5
95 95
15 15
55 55
82 82
27 27
36 36
67 67
11 11
62 62
40 40
75 75
43 43
45 45
47 47
85 85
22 22
4 4
34 34
60 60
64 64
93 93
39 39
53 53
98 98
0 0
18 18
42 42
1 1
23 23
92 92
81 81
76 76
69 69
52 52
44 44
46 46
97 97
74 74
84 84
6 6
13 13
99 99
91 91
14 14
78 78
30 30
87 87
88 88
24 24
