153 170 15 129 12 93 12 34 113 58 47 120 36 188 36 21 184 21 161 60 0 195 80 140 80 39 70 180 197 73 43 139 138 61 138 131 0 60 112 29 109 99 58 50 128 96 128 50 156 192 5 53 77 95 145 178 68 118 169 35 90 23 40 90 2 98 88 98 122 98 147 42 147 189 8 189 78 163 101 191 3 98 2 160 37 160 127 100 2 187 2 56 100 98 88 177 137 41 108 81 119 133 79 172 26 11 168 150 134 74 89 20 89 152 28 74 89 49 167 136 181 146 75 16 126 22 86 13 196 76 124 76 7 20 4 86 194 135 75 182 75 16 66 19 186 52 186 83 92 171 186 52 179 193 29 165 153
100
153 153
170 170
113 113
58 58
47 47
21 21
184 184
161 161
60 60
0 0
43 43
138 138
61 61
131 131
195 195
140 140
70 70
180 180
197 197
112 112
120 120
36 36
188 188
99 99
50 50
156 156
192 192
5 5
53 53
145 145
178 178
68 68
118 118
169 169
35 35
177 177
137 137
41 41
19 19
52 52
179 179
83 83
171 171
108 108
79 79
172 172
26 26
11 11
168 168
150 150
134 134
89 89
49 49
167 167
74 74
152 152
28 28
20 20
136 136
146 146
182 182
194 194
135 135
16 16
126 126
86 86
4 4
13 13
196 196
124 124
7 7
81 81
119 119
90 90
2 2
187 187
98 98
3 3
147 147
8 8
163 163
42 42
88 88
122 122
160 160
127 127
37 37
56 56
23 23
40 40
77 77
95 95
29 29
128 128
96 96
15 15
129 129
12 12
34 34
93 93
