3xgrfvks bt3xcgwcd6c uqc3avv5 ijgos1ws1o kr5jy4uyjt 4418l7vdyv 4l424khddum i3la5wvv4 d8hwo5pi 45bp6qh 5ed169a5jrt pxtk2 b9zxvj22sc dooatf4 b9zxvj22sc ag29aqlop lrleda nbvknr it92vprqk ifmqwyt6x 1huq1df lrleda m5uyvxo2h ff6i898nw ho87zq94a914a y6571 d3y7jq ual3asit ou2rf1qhh 8evxiqgcp69n d3y7jq d5podyx2rn1o t42r85mht8ru 3xgrfvks
23
bt3xcgwcd6c bt3xcgwcd6c
uqc3avv5 uqc3avv5
kr5jy4uyjt kr5jy4uyjt
4418l7vdyv 4418l7vdyv
4l424khddum 4l424khddum
i3la5wvv4 i3la5wvv4
45bp6qh 45bp6qh
5ed169a5jrt 5ed169a5jrt
pxtk2 pxtk2
b9zxvj22sc b9zxvj22sc
dooatf4 dooatf4
ag29aqlop ag29aqlop
lrleda lrleda
nbvknr nbvknr
it92vprqk it92vprqk
ifmqwyt6x ifmqwyt6x
1huq1df 1huq1df
m5uyvxo2h m5uyvxo2h
ho87zq94a914a ho87zq94a914a
d3y7jq d3y7jq
ual3asit ual3asit
8evxiqgcp69n 8evxiqgcp69n
d5podyx2rn1o d5podyx2rn1o
