y1ueyuwp svhmnjst1e umnww3 z3qc9ub vnsdusp svhmnjst1e q847myi 8eg2mee w4qoh15 eq5c5ygub 2y9obuu 38s4jyp4eu uus7jirbe oso2xmpn1i ywksl5wd p53u2x9bku99j t9q1ztn8723 p53u2x9bku99j 2y9obuu 6u33i 2y9obuu yik8cqxn2 svhmnjst1e kab7t8o7qjj my85gnmouy kab7t8o7qjj 7og7qr4t86 8cfvpx26xwcwt 7og7qr4t86 3hlob94j5u ehy39 yida2btlrgcd2it mqt67y9n ywksl5wd 4cddmu86gmo 95nsenz6 jjeivv4j55 rkd38ui5s4 jjeivv4j55 kc3zwg52 u4xzrfm7f g7pgjjh6 vehkyi71w fhrrge vehkyi71w 9956fi f3vyq53xc 2bwd2j f3vyq53xc swoprer hk8azedo934p3 l12pu 31raz5hp9v p4fcg3ba quxig9xz2 bmicm4au xllfi9b j2pso94 8erlfq ywksl5wd kch7lui7 2jba9pca y1ueyuwp
43
svhmnjst1e svhmnjst1e
umnww3 umnww3
vnsdusp vnsdusp
q847myi q847myi
8eg2mee 8eg2mee
w4qoh15 w4qoh15
eq5c5ygub eq5c5ygub
2y9obuu 2y9obuu
38s4jyp4eu 38s4jyp4eu
uus7jirbe uus7jirbe
p53u2x9bku99j p53u2x9bku99j
t9q1ztn8723 t9q1ztn8723
6u33i 6u33i
yik8cqxn2 yik8cqxn2
kab7t8o7qjj kab7t8o7qjj
my85gnmouy my85gnmouy
7og7qr4t86 7og7qr4t86
8cfvpx26xwcwt 8cfvpx26xwcwt
3hlob94j5u 3hlob94j5u
ehy39 ehy39
yida2btlrgcd2it yida2btlrgcd2it
mqt67y9n mqt67y9n
ywksl5wd ywksl5wd
4cddmu86gmo 4cddmu86gmo
95nsenz6 95nsenz6
jjeivv4j55 jjeivv4j55
rkd38ui5s4 rkd38ui5s4
kc3zwg52 kc3zwg52
u4xzrfm7f u4xzrfm7f
vehkyi71w vehkyi71w
fhrrge fhrrge
9956fi 9956fi
f3vyq53xc f3vyq53xc
2bwd2j 2bwd2j
swoprer swoprer
l12pu l12pu
31raz5hp9v 31raz5hp9v
quxig9xz2 quxig9xz2
bmicm4au bmicm4au
xllfi9b xllfi9b
j2pso94 j2pso94
8erlfq 8erlfq
kch7lui7 kch7lui7
