M2S9flVUcYP2sJdh8LXf sH3pvLOfMUrEGUrmsHCu tuE7UekaxGUib4idWtYa 93aDiM8K0XhtiVcCVKi2 tuE7UekaxGUib4idWtYa PZrpdQAa8H8tkrajh08J tuE7UekaxGUib4idWtYa 93aDiM8K0XhtiVcCVKi2 vodEvdIApqt0N3TZsbxN EtrZREkmL456viQQJ9Rb S8uMGvUglWyhnfV5Wzdp dKH5OdpmJKCU83bbXVxZ 0uvEfLgT4s8ImTk9VWBt dKH5OdpmJKCU83bbXVxZ Kfu1pc3YPMGebW7Iu8ex T05cb1iVZnpGK4zO8JN8 Pqf0Sn4UvsBLaxz7WO4n 48nWZMVqWDxfH9uMf2U3 zD7ErBenXxsG4D9b5TEV lxlEsWbbqG2dcyvjsLTA zbFdxZAJcbci5gs01pnM LwS5op21h2H20gmVULql nbZglhhmYQAPQz4eETaj MtQDjkLToWj4d53MMhKG pNXWB5geApaSjbsCCT4J MtQDjkLToWj4d53MMhKG vodEvdIApqt0N3TZsbxN cdaizmjQrCe5Vnwy3JQF tVhIJJgs0kEFaQx1hdWm wpBgd82GxlO3hr1i0lHL Z0DuoZMcx6oyDPWFznMK wpBgd82GxlO3hr1i0lHL tVhIJJgs0kEFaQx1hdWm Jjat3uJ5XboI9kZe0522 Dc1wEVV3kuOZotG6pNlL LNMZej67uy0Whvqp5OR1 Dc1wEVV3kuOZotG6pNlL Dt5YfbjQq6VoKnyw6Zav JajH9BPb1gw5kQ2oTRnP dOKaHsIcDX32wPXAX2Gt uy6RcQAYd3ATM1Icq3my ECCnzlgsMEvTYjNwAlfM Eu0wGcDBBrgvePzHfqrS wMERbIWoRIf6BT6nQKYQ LxEzX08MG9T8knIYbul0 uy6RcQAYd3ATM1Icq3my zdtRVpQ9lVyEhNj9Evpp dOKaHsIcDX32wPXAX2Gt yHMPX8vHctuUweyLluyz oWxP87H6AXwFzF0dpB9d 4bQwji0D4wyEDLd54MWv 8KfYYXeMqM0D4nShLOzi tUowOUG1V7iCXBCMR0AT 8KfYYXeMqM0D4nShLOzi v0QJIKD4q7sFXrzFSb6J 8KfYYXeMqM0D4nShLOzi 4bQwji0D4wyEDLd54MWv 9GrchmlNCDIapQ9OnEYh 9Jr76N4fnNot7SNYqBKG jgcWqrcniA4q9WNs9xkc 5gumrx48u1yPpF6ivPOI vxiwkV1b5fV2sGCBFsRQ gZVNRDm5p6aX5QEEX8UG m1IYiQsUBuvvpTv7yWXO fmFrd4vggNac5TkiFJAd XmlH4l2BXG35TF70bZqZ NMTjl1jsvrb7y2ggdCSc PbYOO88SokShsv7XrgBm Z8MZ2JfftjeVVnGFSOQe k7k4sHxeh1pR4sOjcVuj Dc1wEVV3kuOZotG6pNlL Jjat3uJ5XboI9kZe0522 L8bxdxuDa5issn2PiN3u yZPIHwySFuIdRJCMzjnz lOEjyrMvpa6QONpUJC0R W4IxjYZtRN88GGSV9Uoc lOEjyrMvpa6QONpUJC0R Bc6dudheE3WGLxP0iDdK X9TJsvmT50zYeG0q6XSG H59EihDjhfpS7ToXFM3L M2S9flVUcYP2sJdh8LXf
50
M2S9flVUcYP2sJdh8LXf M2S9flVUcYP2sJdh8LXf
sH3pvLOfMUrEGUrmsHCu sH3pvLOfMUrEGUrmsHCu
93aDiM8K0XhtiVcCVKi2 93aDiM8K0XhtiVcCVKi2
PZrpdQAa8H8tkrajh08J PZrpdQAa8H8tkrajh08J
vodEvdIApqt0N3TZsbxN vodEvdIApqt0N3TZsbxN
EtrZREkmL456viQQJ9Rb EtrZREkmL456viQQJ9Rb
S8uMGvUglWyhnfV5Wzdp S8uMGvUglWyhnfV5Wzdp
dKH5OdpmJKCU83bbXVxZ dKH5OdpmJKCU83bbXVxZ
0uvEfLgT4s8ImTk9VWBt 0uvEfLgT4s8ImTk9VWBt
Kfu1pc3YPMGebW7Iu8ex Kfu1pc3YPMGebW7Iu8ex
Pqf0Sn4UvsBLaxz7WO4n Pqf0Sn4UvsBLaxz7WO4n
48nWZMVqWDxfH9uMf2U3 48nWZMVqWDxfH9uMf2U3
zD7ErBenXxsG4D9b5TEV zD7ErBenXxsG4D9b5TEV
nbZglhhmYQAPQz4eETaj nbZglhhmYQAPQz4eETaj
pNXWB5geApaSjbsCCT4J pNXWB5geApaSjbsCCT4J
cdaizmjQrCe5Vnwy3JQF cdaizmjQrCe5Vnwy3JQF
tVhIJJgs0kEFaQx1hdWm tVhIJJgs0kEFaQx1hdWm
Z0DuoZMcx6oyDPWFznMK Z0DuoZMcx6oyDPWFznMK
Jjat3uJ5XboI9kZe0522 Jjat3uJ5XboI9kZe0522
LNMZej67uy0Whvqp5OR1 LNMZej67uy0Whvqp5OR1
Dt5YfbjQq6VoKnyw6Zav Dt5YfbjQq6VoKnyw6Zav
dOKaHsIcDX32wPXAX2Gt dOKaHsIcDX32wPXAX2Gt
uy6RcQAYd3ATM1Icq3my uy6RcQAYd3ATM1Icq3my
ECCnzlgsMEvTYjNwAlfM ECCnzlgsMEvTYjNwAlfM
Eu0wGcDBBrgvePzHfqrS Eu0wGcDBBrgvePzHfqrS
LxEzX08MG9T8knIYbul0 LxEzX08MG9T8knIYbul0
zdtRVpQ9lVyEhNj9Evpp zdtRVpQ9lVyEhNj9Evpp
yHMPX8vHctuUweyLluyz yHMPX8vHctuUweyLluyz
oWxP87H6AXwFzF0dpB9d oWxP87H6AXwFzF0dpB9d
4bQwji0D4wyEDLd54MWv 4bQwji0D4wyEDLd54MWv
8KfYYXeMqM0D4nShLOzi 8KfYYXeMqM0D4nShLOzi
tUowOUG1V7iCXBCMR0AT tUowOUG1V7iCXBCMR0AT
v0QJIKD4q7sFXrzFSb6J v0QJIKD4q7sFXrzFSb6J
9GrchmlNCDIapQ9OnEYh 9GrchmlNCDIapQ9OnEYh
9Jr76N4fnNot7SNYqBKG 9Jr76N4fnNot7SNYqBKG
jgcWqrcniA4q9WNs9xkc jgcWqrcniA4q9WNs9xkc
5gumrx48u1yPpF6ivPOI 5gumrx48u1yPpF6ivPOI
vxiwkV1b5fV2sGCBFsRQ vxiwkV1b5fV2sGCBFsRQ
gZVNRDm5p6aX5QEEX8UG gZVNRDm5p6aX5QEEX8UG
m1IYiQsUBuvvpTv7yWXO m1IYiQsUBuvvpTv7yWXO
fmFrd4vggNac5TkiFJAd fmFrd4vggNac5TkiFJAd
XmlH4l2BXG35TF70bZqZ XmlH4l2BXG35TF70bZqZ
NMTjl1jsvrb7y2ggdCSc NMTjl1jsvrb7y2ggdCSc
Z8MZ2JfftjeVVnGFSOQe Z8MZ2JfftjeVVnGFSOQe
k7k4sHxeh1pR4sOjcVuj k7k4sHxeh1pR4sOjcVuj
L8bxdxuDa5issn2PiN3u L8bxdxuDa5issn2PiN3u
yZPIHwySFuIdRJCMzjnz yZPIHwySFuIdRJCMzjnz
W4IxjYZtRN88GGSV9Uoc W4IxjYZtRN88GGSV9Uoc
Bc6dudheE3WGLxP0iDdK Bc6dudheE3WGLxP0iDdK
H59EihDjhfpS7ToXFM3L H59EihDjhfpS7ToXFM3L
