hC71hIuyRaST3AiaSZqg cXmjc3Wu4kjM1IHGgfA5 COVfDobG5VcfcSxLDUch YygsiZkXDS9oQ07w4psX iS3QMNvYa0RbuZKbJowP OAcbYkMyAi1Iu0vWaaFc 5doygtE58PVlrfBbaaxD ZUt08qPkISJA3VT4fdsK VkEnPX1CQCoh4CxlXSlf kITtdSORrLGuHqAl2YGb EEWjQ3rZ3GM9oucA2vc5 qyWH5Ui5kFJGpXM7i2RZ P6PcaiimLTne6w5m7SJi ymIUUgCvgB7r5le0Mh11 oq1GulTWdKtwAlNIQxnY 2dfprAgHp3T6RrgooKgP nnG2z19YXqYOoAxMQkFV 72cxNTZ1Tw5teVGiR2xj nnG2z19YXqYOoAxMQkFV Mi1upMhcgP7iV16OWKN5 NXZByMrsstrrXRLxVcyg gZiMcGUkLd8qaWleLH1T NXZByMrsstrrXRLxVcyg qsbRHSDlSHG3Ep5gugbq 3MmCPAjYheu6g9TkIxDm uJlmjikTUoEO48jGpFMW TrUW9m3qjkTMvqHNRot0 zbsjvfwSdNExCnTFLo8x 4wWd3kvalFkda9M583i7 btiXecpJBKmrIHtQ7jPA FzgyYozZJweUgT2UncY3 x81SdeDfzbsk8wgCHcJT 468JV90VoJDfHRf7bwGC NqvNOj5h3GSbJm5NawjL yLnN3wvof669Fh58DxrQ l5OFQGDhW1xJJ8ERuglz eULKHiriYHElwEbrQo2X NjrNYv2s9TjuFmdhy6vq aGWdv30UuUFiszMErlJF jGNThQH3U9Qqi91Eop7X 61VEe5QpRdEG1AHTZmSn jGNThQH3U9Qqi91Eop7X rW1b1NT9NaRlIIxoT8XF W5rNQea9NsCafaUbLgWC C5aQkckiWq5qVUhbiI57 nmwnnNlPCMIjajSEo2R3 63EFNMvLteBrV7Lj9nA4 dsEyS8WvuzfBZPrbbzZx RDnAjQbgrCahBSBieO1p 6KcltWtleWJ6izN3XL0F wqyhoOJuJuNfuZ1c9ZhU EqrhH8oFQmMRN10foGjV wqyhoOJuJuNfuZ1c9ZhU nmwnnNlPCMIjajSEo2R3 laRDyozSdXcFtmdQ5VqD fm9EBymrV0VSOljfjrTQ 2YL9dYowMkTTxjU0fVal nmwnnNlPCMIjajSEo2R3 oakCd1HozhO35GtImcF2 yXrak2UUHdgFCsCWvgfp RSJQdRAK7H6zYHVeXyPj oakCd1HozhO35GtImcF2 C5aQkckiWq5qVUhbiI57 R22TNV5lr1tmI44FcHvv ddzqPXECnHQT4a4RIpSF rW1b1NT9NaRlIIxoT8XF bw0K7NVh1sgqlnescYkX CgUyoeVDFzkf0g6EiF8w 72cxNTZ1Tw5teVGiR2xj nnG2z19YXqYOoAxMQkFV nOsoIFzZBhdd6bjP45Ba Z2YJKymsE6JEohxl2CgC 2TderjwrXrNV2UBZ77eD LI8fhHKJlh7mQx1nNK0m IWOalMs6IXX5Ln6F9Eov 2QgUKFj4HV0dn5Ia55tj QYsTJmc2IUi36H1YK47s Tgouk8HApNFShyYjQedR sCcEFmBkhTop4sycKzuM Tgouk8HApNFShyYjQedR Dv6lwBgjbbZceuQXFzFf Tgouk8HApNFShyYjQedR Mufarp9xGx29xj0P1ijS lVjpvSHc5hBrS7dzTmI1 iuuWW5781KuHBsKkyWMa D3gODzQIzHZRe5A487BX g5fwwkfUKem4JdibLkXM PFAHK1LPbENiUm01N8B0 xtgYSd34f56WAH3CCBpW IC3wlDskAWyf0o1M61kl tb41LamjPxrSZBTCVL4N b9q1t3OMZ6dXE5R6ca5w vXrEXAmThLoQVXFImZcg 7DZfG4yobV0xCcSaxf27 5E8wNso5HkheqEVi0Uhr 6jnt0RQvUBeXBhrLOwzh EnQuMk7pVZUnmn2BboBv QHOT9LWV0s6xVVreglDh EnQuMk7pVZUnmn2BboBv g6Fit1BcwBIbAAJnBKGn OBEPyJuvhH0Z9VoT2UNC h52UeNen88U7Y4iFuOF7 z0rRwRZbA1TaaAgS8PYu h52UeNen88U7Y4iFuOF7 1Oc2bGjHzXrMLiYLik5Z fzCA3w8Mu664WC0yRZb5 EfhuR5UGBxqkoqdQBn2E 4MuL6AbQo2ozZ4x7psrd KqTw626stjcdChciHrJ6 OLGSBuAPLZmdhTN6ApoS 8w6JkwNghwwfzVWZlMG6 1uTE034Q24DWmybWBbX4 RNtZ6m1O9hQj2ovJiJE3 JuSdCG8HSUzwufkmRvTN 8IUV6HBSYn47shRwVW5F 1ae7bJScGomdGEdgag5b DmIjX4adnoqSEDmx2f39 fxnnXXAtldMGBgqECnVx mUdsQgC4b4x2HD8wqon6 mkGdh9qd7uj9x5W3Koxj PqB0lgs9Brze4wJGQzAM FE29I03FH1qEyEvIQNGT NWAZrSnr0i1Dj5TA6dLc WgneGAZv4qtDq8Q5DYZf NWAZrSnr0i1Dj5TA6dLc fuNQ8Sfy86k6zaBQjwEz 24YcTAlCtPoNC11H3BAQ jLS4UljOCe6h8LwAOGRX 1wSeohNTb1oCspxe2x4j MCc3yEIO8tXzzu5ZknlT kuIwHVHn49UEM4TprHKr t9sTQNaMU9o2HF5pm7xT gZCyL2MJze1aowodommu yMXdJdorJpzOHHt9uIfg ivvO5yUvAxjOjLiwMPV4 kITtdSORrLGuHqAl2YGb YygsiZkXDS9oQ07w4psX v0QCMKnmfkXllH4nQHen Wf6tYlitgmZKoXfughsS UQEmoPmHSH2FlTDuXOEx LkczcKgnoMrSVImHJ0fO Ca5sYccbD9TUz7JLHrcf hC71hIuyRaST3AiaSZqg
100
YygsiZkXDS9oQ07w4psX YygsiZkXDS9oQ07w4psX
v0QCMKnmfkXllH4nQHen v0QCMKnmfkXllH4nQHen
OAcbYkMyAi1Iu0vWaaFc OAcbYkMyAi1Iu0vWaaFc
5doygtE58PVlrfBbaaxD 5doygtE58PVlrfBbaaxD
nOsoIFzZBhdd6bjP45Ba nOsoIFzZBhdd6bjP45Ba
Z2YJKymsE6JEohxl2CgC Z2YJKymsE6JEohxl2CgC
2TderjwrXrNV2UBZ77eD 2TderjwrXrNV2UBZ77eD
LI8fhHKJlh7mQx1nNK0m LI8fhHKJlh7mQx1nNK0m
IWOalMs6IXX5Ln6F9Eov IWOalMs6IXX5Ln6F9Eov
2QgUKFj4HV0dn5Ia55tj 2QgUKFj4HV0dn5Ia55tj
QYsTJmc2IUi36H1YK47s QYsTJmc2IUi36H1YK47s
Tgouk8HApNFShyYjQedR Tgouk8HApNFShyYjQedR
Mufarp9xGx29xj0P1ijS Mufarp9xGx29xj0P1ijS
lVjpvSHc5hBrS7dzTmI1 lVjpvSHc5hBrS7dzTmI1
Dv6lwBgjbbZceuQXFzFf Dv6lwBgjbbZceuQXFzFf
sCcEFmBkhTop4sycKzuM sCcEFmBkhTop4sycKzuM
g5fwwkfUKem4JdibLkXM g5fwwkfUKem4JdibLkXM
PFAHK1LPbENiUm01N8B0 PFAHK1LPbENiUm01N8B0
xtgYSd34f56WAH3CCBpW xtgYSd34f56WAH3CCBpW
IC3wlDskAWyf0o1M61kl IC3wlDskAWyf0o1M61kl
b9q1t3OMZ6dXE5R6ca5w b9q1t3OMZ6dXE5R6ca5w
vXrEXAmThLoQVXFImZcg vXrEXAmThLoQVXFImZcg
7DZfG4yobV0xCcSaxf27 7DZfG4yobV0xCcSaxf27
6jnt0RQvUBeXBhrLOwzh 6jnt0RQvUBeXBhrLOwzh
fzCA3w8Mu664WC0yRZb5 fzCA3w8Mu664WC0yRZb5
4MuL6AbQo2ozZ4x7psrd 4MuL6AbQo2ozZ4x7psrd
1wSeohNTb1oCspxe2x4j 1wSeohNTb1oCspxe2x4j
kuIwHVHn49UEM4TprHKr kuIwHVHn49UEM4TprHKr
KqTw626stjcdChciHrJ6 KqTw626stjcdChciHrJ6
WgneGAZv4qtDq8Q5DYZf WgneGAZv4qtDq8Q5DYZf
NWAZrSnr0i1Dj5TA6dLc NWAZrSnr0i1Dj5TA6dLc
fuNQ8Sfy86k6zaBQjwEz fuNQ8Sfy86k6zaBQjwEz
24YcTAlCtPoNC11H3BAQ 24YcTAlCtPoNC11H3BAQ
jLS4UljOCe6h8LwAOGRX jLS4UljOCe6h8LwAOGRX
OLGSBuAPLZmdhTN6ApoS OLGSBuAPLZmdhTN6ApoS
8w6JkwNghwwfzVWZlMG6 8w6JkwNghwwfzVWZlMG6
1uTE034Q24DWmybWBbX4 1uTE034Q24DWmybWBbX4
RNtZ6m1O9hQj2ovJiJE3 RNtZ6m1O9hQj2ovJiJE3
JuSdCG8HSUzwufkmRvTN JuSdCG8HSUzwufkmRvTN
8IUV6HBSYn47shRwVW5F 8IUV6HBSYn47shRwVW5F
DmIjX4adnoqSEDmx2f39 DmIjX4adnoqSEDmx2f39
1ae7bJScGomdGEdgag5b 1ae7bJScGomdGEdgag5b
mkGdh9qd7uj9x5W3Koxj mkGdh9qd7uj9x5W3Koxj
FE29I03FH1qEyEvIQNGT FE29I03FH1qEyEvIQNGT
QHOT9LWV0s6xVVreglDh QHOT9LWV0s6xVVreglDh
g6Fit1BcwBIbAAJnBKGn g6Fit1BcwBIbAAJnBKGn
OBEPyJuvhH0Z9VoT2UNC OBEPyJuvhH0Z9VoT2UNC
z0rRwRZbA1TaaAgS8PYu z0rRwRZbA1TaaAgS8PYu
1Oc2bGjHzXrMLiYLik5Z 1Oc2bGjHzXrMLiYLik5Z
t9sTQNaMU9o2HF5pm7xT t9sTQNaMU9o2HF5pm7xT
yMXdJdorJpzOHHt9uIfg yMXdJdorJpzOHHt9uIfg
VkEnPX1CQCoh4CxlXSlf VkEnPX1CQCoh4CxlXSlf
oq1GulTWdKtwAlNIQxnY oq1GulTWdKtwAlNIQxnY
2dfprAgHp3T6RrgooKgP 2dfprAgHp3T6RrgooKgP
x81SdeDfzbsk8wgCHcJT x81SdeDfzbsk8wgCHcJT
468JV90VoJDfHRf7bwGC 468JV90VoJDfHRf7bwGC
l5OFQGDhW1xJJ8ERuglz l5OFQGDhW1xJJ8ERuglz
NqvNOj5h3GSbJm5NawjL NqvNOj5h3GSbJm5NawjL
eULKHiriYHElwEbrQo2X eULKHiriYHElwEbrQo2X
aGWdv30UuUFiszMErlJF aGWdv30UuUFiszMErlJF
bw0K7NVh1sgqlnescYkX bw0K7NVh1sgqlnescYkX
61VEe5QpRdEG1AHTZmSn 61VEe5QpRdEG1AHTZmSn
rW1b1NT9NaRlIIxoT8XF rW1b1NT9NaRlIIxoT8XF
W5rNQea9NsCafaUbLgWC W5rNQea9NsCafaUbLgWC
C5aQkckiWq5qVUhbiI57 C5aQkckiWq5qVUhbiI57
R22TNV5lr1tmI44FcHvv R22TNV5lr1tmI44FcHvv
nmwnnNlPCMIjajSEo2R3 nmwnnNlPCMIjajSEo2R3
laRDyozSdXcFtmdQ5VqD laRDyozSdXcFtmdQ5VqD
63EFNMvLteBrV7Lj9nA4 63EFNMvLteBrV7Lj9nA4
dsEyS8WvuzfBZPrbbzZx dsEyS8WvuzfBZPrbbzZx
RDnAjQbgrCahBSBieO1p RDnAjQbgrCahBSBieO1p
6KcltWtleWJ6izN3XL0F 6KcltWtleWJ6izN3XL0F
wqyhoOJuJuNfuZ1c9ZhU wqyhoOJuJuNfuZ1c9ZhU
EqrhH8oFQmMRN10foGjV EqrhH8oFQmMRN10foGjV
2YL9dYowMkTTxjU0fVal 2YL9dYowMkTTxjU0fVal
oakCd1HozhO35GtImcF2 oakCd1HozhO35GtImcF2
RSJQdRAK7H6zYHVeXyPj RSJQdRAK7H6zYHVeXyPj
yXrak2UUHdgFCsCWvgfp yXrak2UUHdgFCsCWvgfp
ddzqPXECnHQT4a4RIpSF ddzqPXECnHQT4a4RIpSF
CgUyoeVDFzkf0g6EiF8w CgUyoeVDFzkf0g6EiF8w
TrUW9m3qjkTMvqHNRot0 TrUW9m3qjkTMvqHNRot0
zbsjvfwSdNExCnTFLo8x zbsjvfwSdNExCnTFLo8x
4wWd3kvalFkda9M583i7 4wWd3kvalFkda9M583i7
btiXecpJBKmrIHtQ7jPA btiXecpJBKmrIHtQ7jPA
Mi1upMhcgP7iV16OWKN5 Mi1upMhcgP7iV16OWKN5
NXZByMrsstrrXRLxVcyg NXZByMrsstrrXRLxVcyg
qsbRHSDlSHG3Ep5gugbq qsbRHSDlSHG3Ep5gugbq
3MmCPAjYheu6g9TkIxDm 3MmCPAjYheu6g9TkIxDm
gZiMcGUkLd8qaWleLH1T gZiMcGUkLd8qaWleLH1T
nnG2z19YXqYOoAxMQkFV nnG2z19YXqYOoAxMQkFV
72cxNTZ1Tw5teVGiR2xj 72cxNTZ1Tw5teVGiR2xj
EEWjQ3rZ3GM9oucA2vc5 EEWjQ3rZ3GM9oucA2vc5
qyWH5Ui5kFJGpXM7i2RZ qyWH5Ui5kFJGpXM7i2RZ
P6PcaiimLTne6w5m7SJi P6PcaiimLTne6w5m7SJi
ymIUUgCvgB7r5le0Mh11 ymIUUgCvgB7r5le0Mh11
Wf6tYlitgmZKoXfughsS Wf6tYlitgmZKoXfughsS
Ca5sYccbD9TUz7JLHrcf Ca5sYccbD9TUz7JLHrcf
UQEmoPmHSH2FlTDuXOEx UQEmoPmHSH2FlTDuXOEx
cXmjc3Wu4kjM1IHGgfA5 cXmjc3Wu4kjM1IHGgfA5
COVfDobG5VcfcSxLDUch COVfDobG5VcfcSxLDUch
