Chattanooga Cleveland SanAntonio Memphis Wichita Memphis CorpusChristi ElPaso Dayton Plano Fresno GrandRapids Fresno Worcester Fresno GrandRapids Buffalo Pomona Buffalo GrandRapids Fresno Corona Lubbock Corona FortWorth VirginiaBeach Glendale Portland Fresno Corona Jackson Brownsville Boston Salem Ontario Salem PembrokePines Olathe Corona Lubbock Louisville Hollywood OuterHaven Fresno Plano Austin Vancouver Detroit BatonRouge Bakersfield Oceanside Bakersfield Salinas Murfreesboro Charlotte Murfreesboro Salinas GardenGrove Phoenix Indianapolis Riverside Scottsdale Riverside Indianapolis FortLauderdale Savannah ElkGrove McAllen Arlington SanDiego Phoenix LittleRock Shreveport LittleRock CapeCoral LittleRock Fremont Honolulu SanFrancisco Honolulu Fremont SanBernardino Boise SanBernardino Joliet Madison Lincoln OklahomaCity Irvine Syracuse Irvine Norfolk Raleigh Hayward Akron RanchoCucamonga Newark RanchoCucamonga SantaClarita Hayward Jacksonville Mesa Norfolk SaintPaul Washington NewOrleans SantaAna OklahomaCity Lincoln Madison Denton Madison Lincoln Fontana Tucson SanBernardino SanJose SanBernardino Fremont Huntsville Tacoma Oxnard Tacoma Huntsville Cleveland NewOrleans Fayetteville Aurora Orange Frisco KansasCity Frisco Orange Henderson Toledo Atlanta Chicago Naperville Garland Roseville MorenoValley Anaheim ChulaVista Anaheim MorenoValley Tallahassee MorenoValley Anaheim NewYork Anaheim Orange Aurora Lexington Baltimore Aurora Fayetteville Richmond Stockton Surprise OverlandPark Scottsdale Tempe Scottsdale OverlandPark Surprise Anchorage Midland Dayton Plano PortStLucie Vancouver Austin DesMoines NewportNews Alexandria NewportNews Orlando Albuquerque Cincinnati LongBeach GrandPrairie LongBeach Cincinnati Albuquerque LosAngeles Albuquerque Waco Albuquerque Cincinnati WinstonSalem Knoxville Berkeley Springfield Spokane Springfield Berkeley Paterson Oakland Dayton Plano Yonkers Durham MorenoValley Chattanooga
100
Cleveland Cleveland
SanAntonio SanAntonio
Memphis Memphis
Wichita Wichita
ElPaso ElPaso
Plano Plano
GrandRapids GrandRapids
Worcester Worcester
Buffalo Buffalo
Pomona Pomona
Lubbock Lubbock
Corona Corona
FortWorth FortWorth
Glendale Glendale
Jackson Jackson
Brownsville Brownsville
Boston Boston
Salem Salem
Ontario Ontario
Olathe Olathe
Louisville Louisville
Austin Austin
Vancouver Vancouver
BatonRouge BatonRouge
Bakersfield Bakersfield
Oceanside Oceanside
Murfreesboro Murfreesboro
Charlotte Charlotte
GardenGrove GardenGrove
Scottsdale Scottsdale
Riverside Riverside
Indianapolis Indianapolis
FortLauderdale FortLauderdale
Savannah Savannah
McAllen McAllen
SanDiego SanDiego
Phoenix Phoenix
LittleRock LittleRock
Shreveport Shreveport
CapeCoral CapeCoral
Fremont Fremont
Honolulu Honolulu
SanFrancisco SanFrancisco
SanBernardino SanBernardino
Boise Boise
Joliet Joliet
Madison Madison
Lincoln Lincoln
Irvine Irvine
Syracuse Syracuse
Raleigh Raleigh
Hayward Hayward
Akron Akron
Newark Newark
SantaClarita SantaClarita
Jacksonville Jacksonville
SaintPaul SaintPaul
Washington Washington
SantaAna SantaAna
Denton Denton
Fontana Fontana
SanJose SanJose
Tacoma Tacoma
Oxnard Oxnard
Fayetteville Fayetteville
Aurora Aurora
Orange Orange
Frisco Frisco
KansasCity KansasCity
Henderson Henderson
Toledo Toledo
Chicago Chicago
Naperville Naperville
Anaheim Anaheim
ChulaVista ChulaVista
Tallahassee Tallahassee
NewYork NewYork
Lexington Lexington
Baltimore Baltimore
Richmond Richmond
Tempe Tempe
Surprise Surprise
Anchorage Anchorage
Midland Midland
PortStLucie PortStLucie
DesMoines DesMoines
NewportNews NewportNews
Alexandria Alexandria
Orlando Orlando
Cincinnati Cincinnati
GrandPrairie GrandPrairie
LosAngeles LosAngeles
Waco Waco
Knoxville Knoxville
Berkeley Berkeley
Springfield Springfield
Spokane Spokane
Paterson Paterson
Yonkers Yonkers
Durham Durham
