SaintPaul SanJose Madison SanJose SanDiego Tampa SanDiego ChulaVista Cincinnati ChulaVista JerseyCity Laredo JerseyCity Lincoln Minneapolis Bakersfield Minneapolis Richmond JerseyCity Lexington Fresno Spokane Fresno Chesapeake Fresno Plano Chandler NewOrleans KansasCity Fresno Plano LosAngeles ElPaso Austin Aurora Austin SanAntonio Arlington LasVegas Atlanta Toledo JerseyCity Denver Detroit Tucson Raleigh Tucson VirginiaBeach StPetersburg Lubbock StPetersburg Henderson StPetersburg Milwaukee Stockton Houston Stockton Milwaukee Columbus Glendale Hialeah OklahomaCity Cincinnati ChulaVista Honolulu Scottsdale Newark Louisville Memphis Honolulu ChulaVista Baltimore Albuquerque FortWayne Anchorage FortWayne Albuquerque Baltimore LongBeach Dallas LongBeach Baltimore Mesa Indianapolis Mesa Baltimore Albuquerque BatonRouge FortWorth BatonRouge Albuquerque Baltimore ChulaVista Charlotte Phoenix Durham WinstonSalem Durham SantaAna Pittsburgh SantaAna Durham Phoenix Charlotte Irvine SaintPaul
50
SanJose SanJose
Madison Madison
SanDiego SanDiego
Tampa Tampa
Cincinnati Cincinnati
JerseyCity JerseyCity
Laredo Laredo
Lincoln Lincoln
Bakersfield Bakersfield
Lexington Lexington
Spokane Spokane
Chesapeake Chesapeake
Plano Plano
Chandler Chandler
NewOrleans NewOrleans
ElPaso ElPaso
Austin Austin
Aurora Aurora
SanAntonio SanAntonio
Atlanta Atlanta
Denver Denver
Tucson Tucson
Raleigh Raleigh
StPetersburg StPetersburg
Lubbock Lubbock
Henderson Henderson
Milwaukee Milwaukee
Stockton Stockton
Houston Houston
Columbus Columbus
Glendale Glendale
Hialeah Hialeah
OklahomaCity OklahomaCity
Honolulu Honolulu
Scottsdale Scottsdale
Newark Newark
Memphis Memphis
Baltimore Baltimore
FortWayne FortWayne
Anchorage Anchorage
LongBeach LongBeach
Dallas Dallas
Indianapolis Indianapolis
FortWorth FortWorth
Charlotte Charlotte
Phoenix Phoenix
Durham Durham
WinstonSalem WinstonSalem
SantaAna SantaAna
Pittsburgh Pittsburgh
