Jacksonville Atlanta Louisville Atlanta SanFrancisco Atlanta Fresno Atlanta Jacksonville Milwaukee Tucson Columbus Detroit Tulsa Minneapolis Tulsa Albuquerque Oakland Philadelphia Oakland Phoenix OklahomaCity FortWorth SanJose Boston SanJose Indianapolis LosAngeles Raleigh Austin Omaha LongBeach LasVegas Seattle Portland Arlington Milwaukee Nashville VirginiaBeach Nashville ElPaso Nashville Milwaukee Jacksonville
25
Jacksonville Jacksonville
Tucson Tucson
Columbus Columbus
Tulsa Tulsa
Minneapolis Minneapolis
Albuquerque Albuquerque
Philadelphia Philadelphia
VirginiaBeach VirginiaBeach
ElPaso ElPaso
LongBeach LongBeach
LasVegas LasVegas
Seattle Seattle
Portland Portland
Phoenix Phoenix
FortWorth FortWorth
SanJose SanJose
Indianapolis Indianapolis
LosAngeles LosAngeles
Raleigh Memphis
Austin Austin
Boston Boston
Atlanta Atlanta
Fresno Fresno
Louisville Louisville
SanFrancisco SanFrancisco
