Porterton Wallton Davisstad Leechester Castanedachester Leechester Pettyton Bondmouth Pettyton Leechester Davisstad Newmanburgh Gallowaymouth Rioshaven Gallowaymouth Newmanburgh Davisstad Jacksonton Singletonton Clarkbury Singletonton Jacksonton Davisstad Wallton Derekmouth Charlesberg Weberbury Kimberlyburgh Weberbury Charlesberg Sethland Ellisstad Sethland Charlesberg Kevinberg Patriciabury Kevinberg Adamside Kevinberg Charlesberg Derekmouth Geraldside Michellehaven Ramosborough Michellehaven Cranemouth Michellehaven Geraldside Joseport Hallborough Joseport Gabrielburgh Joseport Geraldside Derekmouth Jeffreyfort Johnsonchester Jeffreyfort Garytown Audreyfort Garytown Jeffreyfort Derekmouth Wallton Danielleport Melissaview Cheyennefurt Watsonville Cheyennefurt Melissaview Campbellhaven Annberg Campbellhaven Melissaview Danielleport Scottburgh Laurenbury Haleview Laurenbury Scottburgh Danielleport Wallton Porterton Dianashire Burgessview Williamfort Moodyburgh Gregoryberg Smithfort Gregoryberg Moodyburgh Heatherberg Thomasborough Heatherberg Moodyburgh Williamfort Thomasville Lopezburgh Byrdfurt Lopezburgh Thomasville Williamfort Williamport Ashleystad Holthaven Ashleystad Codyton Ashleystad Williamport Williamfort Burgessview Dianashire Ashleyborough Paulburgh Walltown Johnberg Walltown Callahantown Maryport Callahantown Walltown Scotttown Jacksonview Scotttown Walltown Paulburgh Robertsstad Toddtown Swansonshire Toddtown Robertsstad Paulburgh Ashleyborough Osborneville Christophermouth Shawnhaven Christophermouth Osborneville Payneview Barnesmouth Payneview Jacksonville Jennifertown Jacksonville Payneview Barnesmouth Harrisport Barnesmouth Payneview Teresafort Smithtown Teresafort Payneview Osborneville Ashleyborough Dianashire Burgessview Marcusburgh Tylerbury Paultown Tylerbury Jamestown Tylerbury Marcusburgh Matthewburgh Bondfort Shawnmouth Bondfort Adamview Bondfort Matthewburgh Virginiastad Robinsonmouth Virginiastad Matthewburgh Marcusburgh Fletcherland Willisfurt Fletcherland Kingview Williamschester Kingview Fletcherland Marcusburgh Burgessview Dianashire Ashleyborough Clarkberg Reevestown Judithview Michaelview Judithview Reevestown Clarkberg Burtonview Murphyside Bakertown Murphyside Burtonview Clarkberg Ashleyborough Dianashire Porterton Wallton Danielleport Cooperton Lopezborough Waltersmouth Lopezborough Cooperton Danielleport Wallton Porterton Dianashire Burgessview Billton Banksburgh Simmonsburgh Michaelville Simmonsburgh Banksburgh Yvonneborough Parkermouth Yvonneborough Banksburgh Billton Burgessview Dianashire Porterton
51
Weberbury Clarkport
Patriciabury Patriciabury Troyfort Thomasmouth
Adamside Adamside Andrewschester Bradberg
Sethland Tannerhaven
Ellisstad Ellisstad Osbornemouth
Ramosborough Ramosborough Fordhaven
Johnsonchester Nealfurt Susanfort
Audreyfort Audreyfort Patriciaside
Hallborough Hallborough Kylieview
Gabrielburgh Gabrielburgh Hodgesstad
Cranemouth Cranemouth Joneschester
Kimberlyburgh Kimberlyburgh Candiceland
Johnberg Williamshire
Maryport Maryport Combsville Reynoldsview
Jacksonview Jacksonview Danielville
Swansonshire Swansonshire Abigailhaven
Waltersmouth Adamport Adkinsberg
Cheyennefurt Thompsonshire
Haleview Haleview Hallstad
Watsonville Watsonville Christyland Robertomouth
Annberg Annberg Dyerport Houstonchester
Castanedachester Suttonville
Rioshaven Rioshaven Josephstad
Clarkbury Clarkbury Jermaineton
Bondmouth Bondmouth Mercedesmouth Taylorton
Pettyton Jonesfurt
Shawnhaven Candaceborough Dannyside
Barnesmouth Clarkborough
Jacksonville Christopherhaven
Jennifertown Jennifertown Feliciaville
Harrisport Harrisport Brendaview
Smithtown Smithtown Abigailville Jacksonland
Teresafort Calvinton
Paultown Hansonbury
Jamestown Wilsonstad
Shawnmouth Shawnmouth Priceville Buckleyside
Willisfurt Ortizberg
Williamschester Williamschester Mirandaview
Virginiastad Johnsonberg
Robinsonmouth Robinsonmouth Horneside
Adamview Adamview Harrisborough
Michaelville Michaelville Williamland
Parkermouth Parkermouth Shawnfort
Michaelview Michaelview Clarenceview
Bakertown Bakertown Derekville Jameston
Smithfort Smithfort Millerborough
Holthaven Holthaven Vickiville
Codyton Codyton Mindyview Ryanside
Thomasborough Thomasborough Masseyside Ortegaberg
Lopezburgh Leahmouth
Byrdfurt Byrdfurt Loweryborough Garciamouth
