Hernandezville Joelview Downsville Williammouth Downsville Richardhaven Tammychester Richardhaven Downsville Joelview Mitchellchester Sheabury Maysfort Sheabury Mitchellchester Lopezmouth Heathermouth Lopezview Heathermouth Lopezmouth Dixonton Keithton Dixonton Francesmouth Dixonton Lopezmouth Mitchellchester Joelview Hernandezville Beckyshire Ponceville Garymouth Camposstad Donaldstad Camposstad Garymouth Christophertown Crystaltown Christophertown Garymouth Ponceville Beckyshire Derekton Wallaceville Morenoside Wallaceville Derekton Beckyshire Hernandezville Joelview Farmerside Gabriellabury Courtneyfurt Gabriellabury Murphyberg Gabriellabury Farmerside Ralphtown Stricklandbury Tylermouth Stricklandbury Ralphtown Garciaport Charlesburgh Garciaport Ralphtown Farmerside Joelview Hernandezville Beckyshire Derekton Thomaschester Mcfarlandville Thomaschester Derekton Beckyshire Hernandezville Joelview Farmerside Ryanton Williamsmouth Mcdonaldmouth Williamsmouth Ryanton Farmerside Joelview Hernandezville Beckyshire Ponceville Mcculloughchester Crystalchester Smithmouth Crystalchester Mcculloughchester Jonestown Barbarachester Jonestown Kellyfort Jonestown Mcculloughchester Ponceville Bridgesville Riveramouth Bradshawside Riveramouth Martinton Riveramouth Bridgesville Dennisstad Wilsonburgh Dennisstad Bridgesville Esparzaberg Thomasburgh Esparzaberg Kristinbury Esparzaberg Bridgesville Ponceville Beckyshire Hernandezville
26
Williammouth Haasville
Tammychester Tammychester Rebeccaton
Maysfort Huynhton
Heathermouth Emilymouth
Lopezview Lopezview Robertsfort
Keithton Keithton Andrewland Aprilstad
Francesmouth Francesmouth Richardville
Camposstad Williamsville
Donaldstad Donaldstad Thomastown
Crystaltown Crystaltown Johnsontown
Morenoside Johnport Amberfurt
Courtneyfurt Contrerasland Morrisbury
Murphyberg Hendersonchester
Tylermouth Tylermouth Deanstad
Charlesburgh Charlesburgh Angelaview
Mcfarlandville Belindamouth
Williamsmouth Johnstonmouth
Mcdonaldmouth Mcdonaldmouth Adkinsfurt
Smithmouth Smithmouth Robertborough
Barbarachester Barbarachester Jonesberg
Kellyfort Kellyfort Tinatown Pittsland
Bradshawside Bradshawside Wandaside
Martinton Martinton Brianland Deborahfort
Wilsonburgh Wilsonburgh Josephton Harristown
Thomasburgh Thomasburgh Johnsonmouth Sanchezland
Kristinbury Kristinbury Allenberg
