A0 A4 B0 C8 B1 J7 C0 C6 E4 E9 G0 I7 A6 A1 A2 A8 B4 A5 G2 I1 J3 B5 A3 C5 C7 D1 D7 E1 E3 G3 H2 I3 I5 I8 J0 B8 D0 D4 D9 E2 E5 E7 F1 F2 G1 G4 G8 H1 H7 I0 J1 J6 A7 D8 H8 A9 B2 B7 B9 C2 C4 D2 F3 F4 F7 F9 H6 I6 J4 J5 J8 J9 B3 D3 K0 B6 C1 C3 C9 D5 D6 E0 E6 E8 F0 F5 F6 F8 G5 G6 G7 G9 H0 H3 H4 H5 H9 I2 I4 I9 J2 A0
100
J2 J2
I9 I9
I4 I4
I2 I2
H9 H9
H5 H5
H4 H4
H3 H3
H0 H0
G9 G9
G7 G7
G6 G6
G5 G5
F8 F8
F6 F6
F5 F5
F0 F0
E8 E8
E6 E6
E0 E0
D6 D6
D5 D5
C9 C9
C3 C3
C1 C1
B6 B6
A6 A6
K0 K0
D3 D3
B3 B3
A1 A1
J9 J9
J8 J8
J5 J5
J4 J4
I6 I6
H6 H6
F9 F9
F7 F7
F4 F4
F3 F3
D2 D2
C4 C4
C2 C2
B9 B9
B7 B7
B2 B2
A9 A9
A7 A7
H8 H8
D8 D8
A2 A2
J6 J6
J1 J1
I0 I0
H7 H7
H1 H1
G8 G8
G4 G4
G1 G1
F2 F2
F1 F1
E7 E7
E5 E5
E2 E2
D9 D9
D4 D4
D0 D0
B8 B8
B5 B5
A3 A3
J0 J0
I8 I8
I5 I5
I3 I3
H2 H2
G3 G3
E3 E3
E1 E1
D7 D7
D1 D1
C7 C7
C5 C5
B4 B4
A5 A5
J3 J3
I1 I1
G2 G2
A8 A8
A4 A4
I7 I7
G0 G0
E9 E9
E4 E4
C6 C6
C0 C0
B1 B1
J7 J7
B0 B0
C8 C8
