0 73 0 23 88 64 50 34 55 90 78 36 14 57 25 4 60 79 56 67 96 27 96 39 26 65 98 91 98 77 68 150 47 22 51 13 17 87 95 87 18 11 54 92 99 54 49 7 48 139 63 139 15 194 61 194 72 30 8 28 38 42 45 19 37 35 83 40 9 52 6 24 89 147 82 29 46 75 5 74 21 93 80 43 3 59 97 31 66 86 2 32 41 70 16 10 71 94 12 53 20 81 62 134 44 85 1 69 58 33 76 84 0
100
0 0
73 73
23 23
88 88
64 64
50 50
34 34
55 55
90 90
78 78
36 36
14 14
57 57
25 25
4 4
60 60
79 79
56 56
67 67
96 96
27 27
39 39
26 26
65 65
98 98
91 91
77 77
68 68
47 47
22 22
51 51
13 13
17 17
87 87
95 95
18 18
11 11
54 54
92 92
99 99
49 49
7 7
48 48
63 63
15 15
61 61
72 72
30 30
8 8
28 28
38 38
42 42
45 45
19 19
37 37
35 35
83 83
40 40
9 9
52 52
6 6
24 24
89 89
82 82
29 29
46 46
75 75
5 5
74 74
21 21
93 93
80 80
43 43
3 3
59 59
97 97
31 31
66 66
86 86
2 2
32 32
41 41
70 70
16 16
10 10
71 71
94 94
12 12
53 53
20 20
81 81
62 62
44 44
85 85
1 1
69 69
58 58
33 33
76 76
84 84
