K BH FS BH K B CA GD CA EN FD BJ DV BL M U DG DM DI DK AJ EL AN EB DC EB AN DS DH GA Y EQ GF CT GI FJ BP FJ BO FJ P EC FE FV GJ DB DX EM EA DB BI FG AU FR GK CJ FH CK FH BR H CQ EQ CE FP BF EU AH AW CP GL GR EO DE EV EG BQ EG AG GG EI AF ED GC BB CW CV X CV L CY CM DN EH FU FX DR FX FU FM DZ AB I AX BA CB FO EK GE EK T FZ G BE BY V FI GO Z BG E EZ DP BX EJ R AS CS AM CF K
100
FS FS
B B
GD GD
EN EN
FD FD
BJ BJ
DV DV
BL BL
M M
U U
DG DG
DI DI
DK DK
AJ AJ
EL EL
DC DC
AN AN
DS DS
DH DH
Y Y
EQ EQ
GF GF
CT CT
GI GI
FJ FJ
BP BP
BO BO
P P
EC EC
FE FE
FV FV
GJ GJ
DB DB
DX DX
EM EM
EA EA
BI BI
FG FG
FR FR
GK GK
CJ CJ
FH FH
CK CK
BR BR
CQ CQ
CE CE
FP FP
BF BF
EU EU
AH AH
AW AW
GL GL
GR GR
EO EO
EV EV
EG EG
BQ BQ
AG AG
GG GG
AF AF
ED ED
GC GC
BB BB
CW CW
X X
L L
CY CY
CM CM
EH EH
FU FU
FX FX
DR DR
FM FM
DZ DZ
AB AB
I I
AX AX
BA BA
CB CB
FO FO
EK EK
GE GE
T T
FZ FZ
G G
BE BE
BY BY
V V
FI FI
GO GO
Z Z
BG BG
EZ EZ
DP DP
BX BX
EJ EJ
R R
AS AS
AM AM
CF CF
