89 100 199 61 179 190 118 1 47 73 182 98 193 97 79 36 133 194 141 49 140 144 160 128 23 128 111 83 11 109 183 112 82 147 65 191 27 78 4 127 101 169 5 172 5 78 27 48 9 48 88 80 39 132 195 85 146 81 38 96 94 151 86 173 130 173 86 56 155 156 51 189 29 21 188 197 81 38 41 37 99 44 168 124 59 75 32 38 149 145 33 121 25 16 161 47 70 135 70 136 3 64 31 107 6 31 18 192 70 102 122 102 178 148 58 13 114 125 143 100 68 69 12 187 89
100
100 100
199 199
61 61
179 179
190 190
118 118
1 1
73 73
98 98
193 193
97 97
79 79
36 36
133 133
194 194
141 141
49 49
140 140
144 144
160 160
128 128
23 23
111 111
83 83
11 11
109 109
183 183
112 112
82 82
147 147
65 65
191 191
4 4
127 127
101 101
169 169
5 5
172 172
78 78
27 27
48 48
9 9
88 88
80 80
39 39
132 132
195 195
85 85
146 146
81 81
38 38
96 96
94 94
151 151
86 86
173 173
130 130
56 56
155 155
156 156
51 51
189 189
29 29
21 21
188 188
197 197
41 41
37 37
99 99
44 44
124 124
59 59
75 75
32 32
149 149
33 33
121 121
25 25
16 16
70 70
135 135
136 136
3 3
64 64
31 31
107 107
6 6
18 18
192 192
122 122
102 102
178 178
148 148
58 58
13 13
114 114
125 125
69 69
12 12
187 187
