BatonRouge Burbank Bradenton Cambridge Buffalo AtlanticCity Bloomington AnnArbor Birmingham Bryan Beaumont Albuquerque Abilene Boston Albuquerque Arvada Allentown Boulder Appleton Akron Bethlehem Augusta Aurora Aberdeen BoiseCity Amarillo Barnstable Baltimore Atlanta Berkeley Atlanta Allentown Albany Augusta Anchorage Bellevue BatonRouge
25
BatonRouge BatonRouge
Bethlehem Bethlehem
Barnstable Barnstable
Atlanta Atlanta
Berkeley Berkeley
Aurora Aurora
Aberdeen Aberdeen
Amarillo Amarillo
BoiseCity BoiseCity
Albany Albany
Buffalo Buffalo
AtlanticCity AtlanticCity
Bradenton Bradenton
Cambridge Cambridge
Burbank Burbank
AnnArbor AnnArbor
Beaumont Beaumont
Albuquerque Albuquerque
Boulder Boulder
Arvada Arvada
Boston Boston
Abilene Abilene
Birmingham Birmingham
Bryan Bryan
Anchorage Anchorage
