FortCollins Hollywood Harlingen Knoxville Hemet Harlingen Anaheim Kennewick LasVegas Austin Lorain Clarksville Dallas Jefferson Burbank Indianapolis Garland GrandRapids Aberdeen CollegeStation ElPaso GardenGrove Carrollton Frederick Hampton Lafayette Lakewood Berkeley CapeCoral KansasCity ElMonte Berkeley DavidsonCounty Canton CollegeStation Boise Barnstable Brownsville Fayetteville Appleton Fayetteville Gilbert Houston Fresno Kalamazoo DalyCity Beaumont Bethlehem Jacksonville Augusta Bradenton CedarRapids Bellevue Lakeland Bellevue Independence Cleveland LasVegas Layton FortWayne Fairfield Lancaster Anchorage Joliet LasCruces Evansville Danbury Chicago DesMoines Chandler Denver Layton ColoradoSprings Layton Elkhart Champaign Harrisburg Irvine Harrisburg Fontana AppleValley Bremerton Grayslake Henderson LittleRock Greensboro Abilene BelAir BoiseCity Eugene BoiseCity Allentown AppleValley Corona Detroit Lacey Irving Cary Brighton Fremont Cincinnati Bakersfield AnnArbor Akron FortSmith Arvada Erie FortWaltonBeach Amarillo Alexandria Amarillo Hickory Inglewood Lubbock Louisville Fargo BonitaSprings Baltimore Leominster Manchester Atlanta Manchester Albuquerque Elizabeth FortCollins
100
FortCollins FortCollins
Hollywood Hollywood
Harlingen Harlingen
Knoxville Knoxville
Hemet Hemet
Anaheim Anaheim
Kennewick Kennewick
Austin Austin
Lorain Lorain
Dallas Dallas
Jefferson Jefferson
Burbank Burbank
Indianapolis Indianapolis
Garland Garland
GrandRapids GrandRapids
Aberdeen Aberdeen
CollegeStation CollegeStation
ElPaso ElPaso
Carrollton Carrollton
Frederick Frederick
Hampton Hampton
Lafayette Lafayette
Lakewood Lakewood
Berkeley Berkeley
CapeCoral CapeCoral
ElMonte ElMonte
DavidsonCounty DavidsonCounty
Boise Boise
Barnstable Barnstable
Brownsville Brownsville
Fayetteville Fayetteville
Appleton Appleton
Gilbert Gilbert
Houston Houston
Fresno Fresno
Kalamazoo Kalamazoo
DalyCity DalyCity
Beaumont Beaumont
Bethlehem Bethlehem
Jacksonville Jacksonville
Augusta Augusta
Bradenton Bradenton
CedarRapids CedarRapids
Bellevue Bellevue
Lakeland Lakeland
Independence Independence
Cleveland Cleveland
Layton Layton
Fairfield Fairfield
Lancaster Lancaster
Anchorage Anchorage
Joliet Joliet
LasCruces LasCruces
Evansville Evansville
Danbury Danbury
Chicago Chicago
DesMoines DesMoines
Chandler Chandler
Denver Denver
ColoradoSprings ColoradoSprings
Elkhart Elkhart
Champaign Champaign
Harrisburg Harrisburg
Irvine Irvine
Fontana Fontana
Bremerton Bremerton
Grayslake Grayslake
Henderson Henderson
LittleRock LittleRock
Abilene Abilene
BoiseCity BoiseCity
Eugene Eugene
Allentown Allentown
AppleValley AppleValley
Detroit Detroit
Lacey Lacey
Irving Irving
Cary Cary
Brighton Brighton
Fremont Fremont
Bakersfield Bakersfield
AnnArbor AnnArbor
Akron Akron
Arvada Arvada
Erie Erie
FortWaltonBeach FortWaltonBeach
Amarillo Amarillo
Alexandria Alexandria
Hickory Hickory
Inglewood Inglewood
Lubbock Lubbock
Louisville Louisville
Fargo Fargo
BonitaSprings BonitaSprings
Baltimore Baltimore
Leominster Leominster
Manchester Manchester
Atlanta Atlanta
Albuquerque Albuquerque
Elizabeth Elizabeth
