CorpusChristi Downey Alexandria CapeCoral CorpusChristi ElPaso Akron DalyCity Canton Charleston Columbia Davenport Carrollton Arvada Bloomington Austin Beaumont Detroit Columbus Albuquerque Asheville Austin Deltona Anchorage Elizabeth Chattanooga Escondido Aurora Augusta BatonRouge Chesapeake Durham Escondido BelAir Elkhart Champaign Anaheim CathedralCity Brownsville Clearwater Boulder BoiseCity Danbury DavidsonCounty ColoradoSprings Chicago Denton Bremerton Denton Denver Appleton Chicago Bridgeport AppleValley Chandler Dallas BonitaSprings Bryan Cincinnati Amarillo ElMonte CorpusChristi
50
CorpusChristi CorpusChristi
ElMonte ElMonte
ElPaso ElPaso
Cincinnati Cincinnati
Amarillo Amarillo
Akron Akron
DalyCity DalyCity
Canton Canton
Clearwater Clearwater
Bryan Bryan
Boulder Boulder
BoiseCity BoiseCity
Danbury Danbury
Dallas Dallas
BonitaSprings BonitaSprings
ColoradoSprings ColoradoSprings
Chicago Chicago
Denton Denton
Denver Denver
Bremerton Bremerton
Bridgeport Bridgeport
Appleton Appleton
AppleValley AppleValley
Chandler Chandler
Columbia Columbia
Davenport Davenport
Elkhart Elkhart
Champaign Champaign
Anaheim Anaheim
CathedralCity CathedralCity
Elizabeth Elizabeth
Deltona Deltona
Chattanooga Chattanooga
Escondido Escondido
Augusta Augusta
Durham Durham
Carrollton Carrollton
Arvada Arvada
Bloomington Bloomington
Austin Austin
Beaumont Beaumont
Columbus Columbus
Albuquerque Albuquerque
Asheville Asheville
BelAir BelAir
Brownsville Brownsville
Charleston Charleston
Downey Downey
Alexandria Alexandria
CapeCoral CapeCoral
