4HOMU ZRPB5 O9J47 PMFJ2 O9J47 ZRPB5 61QWU TY0L7 YJ67U 8CLEZ Z22CS KOYRV JXLE1 X180A DDXG0 LIRLU 2C63O C7WKJ V8GEC 53Y1R CM5WA WXZHF ELH5L 4WDJE VHCFR AT3CI SHOOM AT3CI 768ZF AT3CI W2H22 ELH5L IF7TL 6ACGE 0U9HU KC9RF Q5DAA SKPO7 WZB33 3AIXW Q5DAA ZZH8Z WP2MA Q5DAA 0VPRW KN0CP 0D2BR Q02X6 945CN 1RS2N UW44H TI35I RAAD4 FRZVP 69BJO 9O1IZ FCYPJ 9WSXC FCYPJ HWKGJ C8O6I 45JXE PTADN DOLRQ UDYJK H1LTE OLLV9 H1LTE C45HH BVMDZ T9O11 PYPSO 8EXDQ DCHO3 RU85S 50J5H HZHRA LKP22 LLTLN UX00P MC71K V22SY KN0CP UW44H Y61KP TBPBM M1HJR ZHSBU M1HJR NPDI9 52MNN SA6G0 4YS4G ZN2EP IZESQ W2M5C Q7FCL 4WDJE BE5V8 K50JQ 6OA3K CFGE5 PXCIN 2BUI5 A1QRL 2BUI5 6WOBI 7GA8O FMCVK L2PQE TCC7B L2PQE LEBVZ 7U3JG DTPF4 TORQI 1F0YL L2GJ5 TORQI OIPRN P419D FC0PR WI88U EDSMH XEEQB SYV5N 4HOMU
100
ZRPB5 ZRPB5
PMFJ2 PMFJ2
61QWU 61QWU
TY0L7 TY0L7
YJ67U YJ67U
8CLEZ 8CLEZ
KOYRV KOYRV
JXLE1 JXLE1
X180A X180A
DDXG0 DDXG0
LIRLU LIRLU
2C63O 2C63O
C7WKJ C7WKJ
V8GEC V8GEC
53Y1R 53Y1R
CM5WA CM5WA
WXZHF WXZHF
4WDJE 4WDJE
VHCFR VHCFR
AT3CI AT3CI
SHOOM SHOOM
768ZF 768ZF
W2H22 W2H22
ELH5L ELH5L
IF7TL IF7TL
6ACGE 6ACGE
0U9HU 0U9HU
KC9RF KC9RF
Q5DAA Q5DAA
SKPO7 SKPO7
WZB33 WZB33
3AIXW 3AIXW
ZZH8Z ZZH8Z
WP2MA WP2MA
0VPRW 0VPRW
0D2BR 0D2BR
945CN 945CN
1RS2N 1RS2N
TI35I TI35I
RAAD4 RAAD4
FRZVP FRZVP
69BJO 69BJO
FCYPJ FCYPJ
9WSXC 9WSXC
HWKGJ HWKGJ
C8O6I C8O6I
45JXE 45JXE
PTADN PTADN
DOLRQ DOLRQ
H1LTE H1LTE
OLLV9 OLLV9
C45HH C45HH
BVMDZ BVMDZ
T9O11 T9O11
PYPSO PYPSO
8EXDQ 8EXDQ
DCHO3 DCHO3
RU85S RU85S
50J5H 50J5H
HZHRA HZHRA
LKP22 LKP22
LLTLN LLTLN
MC71K MC71K
V22SY V22SY
UW44H UW44H
Y61KP Y61KP
TBPBM TBPBM
M1HJR M1HJR
ZHSBU ZHSBU
NPDI9 NPDI9
52MNN 52MNN
SA6G0 SA6G0
ZN2EP ZN2EP
IZESQ IZESQ
W2M5C W2M5C
Q7FCL Q7FCL
BE5V8 BE5V8
K50JQ K50JQ
6OA3K 6OA3K
CFGE5 CFGE5
PXCIN PXCIN
2BUI5 2BUI5
A1QRL A1QRL
6WOBI 6WOBI
7GA8O 7GA8O
L2PQE L2PQE
TCC7B TCC7B
LEBVZ LEBVZ
7U3JG 7U3JG
DTPF4 DTPF4
TORQI TORQI
1F0YL 1F0YL
L2GJ5 L2GJ5
OIPRN OIPRN
P419D P419D
FC0PR FC0PR
WI88U WI88U
EDSMH EDSMH
XEEQB XEEQB
SYV5N SYV5N
