WNYCV K1ZSD WNYCV UUOP5 9HVLF F07YB QSI1X 1UWW5 XTUSM UGOIO 18R1B URMBF XBRKQ H212X HZ80H MB70R GAXPM 2PD2W XDKMD 1NBGE 1XUNX QTZLJ 42QVU KR27P B8UZ8 1ACIU XD7IR LK2JB QTZLJ 77EY5 KRLTG EYREL 7CXN0 ULCTZ H8ZPW CUG55 BMC9X ZA57Z X2AM4 KB443 YMTTJ XPFOM WH9QK HHCET 65TK9 URMBF 2FT0Z CHXFM GXYLV HR8IA OE5TB F5YBY 91RFG TG5ZG WZTTJ H7R17 XRQ65 EQWAL 5I6U4 2KYXC 5I6U4 V11OW 1BUOS UUOP5 BO3AW WNYCV
50
K1ZSD K1ZSD
UUOP5 UUOP5
9HVLF 9HVLF
F07YB F07YB
QSI1X QSI1X
1UWW5 1UWW5
XTUSM XTUSM
UGOIO UGOIO
18R1B 18R1B
URMBF URMBF
XBRKQ XBRKQ
H212X H212X
HZ80H HZ80H
GAXPM GAXPM
XDKMD XDKMD
1NBGE 1NBGE
QTZLJ QTZLJ
42QVU 42QVU
B8UZ8 B8UZ8
1ACIU 1ACIU
XD7IR XD7IR
77EY5 77EY5
KRLTG KRLTG
EYREL EYREL
7CXN0 7CXN0
ULCTZ ULCTZ
H8ZPW H8ZPW
CUG55 CUG55
BMC9X BMC9X
ZA57Z ZA57Z
X2AM4 X2AM4
KB443 KB443
YMTTJ YMTTJ
XPFOM XPFOM
HHCET HHCET
65TK9 65TK9
2FT0Z 2FT0Z
GXYLV GXYLV
HR8IA HR8IA
OE5TB OE5TB
F5YBY F5YBY
91RFG 91RFG
TG5ZG TG5ZG
XRQ65 XRQ65
EQWAL EQWAL
5I6U4 5I6U4
2KYXC 2KYXC
V11OW V11OW
1BUOS 1BUOS
BO3AW BO3AW
