E5QfM 4HmGm lGTR3 VzbsN lGTR3 PqcOh lGTR3 hWCGd bgK6r lGTR3 Ln4EG lGTR3 wJ1Uh GLYoA 76Tmp GLYoA beqJL KtuGJ beqJL eo9RR HQft6 3rGcS uUlBE f1Y6z HQft6 05SJr jGP1H nRWIs sBCEV UAJ0O kK9KO 4HmGm lPMDV 8TDB7 i0LV1 4HmGm E5QfM
25
4HmGm 4HmGm
i0LV1 i0LV1
8TDB7 8TDB7
lPMDV lPMDV
kK9KO kK9KO
UAJ0O UAJ0O
sBCEV sBCEV
nRWIs nRWIs
jGP1H jGP1H
uUlBE uUlBE
05SJr 05SJr
f1Y6z f1Y6z
76Tmp 76Tmp
3rGcS 3rGcS
beqJL beqJL
eo9RR eo9RR
KtuGJ KtuGJ
GLYoA GLYoA
lGTR3 lGTR3
wJ1Uh wJ1Uh
Ln4EG Ln4EG
bgK6r bgK6r
hWCGd hWCGd
PqcOh PqcOh
VzbsN VzbsN
