cy4fm C565q yMPWG NvAYI 1H2uK 19YKC tao9t hOy4D Iks3D Xhpv3 19YKC dU1Ub 19YKC P8Fbf yFKGt 1H2uK 8aYYW 1H2uK 7l0Vw F2nEN IjjWK 1H2uK gk2cW AWuA9 jse5F u4uj9 wdXpe 8RNd8 wdXpe w4BF1 wdXpe vSPJ5 mY2cU OoKEI NvAYI 6ceXl lA2MC dwc7b KYsbm X6hJp g95ez EWhpw NvAYI kbRYl 7XIxZ di7h7 GHZOS Ib5xu 5rdYI di7h7 BoNoJ 7XIxZ qt5AA 7XIxZ Vjg5l C0eRL mY2cU P3lE7 NvAYI Iks3D NvAYI FnVf8 yMPWG G6G4p DCl5F 7Lw2B rUUVt yMPWG Cfmbw nogr2 3iQ53 nogr2 zQjQm 2Fhi4 OFvld C565q uWr4y C565q LNh60 C565q uT5W0 C565q cy4fm
50
C565q C565q
uT5W0 uT5W0
LNh60 LNh60
uWr4y uWr4y
OFvld OFvld
nogr2 nogr2
zQjQm zQjQm
3iQ53 3iQ53
yMPWG yMPWG
Cfmbw Cfmbw
rUUVt rUUVt
DCl5F DCl5F
G6G4p G6G4p
NvAYI NvAYI
FnVf8 FnVf8
Iks3D Iks3D
P3lE7 P3lE7
kbRYl kbRYl
7XIxZ 7XIxZ
C0eRL C0eRL
Vjg5l Vjg5l
qt5AA qt5AA
BoNoJ BoNoJ
di7h7 di7h7
5rdYI 5rdYI
GHZOS GHZOS
EWhpw EWhpw
KYsbm KYsbm
X6hJp X6hJp
6ceXl 6ceXl
lA2MC lA2MC
OoKEI OoKEI
wdXpe wdXpe
vSPJ5 vSPJ5
w4BF1 w4BF1
8RNd8 8RNd8
1H2uK 1H2uK
jse5F jse5F
gk2cW gk2cW
IjjWK IjjWK
F2nEN F2nEN
7l0Vw 7l0Vw
8aYYW 8aYYW
yFKGt yFKGt
19YKC 19YKC
P8Fbf P8Fbf
dU1Ub dU1Ub
Xhpv3 Xhpv3
tao9t tao9t
hOy4D hOy4D
