fab8g f5Qx2 Gt2w1 Flgse 1OpM2 Gt2w1 O1QPI rO2GE 3XMfZ VUKiE F7m3U Bw1D7 sF84c I7fCS KWmhW VUKiE Nbb6U pnHil TQZik 1xx4U adW6k AGorf zgyDJ 0YoJb VUKiE GHmnJ VUKiE l0HDP 9u8oD Upoa8 4ORRk Upoa8 9ZatH 4Dy05 B3NSd cQMFl 3FUsL cDkiZ BWyM2 KzS0e zgyDJ fhc2k I7fCS aiycm P5ucv 1rURn 4GEPG f5Qx2 ZlgGe 4Dy05 yM9nQ HaHFT H6HgM rzyrR RgC1Q Lqz0g cm8oa Lqz0g pesnn mgHYN rzyrR RnwlC rzyrR bD2TR wPPZK gwQSf b4E7v rzyrR VIl39 zgyDJ 1SvIs zgyDJ LBzlR zgyDJ n9AEE zgyDJ dAx9s I7fCS eDWES g1WJz FW6DI 8tK4L 0SCRq bepE0 G91ym H6HgM ciJ7c Vjk2Z H6HgM nScgp lJJK2 H6HgM BJ1iC H6HgM qchZ3 H6HgM kCdcu H6HgM uQK8T H6HgM PpZP8 lJfgZ H6HgM CT8M8 KB016 H6HgM 015ql H6HgM fr0Bd H6HgM L54Jg H6HgM HKgVO XDGuI H6HgM TtUXd 7J90B obqW1 DHhK9 H6HgM x8KLa H6HgM BybTG H6HgM 1pNjr ciJ7c o4F0A f5Qx2 wiGnS RhMSo wKKkJ c17Qf zgyDJ G944F f5Qx2 iy8Ty f5Qx2 Q0oXi f5Qx2 2Z0oU zgyDJ lcarA 4Dy05 tEdSo zgyDJ 8xyrX f5Qx2 4b2sA f5Qx2 tQXF5 f5Qx2 guI5B f5Qx2 nRTkO 8PY0r 4Dy05 5Ix1v fab8g
100
fab8g fab8g
f5Qx2 f5Qx2
5Ix1v 5Ix1v
8PY0r 8PY0r
nRTkO nRTkO
guI5B guI5B
tQXF5 tQXF5
4b2sA 4b2sA
8xyrX 8xyrX
tEdSo tEdSo
lcarA lcarA
2Z0oU 2Z0oU
Q0oXi Q0oXi
iy8Ty iy8Ty
G944F G944F
c17Qf c17Qf
wKKkJ wKKkJ
RhMSo RhMSo
wiGnS wiGnS
o4F0A o4F0A
HaHFT HaHFT
H6HgM H6HgM
1pNjr 1pNjr
BybTG BybTG
x8KLa x8KLa
DHhK9 DHhK9
obqW1 obqW1
7J90B 7J90B
TtUXd TtUXd
XDGuI XDGuI
HKgVO HKgVO
L54Jg L54Jg
fr0Bd fr0Bd
015ql 015ql
KB016 KB016
CT8M8 CT8M8
lJfgZ lJfgZ
PpZP8 PpZP8
uQK8T uQK8T
kCdcu kCdcu
qchZ3 qchZ3
BJ1iC BJ1iC
lJJK2 lJJK2
nScgp nScgp
Vjk2Z Vjk2Z
ciJ7c ciJ7c
G91ym G91ym
bepE0 bepE0
g1WJz g1WJz
8tK4L 8tK4L
FW6DI FW6DI
rzyrR rzyrR
eDWES eDWES
dAx9s dAx9s
n9AEE n9AEE
LBzlR LBzlR
1SvIs 1SvIs
VIl39 VIl39
b4E7v b4E7v
gwQSf gwQSf
bD2TR bD2TR
RnwlC RnwlC
mgHYN mgHYN
Lqz0g Lqz0g
pesnn pesnn
cm8oa cm8oa
RgC1Q RgC1Q
yM9nQ yM9nQ
ZlgGe ZlgGe
4GEPG 4GEPG
B3NSd B3NSd
P5ucv P5ucv
cQMFl cQMFl
aiycm aiycm
fhc2k fhc2k
KzS0e KzS0e
BWyM2 BWyM2
cDkiZ cDkiZ
3FUsL 3FUsL
9ZatH 9ZatH
3XMfZ 3XMfZ
4ORRk 4ORRk
VUKiE VUKiE
9u8oD 9u8oD
l0HDP l0HDP
GHmnJ GHmnJ
0YoJb 0YoJb
AGorf AGorf
adW6k adW6k
1xx4U 1xx4U
TQZik TQZik
Nbb6U Nbb6U
KWmhW KWmhW
sF84c sF84c
Bw1D7 Bw1D7
F7m3U F7m3U
Gt2w1 Gt2w1
O1QPI O1QPI
1OpM2 1OpM2
Flgse Flgse
