0 162 0 161 160 0 92 157 92 158 92 159 2 176 2 164 163 100 43 102 43 100 49 183 130 95 132 95 131 184 131 12 43 101 164 15 144 60 143 192 191 142 60 64 35 114 35 113 172 113 112 171 21 109 23 196 149 148 195 148 88 150 36 169 109 23 118 175 118 23 109 169 109 110 170 110 17 111 17 109 21 154 93 155 93 156 30 104 103 165 166 165 103 59 105 59 104 30 189 139 96 141 96 140 96 85 136 187 188 137 85 138 85 136 30 115 173 115 25 116 174 116 25 117 25 50 119 50 120 50 119 33 185 133 91 135 91 134 41 181 127 77 128 77 129 77 128 182 181 41 66 91 78 31 106 167 168 107 31 108 31 78 91 133 185 33 186 33 179 180 125 124 97 126 18 147 80 146 194 193 145 80 146 7 153 51 152 198 197 151 51 2 123 94 121 177 121 94 122 178 12 43 0
98
157 157
159 159
176 176
196 196
149 149
148 148
150 150
195 195
118 118
175 175
109 109
115 115
116 116
117 117
174 174
173 173
154 154
155 155
156 156
104 104
136 136
138 138
187 187
188 188
137 137
189 189
139 139
140 140 190
141 141
103 103
105 105
165 165
166 166
110 110
111 111
170 170
169 169
164 164
163 163
100 100
183 183
130 130
132 132
131 131
184 184
102 102
144 144
143 143
192 192
191 191
142 142
114 114
113 113
172 172
112 112
171 171
101 101
123 123
121 121
122 122
178 178
177 177
119 119
185 185
186 186
179 179
180 180
125 125
124 124
126 126
147 147
146 146
153 153
152 152
198 198
197 197
151 151
194 194
193 193
145 145
133 133
135 135
134 134
181 181
182 182
127 127
128 128
129 129
106 106
108 108
167 167
168 168
107 107
120 120
158 158
161 161
160 160
162 162
