0 1 3 8 17 35 17 36 17 8 18 38 18 37 18 8 3 1 0 2 5 12 26 12 25 12 5 2 6 14 29 14 30 14 6 13 27 13 28 13 6 2 5 11 23 48 23 47 23 11 24 49 24 11 5 2 0 1 4 10 21 43 21 44 21 10 4 9 20 42 20 9 19 40 19 39 19 9 20 41 20 9 4 10 22 45 22 46 22 10 4 1 3 7 16 33 16 34 16 7 15 32 15 31 15 7 3 1 0
26
33 67 68
32 65 66
31 63 64
34 69 70
43 87 88
45 91 92
46 93 94
44 89 90
42 85 86
41 83 84
40 81 82
39 79 80
26 53 54
48 97 98
47 95 96
24 50
49 99
28 57 58
29 59 60
30 61 62
27 55 56
25 51 52
37 75 76
35 71 72
38 77 78
36 73 74
