Soda Doe Hertz MLK BWW Cory Morgan Mulford Wheeler Stephans Stanley Haas MemorialStadium Etcheverry RSF Etcheverry BC Unit2 Blackwell TheRoof Barrows Soda Sproul Soda GBC Soda MainStacks Soda Wellman Soda Unit1 Unit3 Soda Foothill ClarkKerr LakeMerrit GoldenStatePark Soda
26
GoldenStatePark GoldenStatePark
LakeMerrit LakeMerrit
ClarkKerr ClarkKerr
Foothill Foothill
Unit3 Unit3
Unit1 Unit1
Wellman Wellman
MainStacks MainStacks
GBC GBC
Sproul Sproul
Barrows Barrows
Doe Doe
TheRoof TheRoof
Blackwell Blackwell
Unit2 Unit2
Mulford Mulford
Wheeler Wheeler
BC BC
RSF RSF
Haas Haas
MemorialStadium MemorialStadium
Stephans Stephans
Morgan Morgan
BWW BWW
MLK MLK
Hertz Hertz
