Soda ChiOmega SigmaKappa AlphaChi Mars Guadalajara Tuxcacuesco Talpa Tuhuamixtel Kips Dwinelle CREAM LosAngeles Davis DeltaDelta SouthGate NorthGate SanMiguel Bechtel FantasticComics Compton Ashby Davis Chino Davis Rasputin Riverside Bechtel ChezPanisse Cory Jupiter Cory AlphaCentauri BayStreet Dwinelle Emeryville Evans SanBernardino SanDiego Cory Tako Cory Cancun Cory CafeTibet Dwinelle VictoryPoint Cory InternationalHouse Soda BerkeleyHillel BerkeleyHigh Soda Venus Soda Saturn Soda Gregoire Pomona Soda Perris Fontana Upland Whittier Soda Tijuana Soda Jalisco Soda ElGrullo Soda MexicoCity Soda Myto TripleRock Soda Tang DKingGallery Soda BAMPFA Platano SantaBarbara Soda Sacramento Soda Irvine Soda
55
Irvine Irvine
Sacramento Sacramento
SantaBarbara SantaBarbara
Platano Platano
BAMPFA BAMPFA
DKingGallery DKingGallery
Tang Tang
TripleRock TripleRock
Myto Myto
MexicoCity MexicoCity
ElGrullo ElGrullo
Jalisco Jalisco
Tijuana Tijuana
Whittier Whittier
Upland Upland
Fontana Fontana
Perris Perris
Pomona Pomona
Gregoire Gregoire
Saturn Saturn
Venus Venus
BerkeleyHigh BerkeleyHigh
BerkeleyHillel BerkeleyHillel
InternationalHouse InternationalHouse
ChiOmega ChiOmega
VictoryPoint VictoryPoint
CafeTibet CafeTibet
Cancun Cancun
Tako Tako
SanDiego SanDiego
SanBernardino SanBernardino
Emeryville Emeryville
BayStreet BayStreet
AlphaCentauri AlphaCentauri
Jupiter Jupiter
SigmaKappa SigmaKappa
ChezPanisse ChezPanisse
Riverside Riverside
Rasputin Rasputin
Chino Chino
Ashby Ashby
Compton Compton
DeltaDelta DeltaDelta
FantasticComics FantasticComics
SanMiguel SanMiguel
SouthGate SouthGate
AlphaChi AlphaChi
LosAngeles LosAngeles
CREAM CREAM
Kips Kips
Tuhuamixtel Tuhuamixtel
Talpa Talpa
Tuxcacuesco Tuxcacuesco
Guadalajara Guadalajara
Mars Mars
