5 4 33 137 42 165 193 165 42 44 86 85 86 44 42 165 173 165 63 26 35 20 35 188 35 135 35 110 188 142 25 105 17 66 75 109 84 168 18 192 100 78 29 164 29 78 179 109 192 96 155 40 123 62 34 121 157 121 34 62 36 91 191 194 191 64 37 177 18 192 109 84 162 52 162 52 121 34 76 156 76 81 19 151 19 81 47 43 119 71 134 116 138 116 95 23 99 134 50 134 71 178 71 119 67 41 67 119 71 134 116 138 69 183 51 183 69 153 69 138 61 138 55 102 158 120 133 120 158 80 158 45 14 45 158 2 60 72 149 90 159 90 149 28 180 112 171 112 186 189 103 189 77 140 77 196 184 196 77 143 112 82 154 187 154 46 154 82 129 146 129 82 171 104 83 117 136 170 74 31 74 191 150 0 53 0 27 174 101 1 101 174 27 0 53 199 166 122 48 199 166 32 166 199 189 186 10 186 133 68 195 56 133 34 9 34 62 123 40 155 96 175 22 175 96 192 18 190 16 190 18 192 109 58 152 109 94 39 92 39 94 20 11 20 94 5
100
33 33
137 137
42 42
193 193
44 44
85 85
173 173
63 63
26 26
20 20
188 188
135 135
110 110
25 25
105 105
17 17
75 75
168 168
192 192
100 100
78 78
164 164
179 179
96 96
123 123
34 34
157 157
91 91
194 194
64 64
37 37
177 177
52 52
162 162
76 76
156 156
81 81
151 151
47 47
43 43
138 138
116 116
99 99
50 50
71 71
178 178
67 67
41 41
69 69
183 183
51 51
153 153
61 61
55 55
102 102
133 133
158 158
80 80
14 14
2 2
149 149
159 159
28 28
180 180
171 171
189 189
103 103
77 77
140 140
196 196
184 184
143 143
154 154
187 187
46 46
146 146
104 104
83 83
170 170
31 31
53 53
174 174
101 101
1 1
199 199
122 122
48 48
32 32
10 10
68 68
56 56
9 9
22 22
18 18
16 16
58 58
152 152
39 39
92 92
11 11
