2 67 2 78 79 16 40 16 76 16 79 81 3 81 79 78 7 72 5 72 99 11 29 14 86 62 38 44 38 43 24 31 24 43 38 44 10 93 99 98 6 87 41 25 35 25 41 70 17 70 28 37 65 41 87 6 50 77 13 83 22 88 4 88 56 74 56 88 34 61 69 42 69 60 0 60 71 18 23 68 59 68 99 7 84 96 89 30 89 96 84 78 19 47 66 47 58 94 19 78 63 78 1 78 2
50
63 63
47 47
94 94
58 58
66 66
7 7
96 96
30 30
41 41
50 50
13 13
83 83
88 88
74 74
4 4
34 34
71 71
23 23
59 59
61 61
69 69
60 60
0 0
42 42
65 65
70 70
28 28
17 17
25 25
35 35
72 72
98 98
62 62
38 38
44 44
24 24
31 31
11 11
29 29
14 14
86 86
10 10
5 5
81 81
3 3
16 16
76 76
40 40
67 67
1 1
