COM NER MYT ARM MYT NER COM MDG IDN COL IDN KOR IDN MMR NPL PRY MDA PRY BIH AZE BDI BHR BLM BEN BMU BRB BHS BIH PRY NRU CAF CIV BVT LKA BVT CRI MLT PSE MLT CRI KGZ LAO LUX NIC ABW NIC AUS ATG AUS NIC IRL NIC ITA NIC LUX LAO KNA KGZ HMD HRV ROU SLB PYF RUS SGP QAT ALB QAT COM HKG HTI GUM HTI CAN HTI HKG KAZ HKG COM REU SDN MEX POL PNG POL ARE POL MEX MLI CPV LIE LTU KWT LTU LIE CPV COK HND MAR HND GRC GMB NGA NFK ALA NFK JEY NGA FSM FIN GAB ESP GEO GHA GIB EGY FLK GBR FRA ESH ECU ESH FRA GIN FSM NGA GMB PCN PAN MHL MAC MHL CPV RWA SGS NZL SGS LBR SGS SHN CHN COD HUN PAK GNQ PAK HUN JPN LBN LVA COG CHN SHN SGS KHM SGS PRK NIU IRN IOT IRN MYS DZA MYS IRN NIU CZE DEU CXR DEU CYP CZE NIU PRK SGS MUS DJI DMA DJI MUS SGS COM
97
IDN IDN
HKG HKG
HTI HTI
CAN CAN
GUM GUM
KAZ KAZ
COL COL
KOR KOR
MMR MMR
HMD HMD
HRV HRV
NPL NPL
NRU NRU
CAF CAF
CIV CIV
LKA LKA
PSE PSE
LAO LAO
KNA KNA
LUX LUX
NIC NIC
ITA ITA
IRL IRL
AUS AUS
ATG ATG
ABW ABW
PRY PRY MOZ
AZE AZE
BDI BDI
BHR BHR
BLM BLM
BEN BEN
BMU BMU
BHS BHS
MDA MDA
RUS RUS
ALB ALB
NER NER MTQ
MYT MYT
ARM ARM
REU REU AFG
SDN SDN
MEX MEX
MLI MLI
CPV CPV
COK COK
HND HND
GRC GRC
GMB GMB
FSM FSM
ESP ESP
GEO GEO
GBR GBR
FRA FRA
ESH ESH
ECU ECU
GHA GHA
GIB GIB
EGY EGY
FIN FIN
GAB GAB
GIN GIN
NFK NFK
JEY JEY
ALA ALA
PAN PAN
MAR MAR
LIE LIE
LTU LTU
KWT KWT
MAC MAC
RWA RWA
POL POL
ARE ARE
PNG PNG
SGS SGS
DJI DJI
DMA DMA
NIU NIU
DEU DEU
CYP CYP
CXR CXR
IRN IRN
DZA DZA
IOT IOT
KHM KHM
LBR LBR
NZL NZL
SHN SHN
CHN CHN
COD COD
COG COG
HUN HUN
JPN JPN
LBN LBN
PAK PAK
GNQ GNQ
