DZA GBR FRA FRO GEO HND GEO ESH ECU FSM GHA FSM ERI FIN FLK FIN AFG FIN ESP AND ESP GIN BVT CAF BVT CAF COG CCK BLR BES BLM BFA BGD BFA BLM BRA GRC BRA BHS DOM CUW DNK ARE CYM CXR CZE CYM ARE ALB ARE DNK DJI DMA DOM AUS DOM ASM ATF ATA ASM DOM BHS BRB CAN CIV CHE COD BRN BEL BDI BGR GLP GRL HKG CMR CCK BLR BEN AUT GUY GUM GRD GNQ GUY CUB GUY HMD GUM GRD CYM DZA
49
GBR GBR
ECU ECU
FSM FSM
CAF CAF
BVT BVT
COG COG
CCK CCK
BLR BLR
BEN BEN
BES BES
BLM BLM
BHS BHS
BDI BDI
GLP GLP
HKG HKG
BRB BRB
CAN CAN
CHE CHE
COD COD
BRN BRN
DOM DOM
ATF ATF
ATA ATA
AUS AUS
CUW CUW
DNK DNK
DJI DJI
ARE ARE
ALB ALB ARG
CYM CYM
CXR CXR
CZE CZE
BFA BFA
BGD BGD
GRC GRC
GRD GRD
CUB CUB
GNQ GNQ
HMD HMD
FIN FIN
AND AND
AFG ABW
FLK FLK
ERI ERI
GHA GHA
FRA FRA
FRO FRO
GEO GEO
HND HND
