Soda 167 108 198 142 194 171 172 178 172 134 2 175 103 140 105 137 143 157 131 135 152 126 109 113 160 192 106 174 165 174 147 166 136 196 177 155 133 107 87 115 189 125 186 82 145 101 191 185 168 162 153 117 120 117 123 150 116 146 111 139 141 151 114 190 128 156 128 112 122 130 23 110 104 182 132 102 100 176 99 163 155 129 197 193 138 129 121 169 124 161 119 158 188 180 184 173 148 149 195 170 144 187 183 181 179 164 154 127 71 159 118 Soda
100
167 167
108 108
198 198
142 142
194 194
171 171
172 172
178 178
134 134
175 175
103 103
140 140
105 105
137 137
143 143
157 157
131 131
135 135
152 152
126 126
109 109
113 113
160 160
192 192
106 106
174 174
165 165
147 147
166 166
136 136
196 196
177 177
133 133
107 107
115 115
189 189
125 125
186 186
145 145
101 101
191 191
185 185
168 168
162 162
153 153
117 117
120 120
123 123
150 150
116 116
146 146
111 111
139 139
141 141
151 151
114 114
190 190
128 128
156 156
112 112
122 122
130 130
110 110
104 104
182 182
132 132
102 102
100 100
176 176
99 99
163 163
155 155
129 129
197 197
193 193
138 138
121 121
169 169
124 124
161 161
119 119
158 158
188 188
180 180
184 184
173 173
148 148
149 149
195 195
170 170
144 144
187 187
183 183
181 181
179 179
164 164
154 154
127 127
159 159
118 118
