Soda 73 76 42 37 6 19 11 61 38 99 18 82 70 32 34 97 74 40 51 40 48 91 62 86 55 66 92 33 24 80 22 100 98 100 5 90 28 9 101 94 12 69 59 85 84 47 63 45 23 36 57 78 7 13 29 95 79 21 79 65 67 2 87 29 4 13 96 13 15 46 56 35 88 83 54 89 50 43 60 125 53 30 31 39 8 44 71 72 81 77 49 14 52 41 17 27 75 64 86 20 26 16 68 58 93 10 25 3 Soda
100
3 3
73 73
76 76
42 42
37 37
99 99
33 33
24 24
80 80
78 78
22 22
100 100
98 98
5 5
57 57
69 69
59 59
85 85
84 84
47 47
63 63
45 45
23 23
36 36
101 101
94 94
12 12
90 90
28 28
9 9
7 7
44 44
71 71
93 93
72 72
77 77
49 49
81 81
14 14
68 68
58 58
20 20
26 26
16 16
52 52
64 64
86 86
75 75
41 41
17 17
27 27
13 13
39 39
8 8
15 15
46 46
56 56
35 35
88 88
83 83
54 54
89 89
50 50
43 43
60 60
53 53
30 30
31 31
96 96
29 29
87 87
67 67
2 2
79 79
65 65
21 21
95 95
4 4
18 18
92 92
74 74
55 55
66 66
40 40
48 48
91 91
62 62
51 51
82 82
70 70
32 32
97 97
34 34
38 38
19 19
61 61
11 11
10 10
25 25
6 6
