LeonieHill ChangiPoint SungeiKadut KampongUbi Shipyard NeeSoon JurongWestCentral Outram Sennett Outram MonksHill Gombak ConeyIsland CompassvaleTrafalgar Changi Ridout BishanEast Yishun Phillip SerangoonGarden Victoria Clementi Novena SingaporePolytechnic TuasBay TanglinHalt ClarkeQuay SungeiRoad Semakau Frankel FarrerPark KampongGlam SembawangSprings PasirRisPark Sentosa Guilin GreenwoodPark Trafalgar KallangWay AnchorvaleBuangkok YioChuKang MandaiWest NorthCoast BukitBatokCentral Boulevard PasirPanjang2 Springleaf AirportRoad Woodgrove YishunCentral ClementiCentral ChangiWest ClementiCentral YishunCentral PunggolTownCentre TampinesWest YuhuaWestBoonLay ChoaChuKangCentral LoyangEast Townsville Kranji OrangeGrove DefuIndustrialPark Tyersall DefuIndustrialPark LeonieHill
50
SungeiKadut SungeiKadut
Shipyard Shipyard
NeeSoon NeeSoon
OrangeGrove OrangeGrove
DefuIndustrialPark DefuIndustrialPark
Tyersall Tyersall
JurongWestCentral JurongWestCentral
Kranji Kranji
Outram Outram
ConeyIsland ConeyIsland
Ridout Ridout
BishanEast BishanEast
Yishun Yishun
Phillip Phillip
SerangoonGarden SerangoonGarden
Victoria Victoria
Novena Novena
TampinesWest TampinesWest
YuhuaWestBoonLay YuhuaWestBoonLay
ChoaChuKangCentral ChoaChuKangCentral
LoyangEast LoyangEast
SingaporePolytechnic SingaporePolytechnic
TuasBay TuasBay
TanglinHalt TanglinHalt
Townsville Townsville
SungeiRoad SungeiRoad
Woodgrove Woodgrove
ClementiCentral ClementiCentral
ChangiWest ChangiWest
PunggolTownCentre PunggolTownCentre
KallangWay KallangWay
AnchorvaleBuangkok AnchorvaleBuangkok
YioChuKang YioChuKang
Boulevard Boulevard
MandaiWest MandaiWest
BukitBatokCentral BukitBatokCentral
NorthCoast NorthCoast
SembawangSprings SembawangSprings
Sentosa Sentosa
Guilin Guilin
GreenwoodPark GreenwoodPark
Trafalgar Trafalgar
KampongGlam KampongGlam
Semakau Semakau
FarrerPark FarrerPark
PasirPanjang2 PasirPanjang2
AirportRoad AirportRoad
Springleaf Springleaf
MonksHill MonksHill
Sennett Sennett
