YuhuaEast Sennett TelokBlangahDrive CityHall Simpang Mandai PasirRis SembawangStraits SouthernIslands HongKahNorth SouthernIslands WestCoast TuasNorthPioneer TohGuan PayaLebarEast MountPleasant BenoiSector MountPleasant GeylangEast MountEmily KebunBahru Tampines PengSiang BukitBatokWest MandaiEast TuasBay PunggolField TuasPromenade Tanglin TiongBahru PayaLebarNorth Moulmein Museum TohGuan PasirRisDrive InstitutionHill Chatsworth Commonwealth SungeiRoad Kranji PangSua Kranji MandaiWest NatureReserve ChangiWest DairyFarm PeiChun Northland WoodlandsWest BukitBatokSouth PasirPanjang2 SerangoonCentral PasirPanjang2 Mountbatten JurongPort TampinesNorth JooSengPayaLebar SenokoWest KentRidge Commonwealth SungeiRoad WaterwayEast SungeiRoad Commonwealth KentRidge InstitutionHill RochorCanal Boulevard LoyangEast Kembangan KeatHong Dunearn SembawangHills Dunearn KeatHong Dunearn UluPandan YioChuKangEast OneTreeHill ClementiNorth EvertonPark ReservoirView PulauPunggolTimor ChoaChuKang JurongRiver Saujana HougangCentral DefuIndustrialPark BoatQuay Aljunied YioChuKang Khatib SimpangNorth AlexandraNorth SimpangNorth Paterson SimpangNorth Trafalgar HongKah UpperThomson Shipyard OrangeGrove PeoplesPark BayfrontSubzone PeoplesPark PasirRisPark BedokSouth BedokNorth Serangoon Brickworks KampongUbi TelokBlangahRise KallangWay IstanaNegara SungeiKadut TelokBlangahRise Sentosa DhobyGhaut SerangoonNorth TagoreSindo Sembawang EastCoast ClementiWest JurongWestCentral Cairnhill Mandai ChengSan BoonLayPlace LowerSeletar PearlsHill OneNorth Anson AngMoKioTownCentre ChangiPoint WoodlandsSouth Port Geylang Matilda Punggol ChinaSquare Sennett SerangoonGarden SingaporeRiver SerangoonGarden Sennett YuhuaEast
100
Sennett Sennett
CityHall CityHall
Mandai Mandai
PasirRis PasirRis
SembawangStraits SembawangStraits
SouthernIslands SouthernIslands
HongKahNorth HongKahNorth
TuasNorthPioneer TuasNorthPioneer
TohGuan TohGuan
PayaLebarEast PayaLebarEast
BenoiSector BenoiSector
GeylangEast GeylangEast
KebunBahru KebunBahru
Tampines Tampines
BukitBatokWest BukitBatokWest
MandaiEast MandaiEast
TuasBay TuasBay
PunggolField PunggolField
TuasPromenade TuasPromenade
Tanglin Tanglin
TiongBahru TiongBahru
Moulmein Moulmein
Museum Museum
PasirRisDrive PasirRisDrive
Chatsworth Chatsworth
Commonwealth Commonwealth
SungeiRoad SungeiRoad
PangSua PangSua
ChangiWest ChangiWest
DairyFarm DairyFarm
PeiChun PeiChun
Northland Northland
WoodlandsWest WoodlandsWest
BukitBatokSouth BukitBatokSouth
SerangoonCentral SerangoonCentral
Mountbatten Mountbatten
JurongPort JurongPort
TampinesNorth TampinesNorth
JooSengPayaLebar JooSengPayaLebar
WaterwayEast WaterwayEast
KentRidge KentRidge
InstitutionHill InstitutionHill
RochorCanal RochorCanal
Kembangan Kembangan
SembawangHills SembawangHills
KeatHong KeatHong
UluPandan UluPandan
YioChuKangEast YioChuKangEast
OneTreeHill OneTreeHill
ClementiNorth ClementiNorth
EvertonPark EvertonPark
ReservoirView ReservoirView
PulauPunggolTimor PulauPunggolTimor
ChoaChuKang ChoaChuKang
Saujana Saujana
HougangCentral HougangCentral
DefuIndustrialPark DefuIndustrialPark
BoatQuay BoatQuay
Aljunied Aljunied
YioChuKang YioChuKang
Khatib Khatib
SimpangNorth SimpangNorth
AlexandraNorth AlexandraNorth
Paterson Paterson
Trafalgar Trafalgar
HongKah HongKah
UpperThomson UpperThomson
Shipyard Shipyard
OrangeGrove OrangeGrove
PeoplesPark PeoplesPark
BayfrontSubzone BayfrontSubzone
PasirRisPark PasirRisPark
BedokSouth BedokSouth
BedokNorth BedokNorth
Serangoon Serangoon
Brickworks Brickworks
TelokBlangahRise TelokBlangahRise
IstanaNegara IstanaNegara
SungeiKadut SungeiKadut
Sentosa Sentosa
DhobyGhaut DhobyGhaut
SerangoonNorth SerangoonNorth
TagoreSindo TagoreSindo
Sembawang Sembawang
EastCoast EastCoast
JurongWestCentral JurongWestCentral
Cairnhill Cairnhill
BoonLayPlace BoonLayPlace
LowerSeletar LowerSeletar
PearlsHill PearlsHill
OneNorth OneNorth
AngMoKioTownCentre AngMoKioTownCentre
ChangiPoint ChangiPoint
Port Port
Geylang Geylang
Matilda Matilda
Punggol Punggol
ChinaSquare ChinaSquare
SerangoonGarden SerangoonGarden
SingaporeRiver SingaporeRiver
