0 66 99 66 0 65 98 65 0 64 97 64 0 63 96 63 0 62 95 62 0 61 94 61 0 60 93 60 0 59 92 59 0 58 91 58 0 57 90 57 0 56 89 56 0 55 88 55 0 54 87 54 0 53 86 53 0 52 85 52 0 51 84 51 0 50 83 50 0 49 82 49 0 48 81 48 0 47 80 47 0 46 79 46 0 45 78 45 0 44 77 44 0 43 76 43 0 42 75 42 0 41 74 41 0 40 73 40 0 39 72 39 0 38 71 38 0 37 70 37 0 36 69 36 0 35 68 35 0 34 67 34 0
33
99 33
98 32
97 31
96 30
95 29
94 28
93 27
92 26
91 25
90 24
89 23
88 22
87 21
86 20
85 19
84 18
83 17
82 16
81 15
80 14
79 13
78 12
77 11
76 10
75 9
74 8
73 7
72 6
71 5
70 4
69 3
68 2
67 1
