139 18 134 18 57 39 173 139 18 11 127 22 125 22 105 22 41 112 41 44 38 101 11 85 16 186 16 108 16 77 138 77 123 77 16 65 16 26 198 71 26 48 26 153 2 161 9 184 9 84 189 84 9 78 21 139 157 8 178 1 172 1 106 1 89 119 89 13 158 5 95 5 82 5 37 130 37 109 37 5 35 104 75 91 62 33 67 29 43 64 43 14 27 188 27 96 145 163 23 182 7 74 7 60 12 146 23 14 15 142 15 128 15 118 15 81 122 81 15 31 131 31 25 141 25 111 30 187 30 156 30 144 30 21 113 21 79 114 90 58 1 47 191 47 176 47 32 152 32 148 165 148 71 153 2 147 2 98 2 72 69 192 198 139
100
18 18
134 134
57 57
39 39
173 173
11 11
127 127
22 22
125 125
105 105
41 41
112 112
44 44
101 101
85 85
16 16
186 186
108 108
77 77
138 138
123 123
65 65
26 26
198 198
71 71
48 48
2 2
161 161
9 9
184 184
84 84
189 189
78 78
157 157
8 8
178 178
1 1
172 172
106 106
89 89
119 119
13 13
158 158
5 5
95 95
82 82
37 37
130 130
109 109
35 35
104 104
75 75
91 91
33 33
67 67
43 43
64 64
14 14
27 27
188 188
96 96
145 145
23 23
182 182
7 7
74 74
60 60
146 146
15 15
142 142
128 128
118 118
81 81
122 122
31 31
131 131
25 25
141 141
111 111
30 30
187 187
156 156
144 144
21 21
113 113
79 79
114 114
58 58
47 47
191 191
176 176
32 32
152 152
148 148
165 165
153 153
147 147
98 98
72 72
69 69
