Latias Shelgon Dartrix Keldeo Raticate Magearna Jigglypuff Noivern Infernape Scolipede Petilil Luvdisc Staryu Talonflame Palkia Reshiram Primeape Vibrava Relicanth Exeggutor Wurmple Bounsweet Elgyem Charmeleon Golisopod Toxicroak Latias
25
Toxicroak Toxicroak
Raticate Raticate
Primeape Primeape
Vibrava Vibrava
Elgyem Elgyem
Relicanth Relicanth
Exeggutor Exeggutor
Wurmple Wurmple
Bounsweet Bounsweet
Charmeleon Charmeleon
Golisopod Golisopod
Magearna Magearna
Jigglypuff Jigglypuff
Noivern Noivern
Talonflame Talonflame
Infernape Infernape
Petilil Petilil
Luvdisc Luvdisc
Staryu Staryu
Scolipede Scolipede
Palkia Palkia
Reshiram Reshiram
Dartrix Dartrix
Keldeo Keldeo
Shelgon Shelgon
