Qwilfish Tropius Drapion Taillow Paras Vullaby Jumpluff Plusle Jumpluff Vullaby Shellos Xerneas Wailord Xerneas Shellos Drampa Phanpy Skiddo Noibat Simisear Sandile Meloetta Porygon2 Meloetta Inkay Vespiquen Inkay Metapod Weezing Escavalier Weezing Metapod Sandile Simisear Slowbro Nincada Comfey Nincada Seaking Nincada Noibat Terrakion Politoed Tornadus Kakuna Treecko Kakuna Lumineon Kakuna Dewpider Whismur Bastiodon Whismur Metapod Metang Slurpuff Metang Crawdaunt Woobat Crawdaunt Scatterbug Tsareena Shellder Tsareena Scatterbug Honedge Weepinbell Honedge Skorupi Munna Swadloon Magnemite Yungoos Magnemite Shellos Magmar Volcarona Steenee Wartortle Zekrom Conkeldurr Zekrom Wartortle Lotad Amoonguss Stufful Amoonguss Dewpider Froakie Bounsweet Gengar Tauros Gengar Drampa Qwilfish
64
Qwilfish Qwilfish
Drampa Drampa
Gengar Gengar
Tauros Tauros
Froakie Froakie
Bounsweet Bounsweet
Phanpy Phanpy
Lotad Lotad
Amoonguss Amoonguss
Stufful Stufful
Magmar Magmar
Wartortle Wartortle
Zekrom Zekrom
Conkeldurr Conkeldurr
Volcarona Volcarona
Steenee Steenee
Skiddo Skiddo
Skorupi Skorupi
Magnemite Magnemite
Yungoos Yungoos
Munna Munna
Swadloon Swadloon
Noibat Noibat
Honedge Honedge
Weepinbell Weepinbell
Terrakion Terrakion
Scatterbug Scatterbug
Tsareena Tsareena
Shellder Shellder
Metang Metang
Crawdaunt Crawdaunt
Woobat Woobat
Slurpuff Slurpuff
Politoed Politoed
Dewpider Dewpider
Whismur Whismur
Bastiodon Bastiodon
Tornadus Tornadus
Kakuna Kakuna
Lumineon Lumineon
Treecko Treecko
Simisear Simisear
Slowbro Slowbro
Nincada Nincada
Seaking Seaking
Comfey Comfey
Sandile Sandile
Metapod Metapod
Weezing Weezing
Escavalier Escavalier
Meloetta Meloetta
Inkay Inkay
Vespiquen Vespiquen
Porygon2 Porygon2
Tropius Tropius
Shellos Shellos
Xerneas Xerneas
Wailord Wailord
Drapion Drapion
Vullaby Vullaby
Jumpluff Jumpluff
Plusle Plusle
Taillow Taillow
Paras Paras
