Qwilfish Drampa Sandile Simisear Noibat Skiddo Skorupi Munna Swadloon Magnemite Shellos Nincada Comfey Nincada Seaking Honedge Kakuna Treecko Kakuna Honedge Weepinbell Honedge Scatterbug Meloetta Porygon2 Meloetta Scatterbug Meloetta Inkay Slurpuff Metang Crawdaunt Woobat Crawdaunt Weezing Vespiquen Shellder Tsareena Shellos Vullaby Drapion Taillow Drapion Lotad Amoonguss Stufful Conkeldurr Zekrom Wartortle Magmar Volcarona Magmar Shellos Magmar Volcarona Steenee Jumpluff Plusle Jumpluff Metapod Whismur Bastiodon Weezing Escavalier Weepinbell Magnemite Froakie Bounsweet Gengar Tauros Wailord Xerneas Shellos Tropius Qwilfish
50
Qwilfish Qwilfish
Drampa Drampa
Gengar Gengar
Tauros Tauros
Wailord Wailord
Froakie Froakie
Bounsweet Bounsweet
Sandile Sandile
Metapod Metapod
Weezing Weezing
Escavalier Escavalier
Whismur Whismur
Bastiodon Bastiodon
Vullaby Vullaby
Jumpluff Jumpluff
Plusle Plusle
Volcarona Volcarona
Steenee Steenee
Magmar Magmar
Shellos Shellos
Drapion Drapion
Lotad Lotad
Amoonguss Amoonguss
Stufful Stufful
Conkeldurr Conkeldurr
Taillow Taillow
Meloetta Meloetta
Inkay Inkay
Vespiquen Vespiquen
Shellder Shellder
Slurpuff Slurpuff
Metang Metang
Crawdaunt Crawdaunt
Woobat Woobat
Scatterbug Scatterbug
Porygon2 Porygon2
Simisear Simisear
Noibat Noibat
Honedge Honedge
Weepinbell Weepinbell
Kakuna Kakuna
Treecko Treecko
Nincada Nincada
Seaking Seaking
Comfey Comfey
Skiddo Skiddo
Skorupi Skorupi
Magnemite Magnemite
Munna Munna
Swadloon Swadloon
