Monroe Clarksville Monroe Lewisville Allentown Miami Corpus Hartford Glendale Amarillo Mesquite Amarillo Birmingham Amarillo Austin Huntsville Glendale Killeen Baltimore Kenosha Bloomington Brownsville Hickory Ten Jacksonville Anaheim Lakeland Burlington Dayton Burlington Daytona Anchorage Apple Fayetteville Hemet Hayward Denton Hesperia Clarke Viejo Prairie Hampton Modesto Gilbert Columbia Naples Bedford Kennewick Denver Bradenton Monterey Lafayette Hickory Huntington Elkhart Erie Cleveland Julian One Athens Antioch Hagerstown Lancaster Havre Layton Canton Four Boulder Lacey Melbourne Elizabeth Irving Baton Irving Three Detroit Montgomery Merced Dallas Gainesville Vista Leominster Mobile Rapids Arlington Bridgeport Abilene Charleston Johnson Laredo Seven Kissimmee Myrtle Akron Asheville Carrollton Asheville Chesapeake Manchester Cary Manchester Fairfield Monroe Mesa Hialeah Albany Boise Cambridge Lowell Aberdeen Muskegon Albany Bethlehem Bridgeport Kailua CSprings Davidson Collins Greensboro Collins Monroe
100
Monroe Monroe
Lewisville Lewisville
Allentown Allentown
Miami Miami
Corpus Corpus
Greensboro Greensboro
Rapids Rapids
Arlington Arlington
Bridgeport Bridgeport
Kailua Kailua
Bethlehem Bethlehem
Abilene Abilene
Charleston Charleston
Johnson Johnson
Carrollton Carrollton
Mesa Mesa
Albany Albany
Muskegon Muskegon
Cambridge Cambridge
Lowell Lowell
Aberdeen Aberdeen
Boise Boise
Hialeah Hialeah
Asheville Asheville
Fairfield Fairfield
Chesapeake Chesapeake
Manchester Manchester
Cary Cary
Laredo Laredo
Akron Akron
Seven Seven
Kissimmee Kissimmee
Davidson Davidson
Layton Layton
Canton Canton
Four Four
Boulder Boulder
Three Three
Dallas Dallas
Gainesville Gainesville
Vista Vista
Detroit Detroit
Montgomery Montgomery
Merced Merced
Lacey Lacey
Elizabeth Elizabeth
Irving Irving
Baton Baton
Melbourne Melbourne
Leominster Leominster
Mobile Mobile
Hartford Hartford
Hickory Hickory
Lafayette Lafayette
Huntington Huntington
Elkhart Elkhart
Erie Erie
Cleveland Cleveland
Julian Julian
Athens Athens
Antioch Antioch
Hagerstown Hagerstown
Lancaster Lancaster
Havre Havre
Ten Ten
Kennewick Kennewick
Denver Denver
Bradenton Bradenton
Monterey Monterey
Lakeland Lakeland
Hayward Hayward
Denton Denton
Hesperia Hesperia
Viejo Viejo
Clarke Clarke
Prairie Prairie
Hampton Hampton
Modesto Modesto
Gilbert Gilbert
Naples Naples
Bedford Bedford
Burlington Burlington
Daytona Daytona
Anchorage Anchorage
Apple Apple
Fayetteville Fayetteville
Dayton Dayton
Jacksonville Jacksonville
Anaheim Anaheim
Glendale Glendale
Brownsville Brownsville
Killeen Killeen
Baltimore Baltimore
Kenosha Kenosha
Huntsville Huntsville
Amarillo Amarillo
Mesquite Mesquite
Austin Austin
Birmingham Birmingham
Clarksville Clarksville
