Burlington Independence Naperville Bridgeport Miramar Clarke Columbus Hampton Myrtle Hampton McAllen Julian Cedar Nashville Cambridge Buffalo Louisville Chicago Hayward Amarillo Greenville Julian Honolulu Davenport Merced Denver Rapids Chattanooga Merced Killeen Prairie Burlington
25
Cambridge Cambridge
Buffalo Buffalo
Hayward Hayward
Amarillo Amarillo
Greenville Greenville
Louisville Louisville
Chicago Chicago
Killeen Killeen
Prairie Prairie
Independence Independence
Naperville Naperville
Bridgeport Bridgeport
Miramar Miramar
Clarke Clarke
Columbus Columbus
Cedar Cedar
Hampton Hampton
McAllen McAllen
Myrtle Myrtle
Honolulu Honolulu
Davenport Davenport
Merced Merced
Chattanooga Chattanooga
Denver Denver
Rapids Rapids
