Myrtle Montgomery Cathedral Bridgeport Hollywood Plen Erie Huntsville Minneapolis Lexington Kansas Joliet Deltona Alexandria Grays Garland Huntington Muskegon Hollywood Cedar Brownsville Lorain Harlingen Kissimmee Miramar Chicago Kissimmee Albuquerque Cary Champaign Madison Bradenton Hemet Dallas Chandler Macon Barnstable Albany Nashua Moreno Merced Aribel Abilene Hartford GreenBay Corpus Appleton Leominster Houma Deltona Lansing Bloomington Medford Kailua Mobile Buffalo Davidson Lafayette Baltimore Myrtle
50
Montgomery Montgomery
Plen Plen
Erie Erie
Minneapolis Minneapolis
Alexandria Alexandria
Lexington Lexington
Kansas Kansas
Joliet Joliet
Deltona Deltona
Grays Grays
Huntsville Huntsville
Huntington Huntington
Muskegon Muskegon
Cathedral Cathedral
Bridgeport Bridgeport
Baltimore Baltimore
Hollywood Hollywood
Davidson Davidson
Cedar Cedar
Brownsville Brownsville
Mobile Mobile
Lorain Lorain
Lansing Lansing
Bloomington Bloomington
Medford Medford
Harlingen Harlingen
Kissimmee Kissimmee
Albuquerque Albuquerque
Albany Albany
Bradenton Bradenton
Macon Macon
Barnstable Barnstable
Hemet Hemet
Dallas Dallas
Chandler Chandler
Cary Cary
Champaign Champaign
Miramar Miramar
Chicago Chicago
Nashua Nashua
Appleton Appleton
Leominster Leominster
Houma Houma
Moreno Moreno
Merced Merced
Aribel Aribel
Abilene Abilene
GreenBay GreenBay
Corpus Corpus
Hartford Hartford
