DK CP BM CU AA FB CM EL BU AV CA HC DI BL FT AO AG EY BF BV FH EA DA CD AY BE GY BE CE HJ HD CY DF CI DH GB EP DE ET CT HE DZ EN DA AM CC EQ DJ GV BZ DN HB FZ EM FG BH AU DB DO DT BP DM BW ED BQ DD EO FN FD FP DU GR BC BJ HI FN AK FR GX EB CW BI DX CS AN GZ DL DP AT CK ES HF EM GN GG AB EW EK BR CX ED FW HJ CG EF FA AZ CR GT EH DK
94
CP CP
CA CA
HC HC
DI DI
BM BM
CU CU
AA AA
FB FB
EL EL
CM CM
AV AV
BL BL
CD CD
FA FA
BE BE
CE CE
HJ HJ
HD HD
EO EO
GX GX
EB EB
FN FN
HI HI
FD FD
GR GR
FP FP
DU DU
BC BC
AK AK
CY CY
DD DD
EP EP
DE DE
GV GV
ET ET
CT CT
HE HE
EN EN
DZ DZ
AM AM
EQ EQ
CC CC
BZ BZ
FG FG
BH BH
AU AU
DO DO
DT DT
DM DM
BP BP
DB DB
DN DN
HB HB
FZ FZ
BW BW
ED ED
GB GB
DF DF
CI CI
CX CX
CW CW
BR BR
BI BI
DX DX
CS CS
AN AN
GZ GZ
DP DP
DL DL
AT AT
GG GG
AB AB
EW EW
CK CK
ES ES
HF HF
EM EM
GN GN
FW FW
CG CG
EF EF
GY GY
AY AY
FT FT
FH FH
EA EA
AO AO
EY EY
BF BF
BV BV
AG AG
AZ AZ
CR CR
GT GT
