LegendsAquaticCenter SatherTower InvestigativeReporti LegendsAquaticCenter SoutheastAsianStudie NorthField LawSchool LegendsAquaticCenter StarrEastAsianLibrar LegendsAquaticCenter GoldmanField EllsworthParkingStru LegendsAquaticCenter LevineFrickeSoftball LeConteHall SodaHall NorthGateHall LewisHall CITRIS LegendsAquaticCenter EucalyptusGrove MemorialGlade ValleyLifeSciencesBu GolbousPlace DurantHall LegendsAquaticCenter
20
LegendsAquaticCenter LegendsAquaticCenter
SatherTower SatherTower
InvestigativeReporti InvestigativeReporti
SoutheastAsianStudie SoutheastAsianStudie
NorthField NorthField
LawSchool LawSchool
StarrEastAsianLibrar StarrEastAsianLibrar
GoldmanField GoldmanField
EllsworthParkingStru EllsworthParkingStru
LevineFrickeSoftball LevineFrickeSoftball
LeConteHall LeConteHall
SodaHall SodaHall
NorthGateHall NorthGateHall
LewisHall LewisHall
CITRIS CITRIS
EucalyptusGrove EucalyptusGrove
MemorialGlade MemorialGlade
ValleyLifeSciencesBu ValleyLifeSciencesBu
GolbousPlace GolbousPlace
DurantHall DurantHall
