McLaughlinHall StephensHall CampusSharedServices McLaughlinHall GoldmanSchool CNMAT1750ArchSt UCBerkeleyExtension Romeos StrawberryCanyonRecr McLaughlinHall AnnaHeadAlumnaeHall LevineFrickeSoftball McLaughlinHall GianniniHall InsectaryGreenhouse SpiekerAquaticsCompl GiauqueHall McLaughlinHall JonesChildStudyCente EshlemanHall WomensFacultyClub Unit3ResidentHall McLaughlinHall MagnesCollectionofJe WitterRugbyField McLaughlinHall LegendsAquaticCenter SimpsonCenterforStud ZellerbachHall BerkeleyArtMuseumand McLaughlinHall FacultyGlade McLaughlinHall ResidentialStudentSe SeniorHall McLaughlinHall PublicAffairsOfficeo Library BancroftParkingStruc HertzHall WarrenHall EastAsianStudiesInst EvansDiamond McLaughlinHall RecreationalSportsFa EtcheverryHall GrinnellNaturalArea EnergyBiosciencesBui McLaughlinHall VisitorCenter McLaughlinHall HasteStreetChildDeve KroeberHall BotanicalGarden McLaughlinHall SamsPad DurantHall McLaughlinHall MathematicalSciences RedwoodGroveBotanica MoffittLibrary McLaughlinHall CareerCenter McLaughlinHall
48
McLaughlinHall McLaughlinHall
StephensHall StephensHall
CampusSharedServices CampusSharedServices
GoldmanSchool GoldmanSchool
CNMAT1750ArchSt CNMAT1750ArchSt
UCBerkeleyExtension UCBerkeleyExtension
Romeos Romeos
StrawberryCanyonRecr StrawberryCanyonRecr
AnnaHeadAlumnaeHall AnnaHeadAlumnaeHall
LevineFrickeSoftball LevineFrickeSoftball
GianniniHall GianniniHall
InsectaryGreenhouse InsectaryGreenhouse
SpiekerAquaticsCompl SpiekerAquaticsCompl
GiauqueHall GiauqueHall
JonesChildStudyCente JonesChildStudyCente
EshlemanHall EshlemanHall
WomensFacultyClub WomensFacultyClub
Unit3ResidentHall Unit3ResidentHall
MagnesCollectionofJe MagnesCollectionofJe
WitterRugbyField WitterRugbyField
LegendsAquaticCenter LegendsAquaticCenter
SimpsonCenterforStud SimpsonCenterforStud
ZellerbachHall ZellerbachHall
BerkeleyArtMuseumand BerkeleyArtMuseumand
FacultyGlade FacultyGlade
ResidentialStudentSe ResidentialStudentSe
SeniorHall SeniorHall
PublicAffairsOfficeo PublicAffairsOfficeo
Library Library
BancroftParkingStruc BancroftParkingStruc
HertzHall HertzHall
WarrenHall WarrenHall
EastAsianStudiesInst EastAsianStudiesInst
EvansDiamond EvansDiamond
RecreationalSportsFa RecreationalSportsFa
EtcheverryHall EtcheverryHall
GrinnellNaturalArea GrinnellNaturalArea
EnergyBiosciencesBui EnergyBiosciencesBui
VisitorCenter VisitorCenter
HasteStreetChildDeve HasteStreetChildDeve
KroeberHall KroeberHall
BotanicalGarden BotanicalGarden
SamsPad SamsPad
DurantHall DurantHall
MathematicalSciences MathematicalSciences
RedwoodGroveBotanica RedwoodGroveBotanica
MoffittLibrary MoffittLibrary
CareerCenter CareerCenter
