BerkeleyArtMuseumand LegendsAquaticCenter BerkeleyArtMuseumand LawSchool BancroftLibrary ArchitectsEngineersA SatherTower BerkeleyArtMuseumand CareerCenter BerkeleyArtMuseumand FallProgramforFreshm BerkeleyArtMuseumand WarrenHall BerkeleyArtMuseumand SpiekerAquaticsCompl MulfordHall ChancellorsEsplanade BerkeleyArtMuseumand LawrenceHallofScienc HaasSchoolofBusiness UniversityHouse IRLE McConeHall EvansDiamond BerkeleyArtMuseumand AnthonyHall Demography BarrowsHall LiKaShingCenter Library AlumniHouse BancroftDanceStudio PublicAffairsOfficeo HavilandHall MorrisonHall NorthField KoshlandHall SimpsonCenterforStud InsectaryGreenhouse BerkeleyArtMuseumand MariesHouse BerkeleyArtMuseumand LatinAmericanStudies BerkeleyArtMuseumand McLaughlinHall BerkeleyArtMuseumand AcademicInnovationSt BerkeleyArtMuseumand PacificFilmArchiveBe ObservatoryHill BerkeleyArtMuseumand FacultyGlade Sebastians SutardjaDaiHall GolbousPlace UniversityHealthServ CoryHall StanleyHall BerkeleyArtMuseumand EvansHall BerkeleyArtMuseumand GraduateTheologicalU BerkeleyArtMuseumand KoretVisitorCenter BerkeleyArtMuseumand MosesHall BerkeleyArtMuseumand LawrenceBerkeleyNati EllsworthParkingStru MathematicalSciences MartinezCommons BerkeleyArtMuseumand UpperHearstParkingSt BerkeleyArtMuseumand GoldmanField BerkeleyArtMuseumand CheitHall BerkeleyArtMuseumand EnergyBiosciencesBui HearstMemorialMining LeConteHall BowlesHall ClarkKerrCampus BerkeleyArtMuseumand ManvilleHall FacultyClub BerkeleyArtMuseumand CesarEChavezStudentC GianniniHall CaliforniaHall BerkeleyArtMuseumand HenryHWheelerBrainIm BerkeleyArtMuseumand EdwardsTrackStadiumG ZellerbachHall InvestigativeReporti BerkeleyArtMuseumand BanwayBuilding BerkeleyArtMuseumand NaturalResourcesLabo MagnesCollectionofJe BerkeleyArtMuseumand WellmanHall AHammock BerkeleyArtMuseumand MaxwellFamilyFieldan BerkeleyArtMuseumand EastAsianStudiesInst FoxCottage2350Bowdit SimonHall Unit1ResidentHall InternationalHouse LowerHearstParkingSt BerkeleyArtMuseumand
82
BerkeleyArtMuseumand BerkeleyArtMuseumand
LowerHearstParkingSt LowerHearstParkingSt
InternationalHouse InternationalHouse
Unit1ResidentHall Unit1ResidentHall
SimonHall SimonHall
FoxCottage2350Bowdit FoxCottage2350Bowdit
EastAsianStudiesInst EastAsianStudiesInst
MaxwellFamilyFieldan MaxwellFamilyFieldan
AHammock AHammock
WellmanHall WellmanHall
MagnesCollectionofJe MagnesCollectionofJe
NaturalResourcesLabo NaturalResourcesLabo
BanwayBuilding BanwayBuilding
InvestigativeReporti InvestigativeReporti
ZellerbachHall ZellerbachHall
EdwardsTrackStadiumG EdwardsTrackStadiumG
HenryHWheelerBrainIm HenryHWheelerBrainIm
CaliforniaHall CaliforniaHall
GianniniHall GianniniHall
CesarEChavezStudentC CesarEChavezStudentC
FacultyClub FacultyClub
ManvilleHall ManvilleHall
ClarkKerrCampus ClarkKerrCampus
BowlesHall BowlesHall
LeConteHall LeConteHall
HearstMemorialMining HearstMemorialMining
EnergyBiosciencesBui EnergyBiosciencesBui
CheitHall CheitHall
GoldmanField GoldmanField
UpperHearstParkingSt UpperHearstParkingSt
MartinezCommons MartinezCommons
MathematicalSciences MathematicalSciences
EllsworthParkingStru EllsworthParkingStru
LawrenceBerkeleyNati LawrenceBerkeleyNati
MosesHall MosesHall
KoretVisitorCenter KoretVisitorCenter
GraduateTheologicalU GraduateTheologicalU
EvansHall EvansHall
StanleyHall StanleyHall
CoryHall CoryHall
UniversityHealthServ UniversityHealthServ
GolbousPlace GolbousPlace
SutardjaDaiHall SutardjaDaiHall
Sebastians Sebastians
FacultyGlade FacultyGlade
ObservatoryHill ObservatoryHill
PacificFilmArchiveBe PacificFilmArchiveBe
AcademicInnovationSt AcademicInnovationSt
McLaughlinHall McLaughlinHall
LatinAmericanStudies LatinAmericanStudies
MariesHouse MariesHouse
InsectaryGreenhouse InsectaryGreenhouse
SimpsonCenterforStud SimpsonCenterforStud
KoshlandHall KoshlandHall
NorthField NorthField
MorrisonHall MorrisonHall
HavilandHall HavilandHall
PublicAffairsOfficeo PublicAffairsOfficeo
BancroftDanceStudio BancroftDanceStudio
AlumniHouse AlumniHouse
Library Library
LiKaShingCenter LiKaShingCenter
BarrowsHall BarrowsHall
Demography Demography
AnthonyHall AnthonyHall
EvansDiamond EvansDiamond
McConeHall McConeHall
IRLE IRLE
UniversityHouse UniversityHouse
HaasSchoolofBusiness HaasSchoolofBusiness
LawrenceHallofScienc LawrenceHallofScienc
ChancellorsEsplanade ChancellorsEsplanade
MulfordHall MulfordHall
SpiekerAquaticsCompl SpiekerAquaticsCompl
WarrenHall WarrenHall
FallProgramforFreshm FallProgramforFreshm
CareerCenter CareerCenter
SatherTower SatherTower
ArchitectsEngineersA ArchitectsEngineersA
BancroftLibrary BancroftLibrary
LawSchool LawSchool
LegendsAquaticCenter LegendsAquaticCenter
