a b k l m ab ae ah an b ap by cb ck cq b do b dt du dv ec en ew ex b fa fd fu ga b c u c aw bb c ci em et c fl e cs h eg f j o p a t w a y aa ag aj ak al a ar az bc bd bf bi bl bm a br bv bz cd ch cl cp ct cu a cv a de df dg dj a dm dn dq dx ea ed ee ep eq a er a eu a ev ey a fb a ff fg a fh fn fr fs fv fy fz gb gh a gl a gm gn gp a
100
a a
gp gp
gn gn
gm gm
gl gl
gh gh
gb gb
fz fz
fy fy
fv fv
fs fs
fr fr
fn fn
fh fh
fg fg
ff ff
fb fb
ey ey
ev ev
eu eu
er er
eq eq
ep ep
ee ee
ed ed
ea ea
dx dx
dq dq
dn dn
dm dm
dj dj
dg dg
df df
de de
cv cv
cu cu
ct ct
cp cp
cl cl
ch ch
cd cd
bz bz
bv bv
br br
bm bm
bl bl
bi bi
bf bf
bd bd
bc bc
az az
ar ar
al al
ak ak
aj aj
ag ag
aa aa
y y
w w
t t
p p
o o
j j
h h
eg eg
e e
cs cs
c c
fl fl
et et
em em
ci ci
bb bb
aw aw
u u
b b
ga ga
fu fu
fd fd
fa fa
ex ex
ew ew
en en
ec ec
dv dv
du du
dt dt
do do
cq cq
ck ck
cb cb
by by
ap ap
an an
ah ah
ae ae
ab ab
m m
l l
k k
