Fizz Bane Huskar Warlock Viktor Nasus Undying Oracle LoneDruid Zilean Techies Cassiopeia TahmKench Cassiopeia SpiritBreaker Puck Tristana Shen Lucian Chen Kassadin KhaZix Mirana Brewmaster Medusa Singed ShadowShaman NightStalker Quinn BountyHunter Venomancer BountyHunter Fiddlesticks VelKoz Ziggs Morphling WinterWyvern Omniknight Sniper Annie Janna JarvanIV Heimerdinger Azir Orianna CentaurWarrunner Magnus ShadowDemon Rubick Kennen Vladimir Nidalee Katarina Gragas Slark Trundle Leona Rengar Vi Kayn Irelia Ryze Weaver TrollWarlord Yorick Xayah Terrorblade Talon Tiny DeathProphet Timbersaw Pantheon Sven Slardar LeBlanc ShadowFiend Kled Beastmaster FacelessVoid Amumu StormSpirit Amumu Thresh Weaver Jayce Karma Sona Ekko Nunu Syndra Jinx NaturesProphet Rumble Zed Visage Fizz
89
Fizz Fizz
Bane Bane
Huskar Huskar
Warlock Warlock
Viktor Viktor
Nasus Nasus
Undying Undying
Oracle Oracle
LoneDruid LoneDruid
Zilean Zilean
Techies Techies
Cassiopeia Cassiopeia
TahmKench TahmKench
SpiritBreaker SpiritBreaker
Puck Puck
Tristana Tristana
Lucian Lucian
Chen Chen
Kassadin Kassadin
KhaZix KhaZix
Mirana Mirana
Brewmaster Brewmaster
Medusa Medusa
Singed Singed
ShadowShaman ShadowShaman
NightStalker NightStalker
Quinn Quinn
BountyHunter BountyHunter
Venomancer Venomancer
Fiddlesticks Fiddlesticks
VelKoz VelKoz
Ziggs Ziggs
Morphling Morphling
WinterWyvern WinterWyvern
Omniknight Omniknight
Sniper Sniper
Annie Annie
Janna Janna
JarvanIV JarvanIV
Heimerdinger Heimerdinger
Azir Azir
Orianna Orianna
CentaurWarrunner CentaurWarrunner
Magnus Magnus
ShadowDemon ShadowDemon
Rubick Rubick
Kennen Kennen
Vladimir Vladimir
Nidalee Nidalee
Katarina Katarina
Gragas Gragas
Slark Slark
Trundle Trundle
Leona Leona
Rengar Rengar
Vi Vi
Kayn Kayn
Irelia Irelia
Ryze Ryze
TrollWarlord TrollWarlord
Yorick Yorick
Xayah Xayah
Terrorblade Terrorblade
Talon Talon
Tiny Tiny
DeathProphet DeathProphet
Timbersaw Timbersaw
Pantheon Pantheon
Sven Sven
Slardar Slardar
LeBlanc LeBlanc
ShadowFiend ShadowFiend
Kled Kled
Beastmaster Beastmaster
FacelessVoid FacelessVoid
Amumu Amumu
StormSpirit StormSpirit
Thresh Thresh
Weaver Weaver
Jayce Jayce
Karma Karma
Sona Sona
Ekko Ekko
Nunu Nunu
Syndra Syndra
Jinx Jinx
Rumble Rumble
Zed Zed
Visage Visage
