Zeus Bloodseeker Lulu Xayah Axe Nocturne Jax Renekton Slardar Twitch Sven TreantProtector Lycan ElderTitan Shen Leshrac Syndra Blitzcrank EmberSpirit Braum Dazzle Blitzcrank Zeus
20
Zeus Zeus
Blitzcrank Blitzcrank
Dazzle Dazzle
EmberSpirit EmberSpirit
Braum Braum
Bloodseeker Bloodseeker
Lulu Lulu
Twitch Twitch
Sven Sven
ElderTitan ElderTitan
Leshrac Leshrac
Shen Shen
TreantProtector TreantProtector
Lycan Lycan
Syndra Syndra
Xayah Xayah
Axe Axe
Renekton Renekton
Slardar Slardar
Nocturne Nocturne
