Pantheon Spectre Jhin Kled Skarner Bard CrystalMaiden KogMaw Disruptor Anivia Bard Maokai Bristleback Tailyah Magnus Tailyah Draven Jinx SpiritBreaker Rumble ChaosKnight Lich Ziggs CentaurWarrunner Galio Phoenix Jax WraithKing Lucian Akali Heimerdinger Tiny Talon NightStalker TrollWarlord Malphite Xerath MasterYi Nunu Ezreal Jayce Shyvana Ashe Morgana BountyHunter Lux Ahri ArcWarden Slark LoneDruid Oracle Pantheon
48
LoneDruid LoneDruid
Oracle Oracle
Jhin Jhin
Lux Lux
Kled Kled
Skarner Skarner
Bard Bard
BountyHunter BountyHunter
Maokai Maokai
Bristleback Bristleback
Draven Draven
Jinx Jinx
SpiritBreaker SpiritBreaker
ChaosKnight ChaosKnight
Ziggs Ziggs
Talon Talon
NightStalker NightStalker
TrollWarlord TrollWarlord
CentaurWarrunner CentaurWarrunner
Galio Galio
Phoenix Phoenix
Jax Jax
Lucian Lucian
WraithKing WraithKing
Malphite Malphite
Akali Akali
Heimerdinger Heimerdinger
Tiny Tiny
Xerath Xerath
Lich Lich
Rumble Rumble
Jayce Jayce
Shyvana Shyvana
Ashe Ashe
MasterYi MasterYi
Nunu Nunu
Ezreal Ezreal
Morgana Morgana
Tailyah Tailyah
Magnus Magnus
CrystalMaiden CrystalMaiden
KogMaw KogMaw
Disruptor Disruptor
Anivia Anivia
Spectre Spectre
Ahri Ahri
Slark Slark
ArcWarden ArcWarden
