6 1 4 0 8 7 2 6 11 15 13 14 16 19 10 18 11 24 20 21 26 23 20 24 30 31 30 38 36 38 39 30 42 40 48 46 41 40 42 55 51 50 59 51 55 57 55 67 69 62 63 60 65 67 73 74 78 70 77 75 79 73 80 81 87 88 85 80 96 90 95 97 98 94 96 103 105 101 102 107 109 106 105 103 111 114 112 115 118 113 111 124 126 120 128 129 128 125 124 133 139 130 137 138 132 138 137 134 133 143 158 168 172 189 199 198 197 194 190 191 190 196 199 189 180 186 184 181 182 187 180 185 180 189 172 176 170 179 170 178 177 172 168 164 168 166 167 163 168 158 150 153 150 157 152 159 158 143 148 149 144 147 145 147 146 143 158 168 172 189 199 6
92
198 198
194 194
191 191
196 196
190 190
186 186
185 185
181 181
187 187
182 182
176 176
177 177
170 170
178 178
179 179
164 164
166 166
167 167
163 163
150 150
152 152
157 157
153 153
148 148
149 149
146 146
145 145
144 144
15 15
20 20
31 31
40 40
51 51
69 69
74 74
81 81
90 90
105 105
114 114
126 126
139 139
134 134
130 130
137 137
132 132
120 120
125 125
128 128
129 129
113 113
112 112
115 115
118 118
106 106
101 101
107 107
109 109
97 97
98 98
95 95
85 85
88 88
87 87
77 77
75 75
79 79
78 78
62 62
63 63
60 60
65 65
57 57
59 59
50 50
41 41
48 48
46 46
38 38
39 39
36 36
26 26
23 23
21 21
14 14
19 19
10 10
18 18
7 7
1 1
4 4
0 0
8 8
