5 0 1 2 3 4 5 11 6 7 8 9 10 11 17 12 13 14 15 16 17 23 18 19 20 21 22 23 29 24 25 26 27 28 29 35 30 31 32 33 34 35 41 36 37 38 39 40 41 47 42 43 44 45 46 47 53 48 49 50 51 52 53 59 54 55 56 57 58 59 65 60 61 62 63 64 65 71 66 67 68 69 70 71 77 72 73 74 75 76 77 83 78 79 80 81 82 83 89 84 85 86 87 88 89 95 90 91 92 93 94 95 101 96 97 98 99 100 101 107 102 103 104 105 106 107 113 119 125 131 137 143 149 155 161 167 173 179 5
90
12 12
18 18
24 24
30 30
36 36
42 42
48 48
54 54
60 60
66 66
72 72
78 78
84 84
90 90
96 96
102 102
106 106
103 103
104 104
105 105
100 100
97 97
98 98
99 99
94 94
91 91
92 92
93 93
88 88
85 85
86 86
87 87
82 82
79 79
80 80
81 81
76 76
73 73
74 74
75 75
70 70
67 67
68 68
69 69
64 64
61 61
62 62
63 63
58 58
55 55
56 56
57 57
52 52
49 49
50 50
51 51
46 46
43 43
44 44
45 45
40 40
37 37
38 38
39 39
34 34
31 31
32 32
33 33
28 28
25 25
26 26
27 27
22 22
19 19
20 20
21 21
16 16
13 13
14 14
15 15
6 6
10 10
7 7
8 8
9 9
0 0
4 4
1 1
2 2
3 3
