0 145 0 108 111 117 111 105 113 114 7 4 49 55 58 12 19 60 65 67 75 132 128 85 82 81 86 80 119 123 60 61 69 70 62 146 62 66 58 56 138 56 64 137 64 68 75 18 26 32 40 45 40 118 40 34 39 31 24 109 24 29 76 104 110 104 97 93 134 93 95 89 94 96 101 98 88 84 83 76 7 76 29 30 25 28 85 28 23 141 23 31 36 44 36 31 27 35 43 51 53 47 42 73 77 78 84 33 27 23 16 10 135 143 135 10 13 8 11 18 15 127 122 120 125 23 22 15 9 133 131 142 148 5 0
100
0 0
145 145
108 108
111 111
117 117
105 105
113 113
114 114
4 4
49 49
55 55
12 12
19 19
60 60
65 65
67 67
75 75
132 132
128 128
82 82
81 81
86 86
80 80
119 119
123 123
69 69
70 70
62 62
146 146
66 66
56 56
138 138
64 64
137 137
68 68
26 26
32 32
40 40
45 45
118 118
34 34
39 39
24 24
109 109
29 29
76 76
104 104
110 110
97 97
93 93
134 134
95 95
89 89
94 94
96 96
101 101
98 98
84 84
83 83
7 7
30 30
25 25
28 28
85 85
23 23
141 141
31 31
36 36
44 44
27 27
35 35
43 43
51 51
53 53
47 47
42 42
73 73
77 77
78 78
33 33
16 16
10 10
135 135
143 143
13 13
8 8
11 11
18 18
15 15
127 127
122 122
120 120
125 125
22 22
9 9
133 133
131 131
142 142
148 148
5 5
