0 17 51 3 8 116 8 143 125 160 129 10 103 3 119 69 21 182 43 126 105 174 3 86 52 133 89 39 78 39 183 191 43 183 184 39 195 60 173 179 46 136 171 197 80 149 58 31 94 190 33 18 93 194 93 19 32 35 32 38 61 96 159 16 77 62 79 131 178 2 180 2 4 109 12 1 192 199 6 24 70 24 142 6 50 157 9 112 163 185 74 29 74 156 72 177 146 68 154 115 154 189 193 198 188 170 1 158 0
80
0 0
158 158
58 58
188 188
170 170
193 193
198 198
31 31
189 189
115 115
33 33
68 68
18 18
185 185
177 177
74 74
156 156
29 29
93 93
194 194
19 19
131 131
163 163
178 178
24 24
142 142
70 70
2 2
192 192
199 199
4 4
109 109
12 12
180 180
50 50
157 157
9 9
96 96
159 159
16 16
77 77
62 62
32 32
38 38
35 35
94 94
190 190
39 39
179 179
197 197
80 80
46 46
136 136
195 195
60 60
183 183
184 184
191 191
43 43
78 78
17 17
51 51
3 3
86 86
52 52
133 133
174 174
126 126
105 105
119 119
69 69
21 21
182 182
8 8
103 103
160 160
129 129
143 143
125 125
116 116
