61 48 14 80 38 54 98 39 0 8 91 60 57 51 76 51 86 1 83 20 31 2 67 2 25 27 31 4 31 36 97 85 3 19 65 28 79 30 11 26 73 90 82 17 82 90 42 90 33 63 33 71 5 49 35 10 35 70 32 91 15 37 19 69 72 98 58 74 40 6 92 44 77 61
50
48 48
14 14
92 92
44 44
80 80
98 98
72 72
58 58
39 39
69 69
8 8
91 91
70 70
60 60
65 65
28 28
35 35
10 10
30 30
11 11
90 90
82 82
17 17
42 42
33 33
63 63
26 26
73 73
5 5
57 57
51 51
86 86
76 76
1 1
83 83
31 31
4 4
2 2
25 25
67 67
36 36
97 97
85 85
3 3
32 32
15 15
37 37
74 74
40 40
6 6
