190 135 166 56 45 153 5 172 4 47 68 10 22 117 89 100 179 66 71 182 2 99 134 188 182 113 94 113 123 195 44 64 55 36 55 34 65 38 145 121 6 137 103 168 23 186 84 192 69 108 133 156 1 142 126 162 95 54 163 93 164 93 165 136 165 67 8 67 33 58 83 129 58 114 92 132 152 132 92 106 27 147 116 93 189 111 32 50 108 3 57 169 176 21 151 102 198 181 118 29 109 141 103 52 138 52 61 11 30 104 146 193 139 115 177 101 177 173 27 40 60 76 49 185 112 85 149 124 62 46 190
100
166 166
56 56
60 60
76 76
185 185
112 112
149 149
62 62
46 46
68 68
146 146
193 193
139 139
177 177
173 173
101 101
40 40
22 22
104 104
117 117
100 100
179 179
66 66
71 71
195 195
182 182
113 113
123 123
94 94
2 2
99 99
188 188
44 44
52 52
61 61
138 138
103 103
141 141
168 168
23 23
186 186
102 102
109 109
181 181
118 118
198 198
29 29
84 84
192 192
69 69
108 108
162 162
95 95
133 133
156 156
1 1
142 142
54 54
163 163
93 93
189 189
111 111
116 116
165 165
136 136
67 67
33 33
114 114
92 92
106 106
132 132
152 152
83 83
129 129
27 27
8 8
164 164
50 50
32 32
3 3
57 57
169 169
176 176
21 21
65 65
38 38
121 121
137 137
55 55
36 36
34 34
11 11
30 30
10 10
45 45
153 153
5 5
172 172
47 47
135 135
