114 49 67 91 28 85 199 98 100 81 188 182 57 117 1 35 149 62 108 51 173 0 10 133 191 76 190 29 74 175 74 53 95 53 187 135 93 51 92 47 26 18 63 154 164 154 164 75 109 181 112 42 33 48 15 43 197 43 59 89 131 43 70 125 124 31 14 3 4 3 7 96 167 147 32 24 179 36 30 103 130 16 183 176 132 12 146 169 87 38 84 20 105 112 181 21 181 148 181 66 170 102 174 150 166 174 94 170 78 161 119 171 127 155 111 115 37 5 41 5 195 196 134 177 69 99 114
100
114 114
78 78
161 161
119 119
171 171
127 127
155 155
111 111
115 115
37 37
5 5
195 195
196 196
134 134
177 177
41 41
69 69
49 49
170 170
102 102
174 174
150 150
166 166
94 94
67 67
98 98
100 100
81 81
182 182
117 117
75 75
109 109
181 181
148 148
112 112
105 105
42 42
33 33
15 15
43 43
70 70
124 124
31 31
14 14
3 3
103 103
7 7
96 96
147 147
36 36
32 32
24 24
167 167
4 4
16 16
183 183
176 176
12 12
146 146
169 169
87 87
38 38
84 84
59 59
131 131
89 89
197 197
66 66
21 21
1 1
35 35
149 149
164 164
154 154
95 95
53 53
187 187
135 135
93 93
92 92
47 47
26 26
18 18
63 63
62 62
108 108
51 51
173 173
175 175
74 74
0 0
29 29
10 10
191 191
76 76
133 133
188 188
91 91
28 28
199 199
