Liam Benjamin Wyatt Benjamin Liam Aiden Jaxon David James Samuel Alexander Henry Alexander Oliver Charles Andrew Lucas Jackson Ethan Mason William Carter William Elijah Mason Noah Logan Jaxon Sebastian Jaxon Matthew Joseph Jacob Joseph Michael Lincoln Daniel Wyatt Benjamin Liam
25
Liam Liam
Benjamin Benjamin
Wyatt Wyatt
Aiden Aiden
David David
James James
Samuel Samuel
Alexander Alexander
Henry Henry
Oliver Oliver
Lucas Lucas
Jackson Jackson
Ethan Ethan
Mason Mason
William William
Carter Carter
Elijah Elijah
Noah Noah
Logan Logan
Sebastian Sebastian
Matthew Matthew
Joseph Joseph
Jacob Jacob
Michael Michael
Daniel Daniel
