Liam Isaiah Joseph Mateo Alexander Mason Jayden Adam Ian Henry Ian Matthew Cooper Adrian Elijah Alexander Mateo Sebastian David Sebastian Josiah Eli Dominic Oliver Dominic Eli Jackson Eli Dominic Carter Benjamin Carter Ayden Roman Jacob Roman Dominic Eli Wyatt Eli Lucas Eli Josiah Colton Jaxson Michael Ezra Thomas James Thomas Dylan Owen Jose Sawyer John Sawyer Jose Owen Noah Jaxson Logan William Aiden Parker Gavin Luke Christopher Chase Jaxson Brayden Ethan Brayden Samuel Brayden Adam Robert Daniel Isaiah Liam
30
Liam Liam
Joseph Joseph
Sebastian Sebastian
David David
Oliver Oliver
Lucas Lucas
Wyatt Wyatt
Jacob Jacob
Carter Carter
Benjamin Benjamin
Jackson Jackson
Daniel Daniel
Ethan Ethan
Samuel Samuel
Alexander Alexander
Mason Mason
Elijah Elijah
Jayden Jayden
Henry Henry
Matthew Matthew
Michael Michael
James James
Dylan Dylan
Owen Owen
John John
Noah Noah
Logan Logan
Luke Luke
William William
Aiden Aiden
