Liam Jordan Jack Joshua Lucas Noah Maverick Camden Bentley Jayden Bentley Camden Maverick Anthony Angel Jaxson Harrison Jesse Cooper Grant Antonio Kaleb Elias Kaleb Antonio Grant Max Lincoln Dylan Andrew Oliver Patrick Easton Richard Aiden Mateo Miguel Messiah John Matthew Jayce Gabriel Jayce Henry Malachi Bryson Leo Bryson Malachi Adam Colton Adam Malachi Henry Jayce Gabriel Cameron Caleb Elliott Carter Elliott Caleb Nicholas Daniel Jameson Jayce Gabriel Victor Dominic Victor Hayden Zion Messiah Eric Samuel Eric Greyson Eric Samuel Emmanuel Gael Wyatt Gael Dawson Alejandro Ian Alejandro Dawson Edward Sebastian Edward Dawson Zion Rhett Christian Rhett Zion Messiah John Kevin Nathan Connor Jasper Elliot Grayson Alexander Grayson Elliot Brody David Brody Elliot Jasper Connor Nathan Kevin Weston Jaxson Weston Kevin Finn Jacob Finn Kevin John Bennett Landon William Beau Dean Chase Aaron Michael Aaron Marcus Parker Marcus Waylon Gavin Zion Messiah Miguel Mateo Aiden Richard Preston Jonathan Brayden Asher Brayden Jonathan Zachary Jude Zachary Hunter Thomas Hunter Steven James Isaac James Steven Sawyer Eli Sawyer Steven Xavier Ryan Nolan Elijah Adrian Elijah Nolan Logan Nolan Miles Luke Kingston Dean Patrick Oliver Andrew Isaiah Hunter Zachary Jude Theodore Rowan Austin Rowan Theodore Jude Joseph Robert Giovanni Abraham Kaleb Santiago Alan Patrick Easton Richard Aiden Tucker Charles Mason Charles Tucker Aiden Richard Preston Jose Ezra Jackson Ezra Ezekiel Maddox Xander Oscar Xander Leonardo George Ethan Brantley Kai Christopher Kai Carson Kai Brantley Ethan Juan Ivan Hudson Jameson Benjamin Jameson Matteo Julian Josiah Julian Matteo Jameson Benjamin Jaxon King Dean Zachary Jude Evan Liam
89
Liam Liam
Evan Evan
Jordan Jordan
Oscar Levi
Jack Jack
Joshua Joshua
Cooper Cooper
Antonio Owen
Elias Elias
Jose Jose
Ezra Ezra
Ezekiel Ezekiel Jeremiah
Jackson Jackson
Lincoln Lincoln
Dylan Dylan
Andrew Andrew
Oliver Oliver
Easton Easton
Aiden Aiden
Charles Charles
Mason Mason
Jude Jace
Theodore Theodore
Austin Austin
Hunter Hunter
Thomas Thomas
Isaiah Isaiah
James James
Xavier Xavier
Ryan Ryan
Nolan Nolan
Luke Luke
Elijah Elijah
Adrian Adrian
Logan Logan
Eli Eli
Isaac Isaac
Joseph Joseph
Robert Robert
Jonathan Jonathan
Brayden Brayden
Asher Asher
Mateo Mateo
Aaron Aaron
Parker Parker
Michael Michael
John John
Landon Landon
William William
Nathan Nathan
Jaxson Jaxson
Connor Connor
Grayson Grayson
David David
Alexander Alexander
Jacob Jacob
Christian Christian
Samuel Samuel
Wyatt Wyatt
Ian Ian
Sebastian Sebastian
Greyson Greyson
Matthew Matthew
Gabriel Gabriel
Dominic Dominic
Cameron Cameron
Caleb Caleb
Nicholas Nicholas
Daniel Daniel
Carter Carter
Henry Henry
Adam Adam
Colton Colton
Bryson Bryson
Leo Leo
Lucas Lucas
Noah Noah
Maverick Maverick
Anthony Anthony
Angel Angel
Jayden Jayden
Ethan Ethan
Hudson Hudson
Benjamin Benjamin
Jaxon Jaxon
Julian Julian
Josiah Josiah
Christopher Christopher
Carson Carson
