zero three zero five twelve eleven ten nine sixteen fifteen twentyone twenty nineteen eighteen twentyfive thirtytwo thirtyone thirtyeight thirtyseven thirtysix fortytwo fortyone forty thirtynine thirtyeight fortyfive fortysix fortyseven fortyeight fortyone thirtyfour thirtyfive thirtyfour twentyseven twenty thirteen fourteen thirteen six seven zero
25
seven seven
six six
five five
twelve twelve
thirteen thirteen
fourteen fourteen
eleven eleven
nine nine
sixteen sixteen
fifteen fifteen
twenty twenty
nineteen nineteen
eighteen eighteen
twentyfive twentyfive
thirtytwo thirtytwo
thirtyfour thirtyfour
thirtyfive thirtyfive
thirtyone thirtyone
thirtyeight thirtyeight
fortyfive fortyfive
fortysix fortysix
forty forty
thirtyseven thirtyseven
fortytwo fortytwo
three three
