zero six five twelve thirteen twenty twentyone fifteen twentytwo twentynine thirtysix thirtyseven fortyfour fiftyone fiftytwo fiftythree fiftytwo fiftyone fifty fiftyseven sixtythree sixtytwo sixtyone sixty sixtyseven sixtyeight seventyfive seventysix seventyseven seventyone seventyeight eightyfour seventyeight seventynine eighty eightyone eightyeight ninetyfive ninetysix eightynine eightyeight eightyseven eightyeight eightynine eightytwo eightyone eighty seventythree sixtysix sixtyfive sixtyfour seventy sixtynine sixtytwo fiftyfive fiftyfour fiftythree fiftytwo fortyfive fortysix fortyseven fortyeight fortyseven fortysix thirtynine forty fortyone fortytwo thirtyfive thirtyfour thirtythree thirtytwo thirtyone thirty thirtyone twentyfour twentyfive twentysix twentyseven twentyeight twentyone fourteen seven zero four three ten nine two zero
50
six six
five five
twelve twelve
twenty twenty
fifteen fifteen
twentytwo twentytwo
twentynine twentynine
thirtysix thirtysix
thirtyseven thirtyseven
fortyfour fortyfour
fiftyone fiftyone
fiftythree fiftythree
fifty fifty
fiftyseven fiftyseven
sixtytwo sixtytwo
sixtyone sixtyone
sixty sixty
sixtyseven sixtyseven
sixtyeight sixtyeight
seventyfive seventyfive
seventyseven seventyseven
seventyone seventyone
seventyeight seventyeight
eightyfour eightyfour
seventynine seventynine
eightyone eightyone
eightyeight eightyeight
ninetyfive ninetyfive
eightynine eightynine
eightyseven eightyseven
eightytwo eightytwo
sixtysix sixtysix
sixtyfive sixtyfive
seventy seventy
fiftyfive fiftyfive
fortyfive fortyfive
fortyseven fortyseven
fortyeight fortyeight
thirtynine thirtynine
thirtyfive thirtyfive
thirtyfour thirtyfour
thirtythree thirtythree
thirty thirty
twentyfour twentyfour
twentyfive twentyfive
fourteen fourteen
four four
three three
ten ten
two two
