zero seven fourteen thirteen six zero three ten seventeen sixteen twentythree twentyfour twentyfive twentysix thirtythree thirtyfour thirtyfive twentynine thirty thirtyseven fortyfour fortyfive fiftytwo fiftythree sixty fiftynine fiftyeight fiftyseven sixtyfour seventyone seventyeight eightyfour eightythree eightytwo eightyone eighty seventynine eighty eightyseven eightysix eightyfive ninetyone ninetyeight ninetytwo ninetynine onehun onehunone onehuneight onehunnine onehunten onehunseventeen onehuneighteen onehunnineteen onehunthirteen onehunfourteen onehunfifteen onehunsixteen onehuntwentythree onehuntwentyfour onehuntwentythree onehuntwentytwo onehuntwentyone onehuntwentyeight onehunthirtyfive onehunthirtysix onehunfortythree onehunfifty onehunfiftyseven onehunsixtyfour onehunsixtyfive onehunsixtysix onehunsixtyfive onehunsixtyfour onehunsixtythree onehunseventy onehunseventyone onehunseventy onehunsixtynine onehunseventysix onehunseventyseven onehunseventyeight onehunseventyseven onehunseventysix onehuneightytwo onehuneightyone onehuneighty onehuneightyseven onehuneightysix onehuneightyfive onehuneightyfour onehunninetyone onehunninetytwo onehunninetythree onehunninetyfour onehunninetyfive onehunninetysix onehunninety onehunninetysix onehuneightynine onehuneightytwo onehunseventyfive onehunseventyfour onehunseventythree onehunsixtysix onehunfiftynine onehunsixty onehunsixtyone onehunfiftyfive onehunfiftysix onehunfortynine onehunfortyeight onehunfiftyfour onehunfiftythree onehunfiftytwo onehunfiftyone onehunfortyfour onehunfortyfive onehunfortysix onehunfortyseven onehunforty onehunthirtynine onehunthirtyeight onehunthirtyseven onehunthirty onehuntwentynine onehuntwentyeight onehuntwentyseven onehunthirtythree onehuntwentysix onehuntwentyfive onehuneighteen onehuneleven onehuntwelve onehunfive ninetyeight ninetyone eightyfour seventyseven seventysix seventyfive seventyfour seventythree seventytwo seventythree sixtysix sixtyseven sixtyeight sixtynine seventy sixtynine sixtytwo fiftyfive fiftysix fifty fortythree fortynine fortythree fortyfour fortyfive thirtyeight thirtynine forty fortyone thirtyfour twentyseven twentyeight twentytwo fifteen twentyone twenty nineteen eighteen eleven twelve five zero two one zero
100
seven seven
fourteen fourteen
six six
three three
ten ten
seventeen seventeen
sixteen sixteen
twentythree twentythree
twentyfive twentyfive
twentysix twentysix
thirtythree thirtythree
thirtyfour thirtyfour
twentynine twentynine
thirtyseven thirtyseven
fortyfour fortyfour
fortyfive fortyfive
fiftytwo fiftytwo
fiftythree fiftythree
sixty sixty
fiftyeight fiftyeight
fiftyseven fiftyseven
sixtyfour sixtyfour
seventyone seventyone
seventyeight seventyeight
eightyfour eightyfour
eightythree eightythree
eightytwo eightytwo
seventynine seventynine
eightyseven eightyseven
ninetyeight ninetyeight
ninetynine ninetynine
onehunone onehunone
onehuneight onehuneight
onehunten onehunten
onehunseventeen onehunseventeen
onehuneighteen onehuneighteen
onehunnineteen onehunnineteen
onehunthirteen onehunthirteen
onehunsixteen onehunsixteen
onehuntwentythree onehuntwentythree
onehuntwentyfour onehuntwentyfour
onehuntwentyone onehuntwentyone
onehuntwentyeight onehuntwentyeight
onehunthirtyfive onehunthirtyfive
onehunfortythree onehunfortythree
onehunfifty onehunfifty
onehunfiftyseven onehunfiftyseven
onehunsixtyfour onehunsixtyfour
onehunsixtyfive onehunsixtyfive
onehunsixtysix onehunsixtysix
onehunsixtythree onehunsixtythree
onehunseventy onehunseventy
onehunseventyone onehunseventyone
onehunsixtynine onehunsixtynine
onehunseventysix onehunseventysix
onehunseventyeight onehunseventyeight
onehuneightytwo onehuneightytwo
onehuneightyone onehuneightyone
onehuneighty onehuneighty
onehuneightyseven onehuneightyseven
onehuneightyfour onehuneightyfour
onehunninetyone onehunninetyone
onehunninetytwo onehunninetytwo
onehunninetythree onehunninetythree
onehunninetyfour onehunninetyfour
onehunninety onehunninety
onehunseventyfive onehunseventyfive
onehunseventyfour onehunseventyfour
onehunseventythree onehunseventythree
onehunfiftynine onehunfiftynine
onehunsixty onehunsixty
onehunsixtyone onehunsixtyone
onehunfortynine onehunfortynine
onehunfiftyfour onehunfiftyfour
onehunfortyfour onehunfortyfour
onehunfortyfive onehunfortyfive
onehunfortysix onehunfortysix
onehunforty onehunforty
onehunthirty onehunthirty
onehuntwentyseven onehuntwentyseven
onehuntwentysix onehuntwentysix
onehuneleven onehuneleven
seventyseven seventyseven
seventyfive seventyfive
seventytwo seventytwo
sixtysix sixtysix
sixtyseven sixtyseven
seventy seventy
sixtynine sixtynine
fiftyfive fiftyfive
fortythree fortythree
fortynine fortynine
thirtyeight thirtyeight
twentyseven twentyseven
fifteen fifteen
twenty twenty
eleven eleven
twelve twelve
two two
one one
