0 52 58 38 9 38 46 38 58 14 33 80 47 28 47 2 78 8 43 10 48 18 36 18 86 4 20 41 20 4 20 78 30 37 30 78 5 19 97 1 40 45 49 68 11 16 17 7 32 93 94 64 39 64 82 44 25 34 25 13 25 56 15 29 26 12 24 87 66 3 82 42 29 21 22 87 19 35 19 31 81 27 52 0 23 6 88 0
50
0 0
38 38
14 14
33 33
47 47
28 28
2 2
8 8
5 5
30 30
37 37
20 20
4 4
41 41
43 43
10 10
48 48
18 18
36 36
1 1
19 19
31 31
35 35
40 40
45 45
16 16
29 29
26 26
3 3
12 12
24 24
42 42
21 21
22 22
17 17
44 44
25 25
15 15
13 13
34 34
7 7
39 39
32 32
49 49
11 11
46 46
9 9
23 23
6 6
27 27
