F1E81B 813B05 6B644E 6CAF46 685D1A 6CAF46 B7F75A EC4D08 E0BEFC 28F6D1 6CAF46 396D53 813B05 573788 FFFD4B 17779E 770D1A CDC6D4 8417C8 CDC6D4 5FD658 47FACD 0F5860 002274 D337F2 002274 C3B3E7 002274 DD07FF 1E1095 2334E8 DE6899 59843B D1967A 3B4B53 E3C2C9 0CBC31 8F495E 0CBC31 D6CC7A B47658 BB4908 C18C9B BB4908 E5E6C0 C9AF85 9096DB 36590B 66048A 04439C 7BE8A9 FFEEBD 614224 CF668A 7829D7 36C862 AEFF96 36C862 AEFF96 DCE144 205E5C BB40E6 205E5C 10520F C3EF62 10520F 191510 305D33 191510 6B4619 CC9C14 A1F104 91A0DC 2FEDFB 191510 9A8DF4 61199E 086D53 F33196 086D53 4A5708 94941B 112AE7 94A561 77A0B5 490F1E DEC4F2 846159 6D51F4 783751 ABD8FE 20EAE7 846159 5BB557 90451D CEAC59 D4A75D 124C90 612FAA 8BFCAC EB719D 1111F7 6966D7 AE4A01 6B340B 1111F7 13A782 E80628 14B430 E80628 13A782 C4303B 2CA4AD 1B337D 7E1C6C 1B337D C45E71 4A28BA C45E71 6B622D 5F4E43 A014A0 D8AAF4 8F17C0 151BC9 825EC5 EB719D 4CAD30 5C7062 24743A A9F1B8 52C88C 4099A6 1EC224 293D59 1EC224 06C557 93EBE3 013940 5D0E2E 6E313C 5D0E2E C953A6 8B519F 2595F1 8B6C2F 2595F1 8015E0 29D5D7 98C2CE CC6D2A 2BF7B5 CC6D2A EC4D08 851F90 2334E8 0C73D8 86493E 0C73D8 E81014 0C73D8 2924CB 1F842B 7E78F3 1F842B B69F55 2CCB19 B69F55 79BC3D EE2A22 3C5D7A 230A7C 85D6DB 63361A 85D6DB 7D997B E51A66 7D997B 85D6DB 4B97F1 14994D EB8E2E 596CF6 EB8E2E 6825D4 239994 8EBF8A 8C971D E2CE9F 6F492E F1E81B
100
F1E81B F1E81B
813B05 813B05
573788 573788
FFFD4B FFFD4B
1E1095 1E1095
17779E 17779E
770D1A 770D1A
47FACD 47FACD
0F5860 0F5860
D337F2 D337F2
C3B3E7 C3B3E7
8417C8 8417C8
DE6899 DE6899
239994 239994
8EBF8A 8EBF8A
86493E 86493E
596CF6 596CF6
E81014 E81014
1F842B 1F842B
B69F55 B69F55
2CCB19 2CCB19
7E78F3 7E78F3
230A7C 230A7C
85D6DB 85D6DB
4B97F1 4B97F1
14994D 14994D
E51A66 E51A66
63361A 63361A
59843B 59843B
D1967A D1967A
851F90 851F90
3B4B53 3B4B53
E3C2C9 E3C2C9
2BF7B5 2BF7B5
0CBC31 0CBC31
6E313C 6E313C
D6CC7A D6CC7A
93EBE3 93EBE3
B47658 B47658
BB4908 BB4908
94A561 94A561
77A0B5 77A0B5
490F1E 490F1E
C18C9B C18C9B
E5E6C0 E5E6C0
C9AF85 C9AF85
FFEEBD FFEEBD
AEFF96 AEFF96
C3EF62 C3EF62
4A5708 4A5708
F33196 F33196
61199E 61199E
305D33 305D33
CC9C14 CC9C14
A1F104 A1F104
2FEDFB 2FEDFB
DCE144 DCE144
BB40E6 BB40E6
36C862 36C862
614224 614224
7829D7 7829D7
9096DB 9096DB
36590B 36590B
66048A 66048A
6D51F4 6D51F4
5BB557 5BB557
90451D 90451D
E80628 E80628
14B430 14B430
CEAC59 CEAC59
D4A75D D4A75D
6B340B 6B340B
6966D7 6966D7
AE4A01 AE4A01
124C90 124C90
8BFCAC 8BFCAC
4099A6 4099A6
293D59 293D59
C4303B C4303B
7E1C6C 7E1C6C
52C88C 52C88C
4CAD30 4CAD30
5C7062 5C7062
4A28BA 4A28BA
6B622D 6B622D
8F17C0 8F17C0
151BC9 151BC9
5F4E43 5F4E43
783751 783751
ABD8FE ABD8FE
20EAE7 20EAE7
8F495E 8F495E
8B519F 8B519F
8B6C2F 8B6C2F
8015E0 8015E0
29D5D7 29D5D7
685D1A 685D1A
B7F75A B7F75A
28F6D1 28F6D1
396D53 396D53
