engine teaching step engine space engine editor engine buyer engine departure engine singer engine birth idea worker engine bus engine time engine sport engine figure engine drawer engine tax engine chapter engine teacher engineering speech age class age understanding sympathy variation age town extent country age ear age two beer dirt age beginning accident age material age moment age failure extent leadership extent tool energy light age member age emphasis flight side feature temperature source extent analyst section extent piano temperature view preparation temperature politics girl area series network situation dealer satisfaction equipment delivery war extent data extent police difficulty stranger money problem significance funeral statement interaction education answer poetry drawing poetry clothes interaction choice director interaction mind question reputation ratio volume reputation machine reputation tooth reputation tension reputation grandmother equipment process business engine song card fact poetry menu promotion bath error performance equipment measurement aspect meal stranger model error eye error standard error secretary error office practice engine
100
engine engine
teaching teaching
step step
space space
editor editor
buyer buyer
departure departure
singer singer
birth birth
idea idea
worker worker
bus bus
time time
sport sport
figure figure
drawer drawer
tax tax
chapter chapter
teacher teacher
engineering engineering
speech speech
age age
class class
understanding understanding
sympathy sympathy
variation variation
town town
country country
ear ear
two two
beer beer
dirt dirt
beginning beginning
accident accident
material material
moment moment
failure failure
leadership leadership
tool tool
energy energy
light light
member member
emphasis emphasis
flight flight
side side
temperature temperature
source source
analyst analyst
section section
piano piano
view view
preparation preparation
politics politics
girl girl
area area
series series
situation situation
dealer dealer
satisfaction satisfaction
delivery delivery
war war
data data
police police
difficulty difficulty
money money
problem problem
significance significance
funeral funeral
interaction interaction
education education
answer answer
drawing drawing
clothes clothes
choice choice
director director
mind mind
reputation reputation
ratio ratio
volume volume
machine machine
tooth tooth
tension tension
grandmother grandmother
process process
business business
song song
card card
fact fact
menu menu
promotion promotion
error error
performance performance
measurement measurement
aspect aspect
meal meal
model model
eye eye
standard standard
secretary secretary
office office
