maintenance future reputation description income philosophy description selection photo description woman description focus reputation day reputation style philosophy price sister future context future population career chest rate inspection account career average cause church sign cause obligation marketing consequence rock decision role sign contract war farmer feature farmer action beer class economy volume bread volume complaint role property church competition salad version maintenance difficulty depression movie maintenance salad maintenance wife maintenance resolution maintenance driver maintenance object maintenance example maintenance
50
maintenance maintenance
example example
object object
driver driver
resolution resolution
wife wife
salad salad
movie movie
depression depression
difficulty difficulty
version version
church church
competition competition
property property
volume volume
complaint complaint
bread bread
sign sign
economy economy
beer beer
action action
feature feature
war war
contract contract
role role
cause cause
rock rock
obligation obligation
marketing marketing
career career
average average
account account
inspection inspection
chest chest
rate rate
future future
population population
context context
sister sister
price price
reputation reputation
style style
day day
description description
focus focus
woman woman
photo photo
selection selection
philosophy philosophy
income income
