context bedroom farmer bedroom bit thanks state ability recognition road construction aspect teaching care price departure aspect bread fat attempt fun satisfaction reality satisfaction currency store currency wood construction while construction anxiety bit soil context interaction context
25
context context
interaction interaction
soil soil
road road
construction construction
anxiety anxiety
while while
wood wood
satisfaction satisfaction
store store
currency currency
reality reality
aspect aspect
fat fat
attempt attempt
bread bread
departure departure
teaching teaching
care care
bedroom bedroom
thanks thanks
state state
ability ability
bit bit
farmer farmer
