S Q D C E B W AW X AN AD AN AH AN AI AN AJ AN AL AN AP M AV AN BE AN BK AN BN AN BO AN BR AN BU AN BY AN CH AN CI AN CL K CO AN CW CB CT GJ BF AW BZ AW CC AW CK H AC CS AW CU AW AY AW AR B AX B BD B CA C AU C BG C BV C CR AB U D AF D AM D AT D AZ I BP D CF D CV J O J Y J Z J AQ J AS J BS J BW CB L Q P Q AA Q AE Q AG Q AK Q AO Q BA Q BB Q BC Q BH Q BI Q BJ Q BL Q BM Q BQ Q BT Q BX Q CD F CM F V G N A T R V CE Q CJ Q CN Q CP Q CQ Q S
100
S S
Q Q
CQ CQ
CP CP
CN CN
CJ CJ
CE CE
CD CD
N N
R R
A A
T T
G G
F F
V V
CM CM
BX BX
BT BT
BQ BQ
BM BM
BL BL
BJ BJ
BI BI
BH BH
BC BC
BB BB
BA BA
AO AO
AK AK
AG AG
AE AE
AA AA
P P
L L
J J
BW BW
CB CB
BS BS
AS AS
AQ AQ
Z Z
Y Y
O O
D D
CV CV
CF CF
BP BP
AZ AZ
I I
AT AT
AM AM
AF AF
U U
C C
AB AB
CR CR
BV BV
BG BG
AU AU
E E
B B
CA CA
BD BD
AX AX
AR AR
W W
AY AY
AW AW
CU CU
CS CS
CK CK
AC AC
H H
CC CC
BZ BZ
BF BF
X X
CT CT
AN AN
CW CW
CO CO
CL CL
K K
CI CI
CH CH
BY BY
BU BU
BR BR
BO BO
BN BN
BK BK
BE BE
AV AV
AP AP
M M
AL AL
AJ AJ
AI AI
AH AH
AD AD
