Bowles Calvin Bowles Mulford Latimer MLK Latimer Edwards Latimer Bechtel Birge Bechtel Cory Stanley LeConte VLSB LeConte Campanile Bongo Artichokes Bongo Campanile Wurster McCone Spats Stonefire PiLambda Stonefire Spats McCone Wurster Campanile LeConte Stanley Moses RareTea Moses Wellman Sutardja Wellman Moses Greek Unit2 Wolf StrawberryCreek Wolf Unit2 Milano Unit2 Greek Stebbins Safeway Stebbins Greek Moses Pimentel Stacks Pimentel Moses Stanley Campbell Stanley LeConte VLSB Boalt Kresge Boalt VLSB Chez VLSB LeConte Stanley Cory Bechtel Wilde Bechtel Baker Strada Baker Bechtel Minor Memorial Maxwell Memorial Minor Bechtel Cory Jacob TopDog Jacob Evan Moffitt Evan Blackwell McLaughlin Blackwell Evan SigmaPhiOmega BearFoodCourt SigmaPhiOmega Evan Jacob Foothill Davis Hildebrand Davis Foothill Dwinelle Haas Crossroads Lawrence UCTheatre Lawrence Crossroads Haas Dwinelle HearstAnnex Dwinelle Foothill Haviland Morgan Haviland Foothill Jacob TopDog Starbucks Chipotle Starbucks TopDog Fenwick TopDog Jacob Hertz CVStarr Unit3 CKerr Unit3 CVStarr Hertz Jacob Cory Bechtel Birge Bowles
53
Bowles LaVals
Mulford Mulford Crescent
Edwards Edwards Easterly
MLK Rochdale
Calvin Calvin Etcheverry Graduate
Birge Birge
TopDog GammaPhiBeta
Fenwick Barker
Chipotle Chipotle MFoundry
Unit3 Unit3
CKerr CKerr WayWest Ridge
Foothill Foothill Unit1
Morgan Morgan Martinez
HearstAnnex HearstAnnex Lothlorien
Haas Haas Pavilion
Crossroads Crossroads
UCTheatre UCTheatre NCEM
Davis Browns
Hildebrand Hildebrand YogurtPark
Evan Evan
BearFoodCourt BearFoodCourt
Blackwell Blackwell
McLaughlin GenPlantBio
Moffitt Cloyne
Memorial TacoBell AlphaSigmaPhi
Maxwell Maxwell Barrows
Cory Extension
Baker Baker Simons Daiso
Strada Strada RoseGarden
Wilde Wilde
VLSB VLSB
Chez NorthGate
Boalt Boalt
Kresge Kresge PeoplesPark Castro
LeConte RSF ALS
Moses Moses
Stacks Stacks Sherman
Greek Greek
Safeway Safeway
Unit2 Unit2
Milano IndianRock
Wolf Wolf
StrawberryCreek StrawberryCreek
Wellman Wellman
Sutardja Sutardja
RareTea Gypsys
Campanile Campanile
Wurster Wurster Zellerbach
Spats Spats
PiLambda PiLambda PiAlphaPhi
Bongo Bongo ShengKee
Artichokes Cheeseboard
Campbell Campbell Doe Koshland
