86 120 86 125 86 133 36 20 38 20 36 70 57 7 101 133 92 182 96 182 115 101 180 1 114 8 12 48 143 117 70 147 138 12 149 12 181 9 10 127 72 186 139 47 188 171 9 13 9 26 58 73 58 93 58 97 58 116 58 93 67 2 63 75 63 145 7 171 129 111 54 67 192 151 80 151 160 147 184 108 94 136 89 62 84 88 84 88 199 15 122 49 78 76 78 148 78 198 78 8 79 30 61 51 61 71 167 65 167 99 107 98 5 131 121 131 196 186 147 91 98 126 98 104 24 168 24 104 61 71 167 132 55 8 165 177 39 23 185 43 178 52 114 54 114 94 127 3 11 99 87 161 39 156 95 81 157 32 159 68 22 68 35 68 100 200 186 172 81 166 19 166 175 70 147 45 147 113 147 39 161 163 161 180 53 180 66 180 161 150 25 64 25 140 25 154 25 158 25 183 4 31 36 134 44 108 29 186 169 86
99
169 169
150 150
25 153
44 44
183 183
4 179
158 158
154 154
140 140
64 64
133 152
101 101
180 106
66 66
53 53
45 45
163 163
113 113
19 19
175 175
1 1
172 56
159 159
68 90
100 100
35 35
22 22
157 157
156 156
87 87
11 11
114 105
94 94
54 54
52 52
8 8
185 185
177 177
132 132
79 21 137
30 30
61 69
107 107
168 189
98 173
126 126
91 91
5 5
196 196
121 121
71 71
65 146
51 51
78 14
198 198
148 148
76 76
12 123
122 122
181 181
88 27
199 199
84 84
9 110
89 89
26 26
58 28
116 116
97 97
93 93
73 73
13 13
10 10
139 139
47 41
72 72
2 2
192 192
151 17
184 184
160 160
80 194
129 129
63 74
145 145
75 75
149 149
138 138
48 48
143 6
117 117
92 92
96 174
36 36
57 57
20 82
38 38
125 125
120 120
