3 6 64 46 64 75 64 94 35 98 64 69 9 84 15 35 14 48 7 48 8 97 56 97 48 22 83 31 55 41 18 68 79 70 11 91 43 4 50 48 53 38 90 48 100 65 33 69 63 34 80 19 74 27 55 57 78 1 78 17 10 79 36 2 40 2 13 42 13 78 52 34 76 54 12 3 21 3 23 3 32 3 60 3 67 3 87 3 91 24 11 66 55 85 93 88 61 88 93 85 55 3
49
61 25
66 66
24 24
87 87
67 67
60 60
32 32
23 23
21 21
12 12
6 6
76 76
80 29 73
57 57
27 27
19 19
69 96
63 63
33 33
14 14
48 49
100 100
90 90
53 53
50 50
43 43
22 22
83 58
70 70
68 68
41 41
31 31
8 8
56 56
7 7
9 9
84 45
15 15
64 71
98 98
94 94
75 75
46 46
1 1
52 52
42 42
40 40
36 36
17 17
