1 3 16 59 130 140 65 89 3 92 3 101 3 106 169 3 182 184 167 8 2 44 2 51 6 20 49 110 157 24 55 20 102 189 26 27 36 77 50 68 47 9 37 35 103 35 156 41 144 4 161 57 124 9 131 9 162 56 84 60 53 97 6 99 126 151 10 82 10 84 10 116 128 127 51 74 21 31 69 31 75 31 80 31 164 5 33 88 33 200 176 177 83 159 95 165 57 61 8 87 8 137 167 8 193 13 34 42 136 70 138 7 139 7 150 13 171 123 58 81 85 86 1 111 129 1 133 1 141 1 143 174 1 198 1
97
1 1
198 198
174 174
143 143
141 141
133 133
129 129
111 111
86 86
85 85
81 81
58 58
13 13
171 171
150 150
139 139
138 138
70 70
34 34
136 136
42 42
8 8
193 193
167 167
137 137
87 87
61 61
2 2
165 165
95 95
83 83
159 159
74 74
21 21
177 177
176 176
33 33
200 200
88 88
31 31
164 164
80 80
75 75
69 69
51 51
127 127
10 10
116 116
84 84
82 82
6 6
151 151
126 126
99 99
97 97
60 60
53 53
47 47
56 56
9 9
162 162
131 131
124 124
57 57
41 41
161 161
144 144
37 37
35 35
156 156
103 103
26 26
27 27
68 68
50 50
36 36
77 77
20 20
189 189
102 102
55 55
49 49
157 157
110 110
44 44
3 3
184 184
182 182
169 169
106 106
101 101
92 92
89 89
16 16
140 140
59 59
130 130
