clod blackberry Hyde mortgagee salmon Yankton ambiguity blackberry walrus agronomy Saskatchewan phonic collateral phonic foxglove presto servicemen conductance objector brainchild twirly presto coincide presto ferrite phonic Levitt Yankton aide Yankton anchor sagittal Stratton lever Illinois presto sneaky presto Lethe presto Dunlap scrounge pole mortgagee syllogistic Yankton cur presto Gloria presto post phonic abridge phonic Brooklyn lever behalf lever perennial phonic pundit Yankton furlough phonic bowline phonic disseminate presto Spaulding presto spit lever linger lever axon lever shriek lever Dunbar presto resurrect Yankton officious Yankton onomatopoeia Yankton Barnet Yankton bauble Yankton vicious Yankton decrease Yankton Kingsbury Yankton sign presto stateroom lever callus phonic clod
50
Hyde Hyde
salmon salmon
ambiguity ambiguity
walrus walrus
Saskatchewan Saskatchewan
collateral collateral
foxglove foxglove
servicemen servicemen
objector objector
twirly twirly
coincide coincide
ferrite ferrite
Levitt Levitt
aide aide
anchor anchor
Stratton Stratton
Illinois Illinois
sneaky sneaky
Lethe Lethe
Dunlap Dunlap
pole pole
syllogistic syllogistic
cur cur
Gloria Gloria
post post
abridge abridge
Brooklyn Brooklyn
behalf behalf
perennial perennial
pundit pundit
furlough furlough
bowline bowline
disseminate disseminate
Spaulding Spaulding
spit spit
linger linger
axon axon
shriek shriek
Dunbar Dunbar
resurrect resurrect
officious officious
onomatopoeia onomatopoeia
Barnet Barnet
bauble bauble
vicious vicious
decrease decrease
Kingsbury Kingsbury
sign sign
stateroom stateroom
callus callus
