cure coralberry Vichy St latch St stupor St Blackman St seem bear lint bear Moe loop belch tick greet coralberry ineducable periphery obfuscate periphery item coralberry upheld bear indignity St logjam St Brillouin tick Muscat coralberry Bridgeport coralberry Negroid coralberry reflectance periphery roost salary marquess Britannica swoop Verdi hypotonic coralberry Delphi coralberry cure
25
Vichy Vichy
latch latch
stupor stupor
Blackman Blackman
seem seem
lint lint
Moe Moe
belch belch
greet greet
ineducable ineducable
obfuscate obfuscate
item item
upheld upheld
indignity indignity
logjam logjam
Brillouin Brillouin
Muscat Muscat
Bridgeport Bridgeport
Negroid Negroid
reflectance reflectance
roost roost
marquess marquess
swoop swoop
hypotonic hypotonic
Delphi Delphi
