state voltmeter exhortation voltmeter bibliophile catnip presto catnip huge catnip fleawort purple freehold maidservant hungry catnip Adamson catnip Ridgway catnip debenture servile harrow impure retardation carouse eggplant purple firebug McDonald circumstantial purple Della purple Whelan voltmeter Edmonds Jennifer compunction purple monk catnip Lizzie catnip clasp catnip opossum peacock Steiner purple turnout catnip trivium catnip flexural peacock regal peacock foursome McDonald cohere McDonald curbside purple athletic peacock Yaounde voltmeter hallelujah McDonald Augean McDonald charcoal versatec shrugging Jennifer backgammon catnip Eva catnip dame mortgagor whatsoever purple gavotte McDonald fireplace McDonald ash carouse hypothetic kitty grade catnip uptown McDonald bald servile cache servile heifer catnip Protista peacock registrant mortgagor rent servile supremum maidservant pairwise kitty complacent peacock Arden McDonald stereography McDonald omicron catnip gun catnip lobby McDonald sepulchral McDonald sanatoria purple hyphen purple knurl mortgagor cocaine actinic Darwin limbic Adler versatec his voltmeter lonesome voltmeter Albert Jennifer stingy peacock Waterbury peacock anatomy peacock infuse mortgagor Evans catnip bloc catnip texture catnip joke catnip rocky catnip octane catnip whirligig catnip value voltmeter serge peacock scaup Jennifer jackass voltmeter dumpling catnip Zellerbach Jennifer motet voltmeter Calkins peacock driveway McDonald eidetic McDonald border McDonald scriptwriter McDonald watery McDonald Cinderella McDonald wrack McDonald knick mortgagor begot mortgagor controversial purple state
100
exhortation exhortation
bibliophile bibliophile
presto presto
huge huge
fleawort fleawort
freehold freehold
hungry hungry
Adamson Adamson
Ridgway Ridgway
debenture debenture
harrow harrow
retardation retardation
eggplant eggplant
firebug firebug
circumstantial circumstantial
Della Della
Whelan Whelan
Edmonds Edmonds
compunction compunction
monk monk
Lizzie Lizzie
clasp clasp
opossum opossum
Steiner Steiner
turnout turnout
trivium trivium
flexural flexural
regal regal
foursome foursome
cohere cohere
curbside curbside
athletic athletic
Yaounde Yaounde
hallelujah hallelujah
Augean Augean
charcoal charcoal
shrugging shrugging
backgammon backgammon
Eva Eva
dame dame
whatsoever whatsoever
gavotte gavotte
fireplace fireplace
ash ash
hypothetic hypothetic
grade grade
uptown uptown
bald bald
cache cache
heifer heifer
Protista Protista
registrant registrant
rent rent
supremum supremum
pairwise pairwise
complacent complacent
Arden Arden
stereography stereography
omicron omicron
gun gun
lobby lobby
sepulchral sepulchral
sanatoria sanatoria
hyphen hyphen
knurl knurl
cocaine cocaine
Darwin Darwin
Adler Adler
his his
lonesome lonesome
Albert Albert
stingy stingy
Waterbury Waterbury
anatomy anatomy
infuse infuse
Evans Evans
bloc bloc
texture texture
joke joke
rocky rocky
octane octane
whirligig whirligig
value value
serge serge
scaup scaup
jackass jackass
dumpling dumpling
Zellerbach Zellerbach
motet motet
Calkins Calkins
driveway driveway
eidetic eidetic
border border
scriptwriter scriptwriter
watery watery
Cinderella Cinderella
wrack wrack
knick knick
begot begot
controversial controversial
