5 33 68 33 5 7 77 9 12 150 12 9 22 92 40 36 82 36 40 92 22 58 86 109 86 58 22 9 12 18 12 9 10 15 30 1 21 8 95 8 21 32 73 56 73 32 91 32 50 32 21 1 70 1 0 3 31 39 88 39 41 27 53 123 131 123 53 27 11 27 41 19 52 143 144 176 180 176 144 143 52 80 52 19 69 19 20 54 96 59 101 59 118 59 45 37 44 37 25 43 61 16 5 14 64 57 64 14 23 14 5
42
68 68 155
7 35
77 77
9 9
150 191
92 92
82 179
58 58
109 109 130
18 178
10 160
15 163
1 177
21 21
95 121
32 32
56 102
91 91
50 50
70 105
0 51
31 31
88 168
27 27
131 140
11 85 113
19 169
176 176
180 180 194
80 80
69 145
54 54
96 96
59 76 127
101 101 104 111
118 126
45 45 152
44 106
43 183
14 63 196
57 57
23 23 103
