149 14 68 75 59 4 36 42 69 2 45 80 20 18 37 44 51 74 23 99 79 29 43 28 33 66 64 7 55 38 22 47 84 8 35 17 78 53 31 94 93 39 87 54 88 71 61 9 46 81 70 92 32 73 58 12 65 40 3 34 21 85 56 13 52 49 26 90 10 5 25 6 11 89 83 1 16 96 76 100 48 97 57 72 63 60 19 41 67 50 30 62 86 15 27 95 91 82 77 98 24 149
100
24 24
14 14
68 68
75 75
59 59
16 16
96 96
76 76
100 100
4 4
36 36
42 42
69 69
2 2
45 45
80 80
20 20
51 51
74 74
55 55
47 47
84 84
8 8
17 17
78 78
81 81
70 70
92 92
34 34
83 83
1 1
21 21
56 56
90 90
10 10
5 5
89 89
25 25
6 6
11 11
13 13
52 52
49 49
26 26
85 85
32 32
73 73
58 58
12 12
65 65
40 40
3 3
53 53
31 31
39 39
87 87
54 54
88 88
71 71
61 61
46 46
9 9
94 94
93 93
35 35
38 38
22 22
23 23
79 79
29 29
43 43
28 28
33 33
66 66
64 64
7 7
99 99
18 18
37 37
44 44
48 48
97 97
57 57
63 63
60 60
19 19
41 41
67 67
95 95
91 91
98 98
82 82
77 77
50 50
62 62
86 86
27 27
15 15
30 30
72 72
