129 145 31 88 1 115 127 61 109 184 85 133 106 181 142 130 169 187 178 13 118 10 100 22 28 70 7 19 43 79 67 190 151 112 139 94 40 64 152 25 46 55 16 163 160 166 124 76 49 121 175 103 157 4 154 193 196 37 34 97 52 73 136 58 148 82 172 129
66
145 145
31 31
88 88
1 1
115 115
127 127
61 61
109 109
184 184
85 85
133 133
106 106
181 181
142 142
130 130
169 169
187 187
178 178
13 13
118 118
10 10
100 100
22 22
28 28
70 70
7 7
19 19
43 43
79 79
67 67
190 190
151 151
112 112
139 139
94 94
40 40
64 64
152 91
25 25
46 46
55 55
16 16
163 163
160 160
166 166
124 124
76 76
49 49
121 121
175 175
103 103
157 157
4 4
154 154
193 193
196 196
37 37
34 34
97 97
52 52
73 73
136 136
58 58
148 148
82 82
172 172
