1 15 2 61 38 93 86 94 52 82 11 32 87 23 73 26 18 92 62 97 24 37 25 4 81 77 49 28 84 100 58 69 30 13 66 90 91 43 31 47 70 80 67 41 72 56 16 12 51 98 46 64 42 95 53 55 27 21 6 74 101 39 71 9 83 88 44 59 33 85 29 40 45 34 99 36 20 5 8 68 76 79 35 57 60 78 3 17 50 19 96 48 89 14 22 63 75 65 54 10 7 1
100
15 15
2 2
61 61
38 38
93 93
86 86
94 94
52 52
82 82
11 11
32 32
87 87
23 23
73 73
26 26
18 18
92 92
62 62
97 97
24 24
37 37
25 25
4 4
81 81
77 77
49 49
28 28
84 84
100 100
58 58
69 69
30 30
13 13
66 66
90 90
91 91
43 43
31 31
47 47
70 70
80 80
67 67
41 41
72 72
56 56
16 16
12 12
51 51
98 98
46 46
64 64
42 42
95 95
53 53
55 55
27 27
21 21
6 6
74 74
101 101
39 39
71 71
9 9
83 83
88 88
44 44
59 59
33 33
85 85
29 29
40 40
45 45
34 34
99 99
36 36
20 20
5 5
8 8
68 68
76 76
79 79
35 35
57 57
60 60
78 78
3 3
17 17
50 50
19 19
96 96
48 48
89 89
14 14
22 22
63 63
75 75
65 65
54 54
10 10
7 7
