1 2 15 31 15 49 42 46 26 37 26 53 14 43 9 43 100 45 100 31 23 68 15 69 59 19 38 19 44 18 39 18 35 3 99 16 96 28 27 41 28 66 30 76 4 50 4 25 99 3 35 17 18 48 11 19 44 51 20 33 34 33 32 33 20 40 22 12 13 12 22 47 99 29 21 98 8 55 36 6 5 36 10 35 18 44 24 44 7 1
50
2 2
15 15
31 31
49 49
42 42
46 46
26 26
37 37
14 14
43 43
9 9
45 45
23 23
19 19
38 38
44 44
18 18
39 39
35 35
3 3
16 16
28 28
27 27
41 41
30 30
4 4
50 50
25 25
17 17
48 48
11 11
51 51
20 20
33 33
34 34
32 32
40 40
22 22
12 12
13 13
47 47
29 29
21 21
8 8
36 36
6 6
5 5
10 10
24 24
7 7
