lllIl1I 11IIII1 lIIlII1 II11l1l lIl111I lIIl11l II1Il1I llIIII1 I111I1I lI11III IlI1II1 Ill1I11 III111I 1l11lII 11lI11I lII111l I1llII1 111lI1I l1l11l1 llI1lII l1lll11 l1Ill11 l1IllI1 1llI111 lll1I1l lIllIll I1ll1II l1lllll lI1l111 1I11Ill 11111lI I11111l 1I1l1Il 1l1lIlI 1IlIl1I IlI1Il1 l1IIl1l I11I111 ll111ll III1llI 1I1lllI 1I1I1lI l1I111I 1lIl11I Il1Il1I IIlIllI I11I11l 1I1I1l1 IIl1l1I I1llll1 Ill11II lllIl1I
50
11IIII1 11IIII1
lIIlII1 lIIlII1
II11l1l II11l1l
lIl111I lIl111I
lIIl11l lIIl11l
II1Il1I II1Il1I
llIIII1 llIIII1
I111I1I I111I1I
lI11III lI11III
IlI1II1 IlI1II1
Ill1I11 Ill1I11
III111I III111I
1l11lII 1l11lII
11lI11I 11lI11I
lII111l lII111l
I1llII1 I1llII1
111lI1I 111lI1I
l1l11l1 l1l11l1
llI1lII llI1lII
l1lll11 l1lll11
l1Ill11 l1Ill11
l1IllI1 l1IllI1
1llI111 1llI111
lll1I1l lll1I1l
lIllIll lIllIll
I1ll1II I1ll1II
l1lllll l1lllll
lI1l111 lI1l111
1I11Ill 1I11Ill
11111lI 11111lI
I11111l I11111l
1I1l1Il 1I1l1Il
1l1lIlI 1l1lIlI
1IlIl1I 1IlIl1I
IlI1Il1 IlI1Il1
l1IIl1l l1IIl1l
I11I111 I11I111
ll111ll ll111ll
III1llI III1llI
1I1lllI 1I1lllI
1I1I1lI 1I1I1lI
l1I111I l1I111I
1lIl11I 1lIl11I
Il1Il1I Il1Il1I
IIlIllI IIlIllI
I11I11l I11I11l
1I1I1l1 1I1I1l1
IIl1l1I IIl1l1I
I1llll1 I1llll1
Ill11II Ill11II
