Satish 4C88SXD PUW25N CKNDWG ZMZIWZ 4UE11 LQQ5IH MXJIYJYNH4 9QJRN G90OCSZY FPZT ZH2INF 5HULMUDLAQ 3J6SSA GH8C G4QE3I 8UPUEGO FM2G14H8I H1LQ91V A118 PIW6IC50D 4P0LGP0 EFIKTK4Y0Y ETNCY9XH2 CV6NHW7M 7T8I47 J2ETZ1C CXQDH6YMZ8 5XYO SQLSVN YQB2CII950 VOAV 02X2C C8WREP DYYG23O YDG8AEOM ETB2 2B1K6EW9CL LBR67PCKBJ 3IXHQXHYBV P6RI91D87 79KTC8AS9 9K8PLAET A8WYICH3 9V10EOH E9DZLL M649OA ZMQ5BH L7QS0UEPJ Q7ZEY 7GAD3F CB93 B690 FWM5C G7PWWJ 0TRB9358 W71YV1R66L 8MDFNIK8AY MLKOJ 1UCE YU3U1T JX6GCY 4VE7V DDB26ZHC 01G9IQ2 KCOFJD ARTWTP9 L2MG8NMU M71OYIS EEZS HQG39M B3R68HYWZ ZRI9UW LM7KL5G3V O44VZ E37ZKA8WK 91ZONFE QW15YTSV H41HZ6 E2DHWGC HM48FZD0 26PG GILAN21GR3 YSRPP GN4G0L2 HBQM42U VGYKKKOFLZ Q7Z37G5 FM2HEMVR1 ZZACWP FM2HEMVR1 6PVQIBNB9 GNVXN E5HD 2BLLD3SK 7622OJ ET82NVH9 8TH7QVQY 3WJYJDDU M35E DNIV2BOR2P PMXEOGGIQ DST5W4G0 KBI1CALMNJ RP28W1 IHN21LA4 Satish
100
4C88SXD 4C88SXD
PUW25N PUW25N
CKNDWG CKNDWG
ZMZIWZ ZMZIWZ
4UE11 4UE11
LQQ5IH LQQ5IH
MXJIYJYNH4 MXJIYJYNH4
9QJRN 9QJRN
G90OCSZY G90OCSZY
FPZT FPZT
ZH2INF ZH2INF
5HULMUDLAQ 5HULMUDLAQ
3J6SSA 3J6SSA
GH8C GH8C
G4QE3I G4QE3I
8UPUEGO 8UPUEGO
FM2G14H8I FM2G14H8I
H1LQ91V H1LQ91V
A118 A118
PIW6IC50D PIW6IC50D
4P0LGP0 4P0LGP0
EFIKTK4Y0Y EFIKTK4Y0Y
ETNCY9XH2 ETNCY9XH2
CV6NHW7M CV6NHW7M
7T8I47 7T8I47
J2ETZ1C J2ETZ1C
CXQDH6YMZ8 CXQDH6YMZ8
5XYO 5XYO
SQLSVN SQLSVN
YQB2CII950 YQB2CII950
VOAV VOAV
02X2C 02X2C
C8WREP C8WREP
DYYG23O DYYG23O
ETB2 ETB2
2B1K6EW9CL 2B1K6EW9CL
LBR67PCKBJ LBR67PCKBJ
3IXHQXHYBV 3IXHQXHYBV
P6RI91D87 P6RI91D87
79KTC8AS9 79KTC8AS9
9K8PLAET 9K8PLAET
A8WYICH3 A8WYICH3
9V10EOH 9V10EOH
E9DZLL E9DZLL
M649OA M649OA
ZMQ5BH ZMQ5BH
L7QS0UEPJ L7QS0UEPJ
Q7ZEY Q7ZEY
7GAD3F 7GAD3F
CB93 CB93
B690 B690
FWM5C FWM5C
0TRB9358 0TRB9358
W71YV1R66L W71YV1R66L
8MDFNIK8AY 8MDFNIK8AY
MLKOJ MLKOJ
1UCE 1UCE
YU3U1T YU3U1T
JX6GCY JX6GCY
4VE7V 4VE7V
DDB26ZHC DDB26ZHC
01G9IQ2 01G9IQ2
KCOFJD KCOFJD
ARTWTP9 ARTWTP9
M71OYIS M71OYIS
EEZS EEZS
HQG39M HQG39M
B3R68HYWZ B3R68HYWZ
LM7KL5G3V LM7KL5G3V
O44VZ O44VZ
E37ZKA8WK E37ZKA8WK
91ZONFE 91ZONFE
QW15YTSV QW15YTSV
H41HZ6 H41HZ6
E2DHWGC E2DHWGC
HM48FZD0 HM48FZD0
26PG 26PG
GILAN21GR3 GILAN21GR3
YSRPP YSRPP
GN4G0L2 GN4G0L2
HBQM42U HBQM42U
VGYKKKOFLZ VGYKKKOFLZ
Q7Z37G5 Q7Z37G5
FM2HEMVR1 FM2HEMVR1
ZZACWP ZZACWP
6PVQIBNB9 6PVQIBNB9
GNVXN GNVXN
E5HD E5HD
2BLLD3SK 2BLLD3SK
7622OJ 7622OJ
ET82NVH9 ET82NVH9
8TH7QVQY 8TH7QVQY
3WJYJDDU 3WJYJDDU
M35E M35E
DNIV2BOR2P DNIV2BOR2P
PMXEOGGIQ PMXEOGGIQ
DST5W4G0 DST5W4G0
KBI1CALMNJ KBI1CALMNJ
RP28W1 RP28W1
IHN21LA4 IHN21LA4
