129 130 36 92 137 9 161 84 101 4 11 13 50 142 180 108 114 125 81 158 66 107 100 105 192 157 29 195 85 6 51 56 99 156 95 59 25 196 151 175 194 178 39 26 128 190 177 65 0 145 82 160 15 64 61 152 188 16 91 97 96 63 191 123 49 155 17 8 48 189 57 53 121 150 171 76 87 33 5 40 88 174 2 21 126 110 14 55 163 23 98 109 122 103 184 89 197 183 62 58 44 129
100
130 130
36 36
92 92
137 137
9 9
161 161
84 84
101 101
4 4
11 11
13 13
50 50
142 142
180 180
108 108
114 114
125 125
81 81
158 158
66 66
107 107
100 100
105 105
192 192
157 157
29 29
195 195
85 85
6 6
51 51
56 56
99 99
156 156
95 95
59 59
25 25
196 196
151 151
175 175
194 194
178 178
39 39
26 26
128 128
190 190
177 177
65 65
0 0
145 145
82 82
160 160
15 15
64 64
61 61
152 152
188 188
16 16
91 91
97 97
96 96
63 63
191 191
123 123
49 49
155 155
17 17
8 8
48 48
189 189
57 57
53 53
121 121
150 150
171 171
76 76
87 87
33 33
5 5
40 40
88 88
174 174
2 2
21 21
126 126
110 110
14 14
55 55
163 163
23 23
98 98
109 109
122 122
103 103
184 184
89 89
197 197
183 183
62 62
58 58
44 44
