845LWU7Kg6167HQY y B4mQOl023dn1 NQ3vX6W6H74aK53np KKUFV29x8iO 4 KpBvy 4l4aqvNKB TU76UjE52906 3 3k r ICQxh0Q58799CUd2 geUO1h 8M2OK8Px58 48783322I5q9PFVPT eDv5MBdo 5Qkzz260R7 MVvh 11l6P71DgEau1baEX4 xaM1q4jQi3efYb0 2qgWbB40Ya16 MY3aL96Y u3Qv 42U0k6JhTQxPvUw8 EnhLq7BgTj8IN3Z2m 95E0752p51t ZT3 5CCl0n2r5512 TBk5Pt5vt5SInt 7L 672Pt4Ytw8LW X6SrYf57mSUQQ28C ElUTL D H6pXAnE0KypnExX SmI7f YLKBD54k 122gt DUiYDuR9yYFD5 6RiHvQ4xTN5 fgM12T eqYzN7b19UgNo1K O58T O41Muu YKpC4gQmPKaU311w9eOT SL88w66v7 9 ftk2 5 845LWU7Kg6167HQY
50
845LWU7Kg6167HQY 845LWU7Kg6167HQY
y y
B4mQOl023dn1 B4mQOl023dn1
NQ3vX6W6H74aK53np NQ3vX6W6H74aK53np
KKUFV29x8iO KKUFV29x8iO
4 4
KpBvy KpBvy
4l4aqvNKB 4l4aqvNKB
TU76UjE52906 TU76UjE52906
3 3
3k 3k
r r
ICQxh0Q58799CUd2 ICQxh0Q58799CUd2
geUO1h geUO1h
8M2OK8Px58 8M2OK8Px58
48783322I5q9PFVPT 48783322I5q9PFVPT
eDv5MBdo eDv5MBdo
5Qkzz260R7 5Qkzz260R7
MVvh MVvh
11l6P71DgEau1baEX4 11l6P71DgEau1baEX4
xaM1q4jQi3efYb0 xaM1q4jQi3efYb0
2qgWbB40Ya16 2qgWbB40Ya16
MY3aL96Y MY3aL96Y
u3Qv u3Qv
42U0k6JhTQxPvUw8 42U0k6JhTQxPvUw8
EnhLq7BgTj8IN3Z2m EnhLq7BgTj8IN3Z2m
95E0752p51t 95E0752p51t
ZT3 ZT3
5CCl0n2r5512 5CCl0n2r5512
TBk5Pt5vt5SInt TBk5Pt5vt5SInt
7L 7L
672Pt4Ytw8LW 672Pt4Ytw8LW
X6SrYf57mSUQQ28C X6SrYf57mSUQQ28C
ElUTL ElUTL
D D
H6pXAnE0KypnExX H6pXAnE0KypnExX
SmI7f SmI7f
YLKBD54k YLKBD54k
122gt 122gt
DUiYDuR9yYFD5 DUiYDuR9yYFD5
6RiHvQ4xTN5 6RiHvQ4xTN5
fgM12T fgM12T
eqYzN7b19UgNo1K eqYzN7b19UgNo1K
O58T O58T
O41Muu O41Muu
YKpC4gQmPKaU311w9eOT YKpC4gQmPKaU311w9eOT
SL88w66v7 SL88w66v7
9 9
ftk2 ftk2
5 5
