AyBBdkPvTTt19wqt 9jWI53P36dh95 KIOJyBXM922ydZA5 7DmqFE ymzG1qC7YsJFFmeog T8C17MZ6g69gmQ FKWv88jkw79me 36Y155M7F1ZG8 8w6aRuq 1e90fR0FtB7Ev156y khC 4B5uWNh7Dl3lRP v 2Et5UN6ZJ19iz 3505 b817BTo6GdPc96ig2 ywj3aNhyxUH Le6BO3R d MJ2l1N0ojTC nOMN589D7t0QjhnBj3wn 5nYY46YfUGovj q7Ehaiz 2P201UD8Q c3x9Cmq8W5oa57mjASv MEv16358FQ yd7324WTF aCCE QqvW51K9Cm FR3SCSFtuk055ORI 2T6osNpb4 6qc68848myvIqoZWw 2l90gxx61rTb0CbF TMULg E76twn5gNBei01uh2PkH thypPB22BchO3Od9 MjwmiyLlZn O7W5C8z8H93l 68ZC6T1G2o9Q95CKs Han188Ox EnmWLiDA9NE89oNUTbx 9o4t L7Mfs3034VwaB7kd3Z XMV256fk iFF184 pwvBbQ870l3Io2K IEtn6zEV03H3 r9qUrqog71Fz9gx d5P0NXv8 nw566uv 1wF6 e1M0JsNJ5 6v326555i1Io5Z I6 2YlhGrefFhV6JLtw 7d2Q05crlPi A6gMJKsUfUSuEI76 q P TByQ7zH089 uF131buM7L27 dUdv b6DdFnSk8qdk45 b19692 I4640OD 1utCvCS3yEzt0HBbKt hG8udpL53V 9q06155efQSN L46h8MG90TBpA8v9 PELS5 eZEbm jxDm 4932 vRH6pA1I75N1 6c1qFsEg9xI JBYT6heC6yE4 920ucA0jXEv o88qO93T Q2PY RYtkT5 usTG0We6G9WDs7Dk 8Qe2lSUyQa 3 3z4E Ut7hqt9A p772t3OLqj 89ukpivGhdck21Krrh40 2qbTYSv3J gv3T5z4 Rf0x16WtfDv XQxkrBxnI Q P6C89a32 SdP9W8WRSw kg8257p31rTQvRWjGF NU7gnWcAs4nq66FS J68F52raS3n1L6ZYK Tk46 qGr382CkPK997QVHAL AyBBdkPvTTt19wqt
98
9jWI53P36dh95 9jWI53P36dh95
KIOJyBXM922ydZA5 KIOJyBXM922ydZA5
7DmqFE 7DmqFE
ymzG1qC7YsJFFmeog ymzG1qC7YsJFFmeog
T8C17MZ6g69gmQ T8C17MZ6g69gmQ
FKWv88jkw79me FKWv88jkw79me
36Y155M7F1ZG8 36Y155M7F1ZG8
8w6aRuq 8w6aRuq
1e90fR0FtB7Ev156y 1e90fR0FtB7Ev156y
khC khC
4B5uWNh7Dl3lRP 4B5uWNh7Dl3lRP
v v
2Et5UN6ZJ19iz 2Et5UN6ZJ19iz
3505 3505
b817BTo6GdPc96ig2 b817BTo6GdPc96ig2
ywj3aNhyxUH ywj3aNhyxUH
Le6BO3R Le6BO3R
d d
MJ2l1N0ojTC MJ2l1N0ojTC
nOMN589D7t0QjhnBj3wn nOMN589D7t0QjhnBj3wn
5nYY46YfUGovj 5nYY46YfUGovj
q7Ehaiz q7Ehaiz
2P201UD8Q 2P201UD8Q
c3x9Cmq8W5oa57mjASv c3x9Cmq8W5oa57mjASv
MEv16358FQ MEv16358FQ
yd7324WTF yd7324WTF
aCCE aCCE
QqvW51K9Cm QqvW51K9Cm
FR3SCSFtuk055ORI FR3SCSFtuk055ORI
2T6osNpb4 2T6osNpb4
6qc68848myvIqoZWw 6qc68848myvIqoZWw
2l90gxx61rTb0CbF 2l90gxx61rTb0CbF
TMULg TMULg
E76twn5gNBei01uh2PkH E76twn5gNBei01uh2PkH
thypPB22BchO3Od9 thypPB22BchO3Od9
MjwmiyLlZn MjwmiyLlZn
O7W5C8z8H93l O7W5C8z8H93l
68ZC6T1G2o9Q95CKs 68ZC6T1G2o9Q95CKs
Han188Ox Han188Ox
EnmWLiDA9NE89oNUTbx EnmWLiDA9NE89oNUTbx
9o4t 9o4t
L7Mfs3034VwaB7kd3Z L7Mfs3034VwaB7kd3Z
XMV256fk XMV256fk
iFF184 iFF184
pwvBbQ870l3Io2K pwvBbQ870l3Io2K
IEtn6zEV03H3 IEtn6zEV03H3
r9qUrqog71Fz9gx r9qUrqog71Fz9gx
d5P0NXv8 d5P0NXv8
nw566uv nw566uv
1wF6 1wF6
e1M0JsNJ5 e1M0JsNJ5
6v326555i1Io5Z 6v326555i1Io5Z
I6 o83v2nI1sQs
2YlhGrefFhV6JLtw 2YlhGrefFhV6JLtw
7d2Q05crlPi 7d2Q05crlPi
A6gMJKsUfUSuEI76 A6gMJKsUfUSuEI76
q 8tvL5MpO9J735t
P P
TByQ7zH089 TByQ7zH089
uF131buM7L27 uF131buM7L27
dUdv dUdv
b6DdFnSk8qdk45 b6DdFnSk8qdk45
b19692 b19692
I4640OD I4640OD
1utCvCS3yEzt0HBbKt 1utCvCS3yEzt0HBbKt
hG8udpL53V hG8udpL53V
9q06155efQSN 9q06155efQSN
L46h8MG90TBpA8v9 L46h8MG90TBpA8v9
PELS5 PELS5
eZEbm eZEbm
jxDm jxDm
4932 4932
vRH6pA1I75N1 vRH6pA1I75N1
6c1qFsEg9xI 6c1qFsEg9xI
JBYT6heC6yE4 JBYT6heC6yE4
920ucA0jXEv 920ucA0jXEv
o88qO93T 85682ijoufq1DW
Q2PY Q2PY
RYtkT5 RYtkT5
usTG0We6G9WDs7Dk usTG0We6G9WDs7Dk
8Qe2lSUyQa 8Qe2lSUyQa
3 3
3z4E 3z4E
Ut7hqt9A Ut7hqt9A
p772t3OLqj p772t3OLqj
89ukpivGhdck21Krrh40 89ukpivGhdck21Krrh40
2qbTYSv3J 659Cx
gv3T5z4 gv3T5z4
Rf0x16WtfDv Rf0x16WtfDv
XQxkrBxnI XQxkrBxnI
Q Q
P6C89a32 P6C89a32
SdP9W8WRSw SdP9W8WRSw
kg8257p31rTQvRWjGF kg8257p31rTQvRWjGF
NU7gnWcAs4nq66FS NU7gnWcAs4nq66FS
J68F52raS3n1L6ZYK J68F52raS3n1L6ZYK
Tk46 Tk46
qGr382CkPK997QVHAL qGr382CkPK997QVHAL
