0 90 79 4 123 137 50 9 64 81 53 20 57 1 16 18 42 10 48 51 6 58 68 85 75 11 87 84 24 54 98 63 55 97 30 47 96 73 89 23 26 99 32 25 153 12 3 65 2 27 33 7 76 34 175 19 17 13 5 31 21 92 72 28 41 46 22 74 36 56 40 49 184 35 134 88 61 14 29 93 77 95 82 199 128 8 67 71 94 60 0
90
0 43 59 62 86
90 90
79 79
4 4
123 15
137 37 52
50 50
9 80
64 64
81 81
53 53
20 20
57 57
1 1
16 16
18 18
42 42
10 10
48 48
51 51
6 6
58 58
68 68
85 85
75 75
11 11
87 87
84 84
24 24
54 54
98 98
63 63
55 55
97 97
30 30
47 47
96 96
73 73
89 89
23 23
26 26
99 99
32 32
25 25
153 66
12 12
3 3
65 65
2 78
27 27
33 33
7 7
76 76
34 34
175 91
19 19
17 17
13 13
5 5
31 31
21 21
92 92
72 83
28 28
41 41
46 46
22 22
74 74
36 36
56 56
40 40
49 49
184 69
35 35
134 44
88 88
61 70
14 14
29 29
93 38
77 77
95 95
82 82
199 39
128 45
8 8
67 67
71 71
94 94
60 60
