a0 b4 b5 a1 b6 b7 b8 b9 c3 c4 c5 c6 d3 c8 d6 e3 e2 e1 e0 g9 e8 h1 h3 h4 l0 l1 l2 l3 l4 l5 l6 l7 l8 n4 n5 n6 n7 n8 n9 o0 o1 o2 o3 o4 o5 o6 o7 o8 o9 p1 p2 p3 p4 p5 p6 p7 p8 a3 c0 e5 e6 e7 e9 i4 i7 h8 j0 n0 n1 n2 m6 g1 g2 g4 g5 g7 g6 i0 g8 a0
79
a0 i1 i3 k0 k1 k2 k3 k4 k5 k6 k7 k8 k9 p9
b4 b4
b5 b5
a1 b0 b1 b2 b3
b6 b6
b7 b7
b8 b8
b9 b9
c3 c3
c4 c4
c5 c5
c6 c6
d3 c7
c8 c9
d6 e4
e3 e3
e2 e2
e1 e1
e0 e0
g9 g9
e8 e8
h1 i2
h3 i6
h4 p0
l0 l0
l1 l1
l2 l2
l3 l3
l4 l4
l5 l5
l6 l6
l7 l7
l8 l9
n4 n4
n5 n5
n6 n6
n7 n7
n8 n8
n9 n9
o0 o0
o1 o1
o2 o2
o3 o3
o4 o4
o5 o5
o6 o6
o7 o7
o8 o8
o9 o9
p1 p1
p2 p2
p3 p3
p4 p4
p5 p5
p6 p6
p7 p7
p8 p8
a3 c2
c0 c1
e5 e5
e6 e6
e7 e7
e9 g0
i4 i5
i7 i7
h8 i8
j0 i9
n0 n0
n1 n1
n2 n2
m6 n3
g1 g1
g2 g3
g4 g4
g5 g5
g7 g7
g6 g6
i0 i0
g8 g8
