69 36 163 100 171 190 37 134 44 186 14 99 110 148 82 52 11 104 146 147 97 51 165 112 121 5 132 33 191 192 2 160 26 24 119 150 83 185 198 133 58 50 1 59 46 87 118 64 188 31 30 25 56 158 128 53 149 193 113 106 63 162 166 71 72 74 194 77 80 27 117 197 195 131 115 16 90 81 135 127 101 69
80
36 36
163 163
100 100
171 171
190 190
37 37
134 134
44 44
186 186
14 14
99 99
110 110
148 148
82 82
52 52
11 11
104 104
146 146
147 147
97 97
51 51
165 165
112 112
121 121
5 5
132 132
33 33
191 191
192 192
2 2
160 160
26 26
24 24
119 119
150 150
83 83
185 185
198 198
133 133
58 58
50 50
1 1
59 59
46 46
87 87
118 118
64 64
188 188
31 31
30 30
25 25
56 56
158 158
128 128
53 53
149 149
193 193
113 113
106 106
63 63
162 162
166 166
71 71
72 72
74 74
194 194
77 77
80 80
27 27
117 117
197 197
195 195
131 131
115 115
16 16
90 90
81 81
135 135
127 127
101 101
