74 123 81 167 109 161 11 99 140 16 152 42 142 20 96 184 139 63 66 50 86 31 115 5 12 138 116 120 198 100 73 125 83 98 53 91 178 200 103 27 32 127 193 51 77 190 155 90 165 171 136 199 133 54 111 4 179 47 95 146 45 192 97 134 112 76 56 80 135 154 14 59 60 39 17 105 61 129 89 108 114 107 44 23 173 132 113 88 58 158 130 143 18 52 72 94 163 74
96
123 123
81 81
167 167
109 109
161 161
11 11
99 99
140 140
16 16
152 152
42 42
142 142
20 20
96 96
184 184
139 139
63 174
66 66
50 50
86 128
31 31
115 115
5 5
12 12
138 138
116 116
120 120
198 198
100 100
73 73
125 157
83 83
98 98
53 53
91 91
178 178
200 200
103 103
27 27
32 32
127 127
193 193
51 51
77 77
190 190
155 155
90 90
165 165
171 171
136 136
199 199
133 133
54 54
111 111
4 4
179 179
47 47
95 95
146 146
45 45
192 192
97 97
134 134
112 112
76 76
56 56
80 80
135 135
154 154
14 118
59 59
60 60
39 39
17 17
105 105
61 61
129 129
89 89
108 108
114 114
107 107
44 44
23 23
173 173
132 132
113 113
88 88
58 58
158 158
130 130
143 143
18 18
52 52
72 72
94 94
163 163
