LAMASA01 LAMASA03 LAMASA08 LAMASA09 LAMASA10 LAMASA11 LAMASB02 LAMASB03 LAMASB08 LAMASB09 LAMASB10 LAMASB11 LAMASC03 LAMASC08 LAMASC09 LAMASC10 LAMASC11 LAMBSA03 LAMBSA08 LAMBSA09 LAMBSA10 LAMBSA11 LAMBSB02 LAMBSB03 LAMBSB08 LAMBSB09 LAMBSB10 LAMBSB11 LAMBSC03 LAMBSC08 LAMBSC09 LAMBSC10 LAMBSC11 LBMASA03 LBMASA08 LBMASA09 LBMASA10 LBMASA11 LBMASB02 LBMASB03 LBMASB08 LBMASB09 LBMASB10 LBMASB11 LBMASC03 LBMASC08 LBMASC09 LBMASC10 LBMASC11 LBMBSA03 LBMBSA08 LBMBSA09 LBMBSA10 LBMBSA11 LBMBSB02 LBMBSB03 LBMBSB08 LBMBSB09 LBMBSB10 LBMBSB11 LBMBSC03 LBMBSC08 LBMBSC09 LBMBSC10 LBMBSC11 LAMASA01
64
LAMASA03 LAMASA02 LAMASA04 LAMASA05
LAMASA08 LAMASA08
LAMASA09 LAMASA09
LAMASA10 LAMASA10
LAMASA11 LAMASA12
LAMASB02 LAMASB02
LAMASB03 LAMASB04 LAMASB05
LAMASB08 LAMASB08
LAMASB09 LAMASB09
LAMASB10 LAMASB10
LAMASB11 LAMASB12
LAMASC03 LAMASC02 LAMASC04 LAMASC05
LAMASC08 LAMASC08
LAMASC09 LAMASC09
LAMASC10 LAMASC10
LAMASC11 LAMASC12
LAMBSA03 LAMBSA02 LAMBSA04 LAMBSA05
LAMBSA08 LAMBSA08
LAMBSA09 LAMBSA09
LAMBSA10 LAMBSA10
LAMBSA11 LAMBSA12
LAMBSB02 LAMBSB02
LAMBSB03 LAMBSB04 LAMBSB05
LAMBSB08 LAMBSB08
LAMBSB09 LAMBSB09
LAMBSB10 LAMBSB10
LAMBSB11 LAMBSB12
LAMBSC03 LAMBSC02 LAMBSC04 LAMBSC05
LAMBSC08 LAMBSC08
LAMBSC09 LAMBSC09
LAMBSC10 LAMBSC10
LAMBSC11 LAMBSC12
LBMASA03 LBMASA02 LBMASA04 LBMASA05
LBMASA08 LBMASA08
LBMASA09 LBMASA09
LBMASA10 LBMASA10
LBMASA11 LBMASA12
LBMASB02 LBMASB02
LBMASB03 LBMASB04 LBMASB05
LBMASB08 LBMASB08
LBMASB09 LBMASB09
LBMASB10 LBMASB10
LBMASB11 LBMASB12
LBMASC03 LBMASC02 LBMASC04 LBMASC05
LBMASC08 LBMASC08
LBMASC09 LBMASC09
LBMASC10 LBMASC10
LBMASC11 LBMASC12
LBMBSA03 LBMBSA02 LBMBSA04 LBMBSA05
LBMBSA08 LBMBSA08
LBMBSA09 LBMBSA09
LBMBSA10 LBMBSA10
LBMBSA11 LBMBSA12
LBMBSB02 LBMBSB02
LBMBSB03 LBMBSB04 LBMBSB05
LBMBSB08 LBMBSB08
LBMBSB09 LBMBSB09
LBMBSB10 LBMBSB10
LBMBSB11 LBMBSB12
LBMBSC03 LBMBSC02 LBMBSC04 LBMBSC05
LBMBSC08 LBMBSC08
LBMBSC09 LBMBSC09
LBMBSC10 LBMBSC10
LBMBSC11 LBMBSC12
