MASA01 MASA03 MASA08 MASA09 MASA10 MASA11 MASB02 MASB03 MASB08 MASB09 MASB10 MASB11 MASC03 MASC08 MASC09 MASC10 MASC11 MBSA03 MBSA08 MBSA09 MBSA10 MBSA11 MBSB02 MBSB03 MBSB08 MBSB09 MBSB10 MBSB11 MBSC03 MBSC08 MBSC09 MBSC10 MBSC11 MASA01
32
MASA03 MASA02 MASA04 MASA05
MASA08 MASA08
MASA09 MASA09
MASA10 MASA10
MASA11 MASA12
MASB02 MASB02
MASB03 MASB04 MASB05
MASB08 MASB08
MASB09 MASB09
MASB10 MASB10
MASB11 MASB12
MASC03 MASC02 MASC04 MASC05
MASC08 MASC08
MASC09 MASC09
MASC10 MASC10
MASC11 MASC12
MBSA03 MBSA02 MBSA04 MBSA05
MBSA08 MBSA08
MBSA09 MBSA09
MBSA10 MBSA10
MBSA11 MBSA12
MBSB02 MBSB02
MBSB03 MBSB04 MBSB05
MBSB08 MBSB08
MBSB09 MBSB09
MBSB10 MBSB10
MBSB11 MBSB12
MBSC03 MBSC02 MBSC04 MBSC05
MBSC08 MBSC08
MBSC09 MBSC09
MBSC10 MBSC10
MBSC11 MBSC12
