0 2 53 54 87 24 16 30 9 98 8 38 35 78 34 97 15 1 95 7 59 51 89 17 26 43 42 99 56 45 65 5 85 72 177 92 100 73 29 39 86 37 47 50 13 61 58 36 46 60 76 48 49 18 32 77 82 22 62 12 10 81 83 68 52 4 74 20 28 70 75 41 19 93 63 88 90 3 23 57 21 6 25 27 44 69 94 40 64 11 96 91 67 31 80 71 84 66 14 79 55 0
100
2 2
53 53
54 54
87 87
24 24
16 16
30 30
9 9
98 98
8 8
38 38
35 35
78 78
34 34
97 97
15 15
1 1
95 95
7 7
59 59
51 51
89 89
17 17
26 26
43 43
42 42
99 99
56 56
45 45
65 65
5 5
85 85
72 72
177 33
92 92
100 100
73 73
29 29
39 39
86 86
37 37
47 47
50 50
13 13
61 61
58 58
36 36
46 46
60 60
76 76
48 48
49 49
18 18
32 32
77 77
82 82
22 22
62 62
12 12
10 10
81 81
83 83
68 68
52 52
4 4
74 74
20 20
28 28
70 70
75 75
41 41
19 19
93 93
63 63
88 88
90 90
3 3
23 23
57 57
21 21
6 6
25 25
27 27
44 44
69 69
94 94
40 40
64 64
11 11
96 96
91 91
67 67
31 31
80 80
71 71
84 84
66 66
14 14
79 79
55 55
