48 73 171 163 88 35 108 25 90 87 107 66 74 149 191 133 93 177 158 151 42 9 129 136 141 196 46 123 2 23 39 85 152 29 56 194 193 98 67 103 101 38 165 34 147 135 84 60 181 180 156 5 36 55 117 16 40 176 138 199 155 3 170 143 167 125 179 137 21 148 79 11 78 185 190 109 64 7 154 53 115 10 120 110 197 164 58 118 145 19 175 113 182 69 119 126 52 157 186 20 48
100
48 48
73 73
171 171
163 163
88 88
35 35
108 108
25 25
90 90
87 87
107 107
66 66
74 74
149 149
191 191
133 133
93 93
177 177
158 158
151 151
42 42
9 9
129 129
136 136
141 141
196 196
46 46
123 123
2 2
23 23
39 39
85 85
152 152
29 29
56 56
194 194
193 193
98 98
67 67
103 103
101 101
38 38
165 165
34 34
147 147
135 135
84 84
60 60
181 181
180 180
156 156
5 5
36 36
55 55
117 117
16 16
40 40
176 176
138 138
199 199
155 155
3 3
170 170
143 143
167 167
125 125
179 179
137 137
21 21
148 148
79 79
11 11
78 78
185 185
190 190
109 109
64 64
7 7
154 154
53 53
115 115
10 10
120 120
110 110
197 197
164 164
58 58
118 118
145 145
19 19
175 175
113 113
182 182
69 69
119 119
126 126
52 52
157 157
186 186
20 20
