mdyuzxshey vkrlpmybdj zmfuudfatm jatkaoyfxb zumetrybth ebqxbaqnmm ljhmnbaicr owusjcmdkp lnicnhmajr euqbrkzdsw lkvobxyfca fznfvsgjhc lbuiysostx tgbmxdmvwe oewptytlja knfzsnhzvx xftptyrlvl jedsthbmzo jqtguzxxsl hadchvmijq wynbxuuxru wtyqwjwskq kdujdjjwot zjbarjhmau bulywvvpni lndsfxewdc mswyvpdrsy psiebvskfb cmdqzmgvfi qydclznxrd wtlzrefwav gllungmori rkyixxpcbx optviwhmbr uooysjrxsb seeyrseflx gwnccktgki aokbiptbzc koawdpgqdx unihwwnyqz ahqdrcepub lazlsvgukx qcktwemqbm mdyuzxshey
43
mdyuzxshey mysadifwma
vkrlpmybdj vkrlpmybdj
zmfuudfatm zmfuudfatm
jatkaoyfxb bnmegnfgii
zumetrybth zumetrybth
ebqxbaqnmm ebqxbaqnmm
ljhmnbaicr ljhmnbaicr
owusjcmdkp owusjcmdkp
lnicnhmajr lnicnhmajr
euqbrkzdsw euqbrkzdsw
lkvobxyfca lkvobxyfca
fznfvsgjhc fznfvsgjhc
lbuiysostx lbuiysostx
tgbmxdmvwe tgbmxdmvwe
oewptytlja nwlccbonas
knfzsnhzvx knfzsnhzvx
xftptyrlvl xftptyrlvl
jedsthbmzo jedsthbmzo
jqtguzxxsl jqtguzxxsl
hadchvmijq hadchvmijq
wynbxuuxru wynbxuuxru
wtyqwjwskq wtyqwjwskq
kdujdjjwot kdujdjjwot
zjbarjhmau zjbarjhmau
bulywvvpni bulywvvpni
lndsfxewdc lndsfxewdc
mswyvpdrsy mswyvpdrsy
psiebvskfb psiebvskfb
cmdqzmgvfi qfbvncxldf
qydclznxrd qydclznxrd
wtlzrefwav wtlzrefwav
gllungmori gllungmori
rkyixxpcbx eooyfwmxln
optviwhmbr optviwhmbr
uooysjrxsb seeyrseflx
seeyrseflx vugkhjygfe
gwnccktgki gwnccktgki
aokbiptbzc aokbiptbzc
koawdpgqdx koawdpgqdx
unihwwnyqz qepegujmaa
ahqdrcepub ahqdrcepub
lazlsvgukx lazlsvgukx
qcktwemqbm qcktwemqbm
