evdoyagqfp xawkqmfmmx xftptyrlvl uooysjrxsb xftptyrlvl mysadifwma robpunozly mysadifwma xftptyrlvl qbiylslccb kvxwqiryyu qbiylslccb xftptyrlvl jqtguzxxsl optviwhmbr ivugtsvtqb guuudgvhny vugkhjygfe xywdziunpr oggftsricu xywdziunpr vugkhjygfe aruwdskzta lnicnhmajr xychpimpzb bulywvvpni wkwwcqjtxf lkvtxfwozs wkwwcqjtxf osdeymjeil jrmlkfexfk seeyrseflx jrmlkfexfk scesbtewjx jrmlkfexfk osdeymjeil wkwwcqjtxf koawdpgqdx qepegujmaa pcilmgdrgc wwqchwdmtx pcilmgdrgc qepegujmaa etdxtwotzh qepegujmaa kgktiatgjn epdwcjuvdr eooyfwmxln fczruomdab uhalgukdzb yriqtwavfx qgfchcatzi cmdqzmgvfi pdljcbluhp koawdpgqdx qepegujmaa ixyurvbpvu qfbvncxldf ixyurvbpvu yiwwdwbzth ixyurvbpvu qepegujmaa koawdpgqdx pdljcbluhp ljhmnbaicr qydclznxrd xwrvhrxnqy pbefrggyje wtlzrefwav mdyuzxshey ouxenssqdu kvfpaspidv zpjhxyylhb bswhowadhl xsjzeyxnpw ymvlfsdhbu nbjyrygtdh cpwyxulkjm jfccyptuug tgkujfknod bswhowadhl xsjzeyxnpw ymvlfsdhbu lazlsvgukx bbczvyonym hsjqtjkukk bbczvyonym mdyuzxshey wtlzrefwav afrdrejwtp pwgublhwxg hofbtczdgp pwgublhwxg afrdrejwtp wtlzrefwav bimtbhwsby ijbfzrqwct bbwcqzwyoz nwlccbonas xguvjomcdt phknwbtipl gkcfktyute khisjiexts lndsfxewdc kyrhqthnvz lndsfxewdc eqdxeqvtsb xnppuesbrr gllungmori qxuqrfzzob gllungmori xnppuesbrr eqdxeqvtsb lndsfxewdc vkrlpmybdj jrusiskazm ichabbvkhm oavtmpaqji ichabbvkhm jrusiskazm gjmmikaxih byyqgjwsrp tmatbexcil qpxtrjvxpe tmatbexcil byyqgjwsrp qxfgqgbbdn byyqgjwsrp euqbrkzdsw zivwgfcxqi phknwbtipl fdgcygwgjf rnpokwoqgt bpbbtoptwg rfcbhdtwvm byyqgjwsrp ahqdrcepub afortwurqt zmfuudfatm cttlxdtaiw zmfuudfatm afortwurqt xifuopshzj xwrvhrxnqy pbefrggyje unihwwnyqz kijbyyuzhd idfvjoquhh xqwyvbvueh oegfbrwyrp wynbxuuxru qzdrdcxoib wynbxuuxru tmrnpjqnxx wynbxuuxru oegfbrwyrp xqwyvbvueh tvcolajnao smwxdupkdv tvcolajnao lcrihrmoqu tgbmxdmvwe lcrihrmoqu xkasbvrrxd gkcfktyute phknwbtipl zivwgfcxqi euqbrkzdsw byyqgjwsrp ahqdrcepub gbdejcnknd vnzypgtlkj dnmgxnhbgi eaozvwjoso ldnozwuuuq spdafzaivh qiqnnrlapz spdafzaivh ldnozwuuuq eaozvwjoso dnmgxnhbgi uhalgukdzb fczruomdab ummqduagjn stdiixwrjc guuudgvhny ivugtsvtqb optviwhmbr jqtguzxxsl xftptyrlvl evdoyagqfp
93
evdoyagqfp evdoyagqfp
xawkqmfmmx xawkqmfmmx
xftptyrlvl fluzhooehk
uooysjrxsb uooysjrxsb
mysadifwma mysadifwma
robpunozly bnmegnfgii
kvxwqiryyu kvxwqiryyu
optviwhmbr optviwhmbr vfdsalrajq
ivugtsvtqb ivugtsvtqb
guuudgvhny guuudgvhny
vugkhjygfe vugkhjygfe
xywdziunpr xywdziunpr
oggftsricu oggftsricu
aruwdskzta aruwdskzta
lnicnhmajr lnicnhmajr
xychpimpzb xychpimpzb
bulywvvpni bulywvvpni
wkwwcqjtxf wkwwcqjtxf
lkvtxfwozs lkvtxfwozs
osdeymjeil osdeymjeil
jrmlkfexfk jrmlkfexfk
seeyrseflx seeyrseflx hkempoemlv
scesbtewjx scesbtewjx
koawdpgqdx psiebvskfb
qepegujmaa qepegujmaa
pcilmgdrgc pcilmgdrgc ivgbjyugdu
wwqchwdmtx wwqchwdmtx
etdxtwotzh etdxtwotzh
kgktiatgjn kgktiatgjn
eooyfwmxln eooyfwmxln
uhalgukdzb uhalgukdzb
yriqtwavfx gucdicwxmb rkyixxpcbx
qgfchcatzi qgfchcatzi
qfbvncxldf qfbvncxldf
yiwwdwbzth yiwwdwbzth
pdljcbluhp pdljcbluhp
wtlzrefwav wtlzrefwav
mdyuzxshey mdyuzxshey
ouxenssqdu ouxenssqdu
kvfpaspidv kvfpaspidv
bswhowadhl bswhowadhl
ymvlfsdhbu ymvlfsdhbu aokbiptbzc
nbjyrygtdh nbjyrygtdh
cpwyxulkjm cpwyxulkjm
tgkujfknod tgkujfknod
bbczvyonym bbczvyonym
hsjqtjkukk hsjqtjkukk
afrdrejwtp afrdrejwtp
hofbtczdgp hofbtczdgp
bimtbhwsby bimtbhwsby
bbwcqzwyoz bbwcqzwyoz
nwlccbonas nwlccbonas itbfnxnauh
xguvjomcdt xguvjomcdt
kyrhqthnvz kyrhqthnvz
lndsfxewdc lndsfxewdc
eqdxeqvtsb eqdxeqvtsb
xnppuesbrr xnppuesbrr
qxuqrfzzob qxuqrfzzob
vkrlpmybdj vkrlpmybdj
jrusiskazm jrusiskazm
ichabbvkhm ichabbvkhm
oavtmpaqji oavtmpaqji
qpxtrjvxpe qpxtrjvxpe
tmatbexcil tmatbexcil
byyqgjwsrp byyqgjwsrp
qxfgqgbbdn qxfgqgbbdn
euqbrkzdsw euqbrkzdsw
zivwgfcxqi zivwgfcxqi
fdgcygwgjf fdgcygwgjf
rnpokwoqgt rnpokwoqgt
ahqdrcepub ahqdrcepub
afortwurqt afortwurqt
zmfuudfatm zmfuudfatm
cttlxdtaiw cttlxdtaiw
xifuopshzj xifuopshzj
xwrvhrxnqy xwrvhrxnqy
pbefrggyje pbefrggyje
kijbyyuzhd kijbyyuzhd
oegfbrwyrp oegfbrwyrp
wynbxuuxru wynbxuuxru
qzdrdcxoib voaumgrcuj
tmrnpjqnxx tmrnpjqnxx
xqwyvbvueh xqwyvbvueh
tvcolajnao tvcolajnao
smwxdupkdv smwxdupkdv
lcrihrmoqu lcrihrmoqu
tgbmxdmvwe tgbmxdmvwe
xkasbvrrxd xkasbvrrxd
gbdejcnknd gbdejcnknd
vnzypgtlkj vnzypgtlkj
qiqnnrlapz qiqnnrlapz
ldnozwuuuq ldnozwuuuq
stdiixwrjc stdiixwrjc
