gucdicwxmb epdwcjuvdr vugkhjygfe vkrlpmybdj zpjhxyylhb koawdpgqdx rnpokwoqgt evdoyagqfp gkcfktyute zjbarjhmau xawkqmfmmx wtyqwjwskq gwnccktgki yiwwdwbzth oggftsricu tvuprbwofb lkvobxyfca psiebvskfb seeyrseflx gucdicwxmb
18
epdwcjuvdr epdwcjuvdr
vugkhjygfe ahqdrcepub
vkrlpmybdj vkrlpmybdj
zpjhxyylhb zpjhxyylhb
koawdpgqdx koawdpgqdx
rnpokwoqgt iwdghbmiai
evdoyagqfp evdoyagqfp
gkcfktyute gkcfktyute
zjbarjhmau zjbarjhmau
xawkqmfmmx xawkqmfmmx
wtyqwjwskq wtyqwjwskq
gwnccktgki ztplgyvqhm
yiwwdwbzth yiwwdwbzth
oggftsricu oggftsricu
tvuprbwofb tvuprbwofb
lkvobxyfca lkvobxyfca
psiebvskfb zumetrybth
seeyrseflx seeyrseflx
