0 102 103 130 131 134 135 170 171 172 179 180 181 191 192 193 100 101 114 115 116 117 124 125 136 137 138 139 155 156 157 161 162 163 167 168 169 173 174 175 182 183 184 188 189 190 197 198 199 104 105 106 107 108 109 110 111 112 113 118 119 120 121 122 123 126 127 128 129 132 133 140 141 142 143 144 145 146 147 148 149 150 151 152 153 154 158 159 160 164 165 166 194 195 196 176 177 178 185 186 187 0
100
102 102
103 103
130 130
131 131
134 134
135 135
170 170
171 171
172 172
179 179
180 180
181 181
191 191
192 192
193 193
100 100
101 101
114 114
115 115
116 116
117 117
124 124
125 125
136 136
137 137
138 138
139 139
155 155
156 156
157 157
161 161
162 162
163 163
167 167
168 168
169 169
173 173
174 174
175 175
182 182
183 183
184 184
188 188
189 189
190 190
197 197
198 198
199 199
104 104
105 105
106 106
107 107
108 108
109 109
110 110
111 111
112 112
113 113
118 118
119 119
120 120
121 121
122 122
123 123
126 126
127 127
128 128
129 129
132 132
133 133
140 140
141 141
142 142
143 143
144 144
145 145
146 146
147 147
148 148
149 149
150 150
151 151
152 152
153 153
154 154
158 158
159 159
160 160
164 164
165 165
166 166
194 194
195 195
196 196
176 176
177 177
178 178
185 185
186 186
187 187
