0 75 110 44 105 79 134 39 35 120 47 183 102 108 82 101 122 123 67 66 12 192 104 17 64 180 69 54 74 189 179 144 182 154 99 149 159 124 129 72 139 114 125 128 135 40 95 55 25 27 65 30 32 118 92 58 145 20 152 87 97 2 13 28 160 162 137 166 168 52 184 195 197 100 15 57 94 172 113 130 132 141 142 186 42 187 116 0
87
0 3
75 78
110 110
44 44
105 105
79 79
134 134
39 39
35 37 38
120 120
47 47
183 183
102 102
108 108
82 82
101 101
122 122
123 123
67 67
66 66
12 11
192 192
104 104
17 16
64 64
180 180
69 69
54 54
74 74
189 189
179 179
144 144
182 181
154 154
99 99
149 149
159 159
124 124
129 129
72 72
139 139
114 114
125 125
128 128
135 138
40 43
95 95
55 55
25 25
27 27
65 68
30 30
32 32
118 118
92 91
58 58
145 148
20 20
152 152
87 87
97 97
2 2
13 13
28 28
160 160
162 161
137 136
166 166
168 168
52 52
184 184
195 195
197 197
100 100
15 15
57 56
94 94
172 172
113 113
130 133
132 131
141 141
142 142
186 186
42 41
187 187
116 116
