99 103 22 92 167 122 26 39 42 149 8 61 28 150 186 127 97 66 56 132 172 119 18 148 190 17 53 0 78 5 180 20 165 170 51 114 30 68 130 169 55 173 83 100 158 9 126 10 125 123 27 117 142 70 4 25 163 94 82 171 160 166 124 59 111 185 41 88 47 102 161 73 164 24 106 131 174 40 112 192 181 146 63 184 1 12 33 183 80 168 188 15 178 155 98 90 34 151 75 35 99
100
99 99
103 103
22 22
92 92
167 167
122 122
26 26
39 39
42 42
149 149
8 8
61 61
28 28
150 150
186 186
127 127
97 97
66 66
56 56
132 132
172 172
119 119
18 18
148 148
190 190
17 17
53 53
0 0
78 78
5 5
180 180
20 20
165 165
170 170
51 51
114 114
30 30
68 68
130 130
169 169
55 55
173 173
83 83
100 100
158 158
9 9
126 126
10 10
125 125
123 123
27 27
117 117
142 142
70 70
4 4
25 25
163 163
94 94
82 82
171 171
160 160
166 166
124 124
59 59
111 111
185 185
41 41
88 88
47 47
102 102
161 161
73 73
164 164
24 24
106 106
131 131
174 174
40 40
112 112
192 192
181 181
146 146
63 63
184 184
1 1
12 12
33 33
183 183
80 80
168 168
188 188
15 15
178 178
155 155
98 98
90 90
34 34
151 151
75 75
35 35
