0 91 56 35 20 81 84 77 36 41 90 79 23 60 51 92 55 31 97 44 58 3 48 100 76 28 42 12 33 65 63 24 59 40 69 26 50 22 67 25 15 64 19 8 88 61 98 11 1 34 99 78 9 32 4 66 95 93 10 43 74 37 47 2 30 83 75 71 21 13 94 80 86 29 14 73 52 27 49 68 57 53 39 7 96 6 17 89 45 70 62 5 87 46 38 72 82 85 16 54 18 0
100
91 91
56 56
35 35
20 20
81 81
84 84
77 77
36 36
41 41
90 90
79 79
23 23
60 60
51 51
92 92
55 55
31 31
97 97
44 44
58 58
3 3
48 48
100 100
76 76
28 28
42 42
12 12
33 33
65 65
63 63
24 24
59 59
40 40
69 69
26 26
50 50
22 22
67 67
25 25
15 15
64 64
19 19
8 8
88 88
61 61
98 98
11 11
1 1
34 34
99 99
78 78
9 9
32 32
4 4
66 66
95 95
93 93
10 10
43 43
74 74
37 37
47 47
2 2
30 30
83 83
75 75
71 71
21 21
13 13
94 94
80 80
86 86
29 29
14 14
73 73
52 52
27 27
49 49
68 68
57 57
53 53
39 39
7 7
96 96
6 6
17 17
89 89
45 45
70 70
62 62
5 5
87 87
46 46
38 38
72 72
82 82
85 85
16 16
54 54
18 18
