0 2 5 4 29 45 44 41 35 38 31 9 11 13 15 17 10 21 24 25 26 1 69 68 66 64 63 57 62 60 59 58 53 52 51 50 121 163 166 167 168 170 183 188 191 195 196 198 172 175 180 131 132 134 136 128 140 141 142 147 148 150 146 153 154 158 73 74 75 76 77 78 79 80 81 91 93 95 90 107 108 113 118 119 100 0
85
0 0
2 2
5 5
4 4
29 29
45 45
44 44
41 42
35 35
38 39
31 31
9 9
11 11
13 14
15 15
17 18
10 19
21 22
24 24
25 25
26 27
1 1
69 69
68 68
66 66
64 65
63 63
57 57
62 62
60 61
59 59
58 58
53 54
52 52
51 51
50 50
121 121
163 163
166 166
167 167
168 168
170 170
183 183
188 188
191 191
195 195
196 196
198 199
172 172
175 176
180 181
131 131
132 132
134 134
136 137
128 129
140 140
141 141
142 142
147 147
148 148
150 150
146 146
153 153
154 154
158 159
73 73
74 74
75 75
76 76
77 77
78 78
79 79
80 80
81 82 83
91 91
93 94
95 96
90 90
107 107
108 108
113 113
118 118
119 120
100 101
