destitute Loomis Rio Darwin ripe Hindi jewel Auberge Modesto diligent swingy diligent tate Vega Andersen Halstead embassy Dominican Bleeker minion slowdown amateur slowdown schedule connubial funny Gilmore funny midget mediate bobble McCall papal septillion transpiration shroud choice fatten trill yogurt creekside Hewlett decor Hewlett swordfish septillion Isfahan balustrade MN Curtis anvil illusion Elizabethan combine extractor mediate Fisk illusion Injun stanza destitute
50
Loomis Loomis
Rio Rio
Darwin Darwin
ripe ripe
Hindi Hindi
jewel jewel
Auberge Auberge
Modesto Modesto
diligent diligent
swingy swingy
tate tate
Vega Vega
Andersen Andersen
Halstead Halstead
embassy embassy
Dominican Dominican
Bleeker Bleeker
minion minion
slowdown slowdown
amateur amateur
schedule schedule
connubial connubial
funny funny
Gilmore Gilmore
midget midget
bobble bobble
McCall McCall
papal papal
septillion septillion
transpiration transpiration
shroud shroud
choice choice
fatten fatten
trill trill
yogurt yogurt
creekside creekside
decor decor
Hewlett Hewlett
swordfish swordfish
Isfahan Isfahan
balustrade balustrade
MN MN
anvil anvil
illusion illusion
Elizabethan Elizabethan
extractor extractor
mediate mediate
Fisk Fisk
Injun Injun
stanza stanza
