woebegone felony equipping Isfahan thoroughfare casserole renaissance exothermic monotonous dreadnought noon babysat funny McCall diligent numerology stanza administer viscous septillion imperishable Gilmore simulate Stephen wingspread yearn tate fulsome embroil shovel choice explosion Andersen extrovert Tucson archive dull swingy Fisk mediate December Zorn Wheller papal car postscript trimester Curtis deduce illusion griddle transfuse catenate yogurt Simon Goodrich Darwin Rodney Auberge bat Winchester connubial anvil oriole PDP limitate inform millennium funky swordfish secondary Sunday silage whatsoever bunch midstream directory softball sphalerite barnacle broil thirteen involuntary spill mitre Vega Modesto slowdown backplate icon update coarse Irvin mack sinh Durango Reilly Hewlett bifurcate relaxation transonic woebegone
100
felony felony
equipping equipping
Isfahan Isfahan
thoroughfare thoroughfare
casserole casserole
renaissance renaissance
exothermic exothermic
monotonous monotonous
dreadnought dreadnought
noon noon
babysat babysat
funny funny
McCall McCall
diligent diligent
numerology numerology
stanza stanza
administer administer
viscous viscous
septillion septillion
imperishable imperishable
Gilmore Gilmore
simulate simulate
Stephen Stephen
wingspread wingspread
yearn yearn
tate tate
fulsome fulsome
embroil embroil
shovel shovel
choice choice
explosion explosion
Andersen Andersen
extrovert extrovert
Tucson Tucson
archive archive
dull dull
swingy swingy
Fisk Fisk
mediate mediate
December December
Zorn Zorn
Wheller Wheller
papal papal
car car
postscript postscript
trimester trimester
Curtis Curtis
deduce deduce
illusion illusion
griddle griddle
transfuse transfuse
catenate catenate
yogurt yogurt
Simon Simon
Goodrich Goodrich
Darwin Darwin
Rodney Rodney
Auberge Auberge
bat bat
Winchester Winchester
connubial connubial
anvil anvil
oriole oriole
PDP PDP
limitate limitate
inform inform
millennium millennium
funky funky
swordfish swordfish
secondary secondary
Sunday Sunday
silage silage
whatsoever whatsoever
bunch bunch
midstream midstream
directory directory
softball softball
sphalerite sphalerite
barnacle barnacle
broil broil
thirteen thirteen
involuntary involuntary
spill spill
mitre mitre
Vega Vega
Modesto Modesto
slowdown slowdown
backplate backplate
icon icon
update update
coarse coarse
Irvin Irvin
mack mack
sinh sinh
Durango Durango
Reilly Reilly
Hewlett Hewlett
bifurcate bifurcate
relaxation relaxation
transonic transonic
