exothermic felony Irvin decor shovel trill combine Iowa lordosis midget coarse amateur Bernini Tucson Injun Curtis Halstead yogurt swordfish wafer namesake McCall Andersen sacrifice extrovert FPC exothermic
25
felony felony
Irvin Irvin
decor decor
shovel shovel
trill trill
combine combine
Iowa Iowa
lordosis lordosis
midget midget
coarse coarse
amateur amateur
Bernini Bernini
Tucson Tucson
Injun Injun
Curtis Curtis
Halstead Halstead
yogurt yogurt
swordfish swordfish
wafer wafer
namesake namesake
McCall McCall
Andersen Andersen
sacrifice sacrifice
extrovert extrovert
FPC FPC
