ctUVEJSyNR Z82QDWb0Pr T3o9dNVbcG TDmNOuGJBk MzId8uwrPz RLF9v27sOQ BtCEVbHoQI I4iTN5KXjB HG8olhhcTZ oPQmRUijH5 6lpxgUxCxO gLI8ArV2Ui osdKgXyg1e MuYreynm57 f91pUtm9EZ vzXeZbLrSW UphA2uAaYC zUWT7uduzq qg08r1Pg6g HTp005294X VBTKstUXwG 7d3UA4fKWz 8Jejdr7ynm QwY2G6aX6c U5XdtBFGOe ctUVEJSyNR
24
Z82QDWb0Pr Z82QDWb0Pr
T3o9dNVbcG T3o9dNVbcG
TDmNOuGJBk TDmNOuGJBk
MzId8uwrPz MzId8uwrPz
RLF9v27sOQ RLF9v27sOQ
BtCEVbHoQI BtCEVbHoQI
I4iTN5KXjB I4iTN5KXjB
HG8olhhcTZ HG8olhhcTZ
oPQmRUijH5 oPQmRUijH5
6lpxgUxCxO 6lpxgUxCxO
gLI8ArV2Ui gLI8ArV2Ui
osdKgXyg1e osdKgXyg1e
MuYreynm57 MuYreynm57
f91pUtm9EZ f91pUtm9EZ
vzXeZbLrSW vzXeZbLrSW
UphA2uAaYC UphA2uAaYC
zUWT7uduzq zUWT7uduzq
qg08r1Pg6g qg08r1Pg6g
HTp005294X IU0Ia8127Z
VBTKstUXwG 8UaR4YpZys
7d3UA4fKWz 7d3UA4fKWz
8Jejdr7ynm 8Jejdr7ynm
QwY2G6aX6c QwY2G6aX6c
U5XdtBFGOe U5XdtBFGOe
