6Zg7j6t8kt ka4cgDWgq7 GSDEYlNcCM 97dvK2Az7S Dkc5CxJ6RV 4JtfcKJvHu H0NdoJawvz lrFRnKniRv MpRNDD0glq 4ViGHxfdlc 0gqiqztWgj fhmE7A9rVl 79JJ9GZF8c s8EkvbOYAX M9d0z6OccV N08DpqDewo fbxiHLAsv4 KpPj50fAfy vCSWEyz4PC TH1GgoG5GU I1RTFIGWhc NgxnYo41LY cqCbnI2bkr b3jUAAPOlA 4lUeyqYb0U UgxUR9jKcJ pm1Yq2dCLL uXkvSfF7Kv OpwMnuSGmp YrPP1U1r20 7cteJXIZM1 ckEVpwA8CD Iroa6leixY tvKOOMQ7Sv Octagmmhko 1koyFI8rlU G05S6XZiBa 4RZs4XFvF9 EZQ9HUGjRN wXTrLT9dUx dojrtYXceT YZKJeBb8Pe 1aPtXDhYtV ESDdDChkYw 8pgnfE3xKu OGWcs2X8pk vD4d0BZ03p zH4Z0p0Ftj VWD9Yy5Xrg oRs9wR3IGE 6Zg7j6t8kt
49
ka4cgDWgq7 ka4cgDWgq7
GSDEYlNcCM GSDEYlNcCM
97dvK2Az7S 97dvK2Az7S
Dkc5CxJ6RV Dkc5CxJ6RV
4JtfcKJvHu 4JtfcKJvHu
H0NdoJawvz H0NdoJawvz
lrFRnKniRv lrFRnKniRv
MpRNDD0glq MpRNDD0glq
4ViGHxfdlc 4ViGHxfdlc
0gqiqztWgj 0gqiqztWgj
fhmE7A9rVl fhmE7A9rVl
79JJ9GZF8c 79JJ9GZF8c
s8EkvbOYAX s8EkvbOYAX
M9d0z6OccV M9d0z6OccV
N08DpqDewo N08DpqDewo
fbxiHLAsv4 fbxiHLAsv4
KpPj50fAfy KpPj50fAfy
vCSWEyz4PC vCSWEyz4PC
TH1GgoG5GU TH1GgoG5GU
I1RTFIGWhc I1RTFIGWhc
NgxnYo41LY NgxnYo41LY
cqCbnI2bkr cqCbnI2bkr
b3jUAAPOlA b3jUAAPOlA
4lUeyqYb0U 4lUeyqYb0U
UgxUR9jKcJ UgxUR9jKcJ
pm1Yq2dCLL iyQiEnpG35
uXkvSfF7Kv uXkvSfF7Kv
OpwMnuSGmp OpwMnuSGmp
YrPP1U1r20 YrPP1U1r20
7cteJXIZM1 7cteJXIZM1
ckEVpwA8CD YQKcyMibnc
Iroa6leixY Iroa6leixY
tvKOOMQ7Sv tvKOOMQ7Sv
Octagmmhko Octagmmhko
1koyFI8rlU 1koyFI8rlU
G05S6XZiBa G05S6XZiBa
4RZs4XFvF9 4RZs4XFvF9
EZQ9HUGjRN EZQ9HUGjRN
wXTrLT9dUx wXTrLT9dUx
dojrtYXceT dojrtYXceT
YZKJeBb8Pe YZKJeBb8Pe
1aPtXDhYtV 1aPtXDhYtV
ESDdDChkYw ESDdDChkYw
8pgnfE3xKu 8pgnfE3xKu
OGWcs2X8pk OGWcs2X8pk
vD4d0BZ03p vD4d0BZ03p
zH4Z0p0Ftj zH4Z0p0Ftj
VWD9Yy5Xrg VWD9Yy5Xrg
oRs9wR3IGE oRs9wR3IGE
