g3ylJsdLuC idQHxtSnxr BUMLJo6sc3 jPXsbXPNMq srT70dfQEr Pz3egMzKU8 gZXiityEnU K05xB79KZo 2O61j91J3T RN0bCAV6rQ pk0Vh75DnH 0mnwiU4XrT wRn7Oi1bcW u4LnQNaaiz yvMowGbkvn vUu8ijgxxf KUJdxKVZFO 7g0Idy1nzK 03xK87sjTf nKHFs5cKTX fXy828RCG4 Pijq8aHqIR qnkfLCmfDn QTNhZIciNJ CSjLrGbUz3 xtp1B5q0W1 2S929yZddP YpRs8m6oyX oEdovEhrWM CUEWGmB7Gt KpxiCfRqh3 1QXjsHNYao h5Si5BAPN0 yU6iUY8YgO WcyuqGYOzU oWmQcQwHPo dMOAUqH7Z3 lfdanPGo3c jBYJ7v19BQ qjDSEKmZMW s3eMpsYH00 oIVQ2qkgnR WAi18jd2vJ Tk8ERvdKxF oCk2Yieytb bWDewy6WbV 5SSy593K31 WvFZJEkTrw aEo62SfMqH uIf3wnJUdn S8BtTu4yH9 fWIjO8yhE3 uvoepIQg9n IA0Uf143OT JD3uem81Lg r8njDwxc2t emYRLTiyj9 LeZK9UvMT9 BNkM7qaRNw yky49wE4YG Pv5LMSkQii 723MhcLxt0 TBzLS0OAYU YAqGe4tKAP FvzkpZRSj8 Oiowits7js 12ECENJIev CxfzSa2YOV M2hatQPY96 tubjzjzUpV t25XjDwQhD z9nRKYQ1ub XlU2fx0ZPn mwzQG3SxnO 97ZNlakBoq LCKLTNE1vp 8KtuAXHUy3 bhojeHeddF 0hs3CNDF4L GQ4F0g3Mdj XW1Wn7EqpN TyL7NE2puV TP2TNyk7wl 0wTk0mYkLH g2I4si69gU u4FAx2sHZm 2OsmeZV9xh 1TfvXd6dPZ oVMPVsMWrZ IT4pKw3giW bsEkAY2K41 Q1N77BLmyb x7iq98BiN3 onlLq65Azx dj8JMfo3hX QrJxLpX875 4znnlMjVra biWuM2iRnz g3ylJsdLuC
97
idQHxtSnxr idQHxtSnxr
BUMLJo6sc3 fecMfiAuGC
jPXsbXPNMq jPXsbXPNMq
srT70dfQEr srT70dfQEr
Pz3egMzKU8 Pz3egMzKU8
gZXiityEnU gZXiityEnU
K05xB79KZo K05xB79KZo
2O61j91J3T 2O61j91J3T
RN0bCAV6rQ RN0bCAV6rQ
pk0Vh75DnH pk0Vh75DnH
0mnwiU4XrT 0mnwiU4XrT
wRn7Oi1bcW wRn7Oi1bcW
u4LnQNaaiz u4LnQNaaiz
yvMowGbkvn yvMowGbkvn
vUu8ijgxxf vUu8ijgxxf
KUJdxKVZFO KUJdxKVZFO
7g0Idy1nzK 7g0Idy1nzK
03xK87sjTf 03xK87sjTf
nKHFs5cKTX nKHFs5cKTX
fXy828RCG4 fXy828RCG4
Pijq8aHqIR Pijq8aHqIR
qnkfLCmfDn qnkfLCmfDn
QTNhZIciNJ QTNhZIciNJ
CSjLrGbUz3 CSjLrGbUz3
xtp1B5q0W1 xtp1B5q0W1
2S929yZddP 2S929yZddP
YpRs8m6oyX YpRs8m6oyX
oEdovEhrWM oEdovEhrWM
CUEWGmB7Gt CUEWGmB7Gt
KpxiCfRqh3 KpxiCfRqh3
1QXjsHNYao 1QXjsHNYao
h5Si5BAPN0 h5Si5BAPN0
yU6iUY8YgO yU6iUY8YgO
WcyuqGYOzU WcyuqGYOzU
oWmQcQwHPo oWmQcQwHPo
dMOAUqH7Z3 dMOAUqH7Z3
lfdanPGo3c lfdanPGo3c
jBYJ7v19BQ jBYJ7v19BQ
qjDSEKmZMW qjDSEKmZMW
s3eMpsYH00 s3eMpsYH00
oIVQ2qkgnR oIVQ2qkgnR
WAi18jd2vJ WAi18jd2vJ
Tk8ERvdKxF Tk8ERvdKxF
oCk2Yieytb oCk2Yieytb
bWDewy6WbV bWDewy6WbV
5SSy593K31 5SSy593K31
WvFZJEkTrw WvFZJEkTrw
aEo62SfMqH aEo62SfMqH
uIf3wnJUdn uIf3wnJUdn
S8BtTu4yH9 S8BtTu4yH9
fWIjO8yhE3 KHDeTTvJC1
uvoepIQg9n uvoepIQg9n
IA0Uf143OT IA0Uf143OT
JD3uem81Lg JD3uem81Lg
r8njDwxc2t r8njDwxc2t
emYRLTiyj9 emYRLTiyj9
LeZK9UvMT9 LeZK9UvMT9
BNkM7qaRNw BNkM7qaRNw
yky49wE4YG WRd4lScvm6
Pv5LMSkQii Pv5LMSkQii
723MhcLxt0 723MhcLxt0
TBzLS0OAYU TBzLS0OAYU
YAqGe4tKAP YAqGe4tKAP
FvzkpZRSj8 FvzkpZRSj8
Oiowits7js Oiowits7js
12ECENJIev 12ECENJIev
CxfzSa2YOV CxfzSa2YOV
M2hatQPY96 M2hatQPY96
tubjzjzUpV tubjzjzUpV
t25XjDwQhD t25XjDwQhD
z9nRKYQ1ub z9nRKYQ1ub
XlU2fx0ZPn XlU2fx0ZPn
mwzQG3SxnO mwzQG3SxnO
97ZNlakBoq 97ZNlakBoq
LCKLTNE1vp LCKLTNE1vp
8KtuAXHUy3 8KtuAXHUy3
bhojeHeddF bhojeHeddF
0hs3CNDF4L 0hs3CNDF4L
GQ4F0g3Mdj GQ4F0g3Mdj
XW1Wn7EqpN XW1Wn7EqpN
TyL7NE2puV TyL7NE2puV
TP2TNyk7wl TP2TNyk7wl
0wTk0mYkLH 0wTk0mYkLH
g2I4si69gU g2I4si69gU
u4FAx2sHZm u4FAx2sHZm
2OsmeZV9xh 2OsmeZV9xh
1TfvXd6dPZ mbSdju1TJK
oVMPVsMWrZ oVMPVsMWrZ
IT4pKw3giW IT4pKw3giW
bsEkAY2K41 bsEkAY2K41
Q1N77BLmyb Q1N77BLmyb
x7iq98BiN3 x7iq98BiN3
onlLq65Azx onlLq65Azx
dj8JMfo3hX dj8JMfo3hX
QrJxLpX875 QrJxLpX875
4znnlMjVra 4znnlMjVra
biWuM2iRnz biWuM2iRnz
