1 1eJ 1aJ 1bX 1bB 1dW 1bT 1dH 1bC 1aE 1cJ 1eI 1eA 1cX 1dZ 1bY 1cU 1bW 1dT 1cF 1cB 1dK 1eH 1cW 1dR 1aW 1cK 1aZ 1bK 1dO 1cE 1bV 1eG 1cP 1aB 1bL 1aA 1dN 1bA 1aT 1eE 1aM 1aI 1dI 1cT 1aY 1bM 1dV 1eB 1aC 1bS 1eF 1eD 1eC 1dC 1bQ 1dY 1bG 1aQ 1cG 1cQ 1bP 1cS 1bU 1cC 1aX 1bO 1dE 1bR 1bE 1dS 1bJ 1dM 1aK 1cI 1dG 1cR 1bN 1cD 1aN 1dF 1aR 1dJ 1aU 1aV 1bD 1aS 1bH 1aP 1bF 1cY 1dA 1cO 1dD 1cH 1cV 1cZ 1cN 1dP 1aL 1
100
1 1
1eJ 1eJ
1aJ 1aJ
1bX 1bX
1bB 1bB
1dW 1dW
1bT 1bT
1dH 1dH
1bC 1bC
1aE 1aE
1cJ 1cJ
1eI 1eI
1eA 1eA
1cX 1cX
1dZ 1dZ
1bY 1bY
1cU 1cU
1bW 1bW
1dT 1dT
1cF 1cF
1cB 1cB
1dK 1dK
1eH 1eH
1cW 1cW
1dR 1dR
1aW 1aW
1cK 1cK
1aZ 1aZ
1bK 1bK
1dO 1dO
1cE 1cE
1bV 1bV
1eG 1eG
1cP 1cP
1aB 1aB
1bL 1bL
1aA 1aA
1dN 1dN
1bA 1bA
1aT 1aT
1eE 1eE
1aM 1aM
1aI 1aI
1dI 1dI
1cT 1cT
1aY 1aY
1bM 1bM
1dV 1dV
1eB 1eB
1aC 1aC
1bS 1bS
1eF 1eF
1eD 1eD
1eC 1eC
1dC 1dC
1bQ 1bQ
1dY 1dY
1bG 1bG
1aQ 1aQ
1cG 1cG
1cQ 1cQ
1bP 1bP
1cS 1cS
1bU 1bU
1cC 1cC
1aX 1aX
1bO 1bO
1dE 1dE
1bR 1bR
1bE 1bE
1dS 1dS
1bJ 1bJ
1dM 1dM
1aK 1aK
1cI 1cI
1dG 1dG
1cR 1cR
1bN 1bN
1cD 1cD
1aN 1aN
1dF 1dF
1aR 1aR
1dJ 1dJ
1aU 1aU
1aV 1aV
1bD 1bD
1aS 1aS
1bH 1bH
1aP 1aP
1bF 1bF
1cY 1cY
1dA 1dA
1cO 1cO
1dD 1dD
1cH 1cH
1cV 1cV
1cZ 1cZ
1cN 1cN
1dP 1dP
1aL 1aL
