153 170 15 129 12 93 34 113 58 47 120 36 188 21 184 161 60 0 195 140 70 180 197 43 138 61 131 112 99 50 128 96 156 192 5 53 77 95 145 178 68 118 169 35 90 23 40 2 98 88 122 147 42 8 163 3 160 37 127 187 56 177 137 41 108 81 119 79 172 26 11 168 150 134 89 20 152 28 74 49 167 136 146 16 126 86 13 196 124 7 4 194 135 182 19 52 83 171 179 29 153
100
153 153
170 170
15 15
129 129
12 12
93 93
34 34
113 113
58 58
47 47
120 120
36 36
188 188
21 21
184 184
161 161
60 60
0 0
195 195
140 140
70 70
180 180
197 197
43 43
138 138
61 61
131 131
112 112
99 99
50 50
128 128
96 96
156 156
192 192
5 5
53 53
77 77
95 95
145 145
178 178
68 68
118 118
169 169
35 35
90 90
23 23
40 40
2 2
98 98
88 88
122 122
147 147
42 42
8 8
163 163
3 3
160 160
37 37
127 127
187 187
56 56
177 177
137 137
41 41
108 108
81 81
119 119
79 79
172 172
26 26
11 11
168 168
150 150
134 134
89 89
20 20
152 152
28 28
74 74
49 49
167 167
136 136
146 146
16 16
126 126
86 86
13 13
196 196
124 124
7 7
4 4
194 194
135 135
182 182
19 19
52 52
83 83
171 171
179 179
29 29
