Jennifer0 Robert6 Manuel7 Gladys10 Charles12 Fred19 Norma25 Christina26 Lonnie29 Derick31 Annie38 Cindy44 John45 Edna48 Ruth50 Miriam57 Douglas63 Sonya64 September67 James69 Carolyn76 David73 Ida54 Drew35 Liza16 Jennifer0
25
Jennifer0 Lorraine1 Janet2 Mark3 Patricia4
Robert6 Robert6
Manuel7 Kathleen8
Gladys10 Gregory11
Charles12 John13
Fred19 Daniel20 Jennifer21 Doris22 William23
Norma25 Norma25
Christina26 Nadine27
Lonnie29 William30
Derick31 Mona32
Annie38 Robert39 Tony40 Gina41 Michael42
Cindy44 Cindy44
John45 Mabel46
Edna48 Dana49
Ruth50 Virginia51
Miriam57 Hector58 Robert59 Natalie60 Michael61
Douglas63 Douglas63
Sonya64 Angela65
September67 Armando68
James69 Jesus70
Carolyn76 David77 Robbie78
David73 Richard74 Steve75
Ida54 James55 Tony56
Drew35 Charles36 Louis37
Liza16 Nannie17 Wesley18
