Patrick0 Louis6 Taylor7 Matthew10 Ray12 Doris19 Lorraine25 Louise26 Phyllis29 Danny31 Donna38 Gina44 Jose45 Ronald48 Sylvia50 Cheryl57 Paul63 Joshua64 Steven67 Michell69 Ray76 Dorothy82 David83 Darnell86 Keith88 Nancy95 Dominique101 Glen102 Ryan105 Ruth107 Gordon114 Susie120 Luz121 Marlene124 Levi126 Christi133 Irma139 Heidi140 Samuel143 Roberta145 Karl152 Brent149 Tessa130 Morton111 Cinthia92 Sarah73 Jack54 Iona35 Ian16 Patrick0
49
Patrick0 Elaine1 Antoinette2 Lawrence3 Minnie4
Louis6 Louis6
Taylor7 Gabrielle8
Matthew10 Brenda11
Ray12 Lela13
Doris19 Robert20 Catherine21 Vivian22 Paula23
Lorraine25 Lorraine25
Louise26 Tisha27
Phyllis29 Kyle30
Danny31 Yvonne32
Donna38 Maria39 Bette40 William41 Brenda42
Gina44 Gina44
Jose45 Richard46
Ronald48 Gerald49
Sylvia50 Lori51
Cheryl57 Charles58 Jenny59 Christine60 Joseph61
Paul63 Paul63
Joshua64 David65
Steven67 Rhonda68
Michell69 Dorothy70
Ray76 Emily77 Salvador78 Carol79 Thomas80
Dorothy82 Dorothy82
David83 Tom84
Darnell86 Evangelina87
Keith88 Ellis89
Nancy95 Michael96 Donna97 Robert98 Judith99
Dominique101 Dominique101
Glen102 Brandon103
Ryan105 Jared106
Ruth107 Jean108
Gordon114 Ashley115 Christina116 Barbara117 Fidel118
Susie120 Susie120
Luz121 Naomi122
Marlene124 Richard125
Levi126 Joshua127
Christi133 William134 Andrew135 Robert136 Robert137
Irma139 Irma139
Heidi140 Scott141
Samuel143 Man144
Roberta145 Margaret146
Karl152 Patricia153 John154 Michael155 Tony156
Brent149 Nicholas150 Rebecca151
Tessa130 Darla131 Timothy132
Morton111 Valerie112 Bill113
Cinthia92 Joel93 Joyce94
Sarah73 Josephine74 Loretta75
Jack54 Lena55 Mercedes56
Iona35 Fred36 William37
Ian16 Mary17 Dave18
