Chattanooga Cleveland SanAntonio Memphis Wichita ElPaso Plano GrandRapids Worcester Buffalo Pomona Lubbock Corona FortWorth Glendale Jackson Brownsville Boston Salem Ontario Olathe Louisville Austin Vancouver BatonRouge Bakersfield Oceanside Murfreesboro Charlotte GardenGrove Scottsdale Riverside Indianapolis FortLauderdale Savannah McAllen SanDiego Phoenix LittleRock Shreveport CapeCoral Fremont Honolulu SanFrancisco SanBernardino Boise Joliet Madison Lincoln Irvine Syracuse Raleigh Hayward Akron Newark SantaClarita Jacksonville SaintPaul Washington SantaAna Denton Fontana SanJose Tacoma Oxnard Fayetteville Aurora Orange Frisco KansasCity Henderson Toledo Chicago Naperville Anaheim ChulaVista Tallahassee NewYork Lexington Baltimore Richmond Tempe Surprise Anchorage Midland PortStLucie DesMoines NewportNews Alexandria Orlando Cincinnati GrandPrairie LosAngeles Waco Knoxville Berkeley Springfield Spokane Paterson Yonkers Durham Chattanooga
100
Cleveland Cleveland
SanAntonio SanAntonio
Memphis Memphis
Wichita Wichita
ElPaso ElPaso
Plano Plano
GrandRapids GrandRapids
Worcester Worcester
Buffalo Buffalo
Pomona Pomona
Lubbock Lubbock
Corona Corona
FortWorth FortWorth
Glendale Glendale
Jackson Jackson
Brownsville Brownsville
Boston Boston
Salem Salem
Ontario Ontario
Olathe Olathe
Louisville Louisville
Austin Austin
Vancouver Vancouver
BatonRouge BatonRouge
Bakersfield Bakersfield
Oceanside Oceanside
Murfreesboro Murfreesboro
Charlotte Charlotte
GardenGrove GardenGrove
Scottsdale Scottsdale
Riverside Riverside
Indianapolis Indianapolis
FortLauderdale FortLauderdale
Savannah Savannah
McAllen McAllen
SanDiego SanDiego
Phoenix Phoenix
LittleRock LittleRock
Shreveport Shreveport
CapeCoral CapeCoral
Fremont Fremont
Honolulu Honolulu
SanFrancisco SanFrancisco
SanBernardino SanBernardino
Boise Boise
Joliet Joliet
Madison Madison
Lincoln Lincoln
Irvine Irvine
Syracuse Syracuse
Raleigh Raleigh
Hayward Hayward
Akron Akron
Newark Newark
SantaClarita SantaClarita
Jacksonville Jacksonville
SaintPaul SaintPaul
Washington Washington
SantaAna SantaAna
Denton Denton
Fontana Fontana
SanJose SanJose
Tacoma Tacoma
Oxnard Oxnard
Fayetteville Fayetteville
Aurora Aurora
Orange Orange
Frisco Frisco
KansasCity KansasCity
Henderson Henderson
Toledo Toledo
Chicago Chicago
Naperville Naperville
Anaheim Anaheim
ChulaVista ChulaVista
Tallahassee Tallahassee
NewYork NewYork
Lexington Lexington
Baltimore Baltimore
Richmond Richmond
Tempe Tempe
Surprise Surprise
Anchorage Anchorage
Midland Midland
PortStLucie PortStLucie
DesMoines DesMoines
NewportNews NewportNews
Alexandria Alexandria
Orlando Orlando
Cincinnati Cincinnati
GrandPrairie GrandPrairie
LosAngeles LosAngeles
Waco Waco
Knoxville Knoxville
Berkeley Berkeley
Springfield Springfield
Spokane Spokane
Paterson Paterson
Yonkers Yonkers
Durham Durham
