Jacksonville Atlanta Louisville SanFrancisco Fresno Tucson Columbus Tulsa Minneapolis Albuquerque Philadelphia Phoenix FortWorth SanJose Boston Indianapolis LosAngeles Raleigh Austin LongBeach LasVegas Seattle Portland VirginiaBeach ElPaso Jacksonville
25
Jacksonville Jacksonville
Atlanta Atlanta
Louisville Louisville
SanFrancisco SanFrancisco
Fresno Fresno
Tucson Tucson
Columbus Columbus
Tulsa Tulsa
Minneapolis Minneapolis
Albuquerque Albuquerque
Philadelphia Philadelphia
Phoenix Phoenix
FortWorth FortWorth
SanJose SanJose
Boston Boston
Indianapolis Indianapolis
LosAngeles LosAngeles
Raleigh Memphis
Austin Austin
LongBeach LongBeach
LasVegas LasVegas
Seattle Seattle
Portland Portland
VirginiaBeach VirginiaBeach
ElPaso ElPaso
