SaintPaul SanJose SanDiego Cincinnati Charlotte Phoenix Durham SantaAna Pittsburgh WinstonSalem Baltimore LongBeach Dallas FortWorth FortWayne Anchorage Indianapolis StPetersburg Henderson Milwaukee Columbus Glendale Hialeah OklahomaCity Stockton Houston Lubbock JerseyCity Laredo Lexington Spokane Plano ElPaso Austin SanAntonio Aurora Chandler NewOrleans Chesapeake Lincoln Bakersfield Denver Tucson Raleigh Atlanta Honolulu Memphis Scottsdale Newark Tampa Madison SaintPaul
50
SanJose SanJose
SanDiego SanDiego
Cincinnati Cincinnati
Charlotte Charlotte
Phoenix Phoenix
Durham Durham
SantaAna SantaAna
Pittsburgh Pittsburgh
WinstonSalem WinstonSalem
Baltimore Baltimore
LongBeach LongBeach
Dallas Dallas
FortWorth FortWorth
FortWayne FortWayne
Anchorage Anchorage
Indianapolis Indianapolis
StPetersburg StPetersburg
Henderson Henderson
Milwaukee Milwaukee
Columbus Columbus
Glendale Glendale
Hialeah Hialeah
OklahomaCity OklahomaCity
Stockton Stockton
Houston Houston
Lubbock Lubbock
JerseyCity JerseyCity
Laredo Laredo
Lexington Lexington
Spokane Spokane
Plano Plano
ElPaso ElPaso
Austin Austin
SanAntonio SanAntonio
Aurora Aurora
Chandler Chandler
NewOrleans NewOrleans
Chesapeake Chesapeake
Lincoln Lincoln
Bakersfield Bakersfield
Denver Denver
Tucson Tucson
Raleigh Raleigh
Atlanta Atlanta
Honolulu Honolulu
Memphis Memphis
Scottsdale Scottsdale
Newark Newark
Tampa Tampa
Madison Madison
