Porterton Gallowaymouth Castanedachester Bondmouth Pettyton Michellehaven Ramosborough Joseport Gabrielburgh Weberbury Kimberlyburgh Sethland Patriciabury Kevinberg Johnsonchester Audreyfort Cranemouth Laurenbury Haleview Cheyennefurt Watsonville Annberg Singletonton Ashleystad Holthaven Codyton Smithfort Thomasborough Lopezburgh Byrdfurt Toddtown Callahantown Maryport Johnberg Jacksonview Bondfort Shawnmouth Virginiastad Robinsonmouth Paultown Jamestown Willisfurt Williamschester Murphyside Bakertown Michaelview Shawnhaven Barnesmouth Jacksonville Jennifertown Smithtown Teresafort Waltersmouth Michaelville Parkermouth Porterton
54
Gallowaymouth Rioshaven
Castanedachester Suttonville
Bondmouth Mercedesmouth Taylorton
Pettyton Jonesfurt
Michellehaven Cranemouth
Ramosborough Fordhaven
Joseport Hallborough
Gabrielburgh Hodgesstad
Weberbury Clarkport
Kimberlyburgh Candiceland
Sethland Tannerhaven Ellisstad
Patriciabury Troyfort Thomasmouth
Kevinberg Adamside
Johnsonchester Nealfurt Susanfort
Audreyfort Patriciaside
Cranemouth Joneschester
Laurenbury Haleview
Haleview Hallstad
Cheyennefurt Thompsonshire
Watsonville Christyland Robertomouth
Annberg Dyerport Houstonchester
Singletonton Clarkbury
Ashleystad Holthaven
Holthaven Vickiville
Codyton Mindyview Ryanside
Smithfort Millerborough
Thomasborough Masseyside Ortegaberg
Lopezburgh Leahmouth Byrdfurt
Byrdfurt Loweryborough Garciamouth
Toddtown Swansonshire
Callahantown Maryport
Maryport Combsville Reynoldsview
Johnberg Williamshire
Jacksonview Danielville
Bondfort Adamview
Shawnmouth Priceville Buckleyside
Virginiastad Johnsonberg
Robinsonmouth Horneside
Paultown Hansonbury
Jamestown Wilsonstad
Willisfurt Ortizberg
Williamschester Mirandaview
Murphyside Bakertown
Bakertown Derekville Jameston
Michaelview Clarenceview
Shawnhaven Candaceborough Dannyside
Barnesmouth Harrisport Clarkborough
Jacksonville Jennifertown Christopherhaven
Jennifertown Feliciaville
Smithtown Abigailville Jacksonland
Teresafort Calvinton
Waltersmouth Adamport Adkinsberg
Michaelville Williamland
Parkermouth Shawnfort
