Hernandezville Williammouth Tammychester Maysfort Heathermouth Dixonton Lopezview Camposstad Donaldstad Christophertown Morenoside Courtneyfurt Murphyberg Tylermouth Charlesburgh Mcfarlandville Williamsmouth Smithmouth Barbarachester Kellyfort Bradshawside Martinton Wilsonburgh Thomasburgh Kristinbury Hernandezville
24
Williammouth Haasville
Tammychester Rebeccaton
Maysfort Huynhton
Heathermouth Emilymouth
Dixonton Keithton Francesmouth
Lopezview Robertsfort
Camposstad Williamsville
Donaldstad Thomastown
Christophertown Crystaltown
Morenoside Johnport Amberfurt
Courtneyfurt Contrerasland Morrisbury
Murphyberg Hendersonchester
Tylermouth Deanstad
Charlesburgh Angelaview
Mcfarlandville Belindamouth
Williamsmouth Johnstonmouth Mcdonaldmouth
Smithmouth Robertborough
Barbarachester Jonesberg
Kellyfort Tinatown Pittsland
Bradshawside Wandaside
Martinton Brianland Deborahfort
Wilsonburgh Josephton Harristown
Thomasburgh Johnsonmouth Sanchezland
Kristinbury Allenberg
