0 23 88 64 50 34 57 4 60 54 49 92 99 79 26 65 98 91 77 68 47 22 51 13 17 87 95 18 56 67 39 96 27 11 25 78 36 14 55 90 7 48 63 15 33 76 84 61 28 75 5 12 62 44 85 1 58 69 53 20 81 10 71 94 70 16 41 59 97 31 2 86 66 32 74 21 80 3 43 93 42 19 83 40 9 52 6 24 46 89 29 82 35 37 45 38 72 30 8 73 0
100
0 0
23 23
88 88
64 64
50 50
34 34
57 57
4 4
60 60
54 54
49 49
92 92
99 99
79 79
26 26
65 65
98 98
91 91
77 77
68 68
47 47
22 22
51 51
13 13
17 17
87 87
95 95
18 18
56 56
67 67
39 39
96 96
27 27
11 11
25 25
78 78
36 36
14 14
55 55
90 90
7 7
48 48
63 63
15 15
33 33
76 76
84 84
61 61
28 28
75 75
5 5
12 12
62 62
44 44
85 85
1 1
58 58
69 69
53 53
20 20
81 81
10 10
71 71
94 94
70 70
16 16
41 41
59 59
97 97
31 31
2 2
86 86
66 66
32 32
74 74
21 21
80 80
3 3
43 43
93 93
42 42
19 19
83 83
40 40
9 9
52 52
6 6
24 24
46 46
89 89
29 29
82 82
35 35
37 37
45 45
38 38
72 72
30 30
8 8
73 73
