K BH FS BH K B CA GD CA EN FD BJ DV BF GL DP BX EJ GR EO DE EV EG AG GG EG BQ BD AF BB CW CV X CV L EE ED GC CI CY CM DN EH FU FX DR C EZ CH FU FM DZ AB I AX BA G BE BY V FI GO Z CB FZ FO EK T EK GE BG EX EU AH AW CP BF R AS CL BL M U DC EB AN DS DH GA Y EQ CE FP GF CT GI FJ P GJ DB BI FG AU FR GK CJ BR FH CK FH CQ DX EM EA EC FE FV FE BP FJ BO DG EL DI DK AJ DK AM CF K
100
FS FS
B B
GD GD
EN EN
FD FD
BJ BJ
DV DV
BF BF
GL GL
DP DP
BX BX
EJ EJ
GR GR
EO EO
EV EV
EG EG
AG AG
GG GG
BQ BQ
AF AF
BB BB
CW CW
X X
L L
ED ED
GC GC
CY CY
CM CM
EH EH
FU FU
FX FX
DR DR
EZ EZ
FM FM
DZ DZ
AB AB
I I
AX AX
BA BA
G G
BE BE
BY BY
V V
FI FI
GO GO
Z Z
CB CB
FZ FZ
FO FO
EK EK
T T
GE GE
BG BG
EU EU
AH AH
AW AW
R R
AS AS
BL BL
M M
U U
DC DC
AN AN
DS DS
DH DH
Y Y
EQ EQ
CE CE
FP FP
GF GF
CT CT
GI GI
FJ FJ
P P
GJ GJ
DB DB
BI BI
FG FG
FR FR
GK GK
CJ CJ
BR BR
FH FH
CK CK
CQ CQ
DX DX
EM EM
EA EA
EC EC
FE FE
FV FV
BP BP
BO BO
DG DG
EL EL
DI DI
DK DK
AJ AJ
AM AM
CF CF
