fmdhlepsteinstdnkill epsteindlsfdntmkillh dnkillepsteinlshdtfm epsteinkillmsftnddlh nltdmsfepsteinkilldh hnfdtmlepsteinkillds msfltdkillnepsteinhd hdepsteinskillldtnfm hsdfepsteintlnkilldm dmepsteinfnhltkillsd fshtdepsteinmldnkill lndsdkilltmepsteinhf hsndepsteindlmtkillf tlmsdhdnkillfepstein lsdepsteinfmkillndth fmsepsteindntldhkill epsteindfhlmdnskillt dlnsthfmepsteinkilld tmlepsteinsdnfkillhd epsteinmhndfkilltdls epsteinskilldlndhmtf killnsfmhdepsteindtl fdshnmkillepsteinltd ddtmkillepsteinflsnh hepsteinsddnfkillmlt nkilltdhlmdepsteinsf nfdhkilllsmtepsteind dfkilllmtepsteinhdsn stepsteinhkillfmnldd killepsteinlhtfdsmdn dhkilllsepsteinmntdf epsteinlshkilldnfdmt flepsteindndhmtkills killdmnsfhldepsteint epsteintdkilllnfdhms ndkillftdsmepsteinlh ddlmnftepsteinhskill fepsteinhsntddkilllm hnsdkilllftdmepstein epsteinfsddmthkillnl tlsfdmdepsteinnhkill nepsteinlmdkilldhfts ntlepsteindmfdshkill killmlepsteindthnfsd depsteinnlsfmhtkilld fhndskillepsteintldm lnsmkilltfdepsteindh mftkillepsteinndlhsd lhepsteinkilldtnmfsd lmhdtfdepsteinnkills nhmkilllsftepsteindd fmdhlepsteinstdnkill
50
epsteindlsfdntmkillh epsteindlsfdntmkillh
dnkillepsteinlshdtfm dnkillepsteinlshdtfm
epsteinkillmsftnddlh epsteinkillmsftnddlh
nltdmsfepsteinkilldh nltdmsfepsteinkilldh
hnfdtmlepsteinkillds hnfdtmlepsteinkillds
msfltdkillnepsteinhd msfltdkillnepsteinhd
hdepsteinskillldtnfm hdepsteinskillldtnfm
hsdfepsteintlnkilldm hsdfepsteintlnkilldm
dmepsteinfnhltkillsd dmepsteinfnhltkillsd
fshtdepsteinmldnkill fshtdepsteinmldnkill
lndsdkilltmepsteinhf lndsdkilltmepsteinhf
hsndepsteindlmtkillf hsndepsteindlmtkillf
tlmsdhdnkillfepstein tlmsdhdnkillfepstein
lsdepsteinfmkillndth lsdepsteinfmkillndth
fmsepsteindntldhkill fmsepsteindntldhkill
epsteindfhlmdnskillt epsteindfhlmdnskillt
dlnsthfmepsteinkilld dlnsthfmepsteinkilld
tmlepsteinsdnfkillhd tmlepsteinsdnfkillhd
epsteinmhndfkilltdls epsteinmhndfkilltdls
epsteinskilldlndhmtf epsteinskilldlndhmtf
killnsfmhdepsteindtl killnsfmhdepsteindtl
fdshnmkillepsteinltd fdshnmkillepsteinltd
ddtmkillepsteinflsnh ddtmkillepsteinflsnh
hepsteinsddnfkillmlt hepsteinsddnfkillmlt
nkilltdhlmdepsteinsf nkilltdhlmdepsteinsf
nfdhkilllsmtepsteind nfdhkilllsmtepsteind
dfkilllmtepsteinhdsn dfkilllmtepsteinhdsn
stepsteinhkillfmnldd stepsteinhkillfmnldd
killepsteinlhtfdsmdn killepsteinlhtfdsmdn
dhkilllsepsteinmntdf dhkilllsepsteinmntdf
epsteinlshkilldnfdmt epsteinlshkilldnfdmt
flepsteindndhmtkills flepsteindndhmtkills
killdmnsfhldepsteint killdmnsfhldepsteint
epsteintdkilllnfdhms epsteintdkilllnfdhms
ndkillftdsmepsteinlh ndkillftdsmepsteinlh
ddlmnftepsteinhskill ddlmnftepsteinhskill
fepsteinhsntddkilllm fepsteinhsntddkilllm
hnsdkilllftdmepstein hnsdkilllftdmepstein
epsteinfsddmthkillnl dhepsteindsnlkillfmt
tlsfdmdepsteinnhkill tlsfdmdepsteinnhkill
nepsteinlmdkilldhfts nepsteinlmdkilldhfts
ntlepsteindmfdshkill ntlepsteindmfdshkill
killmlepsteindthnfsd killmlepsteindthnfsd
depsteinnlsfmhtkilld depsteinnlsfmhtkilld
fhndskillepsteintldm fhndskillepsteintldm
lnsmkilltfdepsteindh lnsmkilltfdepsteindh
mftkillepsteinndlhsd mftkillepsteinndlhsd
lhepsteinkilldtnmfsd lhepsteinkilldtnmfsd
lmhdtfdepsteinnkills lmhdtfdepsteinnkills
nhmkilllsftepsteindd nhmkilllsftepsteindd
