dldkilltnmhfepsteins msddkilllthepsteinfn dlfdkilltepsteinhnms fhnmkillepsteinsdltd depsteinftndhmkillsl tldkillhsfnmepsteind depsteinlfnmkilldsht tsmdepsteinkillhfdln lkilldtnmsepsteindfh dhmkillfdltnsepstein mhdskillldftnepstein killtdslhfdepsteinnm shfnmltepsteindkilld killdldepsteinmfsthn epsteinfthkilldnslmd ntmdhepsteinsdkillfl fddsmepsteintnkillhl dhsepsteintlkillmfnd epsteinhdkillltsmfdn mkilldlshdtfepsteinn epsteinhnkillsldfdmt nmdhepsteinkilltfsld nfltdmkillsdepsteinh killhtdmdlnsfepstein hmdkilllnepsteinfsdt lsmftnepsteinkillhdd dflstmkillepsteindhn killdepsteinmfltdshn tsdnhkilllmepsteindf tdfkillslepsteinhdmn msepsteintlhnfkilldd sldhnfmtdkillepstein tepsteinhsdkillmldfn fhdmnepsteindkillslt killmfndshdtepsteinl ltfnsdhepsteinkilldm killtdmsdfhnepsteinl sndldftmkillepsteinh mdkillntepsteindfhsl tndskilldfepsteinmhl dkillnmsfhtlepsteind dmldfhskillntepstein epsteinldtnfmshdkill mndtkillepsteindlfhs mdkilllfdnstepsteinh fdmtdepsteinkilllsnh sdlhfnmdepsteintkill lkillepsteintdshmfnd dnldkillhmfstepstein thdlskillnfdmepstein dmtlsfhnkilldepstein lepsteinkilldhfmstnd killtepsteinddhlmnsf nftmskilldldepsteinh mdkillnlsdtepsteinhf dtnkillsepsteinmdfhl fmtnkilldepsteindhsl hsepsteinfkillnmddtl epsteindmshtfldnkill hmndfkillslepsteintd killthsepsteindmlfdn depsteinslkillhdftmn nepsteindhkillltmsfd mkillldnhepsteinstfd dtsmdnlhfepsteinkill epsteinsnmflhtdkilld mkillthfdlnepsteinds skillthlfndepsteindm fsepsteindkillhmtdln epsteinlmkillfshnddt dkillnmhldstfepstein mhkillepsteinddlfsnt dfdepsteintlnskillhm ldepsteindhkilltsmfn skillmfepsteinthddnl killhdfnsepsteinmltd fmltddhnepsteinskill slepsteinkillfmddhtn dlshdtepsteinnkillfm ldfsmnepsteinkilltdh hnsepsteinmkillfddtl dhtepsteinkillsdflmn epsteintfhndkilllmsd tdkillepsteinsmhdfnl killfthnmsdlepsteind sdndhepsteinltkillfm fdskillndtmepsteinlh dfkilllepsteinsnmhtd lmkillepsteintsndfhd hepsteinntdkillsdmfl depsteintkilllnmsfdh lhsntdepsteindkillmf ndshkilldmlepsteinft ndkillthdepsteinlsmf hnskillepsteintfdmld lhepsteintndkilldsmf thnkillmddsepsteinfl hepsteinnfdmlsdtkill epsteindkilltlmnhsfd lepsteindnhstfdmkill dldkilltnmhfepsteins
99
msddkilllthepsteinfn msddkilllthepsteinfn
dlfdkilltepsteinhnms dlfdkilltepsteinhnms
fhnmkillepsteinsdltd fhnmkillepsteinsdltd
depsteinftndhmkillsl depsteinftndhmkillsl
tldkillhsfnmepsteind tldkillhsfnmepsteind
depsteinlfnmkilldsht depsteinlfnmkilldsht
tsmdepsteinkillhfdln tsmdepsteinkillhfdln
lkilldtnmsepsteindfh lkilldtnmsepsteindfh
dhmkillfdltnsepstein dhmkillfdltnsepstein
mhdskillldftnepstein mhdskillldftnepstein
killtdslhfdepsteinnm killtdslhfdepsteinnm
shfnmltepsteindkilld shfnmltepsteindkilld
killdldepsteinmfsthn killdldepsteinmfsthn
epsteinfthkilldnslmd epsteinfthkilldnslmd
ntmdhepsteinsdkillfl ntmdhepsteinsdkillfl
fddsmepsteintnkillhl fddsmepsteintnkillhl
dhsepsteintlkillmfnd dhsepsteintlkillmfnd
epsteinhdkillltsmfdn epsteinhdkillltsmfdn
mkilldlshdtfepsteinn mkilldlshdtfepsteinn
epsteinhnkillsldfdmt epsteinhnkillsldfdmt
nmdhepsteinkilltfsld nmdhepsteinkilltfsld
nfltdmkillsdepsteinh nfltdmkillsdepsteinh
killhtdmdlnsfepstein killhtdmdlnsfepstein
hmdkilllnepsteinfsdt hmdkilllnepsteinfsdt
lsmftnepsteinkillhdd lsmftnepsteinkillhdd
dflstmkillepsteindhn dflstmkillepsteindhn
killdepsteinmfltdshn killdepsteinmfltdshn
tsdnhkilllmepsteindf tsdnhkilllmepsteindf
tdfkillslepsteinhdmn tdfkillslepsteinhdmn
msepsteintlhnfkilldd msepsteintlhnfkilldd
sldhnfmtdkillepstein sldhnfmtdkillepstein
tepsteinhsdkillmldfn tepsteinhsdkillmldfn
fhdmnepsteindkillslt fhdmnepsteindkillslt
killmfndshdtepsteinl killmfndshdtepsteinl
ltfnsdhepsteinkilldm tepsteinmdfldhnskill
killtdmsdfhnepsteinl killtdmsdfhnepsteinl
sndldftmkillepsteinh sndldftmkillepsteinh
mdkillntepsteindfhsl mdkillntepsteindfhsl
tndskilldfepsteinmhl tndskilldfepsteinmhl
dkillnmsfhtlepsteind dkillnmsfhtlepsteind
dmldfhskillntepstein dmldfhskillntepstein
epsteinldtnfmshdkill epsteinldtnfmshdkill
mndtkillepsteindlfhs mndtkillepsteindlfhs
mdkilllfdnstepsteinh mdkilllfdnstepsteinh
fdmtdepsteinkilllsnh fdmtdepsteinkilllsnh
sdlhfnmdepsteintkill sdlhfnmdepsteintkill
lkillepsteintdshmfnd lkillepsteintdshmfnd
dnldkillhmfstepstein dnldkillhmfstepstein
thdlskillnfdmepstein thdlskillnfdmepstein
dmtlsfhnkilldepstein dmtlsfhnkilldepstein
lepsteinkilldhfmstnd lepsteinkilldhfmstnd
killtepsteinddhlmnsf killtepsteinddhlmnsf
nftmskilldldepsteinh nftmskilldldepsteinh
mdkillnlsdtepsteinhf mdkillnlsdtepsteinhf
dtnkillsepsteinmdfhl dtnkillsepsteinmdfhl
fmtnkilldepsteindhsl fmtnkilldepsteindhsl
hsepsteinfkillnmddtl hsepsteinfkillnmddtl
epsteindmshtfldnkill epsteindmshtfldnkill
hmndfkillslepsteintd hmndfkillslepsteintd
killthsepsteindmlfdn killthsepsteindmlfdn
depsteinslkillhdftmn depsteinslkillhdftmn
nepsteindhkillltmsfd nepsteindhkillltmsfd
mkillldnhepsteinstfd mkillldnhepsteinstfd
dtsmdnlhfepsteinkill dtsmdnlhfepsteinkill
epsteinsnmflhtdkilld epsteinsnmflhtdkilld
mkillthfdlnepsteinds mkillthfdlnepsteinds
skillthlfndepsteindm skillthlfndepsteindm
fsepsteindkillhmtdln fsepsteindkillhmtdln
epsteinlmkillfshnddt epsteinlmkillfshnddt
dkillnmhldstfepstein dkillnmhldstfepstein
mhkillepsteinddlfsnt mhkillepsteinddlfsnt
dfdepsteintlnskillhm dfdepsteintlnskillhm
ldepsteindhkilltsmfn ldepsteindhkilltsmfn
skillmfepsteinthddnl skillmfepsteinthddnl
killhdfnsepsteinmltd killhdfnsepsteinmltd
fmltddhnepsteinskill fmltddhnepsteinskill
slepsteinkillfmddhtn slepsteinkillfmddhtn
dlshdtepsteinnkillfm dlshdtepsteinnkillfm
ldfsmnepsteinkilltdh ldfsmnepsteinkilltdh
hnsepsteinmkillfddtl hnsepsteinmkillfddtl
dhtepsteinkillsdflmn dhtepsteinkillsdflmn
epsteintfhndkilllmsd epsteintfhndkilllmsd
tdkillepsteinsmhdfnl tdkillepsteinsmhdfnl
killfthnmsdlepsteind killfthnmsdlepsteind
sdndhepsteinltkillfm sdndhepsteinltkillfm
fdskillndtmepsteinlh fdskillndtmepsteinlh
dfkilllepsteinsnmhtd dfkilllepsteinsnmhtd
lmkillepsteintsndfhd lmkillepsteintsndfhd
hepsteinntdkillsdmfl hepsteinntdkillsdmfl
depsteintkilllnmsfdh depsteintkilllnmsfdh
lhsntdepsteindkillmf lhsntdepsteindkillmf
ndshkilldmlepsteinft ndshkilldmlepsteinft
ndkillthdepsteinlsmf ndkillthdepsteinlsmf
hnskillepsteintfdmld hnskillepsteintfdmld
lhepsteintndkilldsmf lhepsteintndkilldsmf
thnkillmddsepsteinfl thnkillmddsepsteinfl
hepsteinnfdmlsdtkill hepsteinnfdmlsdtkill
epsteindkilltlmnhsfd epsteindkilltlmnhsfd
lepsteindnhstfdmkill lepsteindnhstfdmkill
