tepsteinfdkilldlmhns killepsteintdldshfnm nlhtdsdepsteinfmkill dhlepsteindkillsmtnf lepsteinfdkillsdnmht nfdhepsteinltsdmkill mfskillnhlddtepstein thmepsteinlkillfsndd htskillepsteindnlfdm ndlmhepsteintdskillf tmhsnfepsteinldkilld fnmhskilldepsteinltd msnepsteinfkillhtdld hkillmepsteinstdfdnl snldmtkillfepsteindh epsteinthsdmndkillfl nkillsdtdhfmlepstein epsteinsdfmhltkillnd ndlepsteinhdtskillfm hldmepsteindsnkilltf hepsteinnfstkilllmdd killnfhdsdltepsteinm skilldnmlhdftepstein tskillepsteinhfmddnl hdepsteinsmdtnflkill fnlskillhtepsteindmd tepsteinfdkilldlmhns
25
killepsteintdldshfnm killepsteintdldshfnm
nlhtdsdepsteinfmkill nlhtdsdepsteinfmkill
dhlepsteindkillsmtnf dhlepsteindkillsmtnf
lepsteinfdkillsdnmht lepsteinfdkillsdnmht
nfdhepsteinltsdmkill nfdhepsteinltsdmkill
mfskillnhlddtepstein epsteindsmnlfdtkillh
thmepsteinlkillfsndd thmepsteinlkillfsndd
htskillepsteindnlfdm htskillepsteindnlfdm
ndlmhepsteintdskillf ndlmhepsteintdskillf
tmhsnfepsteinldkilld tmhsnfepsteinldkilld
fnmhskilldepsteinltd fnmhskilldepsteinltd
msnepsteinfkillhtdld msnepsteinfkillhtdld
hkillmepsteinstdfdnl hkillmepsteinstdfdnl
snldmtkillfepsteindh snldmtkillfepsteindh
epsteinthsdmndkillfl epsteinthsdmndkillfl
nkillsdtdhfmlepstein nkillsdtdhfmlepstein
epsteinsdfmhltkillnd epsteinsdfmhltkillnd
ndlepsteinhdtskillfm ndlepsteinhdtskillfm
hldmepsteindsnkilltf hldmepsteindsnkilltf
hepsteinnfstkilllmdd hepsteinnfstkilllmdd
killnfhdsdltepsteinm killnfhdsdltepsteinm
skilldnmlhdftepstein skilldnmlhdftepstein
tskillepsteinhfmddnl tskillepsteinhfmddnl
hdepsteinsmdtnflkill hdepsteinsmdtnflkill
fnlskillhtepsteindmd fnlskillhtepsteindmd
