149 060 062 054 053 056 053 054 063 079 078 077 076 075 074 085 074 086 087 088 084 072 063 090 091 092 097 096 099 090 063 054 062 070 071 070 069 067 070 062 060 149 100 105 109 105 100 101 102 104 103 101 100 107 116 115 117 126 122 123 125 140 125 121 116 107 100 149 000 001 002 013 024 015 024 025 026 025 024 031 044 036 037 038 037 036 041 030 020 010 000 149
30
060 060
054 054 059
053 053 050
056 056 066
063 064 065
079 079
078 078 083
076 080 081
085 085
086 086
087 089
088 088
091 091
097 097
096 096
071 068
069 069
067 067
109 111
104 104
103 103
115 115
126 126
123 123
140 142
015 006
026 026
031 031
037 037
038 048
