CorpusChristi Downey Alexandria CapeCoral CorpusChristi ElPaso Akron DalyCity Canton Charleston Columbia Davenport Carrollton Arvada Bloomington Austin Beaumont Detroit Columbus Albuquerque Asheville Austin Deltona Anchorage Elizabeth Chattanooga Escondido Aurora Augusta BatonRouge Chesapeake Durham Escondido BelAir Elkhart Champaign Anaheim CathedralCity Brownsville Clearwater Boulder BoiseCity Danbury DavidsonCounty ColoradoSprings Chicago Denton Bremerton Denton Denver Appleton Chicago Bridgeport AppleValley Chandler Dallas BonitaSprings Bryan Cincinnati Amarillo ElMonte CorpusChristi
50
CorpusChristi CorpusChristi
Downey Downey
Alexandria Alexandria
CapeCoral CapeCoral
ElPaso ElPaso
Akron Akron
DalyCity DalyCity
Canton Canton
Charleston Charleston
Columbia Columbia
Davenport Davenport
Carrollton Carrollton
Arvada Arvada
Bloomington Bloomington
Austin Austin
Beaumont Beaumont
Columbus Columbus
Albuquerque Albuquerque
Asheville Asheville
Deltona Deltona
Elizabeth Elizabeth
Chattanooga Chattanooga
Escondido Escondido
Augusta Augusta
Durham Durham
BelAir BelAir
Elkhart Elkhart
Champaign Champaign
Anaheim Anaheim
CathedralCity CathedralCity
Brownsville Brownsville
Clearwater Clearwater
Boulder Boulder
BoiseCity BoiseCity
Danbury Danbury
ColoradoSprings ColoradoSprings
Chicago Chicago
Denton Denton
Bremerton Bremerton
Denver Denver
Appleton Appleton
Bridgeport Bridgeport
AppleValley AppleValley
Chandler Chandler
Dallas Dallas
BonitaSprings BonitaSprings
Bryan Bryan
Cincinnati Cincinnati
Amarillo Amarillo
ElMonte ElMonte
