BatonRouge Burbank Bradenton Cambridge Buffalo AtlanticCity AnnArbor Birmingham Bryan Beaumont Albuquerque Abilene Boston Arvada Boulder Bethlehem Aurora Aberdeen BoiseCity Amarillo Barnstable Atlanta Berkeley Albany Anchorage BatonRouge
25
BatonRouge BatonRouge
Burbank Burbank
Bradenton Bradenton
Cambridge Cambridge
Buffalo Buffalo
AtlanticCity AtlanticCity
AnnArbor AnnArbor
Birmingham Birmingham
Bryan Bryan
Beaumont Beaumont
Albuquerque Albuquerque
Abilene Abilene
Boston Boston
Arvada Arvada
Boulder Boulder
Bethlehem Bethlehem
Aurora Aurora
Aberdeen Aberdeen
BoiseCity BoiseCity
Amarillo Amarillo
Barnstable Barnstable
Atlanta Atlanta
Berkeley Berkeley
Albany Albany
Anchorage Anchorage
