FortCollins Harlingen Knoxville Hemet Harlingen Anaheim Kennewick LasVegas Austin Layton Denver Layton ColoradoSprings Bloomington DesMoines Chandler Fairfield Joliet LasCruces Fairfield Lancaster Anchorage Lancaster Evansville Clearwater Chicago Danbury Cleveland Bellevue Independence Bellevue Lakeland Lorain Clarksville Dallas Jefferson Marysville Aberdeen Barnstable Gilbert Jacksonville Gilbert Houston Fresno Kalamazoo DalyCity Beaumont Bethlehem Jacksonville Augusta Brownsville Fayetteville Appleton CollegeStation Boise ElPaso GardenGrove Carrollton Frederick Hampton Lafayette Lakewood Berkeley DavidsonCounty Canton ElMonte Berkeley CapeCoral Burbank Indianapolis Garland GrandRapids Garland Bradenton CedarRapids Akron Elizabeth Arvada Leominster Manchester Atlanta Leominster Fargo BonitaSprings Baltimore Hickory Inglewood Lubbock Louisville Columbia FortWaltonBeach Amarillo Alexandria Erie Albuquerque Bakersfield AnnArbor Elkhart Champaign Harrisburg Irvine Harrisburg Fontana AppleValley Bremerton Allentown Detroit Lacey Brighton Fremont Irving Cary AppleValley Henderson BoiseCity Eugene LittleRock Greensboro Abilene Grayslake Hollywood FortCollins
100
FortCollins FortCollins
Harlingen Harlingen
Knoxville Knoxville
Hemet Hemet
Anaheim Anaheim
Kennewick Kennewick
Austin Austin
Layton Layton
Denver Denver
ColoradoSprings ColoradoSprings
DesMoines DesMoines
Chandler Chandler
Fairfield Fairfield
Joliet Joliet
LasCruces LasCruces
Lancaster Lancaster
Anchorage Anchorage
Evansville Evansville
Chicago Chicago
Danbury Danbury
Cleveland Cleveland
Bellevue Bellevue
Independence Independence
Lakeland Lakeland
Lorain Lorain
Dallas Dallas
Jefferson Jefferson
Aberdeen Aberdeen
Barnstable Barnstable
Gilbert Gilbert
Jacksonville Jacksonville
Houston Houston
Fresno Fresno
Kalamazoo Kalamazoo
DalyCity DalyCity
Beaumont Beaumont
Bethlehem Bethlehem
Augusta Augusta
Brownsville Brownsville
Fayetteville Fayetteville
Appleton Appleton
CollegeStation CollegeStation
Boise Boise
ElPaso ElPaso
Carrollton Carrollton
Frederick Frederick
Hampton Hampton
Lafayette Lafayette
Lakewood Lakewood
Berkeley Berkeley
DavidsonCounty DavidsonCounty
ElMonte ElMonte
CapeCoral CapeCoral
Burbank Burbank
Indianapolis Indianapolis
Garland Garland
GrandRapids GrandRapids
Bradenton Bradenton
CedarRapids CedarRapids
Akron Akron
Elizabeth Elizabeth
Arvada Arvada
Leominster Leominster
Manchester Manchester
Atlanta Atlanta
Fargo Fargo
BonitaSprings BonitaSprings
Baltimore Baltimore
Hickory Hickory
Inglewood Inglewood
Lubbock Lubbock
Louisville Louisville
FortWaltonBeach FortWaltonBeach
Amarillo Amarillo
Alexandria Alexandria
Erie Erie
Albuquerque Albuquerque
Bakersfield Bakersfield
AnnArbor AnnArbor
Elkhart Elkhart
Champaign Champaign
Harrisburg Harrisburg
Irvine Irvine
Fontana Fontana
Bremerton Bremerton
Allentown Allentown
Detroit Detroit
Lacey Lacey
Brighton Brighton
Fremont Fremont
Irving Irving
Cary Cary
AppleValley AppleValley
Henderson Henderson
BoiseCity BoiseCity
Eugene Eugene
LittleRock LittleRock
Abilene Abilene
Grayslake Grayslake
Hollywood Hollywood
