152 75 50 153 183 111 168 31 112 9 184 0 95 35 166 81 51 2 78 170 54 53 113 5 182 181 172 130 180 94 143 149 41 90 116 165 56 73 92 126 163 151 105 13 38 42 101 139 65 144 142 87 171 66 169 28 134 37 58 12 121 145 85 45 175 157 79 8 136 89 60 96 27 97 152
73
75 75
50 50
153 153
183 183
111 111
168 168
31 31
112 112
9 9
184 184
0 0
95 95
35 35
166 166
81 81
51 51
2 2
78 78
170 170
54 54
53 53
113 113
5 5
182 182
181 181
172 172
130 130
180 180
94 94
143 143
149 149
41 41
90 90
116 116
165 165
56 56
73 73
92 92
126 126
163 163
151 151
105 105
13 13
38 38
42 42
101 101
139 139
65 65
144 144
142 142
87 87
171 171
66 66
169 169
28 28
134 134
37 37
58 58
12 12
121 121
145 145
85 85
45 45
175 175
157 157
79 79
8 8
136 136
89 89
60 60
96 96
27 27
97 97
