WNYCV UUOP5 18R1B F5YBY 91RFG TG5ZG XRQ65 5I6U4 V11OW 1BUOS 2KYXC EQWAL URMBF XBRKQ HZ80H H212X GAXPM QTZLJ EYREL 7CXN0 ULCTZ H8ZPW CUG55 BMC9X ZA57Z X2AM4 KB443 YMTTJ XPFOM HHCET 65TK9 77EY5 KRLTG 42QVU B8UZ8 1ACIU XD7IR XDKMD 1NBGE 2FT0Z GXYLV HR8IA OE5TB XTUSM UGOIO BO3AW F07YB QSI1X 1UWW5 9HVLF K1ZSD WNYCV
50
UUOP5 UUOP5
18R1B 18R1B
F5YBY F5YBY
91RFG 91RFG
TG5ZG TG5ZG
XRQ65 XRQ65
5I6U4 5I6U4
V11OW V11OW
1BUOS 1BUOS
2KYXC 2KYXC
EQWAL EQWAL
URMBF URMBF
XBRKQ XBRKQ
HZ80H HZ80H
H212X H212X
GAXPM GAXPM
QTZLJ QTZLJ
EYREL EYREL
7CXN0 7CXN0
ULCTZ ULCTZ
H8ZPW H8ZPW
CUG55 CUG55
BMC9X BMC9X
ZA57Z ZA57Z
X2AM4 X2AM4
KB443 KB443
YMTTJ YMTTJ
XPFOM XPFOM
HHCET HHCET
65TK9 65TK9
77EY5 77EY5
KRLTG KRLTG
42QVU 42QVU
B8UZ8 B8UZ8
1ACIU 1ACIU
XD7IR XD7IR
XDKMD XDKMD
1NBGE 1NBGE
2FT0Z 2FT0Z
GXYLV GXYLV
HR8IA HR8IA
OE5TB OE5TB
XTUSM XTUSM
UGOIO UGOIO
BO3AW BO3AW
F07YB F07YB
QSI1X QSI1X
1UWW5 1UWW5
9HVLF 9HVLF
K1ZSD K1ZSD
