fab8g f5Qx2 Gt2w1 Flgse 1OpM2 O1QPI 3XMfZ VUKiE F7m3U Bw1D7 sF84c KWmhW Nbb6U TQZik 1xx4U adW6k AGorf 0YoJb GHmnJ l0HDP 9u8oD 4ORRk 9ZatH B3NSd cQMFl 3FUsL cDkiZ BWyM2 KzS0e fhc2k aiycm P5ucv 4GEPG ZlgGe yM9nQ HaHFT H6HgM rzyrR RgC1Q Lqz0g cm8oa pesnn mgHYN RnwlC bD2TR gwQSf b4E7v VIl39 1SvIs LBzlR n9AEE dAx9s eDWES g1WJz FW6DI 8tK4L bepE0 G91ym ciJ7c Vjk2Z nScgp lJJK2 BJ1iC qchZ3 kCdcu uQK8T PpZP8 lJfgZ CT8M8 KB016 015ql fr0Bd L54Jg HKgVO XDGuI TtUXd 7J90B obqW1 DHhK9 x8KLa BybTG 1pNjr o4F0A wiGnS RhMSo wKKkJ c17Qf G944F iy8Ty Q0oXi 2Z0oU lcarA tEdSo 8xyrX 4b2sA tQXF5 guI5B nRTkO 8PY0r 5Ix1v fab8g
100
fab8g fab8g
f5Qx2 f5Qx2
Gt2w1 Gt2w1
Flgse Flgse
1OpM2 1OpM2
O1QPI O1QPI
3XMfZ 3XMfZ
VUKiE VUKiE
F7m3U F7m3U
Bw1D7 Bw1D7
sF84c sF84c
KWmhW KWmhW
Nbb6U Nbb6U
TQZik TQZik
1xx4U 1xx4U
adW6k adW6k
AGorf AGorf
0YoJb 0YoJb
GHmnJ GHmnJ
l0HDP l0HDP
9u8oD 9u8oD
4ORRk 4ORRk
9ZatH 9ZatH
B3NSd B3NSd
cQMFl cQMFl
3FUsL 3FUsL
cDkiZ cDkiZ
BWyM2 BWyM2
KzS0e KzS0e
fhc2k fhc2k
aiycm aiycm
P5ucv P5ucv
4GEPG 4GEPG
ZlgGe ZlgGe
yM9nQ yM9nQ
HaHFT HaHFT
H6HgM H6HgM
rzyrR rzyrR
RgC1Q RgC1Q
Lqz0g Lqz0g
cm8oa cm8oa
pesnn pesnn
mgHYN mgHYN
RnwlC RnwlC
bD2TR bD2TR
gwQSf gwQSf
b4E7v b4E7v
VIl39 VIl39
1SvIs 1SvIs
LBzlR LBzlR
n9AEE n9AEE
dAx9s dAx9s
eDWES eDWES
g1WJz g1WJz
FW6DI FW6DI
8tK4L 8tK4L
bepE0 bepE0
G91ym G91ym
ciJ7c ciJ7c
Vjk2Z Vjk2Z
nScgp nScgp
lJJK2 lJJK2
BJ1iC BJ1iC
qchZ3 qchZ3
kCdcu kCdcu
uQK8T uQK8T
PpZP8 PpZP8
lJfgZ lJfgZ
CT8M8 CT8M8
KB016 KB016
015ql 015ql
fr0Bd fr0Bd
L54Jg L54Jg
HKgVO HKgVO
XDGuI XDGuI
TtUXd TtUXd
7J90B 7J90B
obqW1 obqW1
DHhK9 DHhK9
x8KLa x8KLa
BybTG BybTG
1pNjr 1pNjr
o4F0A o4F0A
wiGnS wiGnS
RhMSo RhMSo
wKKkJ wKKkJ
c17Qf c17Qf
G944F G944F
iy8Ty iy8Ty
Q0oXi Q0oXi
2Z0oU 2Z0oU
lcarA lcarA
tEdSo tEdSo
8xyrX 8xyrX
4b2sA 4b2sA
tQXF5 tQXF5
guI5B guI5B
nRTkO nRTkO
8PY0r 8PY0r
5Ix1v 5Ix1v
