cy4fm C565q yMPWG NvAYI 1H2uK 19YKC tao9t hOy4D Xhpv3 dU1Ub P8Fbf yFKGt 8aYYW 7l0Vw F2nEN IjjWK gk2cW jse5F wdXpe 8RNd8 w4BF1 vSPJ5 OoKEI 6ceXl lA2MC KYsbm X6hJp EWhpw kbRYl 7XIxZ di7h7 GHZOS 5rdYI BoNoJ qt5AA Vjg5l C0eRL P3lE7 Iks3D FnVf8 G6G4p DCl5F rUUVt Cfmbw nogr2 3iQ53 zQjQm OFvld uWr4y LNh60 uT5W0 cy4fm
50
C565q C565q
yMPWG yMPWG
NvAYI NvAYI
1H2uK 1H2uK
19YKC 19YKC
tao9t tao9t
hOy4D hOy4D
Xhpv3 Xhpv3
dU1Ub dU1Ub
P8Fbf P8Fbf
yFKGt yFKGt
8aYYW 8aYYW
7l0Vw 7l0Vw
F2nEN F2nEN
IjjWK IjjWK
gk2cW gk2cW
jse5F jse5F
wdXpe wdXpe
8RNd8 8RNd8
w4BF1 w4BF1
vSPJ5 vSPJ5
OoKEI OoKEI
6ceXl 6ceXl
lA2MC lA2MC
KYsbm KYsbm
X6hJp X6hJp
EWhpw EWhpw
kbRYl kbRYl
7XIxZ 7XIxZ
di7h7 di7h7
GHZOS GHZOS
5rdYI 5rdYI
BoNoJ BoNoJ
qt5AA qt5AA
Vjg5l Vjg5l
C0eRL C0eRL
P3lE7 P3lE7
Iks3D Iks3D
FnVf8 FnVf8
G6G4p G6G4p
DCl5F DCl5F
rUUVt rUUVt
Cfmbw Cfmbw
nogr2 nogr2
3iQ53 3iQ53
zQjQm zQjQm
OFvld OFvld
uWr4y uWr4y
LNh60 LNh60
uT5W0 uT5W0
