0 162 161 160 157 158 159 176 164 163 100 102 183 130 132 131 184 101 144 143 192 191 142 114 113 172 112 171 196 149 148 195 150 118 175 109 169 110 170 111 154 155 156 104 103 165 166 105 189 139 141 140 136 187 188 137 138 115 173 116 174 117 119 120 185 133 135 134 181 127 128 129 182 106 167 168 107 108 186 179 180 125 124 126 147 146 194 193 145 153 152 198 197 151 123 121 177 122 178 0
98
162 162
161 161
160 160
157 157
158 158
159 159
176 176
164 164
163 163
100 100
102 102
183 183
130 130
132 132
131 131
184 184
101 101
144 144
143 143
192 192
191 191
142 142
114 114
113 113
172 172
112 112
171 171
196 196
149 149
148 148
195 195
150 150
118 118
175 175
109 109
169 169
110 110
170 170
111 111
154 154
155 155
156 156
104 104
103 103
165 165
166 166
105 105
189 189
139 139
141 141
140 190
136 136
187 187
188 188
137 137
138 138
115 115
173 173
116 116
174 174
117 117
119 119
120 120
185 185
133 133
135 135
134 134
181 181
127 127
128 128
129 129
182 182
106 106
167 167
168 168
107 107
108 108
186 186
179 179
180 180
125 125
124 124
126 126
147 147
146 146
194 194
193 193
145 145
153 153
152 152
198 198
197 197
151 151
123 123
121 121
177 177
122 122
178 178
