0 93 94 86 84 83 85 87 88 89 90 91 92 63 64 65 66 72 74 73 78 77 75 76 71 69 70 68 67 81 82 80 79 50 52 51 59 60 57 55 58 56 61 62 53 54 97 98 99 49 95 96 0
51
93 187 188
94 189 190
86 173 174
84 169 170
83 167 168
85 171 172
87 175 176
88 177 178
89 179 180
90 181 182
91 183 184
92 185 186
63 127 128
64 129 130
65 131 132
66 133 134
72 145 146
74 149 150
73 147 148
78 157 158
77 155 156
75 151 152
76 153 154
71 143 144
69 139 140
70 141 142
68 137 138
67 135 136
81 163 164
82 165 166
80 161 162
79 159 160
50 101 102
52 105 106
51 103 104
59 119 120
60 121 122
57 115 116
55 111 112
58 117 118
56 113 114
61 123 124
62 125 126
53 107 108
54 109 110
97 195 196
98 197 198
99 199
49 100
95 191 192
96 193 194
