Soda Doe Hertz MLK BWW Morgan Mulford Wheeler Stephans Haas MemorialStadium RSF BC Unit2 Blackwell TheRoof Barrows Sproul GBC MainStacks Wellman Unit1 Unit3 Foothill ClarkKerr LakeMerrit GoldenStatePark Soda
26
Doe Doe
Hertz Hertz
MLK MLK
BWW BWW
Morgan Morgan
Mulford Mulford
Wheeler Wheeler
Stephans Stephans
Haas Haas
MemorialStadium MemorialStadium
RSF RSF
BC BC
Unit2 Unit2
Blackwell Blackwell
TheRoof TheRoof
Barrows Barrows
Sproul Sproul
GBC GBC
MainStacks MainStacks
Wellman Wellman
Unit1 Unit1
Unit3 Unit3
Foothill Foothill
ClarkKerr ClarkKerr
LakeMerrit LakeMerrit
GoldenStatePark GoldenStatePark
