Soda ChiOmega SigmaKappa AlphaChi Mars Guadalajara Tuxcacuesco Talpa Tuhuamixtel Kips Dwinelle CREAM LosAngeles Davis DeltaDelta SouthGate NorthGate SanMiguel Bechtel FantasticComics Compton Ashby Davis Chino Davis Rasputin Riverside Bechtel ChezPanisse Cory Jupiter Cory AlphaCentauri BayStreet Dwinelle Emeryville Evans SanBernardino SanDiego Cory Tako Cory Cancun Cory CafeTibet Dwinelle VictoryPoint Cory InternationalHouse Soda BerkeleyHillel BerkeleyHigh Soda Venus Soda Saturn Soda Gregoire Pomona Soda Perris Fontana Upland Whittier Soda Tijuana Soda Jalisco Soda ElGrullo Soda MexicoCity Soda Myto TripleRock Soda Tang DKingGallery Soda BAMPFA Platano SantaBarbara Soda Sacramento Soda Irvine Soda
55
ChiOmega ChiOmega
SigmaKappa SigmaKappa
AlphaChi AlphaChi
Mars Mars
Guadalajara Guadalajara
Tuxcacuesco Tuxcacuesco
Talpa Talpa
Tuhuamixtel Tuhuamixtel
Kips Kips
CREAM CREAM
LosAngeles LosAngeles
DeltaDelta DeltaDelta
SouthGate SouthGate
SanMiguel SanMiguel
FantasticComics FantasticComics
Compton Compton
Ashby Ashby
Chino Chino
Rasputin Rasputin
Riverside Riverside
ChezPanisse ChezPanisse
Jupiter Jupiter
AlphaCentauri AlphaCentauri
BayStreet BayStreet
Emeryville Emeryville
SanBernardino SanBernardino
SanDiego SanDiego
Tako Tako
Cancun Cancun
CafeTibet CafeTibet
VictoryPoint VictoryPoint
InternationalHouse InternationalHouse
BerkeleyHillel BerkeleyHillel
BerkeleyHigh BerkeleyHigh
Venus Venus
Saturn Saturn
Gregoire Gregoire
Pomona Pomona
Perris Perris
Fontana Fontana
Upland Upland
Whittier Whittier
Tijuana Tijuana
Jalisco Jalisco
ElGrullo ElGrullo
MexicoCity MexicoCity
Myto Myto
TripleRock TripleRock
Tang Tang
DKingGallery DKingGallery
BAMPFA BAMPFA
Platano Platano
SantaBarbara SantaBarbara
Sacramento Sacramento
Irvine Irvine
