5 4 33 137 42 165 63 26 63 165 173 165 42 44 86 85 20 11 20 94 39 92 39 75 109 58 152 109 192 18 190 16 190 18 192 96 175 22 175 96 155 40 123 62 34 133 68 195 56 133 186 112 171 104 83 117 136 170 74 31 74 189 103 189 77 143 77 196 184 196 77 140 186 112 82 27 0 53 199 48 122 166 32 166 199 53 0 27 174 101 1 101 174 27 82 154 187 154 46 154 82 112 10 112 82 129 146 129 82 112 186 133 120 158 45 14 45 158 2 60 72 149 90 159 90 149 28 180 112 80 158 120 133 34 138 69 153 69 183 51 183 69 138 116 134 50 134 71 119 67 41 67 119 71 178 71 134 99 23 95 116 138 61 138 55 102 158 120 133 34 9 34 76 81 19 151 19 81 47 43 119 15 156 76 34 121 52 162 52 36 91 150 130 64 37 177 37 64 191 194 191 91 36 62 34 121 157 121 7 165 94 109 192 100 78 179 78 29 164 29 193 38 58 109 84 168 84 109 94 20 35 188 110 35 135 35 188 142 25 105 17 66 193 165 94 5
100
33 33
137 137
42 42
63 63
26 26
173 173
44 44
85 85
20 20
11 11
39 39
92 92
75 75
58 58
152 152
192 192
18 18
16 16
96 96
22 22
123 123
34 34
133 133
68 68
56 56
171 171
104 104
83 83
170 170
31 31
189 189
103 103
77 77
143 143
196 196
184 184
140 140
53 53
199 199
48 48
122 122
32 32
174 174
101 101
1 1
154 154
187 187
46 46
10 10
146 146
158 158
14 14
2 2
149 149
159 159
28 28
180 180
80 80
138 138
69 69
153 153
183 183
51 51
116 116
50 50
71 71
67 67
41 41
178 178
99 99
61 61
55 55
102 102
9 9
76 76
81 81
151 151
47 47
43 43
156 156
52 52
162 162
91 91
64 64
37 37
177 177
194 194
157 157
100 100
78 78
179 179
164 164
168 168
188 188
110 110
135 135
25 25
105 105
17 17
193 193
