DZA GBR FRA FRO GEO HND GEO ESH ECU FSM GHA FSM ERI FIN FLK FIN AFG FIN ESP AND ESP GIN BVT CAF BVT CAF COG CCK BLR BES BLM BFA BGD BFA BLM BRA GRC BRA BHS DOM CUW DNK ARE CYM CXR CZE CYM ARE ALB ARE DNK DJI DMA DOM AUS DOM ASM ATF ATA ASM DOM BHS BRB CAN CIV CHE COD BRN BEL BDI BGR GLP GRL HKG CMR CCK BLR BEN AUT GUY GUM GRD GNQ GUY CUB GUY HMD GUM GRD CYM DZA
49
GBR GBR
FRA FRA
FRO FRO
GEO GEO
HND HND
ECU ECU
FSM FSM
GHA GHA
ERI ERI
FIN FIN
FLK FLK
AFG ABW
AND AND
CAF CAF
BVT BVT
COG COG
CCK CCK
BLR BLR
BES BES
BLM BLM
BFA BFA
BGD BGD
GRC GRC
BHS BHS
DOM DOM
CUW CUW
DNK DNK
ARE ARE
CYM CYM
CXR CXR
CZE CZE
ALB ALB ARG
DJI DJI
AUS AUS
ATF ATF
ATA ATA
BRB BRB
CAN CAN
CHE CHE
COD COD
BRN BRN
BDI BDI
GLP GLP
HKG HKG
BEN BEN
GRD GRD
GNQ GNQ
CUB CUB
HMD HMD
