100 31 15 27 36 33 12 11 10 121 30 16 59 25 22 60 14 34 7 39 78 13 29 43 45 26 44 2 17 1 54 46 50 19 47 48 49 20 42 3 41 4 71 40 8 9 6 58 55 18 53 23 51 189 192 21 56 88 165 153 111 100
60
31 31
15 15
27 27
36 28
33 33
12 12
11 11
10 10
121 121
30 30
16 16
59 59
25 25
22 22
60 60
14 14
34 34
7 7
39 39
78 37
13 13
29 29
43 43
45 45
26 26
44 44
2 2
17 17
1 1
54 54
46 46
50 50
19 19
47 47
48 48
49 49
20 20
42 42
3 3
41 41
4 4
71 5
40 40
8 8
9 9
6 6
58 58
55 24
18 18
53 52
23 23
51 51
189 182
192 192
21 21
56 57
88 32
165 165
153 153
111 111
