LeonieHill SungeiKadut Shipyard NeeSoon JurongWestCentral Outram Sennett MonksHill ConeyIsland Ridout BishanEast Yishun Phillip SerangoonGarden Victoria Novena SingaporePolytechnic TuasBay TanglinHalt SungeiRoad Semakau FarrerPark KampongGlam SembawangSprings Sentosa Guilin GreenwoodPark Trafalgar KallangWay AnchorvaleBuangkok YioChuKang MandaiWest NorthCoast BukitBatokCentral Boulevard PasirPanjang2 Springleaf AirportRoad Woodgrove ClementiCentral ChangiWest PunggolTownCentre TampinesWest YuhuaWestBoonLay ChoaChuKangCentral LoyangEast Townsville Kranji OrangeGrove DefuIndustrialPark Tyersall LeonieHill
50
SungeiKadut SungeiKadut
Shipyard Shipyard
NeeSoon NeeSoon
JurongWestCentral JurongWestCentral
Outram Outram
Sennett Sennett
MonksHill MonksHill
ConeyIsland ConeyIsland
Ridout Ridout
BishanEast BishanEast
Yishun Yishun
Phillip Phillip
SerangoonGarden SerangoonGarden
Victoria Victoria
Novena Novena
SingaporePolytechnic SingaporePolytechnic
TuasBay TuasBay
TanglinHalt TanglinHalt
SungeiRoad SungeiRoad
Semakau Semakau
FarrerPark FarrerPark
KampongGlam KampongGlam
SembawangSprings SembawangSprings
Sentosa Sentosa
Guilin Guilin
GreenwoodPark GreenwoodPark
Trafalgar Trafalgar
KallangWay KallangWay
AnchorvaleBuangkok AnchorvaleBuangkok
YioChuKang YioChuKang
MandaiWest MandaiWest
NorthCoast NorthCoast
BukitBatokCentral BukitBatokCentral
Boulevard Boulevard
PasirPanjang2 PasirPanjang2
Springleaf Springleaf
AirportRoad AirportRoad
Woodgrove Woodgrove
ClementiCentral ClementiCentral
ChangiWest ChangiWest
PunggolTownCentre PunggolTownCentre
TampinesWest TampinesWest
YuhuaWestBoonLay YuhuaWestBoonLay
ChoaChuKangCentral ChoaChuKangCentral
LoyangEast LoyangEast
Townsville Townsville
Kranji Kranji
OrangeGrove OrangeGrove
DefuIndustrialPark DefuIndustrialPark
Tyersall Tyersall
