YuhuaEast Sennett SerangoonGarden SingaporeRiver ChinaSquare CityHall Mandai PasirRis SembawangStraits OneTreeHill HongKah UpperThomson Trafalgar ClementiNorth EvertonPark ReservoirView PulauPunggolTimor Khatib SimpangNorth Paterson AlexandraNorth ChoaChuKang Saujana BoatQuay Aljunied YioChuKang HougangCentral DefuIndustrialPark Shipyard PasirRisPark BedokSouth OrangeGrove PeoplesPark BayfrontSubzone SouthernIslands HongKahNorth TuasNorthPioneer Chatsworth InstitutionHill Kembangan RochorCanal Commonwealth KentRidge SungeiRoad WaterwayEast PangSua DairyFarm PeiChun JurongPort JooSengPayaLebar TampinesNorth Northland WoodlandsWest BukitBatokSouth SerangoonCentral Mountbatten ChangiWest TohGuan PayaLebarEast Museum GeylangEast KebunBahru Tampines BukitBatokWest MandaiEast TuasBay TiongBahru TuasPromenade Tanglin PunggolField Moulmein BenoiSector PasirRisDrive SembawangHills UluPandan YioChuKangEast KeatHong BedokNorth BoonLayPlace LowerSeletar PearlsHill OneNorth AngMoKioTownCentre ChangiPoint Port Geylang Matilda Punggol Serangoon Brickworks TelokBlangahRise Sentosa IstanaNegara SungeiKadut DhobyGhaut JurongWestCentral Cairnhill SerangoonNorth TagoreSindo Sembawang EastCoast YuhuaEast
100
Sennett Sennett
SerangoonGarden SerangoonGarden
SingaporeRiver SingaporeRiver
ChinaSquare ChinaSquare
CityHall CityHall
Mandai Mandai
PasirRis PasirRis
SembawangStraits SembawangStraits
OneTreeHill OneTreeHill
HongKah HongKah
UpperThomson UpperThomson
Trafalgar Trafalgar
ClementiNorth ClementiNorth
EvertonPark EvertonPark
ReservoirView ReservoirView
PulauPunggolTimor PulauPunggolTimor
Khatib Khatib
SimpangNorth SimpangNorth
Paterson Paterson
AlexandraNorth AlexandraNorth
ChoaChuKang ChoaChuKang
Saujana Saujana
BoatQuay BoatQuay
Aljunied Aljunied
YioChuKang YioChuKang
HougangCentral HougangCentral
DefuIndustrialPark DefuIndustrialPark
Shipyard Shipyard
PasirRisPark PasirRisPark
BedokSouth BedokSouth
OrangeGrove OrangeGrove
PeoplesPark PeoplesPark
BayfrontSubzone BayfrontSubzone
SouthernIslands SouthernIslands
HongKahNorth HongKahNorth
TuasNorthPioneer TuasNorthPioneer
Chatsworth Chatsworth
InstitutionHill InstitutionHill
Kembangan Kembangan
RochorCanal RochorCanal
Commonwealth Commonwealth
KentRidge KentRidge
SungeiRoad SungeiRoad
WaterwayEast WaterwayEast
PangSua PangSua
DairyFarm DairyFarm
PeiChun PeiChun
JurongPort JurongPort
JooSengPayaLebar JooSengPayaLebar
TampinesNorth TampinesNorth
Northland Northland
WoodlandsWest WoodlandsWest
BukitBatokSouth BukitBatokSouth
SerangoonCentral SerangoonCentral
Mountbatten Mountbatten
ChangiWest ChangiWest
TohGuan TohGuan
PayaLebarEast PayaLebarEast
Museum Museum
GeylangEast GeylangEast
KebunBahru KebunBahru
Tampines Tampines
BukitBatokWest BukitBatokWest
MandaiEast MandaiEast
TuasBay TuasBay
TiongBahru TiongBahru
TuasPromenade TuasPromenade
Tanglin Tanglin
PunggolField PunggolField
Moulmein Moulmein
BenoiSector BenoiSector
PasirRisDrive PasirRisDrive
SembawangHills SembawangHills
UluPandan UluPandan
YioChuKangEast YioChuKangEast
KeatHong KeatHong
BedokNorth BedokNorth
BoonLayPlace BoonLayPlace
LowerSeletar LowerSeletar
PearlsHill PearlsHill
OneNorth OneNorth
AngMoKioTownCentre AngMoKioTownCentre
ChangiPoint ChangiPoint
Port Port
Geylang Geylang
Matilda Matilda
Punggol Punggol
Serangoon Serangoon
Brickworks Brickworks
TelokBlangahRise TelokBlangahRise
Sentosa Sentosa
IstanaNegara IstanaNegara
SungeiKadut SungeiKadut
DhobyGhaut DhobyGhaut
JurongWestCentral JurongWestCentral
Cairnhill Cairnhill
SerangoonNorth SerangoonNorth
TagoreSindo TagoreSindo
Sembawang Sembawang
EastCoast EastCoast
