BukitBatokEast Simei SungeiRoad Sudong LeonieHill DowntownCore LowerSeletar Safti Tengeh Frankel SwissClub TanjongPagar SimpangNorth NeeSoon Tyersall ChoaChuKang CityHall Sembawang JooKoon Hillcrest GhimMoh GaliBatuMandai Redhill PearlsHill TiongBahruStation RiverValley BukitBatokEast
25
Simei Simei
SungeiRoad SungeiRoad
Sudong Sudong
LeonieHill LeonieHill
DowntownCore DowntownCore
LowerSeletar LowerSeletar
Safti Safti
Tengeh Tengeh
Frankel Frankel
SwissClub SwissClub
TanjongPagar TanjongPagar
SimpangNorth SimpangNorth
NeeSoon NeeSoon
Tyersall Tyersall
ChoaChuKang ChoaChuKang
CityHall CityHall
Sembawang Sembawang
JooKoon JooKoon
Hillcrest Hillcrest
GhimMoh GhimMoh
GaliBatuMandai GaliBatuMandai
Redhill Redhill
PearlsHill PearlsHill
TiongBahruStation TiongBahruStation
RiverValley RiverValley
