139 18 11 85 2 72 69 98 147 153 157 8 178 1 47 32 148 165 152 176 191 58 89 13 30 21 79 114 113 144 156 187 43 14 15 31 25 111 141 131 81 122 118 128 142 23 146 182 7 60 74 27 96 145 188 64 158 5 35 104 33 67 75 91 37 109 130 82 95 119 106 172 161 9 78 84 189 184 16 26 48 71 198 65 77 123 138 108 186 101 127 22 41 44 112 105 125 57 39 173 134 139
100
18 18
11 11
85 85
2 2
72 72
69 69
98 98
147 147
153 153
157 157
8 8
178 178
1 1
47 47
32 32
148 148
165 165
152 152
176 176
191 191
58 58
89 89
13 13
30 30
21 21
79 79
114 114
113 113
144 144
156 156
187 187
43 43
14 14
15 15
31 31
25 25
111 111
141 141
131 131
81 81
122 122
118 118
128 128
142 142
23 23
146 146
182 182
7 7
60 60
74 74
27 27
96 96
145 145
188 188
64 64
158 158
5 5
35 35
104 104
33 33
67 67
75 75
91 91
37 37
109 109
130 130
82 82
95 95
119 119
106 106
172 172
161 161
9 9
78 78
84 84
189 189
184 184
16 16
26 26
48 48
71 71
198 198
65 65
77 77
123 123
138 138
108 108
186 186
101 101
127 127
22 22
41 41
44 44
112 112
105 105
125 125
57 57
39 39
173 173
134 134
