Hershberger Berka Collins Peters Wilson White Harris Anderson Dray Dotson Patton Preston Hagen Longhurst Robinson Tygart Kujawa Miller Luzar Johns Leisure Orange Yoder Singleton Kim Zwolinski Muni Sharp Aldrich Vanness Legrand Mclaughlin Street Reeder Hershberger
33
Berka Berka
Collins Collins
Peters Peters
Wilson Wilson
White White
Harris Harris
Anderson Anderson
Dray Dray
Dotson Dotson
Patton Patton
Preston Preston
Hagen Hagen
Longhurst Longhurst
Robinson Robinson
Tygart Tygart
Kujawa Kujawa
Miller Miller
Luzar Luzar
Johns Johns
Leisure Leisure
Orange Orange
Yoder Yoder
Singleton Singleton
Kim Kim
Zwolinski Zwolinski
Muni Muni
Sharp Sharp
Aldrich Aldrich
Vanness Vanness
Legrand Legrand
Mclaughlin Mclaughlin
Street Street
Reeder Sanchez
