Qwilfish Drampa Sandile Simisear Noibat Skiddo Skorupi Munna Swadloon Magnemite Nincada Comfey Seaking Honedge Kakuna Treecko Weepinbell Meloetta Porygon2 Scatterbug Inkay Slurpuff Metang Crawdaunt Woobat Vespiquen Shellder Vullaby Drapion Taillow Lotad Amoonguss Stufful Conkeldurr Volcarona Magmar Shellos Steenee Jumpluff Plusle Metapod Whismur Bastiodon Weezing Escavalier Froakie Bounsweet Gengar Tauros Wailord Qwilfish
50
Qwilfish Qwilfish
Drampa Drampa
Sandile Sandile
Simisear Simisear
Noibat Noibat
Skiddo Skiddo
Skorupi Skorupi
Munna Munna
Swadloon Swadloon
Magnemite Magnemite
Nincada Nincada
Comfey Comfey
Seaking Seaking
Honedge Honedge
Kakuna Kakuna
Treecko Treecko
Weepinbell Weepinbell
Meloetta Meloetta
Porygon2 Porygon2
Scatterbug Scatterbug
Inkay Inkay
Slurpuff Slurpuff
Metang Metang
Crawdaunt Crawdaunt
Woobat Woobat
Vespiquen Vespiquen
Shellder Shellder
Vullaby Vullaby
Drapion Drapion
Taillow Taillow
Lotad Lotad
Amoonguss Amoonguss
Stufful Stufful
Conkeldurr Conkeldurr
Volcarona Volcarona
Magmar Magmar
Shellos Shellos
Steenee Steenee
Jumpluff Jumpluff
Plusle Plusle
Metapod Metapod
Whismur Whismur
Bastiodon Bastiodon
Weezing Weezing
Escavalier Escavalier
Froakie Froakie
Bounsweet Bounsweet
Gengar Gengar
Tauros Tauros
Wailord Wailord
