Qwilfish Tropius Drapion Taillow Paras Vullaby Jumpluff Plusle Shellos Xerneas Wailord Drampa Phanpy Skiddo Noibat Simisear Sandile Meloetta Porygon2 Inkay Vespiquen Metapod Weezing Escavalier Slowbro Nincada Comfey Seaking Terrakion Politoed Tornadus Kakuna Treecko Lumineon Dewpider Whismur Bastiodon Metang Slurpuff Crawdaunt Woobat Scatterbug Tsareena Shellder Honedge Weepinbell Skorupi Munna Swadloon Magnemite Yungoos Magmar Volcarona Steenee Wartortle Zekrom Conkeldurr Lotad Amoonguss Stufful Froakie Bounsweet Gengar Tauros Qwilfish
64
Qwilfish Qwilfish
Tropius Tropius
Drapion Drapion
Taillow Taillow
Paras Paras
Vullaby Vullaby
Jumpluff Jumpluff
Plusle Plusle
Shellos Shellos
Xerneas Xerneas
Wailord Wailord
Drampa Drampa
Phanpy Phanpy
Skiddo Skiddo
Noibat Noibat
Simisear Simisear
Sandile Sandile
Meloetta Meloetta
Porygon2 Porygon2
Inkay Inkay
Vespiquen Vespiquen
Metapod Metapod
Weezing Weezing
Escavalier Escavalier
Slowbro Slowbro
Nincada Nincada
Comfey Comfey
Seaking Seaking
Terrakion Terrakion
Politoed Politoed
Tornadus Tornadus
Kakuna Kakuna
Treecko Treecko
Lumineon Lumineon
Dewpider Dewpider
Whismur Whismur
Bastiodon Bastiodon
Metang Metang
Slurpuff Slurpuff
Crawdaunt Crawdaunt
Woobat Woobat
Scatterbug Scatterbug
Tsareena Tsareena
Shellder Shellder
Honedge Honedge
Weepinbell Weepinbell
Skorupi Skorupi
Munna Munna
Swadloon Swadloon
Magnemite Magnemite
Yungoos Yungoos
Magmar Magmar
Volcarona Volcarona
Steenee Steenee
Wartortle Wartortle
Zekrom Zekrom
Conkeldurr Conkeldurr
Lotad Lotad
Amoonguss Amoonguss
Stufful Stufful
Froakie Froakie
Bounsweet Bounsweet
Gengar Gengar
Tauros Tauros
