Burlington Independence Naperville Bridgeport Miramar Clarke Columbus Hampton Myrtle McAllen Cedar Cambridge Buffalo Louisville Chicago Hayward Amarillo Greenville Honolulu Davenport Merced Denver Rapids Chattanooga Killeen Prairie Burlington
25
Independence Independence
Naperville Naperville
Bridgeport Bridgeport
Miramar Miramar
Clarke Clarke
Columbus Columbus
Hampton Hampton
Myrtle Myrtle
McAllen McAllen
Cedar Cedar
Cambridge Cambridge
Buffalo Buffalo
Louisville Louisville
Chicago Chicago
Hayward Hayward
Amarillo Amarillo
Greenville Greenville
Honolulu Honolulu
Davenport Davenport
Merced Merced
Denver Denver
Rapids Rapids
Chattanooga Chattanooga
Killeen Killeen
Prairie Prairie
