Monroe Clarksville Lewisville Allentown Miami Corpus Hartford Glendale Amarillo Mesquite Birmingham Austin Huntsville Killeen Baltimore Kenosha Brownsville Hickory Ten Jacksonville Anaheim Lakeland Burlington Dayton Daytona Anchorage Apple Fayetteville Hayward Denton Hesperia Clarke Viejo Prairie Hampton Modesto Gilbert Naples Bedford Kennewick Denver Bradenton Monterey Lafayette Huntington Elkhart Erie Cleveland Julian Athens Antioch Hagerstown Lancaster Havre Layton Canton Four Boulder Lacey Melbourne Elizabeth Irving Baton Three Detroit Montgomery Merced Dallas Gainesville Vista Leominster Mobile Rapids Arlington Bridgeport Abilene Charleston Johnson Laredo Seven Kissimmee Akron Carrollton Asheville Chesapeake Manchester Cary Fairfield Mesa Hialeah Albany Boise Cambridge Lowell Aberdeen Muskegon Bethlehem Kailua Davidson Greensboro Monroe
100
Monroe Monroe
Clarksville Clarksville
Lewisville Lewisville
Allentown Allentown
Miami Miami
Corpus Corpus
Hartford Hartford
Glendale Glendale
Amarillo Amarillo
Mesquite Mesquite
Birmingham Birmingham
Austin Austin
Huntsville Huntsville
Killeen Killeen
Baltimore Baltimore
Kenosha Kenosha
Brownsville Brownsville
Hickory Hickory
Ten Ten
Jacksonville Jacksonville
Anaheim Anaheim
Lakeland Lakeland
Burlington Burlington
Dayton Dayton
Daytona Daytona
Anchorage Anchorage
Apple Apple
Fayetteville Fayetteville
Hayward Hayward
Denton Denton
Hesperia Hesperia
Clarke Clarke
Viejo Viejo
Prairie Prairie
Hampton Hampton
Modesto Modesto
Gilbert Gilbert
Naples Naples
Bedford Bedford
Kennewick Kennewick
Denver Denver
Bradenton Bradenton
Monterey Monterey
Lafayette Lafayette
Huntington Huntington
Elkhart Elkhart
Erie Erie
Cleveland Cleveland
Julian Julian
Athens Athens
Antioch Antioch
Hagerstown Hagerstown
Lancaster Lancaster
Havre Havre
Layton Layton
Canton Canton
Four Four
Boulder Boulder
Lacey Lacey
Melbourne Melbourne
Elizabeth Elizabeth
Irving Irving
Baton Baton
Three Three
Detroit Detroit
Montgomery Montgomery
Merced Merced
Dallas Dallas
Gainesville Gainesville
Vista Vista
Leominster Leominster
Mobile Mobile
Rapids Rapids
Arlington Arlington
Bridgeport Bridgeport
Abilene Abilene
Charleston Charleston
Johnson Johnson
Laredo Laredo
Seven Seven
Kissimmee Kissimmee
Akron Akron
Carrollton Carrollton
Asheville Asheville
Chesapeake Chesapeake
Manchester Manchester
Cary Cary
Fairfield Fairfield
Mesa Mesa
Hialeah Hialeah
Albany Albany
Boise Boise
Cambridge Cambridge
Lowell Lowell
Aberdeen Aberdeen
Muskegon Muskegon
Bethlehem Bethlehem
Kailua Kailua
Davidson Davidson
Greensboro Greensboro
