DK CP BM CU AA FB CM EL AV CA HC DI BL FT AO AG EY BF BV FH EA CD AY BE GY CE HJ HD CY DF CI GB EP DE ET CT HE DZ EN AM CC EQ GV BZ DN HB FZ FG BH AU DB DO DT BP DM BW ED DD EO FN FD FP DU GR BC HI AK GX EB CW BI DX CS AN GZ DL DP AT CK ES HF EM GN GG AB EW BR CX FW CG EF FA AZ CR GT DK
94
CP CP
BM BM
CU CU
AA AA
FB FB
CM CM
EL EL
AV AV
CA CA
HC HC
DI DI
BL BL
FT FT
AO AO
AG AG
EY EY
BF BF
BV BV
FH FH
EA EA
CD CD
AY AY
BE BE
GY GY
CE CE
HJ HJ
HD HD
CY CY
DF DF
CI CI
GB GB
EP EP
DE DE
ET ET
CT CT
HE HE
DZ DZ
EN EN
AM AM
CC CC
EQ EQ
GV GV
BZ BZ
DN DN
HB HB
FZ FZ
FG FG
BH BH
AU AU
DB DB
DO DO
DT DT
BP BP
DM DM
BW BW
ED ED
DD DD
EO EO
FN FN
FD FD
FP FP
DU DU
GR GR
BC BC
HI HI
AK AK
GX GX
EB EB
CW CW
BI BI
DX DX
CS CS
AN AN
GZ GZ
DL DL
DP DP
AT AT
CK CK
ES ES
HF HF
EM EM
GN GN
GG GG
AB AB
EW EW
BR BR
CX CX
FW FW
CG CG
EF EF
FA FA
AZ AZ
CR CR
GT GT
