LegendsAquaticCenter DurantHall GolbousPlace ValleyLifeSciencesBu MemorialGlade EucalyptusGrove CITRIS LewisHall NorthGateHall SodaHall LeConteHall LevineFrickeSoftball EllsworthParkingStru GoldmanField StarrEastAsianLibrar LawSchool NorthField SoutheastAsianStudie InvestigativeReporti SatherTower LegendsAquaticCenter
20
LegendsAquaticCenter LegendsAquaticCenter
DurantHall DurantHall
GolbousPlace GolbousPlace
ValleyLifeSciencesBu ValleyLifeSciencesBu
MemorialGlade MemorialGlade
EucalyptusGrove EucalyptusGrove
CITRIS CITRIS
LewisHall LewisHall
NorthGateHall NorthGateHall
SodaHall SodaHall
LeConteHall LeConteHall
LevineFrickeSoftball LevineFrickeSoftball
EllsworthParkingStru EllsworthParkingStru
GoldmanField GoldmanField
StarrEastAsianLibrar StarrEastAsianLibrar
LawSchool LawSchool
NorthField NorthField
SoutheastAsianStudie SoutheastAsianStudie
InvestigativeReporti InvestigativeReporti
SatherTower SatherTower
