McLaughlinHall CareerCenter MoffittLibrary RedwoodGroveBotanica MathematicalSciences DurantHall SamsPad BotanicalGarden KroeberHall HasteStreetChildDeve VisitorCenter EnergyBiosciencesBui GrinnellNaturalArea EtcheverryHall RecreationalSportsFa EvansDiamond EastAsianStudiesInst WarrenHall HertzHall BancroftParkingStruc Library PublicAffairsOfficeo SeniorHall ResidentialStudentSe FacultyGlade BerkeleyArtMuseumand ZellerbachHall SimpsonCenterforStud LegendsAquaticCenter WitterRugbyField MagnesCollectionofJe Unit3ResidentHall WomensFacultyClub EshlemanHall JonesChildStudyCente GiauqueHall SpiekerAquaticsCompl InsectaryGreenhouse GianniniHall LevineFrickeSoftball AnnaHeadAlumnaeHall StrawberryCanyonRecr Romeos UCBerkeleyExtension CNMAT1750ArchSt GoldmanSchool CampusSharedServices StephensHall McLaughlinHall
48
McLaughlinHall McLaughlinHall
CareerCenter CareerCenter
MoffittLibrary MoffittLibrary
RedwoodGroveBotanica RedwoodGroveBotanica
MathematicalSciences MathematicalSciences
DurantHall DurantHall
SamsPad SamsPad
BotanicalGarden BotanicalGarden
KroeberHall KroeberHall
HasteStreetChildDeve HasteStreetChildDeve
VisitorCenter VisitorCenter
EnergyBiosciencesBui EnergyBiosciencesBui
GrinnellNaturalArea GrinnellNaturalArea
EtcheverryHall EtcheverryHall
RecreationalSportsFa RecreationalSportsFa
EvansDiamond EvansDiamond
EastAsianStudiesInst EastAsianStudiesInst
WarrenHall WarrenHall
HertzHall HertzHall
BancroftParkingStruc BancroftParkingStruc
Library Library
PublicAffairsOfficeo PublicAffairsOfficeo
SeniorHall SeniorHall
ResidentialStudentSe ResidentialStudentSe
FacultyGlade FacultyGlade
BerkeleyArtMuseumand BerkeleyArtMuseumand
ZellerbachHall ZellerbachHall
SimpsonCenterforStud SimpsonCenterforStud
LegendsAquaticCenter LegendsAquaticCenter
WitterRugbyField WitterRugbyField
MagnesCollectionofJe MagnesCollectionofJe
Unit3ResidentHall Unit3ResidentHall
WomensFacultyClub WomensFacultyClub
EshlemanHall EshlemanHall
JonesChildStudyCente JonesChildStudyCente
GiauqueHall GiauqueHall
SpiekerAquaticsCompl SpiekerAquaticsCompl
InsectaryGreenhouse InsectaryGreenhouse
GianniniHall GianniniHall
LevineFrickeSoftball LevineFrickeSoftball
AnnaHeadAlumnaeHall AnnaHeadAlumnaeHall
StrawberryCanyonRecr StrawberryCanyonRecr
Romeos Romeos
UCBerkeleyExtension UCBerkeleyExtension
CNMAT1750ArchSt CNMAT1750ArchSt
GoldmanSchool GoldmanSchool
CampusSharedServices CampusSharedServices
StephensHall StephensHall
