BerkeleyArtMuseumand LegendsAquaticCenter LawSchool BancroftLibrary ArchitectsEngineersA SatherTower CareerCenter FallProgramforFreshm WarrenHall SpiekerAquaticsCompl MulfordHall ChancellorsEsplanade LawrenceHallofScienc HaasSchoolofBusiness UniversityHouse IRLE McConeHall EvansDiamond AnthonyHall Demography BarrowsHall LiKaShingCenter Library AlumniHouse BancroftDanceStudio PublicAffairsOfficeo HavilandHall MorrisonHall NorthField KoshlandHall SimpsonCenterforStud InsectaryGreenhouse MariesHouse LatinAmericanStudies McLaughlinHall AcademicInnovationSt PacificFilmArchiveBe ObservatoryHill FacultyGlade Sebastians SutardjaDaiHall GolbousPlace UniversityHealthServ CoryHall StanleyHall EvansHall GraduateTheologicalU KoretVisitorCenter MosesHall LawrenceBerkeleyNati EllsworthParkingStru MathematicalSciences MartinezCommons UpperHearstParkingSt GoldmanField CheitHall EnergyBiosciencesBui HearstMemorialMining LeConteHall BowlesHall ClarkKerrCampus ManvilleHall FacultyClub CesarEChavezStudentC GianniniHall CaliforniaHall HenryHWheelerBrainIm EdwardsTrackStadiumG ZellerbachHall InvestigativeReporti BanwayBuilding NaturalResourcesLabo MagnesCollectionofJe WellmanHall AHammock MaxwellFamilyFieldan EastAsianStudiesInst FoxCottage2350Bowdit SimonHall Unit1ResidentHall InternationalHouse LowerHearstParkingSt BerkeleyArtMuseumand
82
BerkeleyArtMuseumand BerkeleyArtMuseumand
LegendsAquaticCenter LegendsAquaticCenter
LawSchool LawSchool
BancroftLibrary BancroftLibrary
ArchitectsEngineersA ArchitectsEngineersA
SatherTower SatherTower
CareerCenter CareerCenter
FallProgramforFreshm FallProgramforFreshm
WarrenHall WarrenHall
SpiekerAquaticsCompl SpiekerAquaticsCompl
MulfordHall MulfordHall
ChancellorsEsplanade ChancellorsEsplanade
LawrenceHallofScienc LawrenceHallofScienc
HaasSchoolofBusiness HaasSchoolofBusiness
UniversityHouse UniversityHouse
IRLE IRLE
McConeHall McConeHall
EvansDiamond EvansDiamond
AnthonyHall AnthonyHall
Demography Demography
BarrowsHall BarrowsHall
LiKaShingCenter LiKaShingCenter
Library Library
AlumniHouse AlumniHouse
BancroftDanceStudio BancroftDanceStudio
PublicAffairsOfficeo PublicAffairsOfficeo
HavilandHall HavilandHall
MorrisonHall MorrisonHall
NorthField NorthField
KoshlandHall KoshlandHall
SimpsonCenterforStud SimpsonCenterforStud
InsectaryGreenhouse InsectaryGreenhouse
MariesHouse MariesHouse
LatinAmericanStudies LatinAmericanStudies
McLaughlinHall McLaughlinHall
AcademicInnovationSt AcademicInnovationSt
PacificFilmArchiveBe PacificFilmArchiveBe
ObservatoryHill ObservatoryHill
FacultyGlade FacultyGlade
Sebastians Sebastians
SutardjaDaiHall SutardjaDaiHall
GolbousPlace GolbousPlace
UniversityHealthServ UniversityHealthServ
CoryHall CoryHall
StanleyHall StanleyHall
EvansHall EvansHall
GraduateTheologicalU GraduateTheologicalU
KoretVisitorCenter KoretVisitorCenter
MosesHall MosesHall
LawrenceBerkeleyNati LawrenceBerkeleyNati
EllsworthParkingStru EllsworthParkingStru
MathematicalSciences MathematicalSciences
MartinezCommons MartinezCommons
UpperHearstParkingSt UpperHearstParkingSt
GoldmanField GoldmanField
CheitHall CheitHall
EnergyBiosciencesBui EnergyBiosciencesBui
HearstMemorialMining HearstMemorialMining
LeConteHall LeConteHall
BowlesHall BowlesHall
ClarkKerrCampus ClarkKerrCampus
ManvilleHall ManvilleHall
FacultyClub FacultyClub
CesarEChavezStudentC CesarEChavezStudentC
GianniniHall GianniniHall
CaliforniaHall CaliforniaHall
HenryHWheelerBrainIm HenryHWheelerBrainIm
EdwardsTrackStadiumG EdwardsTrackStadiumG
ZellerbachHall ZellerbachHall
InvestigativeReporti InvestigativeReporti
BanwayBuilding BanwayBuilding
NaturalResourcesLabo NaturalResourcesLabo
MagnesCollectionofJe MagnesCollectionofJe
WellmanHall WellmanHall
AHammock AHammock
MaxwellFamilyFieldan MaxwellFamilyFieldan
EastAsianStudiesInst EastAsianStudiesInst
FoxCottage2350Bowdit FoxCottage2350Bowdit
SimonHall SimonHall
Unit1ResidentHall Unit1ResidentHall
InternationalHouse InternationalHouse
LowerHearstParkingSt LowerHearstParkingSt
