a b k l m ab ae ah an ap by cb ck cq do dt du dv ec en ew ex fa fd fu ga c u aw bb ci em et fl e cs h eg j o p t w y aa ag aj ak al ar az bc bd bf bi bl bm br bv bz cd ch cl cp ct cu cv de df dg dj dm dn dq dx ea ed ee ep eq er eu ev ey fb ff fg fh fn fr fs fv fy fz gb gh gl gm gn gp a
100
a a
b b
k k
l l
m m
ab ab
ae ae
ah ah
an an
ap ap
by by
cb cb
ck ck
cq cq
do do
dt dt
du du
dv dv
ec ec
en en
ew ew
ex ex
fa fa
fd fd
fu fu
ga ga
c c
u u
aw aw
bb bb
ci ci
em em
et et
fl fl
e e
cs cs
h h
eg eg
j j
o o
p p
t t
w w
y y
aa aa
ag ag
aj aj
ak ak
al al
ar ar
az az
bc bc
bd bd
bf bf
bi bi
bl bl
bm bm
br br
bv bv
bz bz
cd cd
ch ch
cl cl
cp cp
ct ct
cu cu
cv cv
de de
df df
dg dg
dj dj
dm dm
dn dn
dq dq
dx dx
ea ea
ed ed
ee ee
ep ep
eq eq
er er
eu eu
ev ev
ey ey
fb fb
ff ff
fg fg
fh fh
fn fn
fr fr
fs fs
fv fv
fy fy
fz fz
gb gb
gh gh
gl gl
gm gm
gn gn
gp gp
