0 2 3 4 5 7 9 24 10 72 67 63 59 57 51 26 28 27 12 30 31 14 47 45 42 86 48 49 50 93 89 92 90 44 43 91 46 80 88 94 17 18 19 13 15 16 99 76 78 40 32 33 36 41 81 79 73 69 65 61 29 34 38 75 95 96 97 98 35 39 37 84 87 82 83 11 71 68 64 60 8 74 66 62 58 56 52 55 23 0
89
0 1 21 22
2 2
3 3
4 4
5 6
7 25
9 9
24 24
10 10
72 72
67 67
63 63
59 59
57 57
51 51
26 26
28 28
27 77
12 12
30 30
31 31
14 14
47 47
45 45
42 42
86 86
48 48
49 49
50 50
93 93
89 89
92 92
90 90
44 44
43 43
91 91
46 46
80 80
88 88
94 94
17 17
18 18
19 20
13 13
15 15
16 16
99 85
76 76
78 78
40 40
32 32
33 33
36 36
41 41
81 81
79 79
73 73
69 69
65 70
61 61
29 29
34 34
38 38
75 75
95 95
96 96
97 97
98 98
35 35
39 39
37 37
84 84
87 87
82 82
83 83
11 11
71 71
68 68
64 64
60 60
8 8
74 74
66 66
62 62
58 58
56 56
52 55
55 54
23 23
