6 1 4 0 8 7 15 14 19 10 18 20 21 26 23 31 38 36 39 40 48 46 41 51 50 59 57 69 62 63 60 65 74 78 77 75 79 81 87 88 85 90 95 97 98 105 101 107 109 106 114 112 115 118 113 126 120 128 129 125 139 130 137 132 134 198 194 191 190 196 186 181 182 187 185 176 170 179 178 177 164 166 167 163 150 153 157 152 148 149 144 145 146 6
92
1 1
4 4
0 0
8 8
7 7
15 15
14 14
19 19
10 10
18 18
20 20
21 21
26 26
23 23
31 31
38 38
36 36
39 39
40 40
48 48
46 46
41 41
51 51
50 50
59 59
57 57
69 69
62 62
63 63
60 60
65 65
74 74
78 78
77 77
75 75
79 79
81 81
87 87
88 88
85 85
90 90
95 95
97 97
98 98
105 105
101 101
107 107
109 109
106 106
114 114
112 112
115 115
118 118
113 113
126 126
120 120
128 128
129 129
125 125
139 139
130 130
137 137
132 132
134 134
198 198
194 194
191 191
190 190
196 196
186 186
181 181
182 182
187 187
185 185
176 176
170 170
179 179
178 178
177 177
164 164
166 166
167 167
163 163
150 150
153 153
157 157
152 152
148 148
149 149
144 144
145 145
146 146
