187 86 156 47 67 18 196 13 59 42 120 153 29 68 162 32 45 70 199 63 48 94 7 110 36 87 8 172 119 52 78 164 166 173 72 136 161 191 107 30 2 190 169 6 12 132 93 41 146 69 171 39 160 165 154 134 97 54 55 89 80 44 180 117 140 65 183 58 95 157 83 53 33 176 126 73 175 142 128 124 181 71 148 150 15 82 127 92 184 23 133 131 109 9 114 79 163 152 111 108 90 187
100
86 86
156 156
47 47
67 67
18 18
196 196
13 13
59 59
42 42
120 120
153 153
29 29
68 68
162 162
32 32
45 45
70 70
199 199
63 63
48 48
94 94
7 7
110 110
36 36
87 87
8 8
172 172
119 119
52 52
78 78
164 164
166 166
173 173
72 72
136 136
161 161
191 191
107 107
30 30
2 2
190 190
169 169
6 6
12 12
132 132
93 93
41 41
146 146
69 69
171 171
39 39
160 160
165 165
154 154
134 134
97 97
54 54
55 55
89 89
80 80
44 44
180 180
117 117
140 140
65 65
183 183
58 58
95 95
157 157
83 83
53 53
33 33
176 176
126 126
73 73
175 175
142 142
128 128
124 124
181 181
71 71
148 148
150 150
15 15
82 82
127 127
92 92
184 184
23 23
133 133
131 131
109 109
9 9
114 114
79 79
163 163
152 152
111 111
108 108
90 90
