16 33 63 25 63 36 39 75 92 19 85 3 68 74 45 5 7 6 27 83 90 83 60 88 53 94 15 80 15 57 84 96 0 38 31 72 93 86 99 82 20 11 81 82 62 82 38 52 57 21 40 55 80 37 65 61 23 17 29 50 58 64 51 77 2 71 44 71 8 18 48 60 35 16
50
33 33
25 25
36 36
39 39
75 75
92 92
19 19
85 85
3 3
68 68
74 74
5 5
7 7
6 6
83 83
90 90
60 60
88 88
53 53
94 94
15 15
80 80
84 84
96 96
0 0
31 31
93 93
86 86
82 82
20 20
11 11
81 81
62 62
52 52
21 21
40 40
55 55
37 37
65 65
61 61
23 23
17 17
29 29
50 50
58 58
51 51
77 77
44 44
18 18
35 35
