According to known of is way bee be Its are small its little off The anyway because what think and it Breakfast on you this pick Use fatherpaid money very A report got thing lint Wave row flying that Special thought Three grade Those glad day around come growing Hear about According
50
to to
known known
of of
is is
way way
bee bee
be be
Its Its
are are
small small
its its
little little
off off
The The
anyway anyway
because bees
what what
think think
and and
it it
Breakfast Breakfast
on on
you you
this this
pick pick
Use Use
fatherpaid fatherpaid
money money
very very
A A
report report
got got
thing going
lint lint
Wave Wave
row row
flying flying
that that
Special Special
thought thought
Three Three
grade grade
Those Those
glad glad
day day
around around
come come
growing growing
Hear Hear
about not
