0 17 51 3 8 116 143 125 160 129 103 119 69 21 182 126 105 174 86 52 133 39 78 183 191 43 184 195 60 179 46 136 197 80 58 31 94 190 33 18 93 194 19 32 35 38 96 159 16 77 62 131 178 2 180 4 109 12 192 199 24 70 142 50 157 9 163 185 74 29 156 177 68 115 189 193 198 188 170 158 0
80
0 0
17 17
51 51
3 3
8 8
116 116
143 143
125 125
160 160
129 129
103 103
119 119
69 69
21 21
182 182
126 126
105 105
174 174
86 86
52 52
133 133
39 39
78 78
183 183
191 191
43 43
184 184
195 195
60 60
179 179
46 46
136 136
197 197
80 80
58 58
31 31
94 94
190 190
33 33
18 18
93 93
194 194
19 19
32 32
35 35
38 38
96 96
159 159
16 16
77 77
62 62
131 131
178 178
2 2
180 180
4 4
109 109
12 12
192 192
199 199
24 24
70 70
142 142
50 50
157 157
9 9
163 163
185 185
74 74
29 29
156 156
177 177
68 68
115 115
189 189
193 193
198 198
188 188
170 170
158 158
