190 135 166 56 45 153 5 172 47 68 10 22 117 100 179 66 71 182 2 99 188 113 94 123 195 44 55 36 34 65 38 121 137 103 168 23 186 84 192 69 108 133 156 1 142 162 95 54 163 93 164 165 136 67 8 33 83 129 114 92 132 152 106 27 116 189 111 32 50 3 57 169 176 21 102 198 181 118 29 109 141 52 138 61 11 30 104 146 193 139 177 101 173 40 60 76 185 112 149 62 46 190
100
135 135
166 166
56 56
45 45
153 153
5 5
172 172
47 47
68 68
10 10
22 22
117 117
100 100
179 179
66 66
71 71
182 182
2 2
99 99
188 188
113 113
94 94
123 123
195 195
44 44
55 55
36 36
34 34
65 65
38 38
121 121
137 137
103 103
168 168
23 23
186 186
84 84
192 192
69 69
108 108
133 133
156 156
1 1
142 142
162 162
95 95
54 54
163 163
93 93
164 164
165 165
136 136
67 67
8 8
33 33
83 83
129 129
114 114
92 92
132 132
152 152
106 106
27 27
116 116
189 189
111 111
32 32
50 50
3 3
57 57
169 169
176 176
21 21
102 102
198 198
181 181
118 118
29 29
109 109
141 141
52 52
138 138
61 61
11 11
30 30
104 104
146 146
193 193
139 139
177 177
101 101
173 173
40 40
60 60
76 76
185 185
112 112
149 149
62 62
46 46
