114 49 67 91 28 199 98 100 81 188 182 117 1 35 149 62 108 51 173 0 10 133 191 76 29 175 74 95 53 187 135 93 92 47 26 18 63 164 154 75 109 181 112 42 33 15 43 197 59 89 131 70 124 31 14 3 4 7 96 167 147 32 24 36 103 16 183 176 12 146 169 87 38 84 105 21 148 66 170 102 174 150 166 94 78 161 119 171 127 155 111 115 37 5 41 195 196 134 177 69 114
100
114 114
49 49
67 67
91 91
28 28
199 199
98 98
100 100
81 81
188 188
182 182
117 117
1 1
35 35
149 149
62 62
108 108
51 51
173 173
0 0
10 10
133 133
191 191
76 76
29 29
175 175
74 74
95 95
53 53
187 187
135 135
93 93
92 92
47 47
26 26
18 18
63 63
164 164
154 154
75 75
109 109
181 181
112 112
42 42
33 33
15 15
43 43
197 197
59 59
89 89
131 131
70 70
124 124
31 31
14 14
3 3
4 4
7 7
96 96
167 167
147 147
32 32
24 24
36 36
103 103
16 16
183 183
176 176
12 12
146 146
169 169
87 87
38 38
84 84
105 105
21 21
148 148
66 66
170 170
102 102
174 174
150 150
166 166
94 94
78 78
161 161
119 119
171 171
127 127
155 155
111 111
115 115
37 37
5 5
41 41
195 195
196 196
134 134
177 177
69 69
