Liam Joseph Alexander Mason Jayden Henry Matthew Elijah Sebastian David Oliver Jackson Carter Benjamin Jacob Wyatt Lucas Michael James Dylan Owen John Noah Logan William Aiden Luke Ethan Samuel Daniel Liam
30
Liam Liam
Joseph Joseph
Alexander Alexander
Mason Mason
Jayden Jayden
Henry Henry
Matthew Matthew
Elijah Elijah
Sebastian Sebastian
David David
Oliver Oliver
Jackson Jackson
Carter Carter
Benjamin Benjamin
Jacob Jacob
Wyatt Wyatt
Lucas Lucas
Michael Michael
James James
Dylan Dylan
Owen Owen
John John
Noah Noah
Logan Logan
William William
Aiden Aiden
Luke Luke
Ethan Ethan
Samuel Samuel
Daniel Daniel
