Liam Jordan Jack Joshua Lucas Noah Maverick Jayden Anthony Angel Cooper Antonio Elias Lincoln Dylan Andrew Oliver Easton Aiden Mateo John Matthew Gabriel Henry Bryson Leo Adam Colton Cameron Caleb Carter Nicholas Daniel Dominic Samuel Greyson Wyatt Ian Sebastian Christian Nathan Connor Grayson Alexander David Jaxson Jacob Landon William Aaron Michael Parker Jonathan Brayden Asher Jude Hunter Thomas James Isaac Eli Xavier Ryan Nolan Elijah Adrian Logan Luke Isaiah Theodore Austin Joseph Robert Charles Mason Jose Ezra Jackson Ezekiel Oscar Ethan Christopher Carson Hudson Benjamin Julian Josiah Jaxon Evan Liam
89
Liam Liam
Jordan Jordan
Jack Jack
Joshua Joshua
Lucas Lucas
Noah Noah
Maverick Maverick
Jayden Jayden
Anthony Anthony
Angel Angel
Cooper Cooper
Antonio Owen
Elias Elias
Lincoln Lincoln
Dylan Dylan
Andrew Andrew
Oliver Oliver
Easton Easton
Aiden Aiden
Mateo Mateo
John John
Matthew Matthew
Gabriel Gabriel
Henry Henry
Bryson Bryson
Leo Leo
Adam Adam
Colton Colton
Cameron Cameron
Caleb Caleb
Carter Carter
Nicholas Nicholas
Daniel Daniel
Dominic Dominic
Samuel Samuel
Greyson Greyson
Wyatt Wyatt
Ian Ian
Sebastian Sebastian
Christian Christian
Nathan Nathan
Connor Connor
Grayson Grayson
Alexander Alexander
David David
Jaxson Jaxson
Jacob Jacob
Landon Landon
William William
Aaron Aaron
Michael Michael
Parker Parker
Jonathan Jonathan
Brayden Brayden
Asher Asher
Jude Jace
Hunter Hunter
Thomas Thomas
James James
Isaac Isaac
Eli Eli
Xavier Xavier
Ryan Ryan
Nolan Nolan
Elijah Elijah
Adrian Adrian
Logan Logan
Luke Luke
Isaiah Isaiah
Theodore Theodore
Austin Austin
Joseph Joseph
Robert Robert
Charles Charles
Mason Mason
Jose Jose
Ezra Ezra
Jackson Jackson
Ezekiel Jeremiah
Oscar Levi
Ethan Ethan
Christopher Christopher
Carson Carson
Hudson Hudson
Benjamin Benjamin
Julian Julian
Josiah Josiah
Jaxon Jaxon
Evan Evan
