Liam Benjamin Wyatt Aiden David James Samuel Alexander Henry Oliver Lucas Jackson Ethan Mason William Carter Elijah Noah Logan Sebastian Matthew Joseph Jacob Michael Daniel Liam
25
Liam Liam
Benjamin Benjamin
Wyatt Wyatt
Aiden Aiden
David David
James James
Samuel Samuel
Alexander Alexander
Henry Henry
Oliver Oliver
Lucas Lucas
Jackson Jackson
Ethan Ethan
Mason Mason
William William
Carter Carter
Elijah Elijah
Noah Noah
Logan Logan
Sebastian Sebastian
Matthew Matthew
Joseph Joseph
Jacob Jacob
Michael Michael
Daniel Daniel
