zero three five twelve eleven nine sixteen fifteen twenty nineteen eighteen twentyfive thirtytwo thirtyone thirtyeight thirtyseven fortytwo forty fortyfive fortysix thirtyfour thirtyfive thirteen fourteen six seven zero
25
three three
five five
twelve twelve
eleven eleven
nine nine
sixteen sixteen
fifteen fifteen
twenty twenty
nineteen nineteen
eighteen eighteen
twentyfive twentyfive
thirtytwo thirtytwo
thirtyone thirtyone
thirtyeight thirtyeight
thirtyseven thirtyseven
fortytwo fortytwo
forty forty
fortyfive fortyfive
fortysix fortysix
thirtyfour thirtyfour
thirtyfive thirtyfive
thirteen thirteen
fourteen fourteen
six six
seven seven
