zero one two three ten eleven twelve seventeen sixteen fifteen twenty twentythree twentyfive twentysix twentyseven thirtythree thirtyfour twentynine thirtyseven thirtyeight fortyfour fortythree fortynine fortyfive fiftytwo fiftythree fiftyfive sixty fiftyeight fiftyseven sixtyfour seventy sixtynine sixtysix sixtyseven seventyone seventytwo seventyseven seventyfive seventyeight seventynine eightyseven ninetyeight ninetynine onehunone onehuneight onehunten onehuneleven onehunseventeen onehunsixteen onehuntwentythree onehuntwentyfour onehuntwentyone onehuntwentysix onehuntwentyeight onehuntwentyseven onehunthirty onehunthirtyfive onehunforty onehunfortythree onehunfortyfour onehunfortyfive onehunfortysix onehunfifty onehunfortynine onehunfiftyfour onehunfiftyseven onehunfiftynine onehunsixty onehunsixtyone onehunsixtyfour onehunsixtythree onehunseventy onehunsixtynine onehunseventyfive onehunseventyfour onehunseventythree onehunseventysix onehuneightytwo onehuneightyone onehuneighty onehuneightyseven onehuneightyfour onehunninetyone onehunninety onehunninetytwo onehunninetythree onehunninetyfour onehunseventyeight onehunseventyone onehunsixtyfive onehunsixtysix onehuneighteen onehunnineteen onehunthirteen eightyfour eightythree eightytwo six seven fourteen zero
100
one one
two two
three three
ten ten
eleven eleven
twelve twelve
seventeen seventeen
sixteen sixteen
fifteen fifteen
twenty twenty
twentythree twentythree
twentyfive twentyfive
twentysix twentysix
twentyseven twentyseven
thirtythree thirtythree
thirtyfour thirtyfour
twentynine twentynine
thirtyseven thirtyseven
thirtyeight thirtyeight
fortyfour fortyfour
fortythree fortythree
fortynine fortynine
fortyfive fortyfive
fiftytwo fiftytwo
fiftythree fiftythree
fiftyfive fiftyfive
sixty sixty
fiftyeight fiftyeight
fiftyseven fiftyseven
sixtyfour sixtyfour
seventy seventy
sixtynine sixtynine
sixtysix sixtysix
sixtyseven sixtyseven
seventyone seventyone
seventytwo seventytwo
seventyseven seventyseven
seventyfive seventyfive
seventyeight seventyeight
seventynine seventynine
eightyseven eightyseven
ninetyeight ninetyeight
ninetynine ninetynine
onehunone onehunone
onehuneight onehuneight
onehunten onehunten
onehuneleven onehuneleven
onehunseventeen onehunseventeen
onehunsixteen onehunsixteen
onehuntwentythree onehuntwentythree
onehuntwentyfour onehuntwentyfour
onehuntwentyone onehuntwentyone
onehuntwentysix onehuntwentysix
onehuntwentyeight onehuntwentyeight
onehuntwentyseven onehuntwentyseven
onehunthirty onehunthirty
onehunthirtyfive onehunthirtyfive
onehunforty onehunforty
onehunfortythree onehunfortythree
onehunfortyfour onehunfortyfour
onehunfortyfive onehunfortyfive
onehunfortysix onehunfortysix
onehunfifty onehunfifty
onehunfortynine onehunfortynine
onehunfiftyfour onehunfiftyfour
onehunfiftyseven onehunfiftyseven
onehunfiftynine onehunfiftynine
onehunsixty onehunsixty
onehunsixtyone onehunsixtyone
onehunsixtyfour onehunsixtyfour
onehunsixtythree onehunsixtythree
onehunseventy onehunseventy
onehunsixtynine onehunsixtynine
onehunseventyfive onehunseventyfive
onehunseventyfour onehunseventyfour
onehunseventythree onehunseventythree
onehunseventysix onehunseventysix
onehuneightytwo onehuneightytwo
onehuneightyone onehuneightyone
onehuneighty onehuneighty
onehuneightyseven onehuneightyseven
onehuneightyfour onehuneightyfour
onehunninetyone onehunninetyone
onehunninety onehunninety
onehunninetytwo onehunninetytwo
onehunninetythree onehunninetythree
onehunninetyfour onehunninetyfour
onehunseventyeight onehunseventyeight
onehunseventyone onehunseventyone
onehunsixtyfive onehunsixtyfive
onehunsixtysix onehunsixtysix
onehuneighteen onehuneighteen
onehunnineteen onehunnineteen
onehunthirteen onehunthirteen
eightyfour eightyfour
eightythree eightythree
eightytwo eightytwo
six six
seven seven
fourteen fourteen
