zero two three ten four five twelve fourteen twenty fifteen twentytwo twentyfour twentyfive twentynine thirty thirtyfive thirtyfour thirtythree thirtysix thirtyseven thirtynine fortyfour fortyfive fortyseven fortyeight fiftyone fifty fiftyfive fiftyseven sixtytwo sixtyone sixty sixtyseven sixtysix sixtyfive seventy sixtyeight seventyfive seventyseven seventyone seventyeight seventynine eightyone eightytwo eightyeight eightyseven eightynine ninetyfive eightyfour fiftythree six zero
50
two two
three three
ten ten
four four
five five
twelve twelve
fourteen fourteen
twenty twenty
fifteen fifteen
twentytwo twentytwo
twentyfour twentyfour
twentyfive twentyfive
twentynine twentynine
thirty thirty
thirtyfive thirtyfive
thirtyfour thirtyfour
thirtythree thirtythree
thirtysix thirtysix
thirtyseven thirtyseven
thirtynine thirtynine
fortyfour fortyfour
fortyfive fortyfive
fortyseven fortyseven
fortyeight fortyeight
fiftyone fiftyone
fifty fifty
fiftyfive fiftyfive
fiftyseven fiftyseven
sixtytwo sixtytwo
sixtyone sixtyone
sixty sixty
sixtyseven sixtyseven
sixtysix sixtysix
sixtyfive sixtyfive
seventy seventy
sixtyeight sixtyeight
seventyfive seventyfive
seventyseven seventyseven
seventyone seventyone
seventyeight seventyeight
seventynine seventynine
eightyone eightyone
eightytwo eightytwo
eightyeight eightyeight
eightyseven eightyseven
eightynine eightynine
ninetyfive ninetyfive
eightyfour eightyfour
fiftythree fiftythree
six six
