0 20 79 12 36 12 32 99 42 35 47 87 44 183 120 98 90 28 84 121 9 121 84 117 76 97 27 97 55 126 140 7 76 60 76 33 17 6 51 6 78 17 13 143 94 144 43 144 85 11 75 62 34 176 45 176 29 2 5 31 4 31 5 173 63 173 5 179 48 46 68 37 26 93 26 41 69 41 30 26 74 52 71 58 81 58 39 18 39 184 21 96 16 96 100 24 56 65 56 23 180 68 72 22 148 171 50 153 19 80 54 25 38 14 188 77 49 176 66 134 132 113 82 112 104 83 89 59 70 182 92 182 107 47 67 105 73 64 73 122 95 3 88 10 8 10 40 57 91 1 61 10 53 15 86 106 109 0
100
0 0
20 20
79 79
12 12
36 36
32 32
99 99
42 42
35 35
47 47
87 87
44 44
98 98
90 90
28 28
84 84
9 9
76 76
97 97
27 27
55 55
7 7
60 60
33 33
17 17
6 6
51 51
78 78
13 13
94 94
43 43
85 85
11 11
75 75
62 62
34 34
45 45
29 29
2 2
5 5
31 31
4 4
63 63
48 48
46 46
68 68
37 37
26 26
93 93
41 41
69 69
30 30
74 74
52 52
71 71
58 58
81 81
39 39
18 18
21 21
96 96
16 16
24 24
65 65
56 56
23 23
72 72
22 22
50 50
19 19
80 80
54 54
25 25
38 38
14 14
77 77
49 49
66 66
82 82
83 83
89 89
59 59
70 70
92 92
67 67
73 73
64 64
95 95
3 3
88 88
10 10
8 8
40 40
57 57
91 91
1 1
61 61
53 53
15 15
86 86
