0 117 191 140 104 138 178 113 132 102 107 114 180 109 100 164 142 105 150 106 151 153 158 108 194 118 125 101 115 154 175 112 172 116 103 171 119 182 183 110 0
39
117 192 193
191 191
140 140
104 139
138 138
178 178
113 179
132 132
102 131 133
107 155
114 181 184 185
180 180
109 161 162 163 165 166 167
100 120 121 122 123
164 164
142 142
105 141 143 144 145 146
150 150
106 147 148 149 152
151 151
153 153
158 158
108 156 157 159 160
194 194
118 195 196
125 125
101 124 126 127 128 129 130
115 186 187
154 154
175 175
112 173 174 176 177
172 172
116 188 189 190
103 134 135 136 137
171 171
119 197 198 199
182 182
183 183
110 168 169 170
