pump need preoccupation judicial reject survival hierarchy innovation exercise distributor impound formulate sweet sacrifice wear genetic packet sentiment ghost diagram wage physical guideline parallel attractive admiration mouse anger pipe descent plug reflection forest gloom lot appearance unanimous float ground pedestrian prospect nominate pursuit brain literature lemon ensure pray park row aspect tip feign hallway sit minor fairy category mud engineer separate sticky button valley rock linger freedom consideration line performance depressed privilege range polish title overlook affect leadership pump
78
pump pump
need need
preoccupation preoccupation
judicial judicial
reject reject
survival survival
hierarchy hierarchy
innovation innovation
exercise exercise
distributor distributor
impound impound
formulate formulate
sweet sweet
sacrifice sacrifice
wear wear
genetic genetic
packet packet
sentiment sentiment
ghost ghost
diagram diagram
wage wage
physical physical
guideline guideline
parallel parallel
attractive attractive
admiration admiration
mouse mouse
anger anger
pipe pipe
descent descent
plug plug
reflection reflection
forest forest
gloom gloom
lot lot
appearance appearance
unanimous unanimous
float float
ground ground
pedestrian pedestrian
prospect prospect
nominate nominate
pursuit pursuit
brain brain
literature literature
lemon lemon
ensure ensure
pray pray
park park
row row
aspect aspect
tip tip
feign feign
hallway hallway
sit sit
minor minor
fairy fairy
category category
mud mud
engineer engineer
separate separate
sticky sticky
button button
valley valley
rock rock
linger linger
freedom freedom
consideration consideration
line line
performance performance
depressed depressed
privilege privilege
range range
polish polish
title title
overlook overlook
affect affect
leadership leadership
