7FD578 1AC5CE 1176C9 01684B 859C0E 1EE680 981760 FF39A5 B40756 9B7F16 6CAF19 E5D023 2C376F 3E0BDD 877D0E 1BD5F4 2E60FC E27C41 EEEA40 9F01C8 F4C859 61D740 66B94B 7B7BDE 6C7BF0 A085DD 7FD578
25
1AC5CE 1AC5CE
1176C9 1176C9
01684B 01684B
859C0E 859C0E
1EE680 1EE680
981760 981760
FF39A5 FF39A5
B40756 B40756
9B7F16 9B7F16
6CAF19 6CAF19
E5D023 E5D023
2C376F 2C376F
3E0BDD 3E0BDD
877D0E 877D0E
1BD5F4 1BD5F4
2E60FC 2E60FC
E27C41 E27C41
EEEA40 EEEA40
9F01C8 9F01C8
F4C859 F4C859
61D740 61D740
66B94B 66B94B
7B7BDE 7B7BDE
6C7BF0 6C7BF0
A085DD A085DD
