F1E81B 813B05 685D1A B7F75A 28F6D1 396D53 573788 FFFD4B 17779E 770D1A 8417C8 47FACD 0F5860 D337F2 C3B3E7 1E1095 DE6899 59843B D1967A 3B4B53 E3C2C9 0CBC31 8F495E D6CC7A B47658 BB4908 C18C9B E5E6C0 C9AF85 9096DB 36590B 66048A FFEEBD 614224 7829D7 AEFF96 36C862 DCE144 BB40E6 C3EF62 305D33 CC9C14 A1F104 2FEDFB 61199E F33196 4A5708 94A561 77A0B5 490F1E 6D51F4 783751 ABD8FE 20EAE7 5BB557 90451D CEAC59 D4A75D 124C90 8BFCAC 6966D7 AE4A01 6B340B E80628 14B430 C4303B 7E1C6C 4A28BA 6B622D 5F4E43 8F17C0 151BC9 4CAD30 5C7062 52C88C 4099A6 293D59 93EBE3 6E313C 8B519F 8B6C2F 8015E0 29D5D7 2BF7B5 851F90 86493E E81014 1F842B 7E78F3 B69F55 2CCB19 230A7C 85D6DB 63361A E51A66 4B97F1 14994D 596CF6 239994 8EBF8A F1E81B
100
F1E81B F1E81B
813B05 813B05
685D1A 685D1A
B7F75A B7F75A
28F6D1 28F6D1
396D53 396D53
573788 573788
FFFD4B FFFD4B
17779E 17779E
770D1A 770D1A
8417C8 8417C8
47FACD 47FACD
0F5860 0F5860
D337F2 D337F2
C3B3E7 C3B3E7
1E1095 1E1095
DE6899 DE6899
59843B 59843B
D1967A D1967A
3B4B53 3B4B53
E3C2C9 E3C2C9
0CBC31 0CBC31
8F495E 8F495E
D6CC7A D6CC7A
B47658 B47658
BB4908 BB4908
C18C9B C18C9B
E5E6C0 E5E6C0
C9AF85 C9AF85
9096DB 9096DB
36590B 36590B
66048A 66048A
FFEEBD FFEEBD
614224 614224
7829D7 7829D7
AEFF96 AEFF96
36C862 36C862
DCE144 DCE144
BB40E6 BB40E6
C3EF62 C3EF62
305D33 305D33
CC9C14 CC9C14
A1F104 A1F104
2FEDFB 2FEDFB
61199E 61199E
F33196 F33196
4A5708 4A5708
94A561 94A561
77A0B5 77A0B5
490F1E 490F1E
6D51F4 6D51F4
783751 783751
ABD8FE ABD8FE
20EAE7 20EAE7
5BB557 5BB557
90451D 90451D
CEAC59 CEAC59
D4A75D D4A75D
124C90 124C90
8BFCAC 8BFCAC
6966D7 6966D7
AE4A01 AE4A01
6B340B 6B340B
E80628 E80628
14B430 14B430
C4303B C4303B
7E1C6C 7E1C6C
4A28BA 4A28BA
6B622D 6B622D
5F4E43 5F4E43
8F17C0 8F17C0
151BC9 151BC9
4CAD30 4CAD30
5C7062 5C7062
52C88C 52C88C
4099A6 4099A6
293D59 293D59
93EBE3 93EBE3
6E313C 6E313C
8B519F 8B519F
8B6C2F 8B6C2F
8015E0 8015E0
29D5D7 29D5D7
2BF7B5 2BF7B5
851F90 851F90
86493E 86493E
E81014 E81014
1F842B 1F842B
7E78F3 7E78F3
B69F55 B69F55
2CCB19 2CCB19
230A7C 230A7C
85D6DB 85D6DB
63361A 63361A
E51A66 E51A66
4B97F1 4B97F1
14994D 14994D
596CF6 596CF6
239994 239994
8EBF8A 8EBF8A
