188645 0FB66D B833F0 B7B073 A7E9D9 DBDC9A A5CCB5 500783 1276AF 628AB2 D04F40 2C101C CB09C0 4FBDE1 DD2694 784F83 37F745 8D0852 D443EB D7CAF9 D01E6B FF8D45 AA8E14 9B0EC2 48C2D5 19FFAB 800641 94D700 3ADA02 D5356A E09D29 C98FE7 AFF8D1 6D778A 44716B 07D80A 539A92 FD1783 29B2A4 724A76 7E18E9 0FBCDC 0A5C0E 3B1041 84EBFF 994F93 E954F7 467AB7 EF4D57 9B9BDD 188645
50
188645 188645
0FB66D 0FB66D
B833F0 B833F0
B7B073 B7B073
A7E9D9 A7E9D9
DBDC9A DBDC9A
A5CCB5 A5CCB5
500783 500783
1276AF 1276AF
628AB2 628AB2
D04F40 D04F40
2C101C 2C101C
CB09C0 CB09C0
4FBDE1 4FBDE1
DD2694 DD2694
784F83 784F83
37F745 37F745
8D0852 8D0852
D443EB D443EB
D7CAF9 D7CAF9
D01E6B D01E6B
FF8D45 FF8D45
AA8E14 AA8E14
9B0EC2 9B0EC2
48C2D5 48C2D5
19FFAB 19FFAB
800641 800641
94D700 94D700
3ADA02 3ADA02
D5356A D5356A
E09D29 E09D29
C98FE7 C98FE7
AFF8D1 AFF8D1
6D778A 6D778A
44716B 44716B
07D80A 07D80A
539A92 539A92
FD1783 FD1783
29B2A4 29B2A4
724A76 724A76
7E18E9 7E18E9
0FBCDC 0FBCDC
0A5C0E 0A5C0E
3B1041 3B1041
84EBFF 84EBFF
994F93 994F93
E954F7 E954F7
467AB7 467AB7
EF4D57 EF4D57
9B9BDD 9B9BDD
