maintenance future reputation description income philosophy selection photo woman focus day style price sister context population career chest rate inspection account average church sign cause obligation marketing rock role contract war feature action beer economy volume bread complaint property competition version difficulty depression movie salad wife resolution driver object example maintenance
50
maintenance maintenance
future future
reputation reputation
description description
income income
philosophy philosophy
selection selection
photo photo
woman woman
focus focus
day day
style style
price price
sister sister
context context
population population
career career
chest chest
rate rate
inspection inspection
account account
average average
church church
sign sign
cause cause
obligation obligation
marketing marketing
rock rock
role role
contract contract
war war
feature feature
action action
beer beer
economy economy
volume volume
bread bread
complaint complaint
property property
competition competition
version version
difficulty difficulty
depression depression
movie movie
salad salad
wife wife
resolution resolution
driver driver
object object
example example
