engine menu error office secretary standard eye model meal aspect measurement performance promotion card fact song business process speech age reputation grandmother tension tooth machine volume ratio interaction mind director choice clothes drawing answer education significance funeral flight temperature police problem money difficulty delivery data war dealer satisfaction situation girl series area politics preparation view piano section analyst source side emphasis member light energy tool leadership failure moment material accident beginning dirt beer two ear country town variation sympathy understanding class engineering teacher chapter tax drawer figure sport time bus worker idea birth singer departure buyer editor space step teaching engine
100
engine engine
menu menu
error error
office office
secretary secretary
standard standard
eye eye
model model
meal meal
aspect aspect
measurement measurement
performance performance
promotion promotion
card card
fact fact
song song
business business
process process
speech speech
age age
reputation reputation
grandmother grandmother
tension tension
tooth tooth
machine machine
volume volume
ratio ratio
interaction interaction
mind mind
director director
choice choice
clothes clothes
drawing drawing
answer answer
education education
significance significance
funeral funeral
flight flight
temperature temperature
police police
problem problem
money money
difficulty difficulty
delivery delivery
data data
war war
dealer dealer
satisfaction satisfaction
situation situation
girl girl
series series
area area
politics politics
preparation preparation
view view
piano piano
section section
analyst analyst
source source
side side
emphasis emphasis
member member
light light
energy energy
tool tool
leadership leadership
failure failure
moment moment
material material
accident accident
beginning beginning
dirt dirt
beer beer
two two
ear ear
country country
town town
variation variation
sympathy sympathy
understanding understanding
class class
engineering engineering
teacher teacher
chapter chapter
tax tax
drawer drawer
figure figure
sport sport
time time
bus bus
worker worker
idea idea
birth birth
singer singer
departure departure
buyer buyer
editor editor
space space
step step
teaching teaching
