context bedroom farmer bit thanks state ability road construction aspect teaching care departure bread fat attempt satisfaction reality currency store wood while anxiety soil interaction context
25
context context
bedroom bedroom
farmer farmer
bit bit
thanks thanks
state state
ability ability
road road
construction construction
aspect aspect
teaching teaching
care care
departure departure
bread bread
fat fat
attempt attempt
satisfaction satisfaction
reality reality
currency currency
store store
wood wood
while while
anxiety anxiety
soil soil
interaction interaction
