S Q D C E B W AW X AN AD AH AI AJ AL AP M AV BE BK BN BO BR BU BY CH CI CL K CO CW CT BF BZ CC CK H AC CS CU AY AR AX BD CA AU BG BV CR AB U AF AM AT AZ I BP CF CV J O Y Z AQ AS BS BW CB L P AA AE AG AK AO BA BB BC BH BI BJ BL BM BQ BT BX CD F CM V G N A T R CE CJ CN CP CQ S
100
S S
Q Q
D D
C C
E E
B B
W W
AW AW
X X
AN AN
AD AD
AH AH
AI AI
AJ AJ
AL AL
AP AP
M M
AV AV
BE BE
BK BK
BN BN
BO BO
BR BR
BU BU
BY BY
CH CH
CI CI
CL CL
K K
CO CO
CW CW
CT CT
BF BF
BZ BZ
CC CC
CK CK
H H
AC AC
CS CS
CU CU
AY AY
AR AR
AX AX
BD BD
CA CA
AU AU
BG BG
BV BV
CR CR
AB AB
U U
AF AF
AM AM
AT AT
AZ AZ
I I
BP BP
CF CF
CV CV
J J
O O
Y Y
Z Z
AQ AQ
AS AS
BS BS
BW BW
CB CB
L L
P P
AA AA
AE AE
AG AG
AK AK
AO AO
BA BA
BB BB
BC BC
BH BH
BI BI
BJ BJ
BL BL
BM BM
BQ BQ
BT BT
BX BX
CD CD
F F
CM CM
V V
G G
N N
A A
T T
R R
CE CE
CJ CJ
CN CN
CP CP
CQ CQ
