Bowles Calvin Bowles Mulford Latimer MLK Latimer Edwards Latimer Bechtel Birge Bechtel Cory Stanley LeConte VLSB LeConte Campanile Bongo Artichokes Bongo Campanile Wurster McCone Spats Stonefire PiLambda Stonefire Spats McCone Wurster Campanile LeConte Stanley Moses RareTea Moses Wellman Sutardja Wellman Moses Greek Unit2 Wolf StrawberryCreek Wolf Unit2 Milano Unit2 Greek Stebbins Safeway Stebbins Greek Moses Pimentel Stacks Pimentel Moses Stanley Campbell Stanley LeConte VLSB Boalt Kresge Boalt VLSB Chez VLSB LeConte Stanley Cory Bechtel Wilde Bechtel Baker Strada Baker Bechtel Minor Memorial Maxwell Memorial Minor Bechtel Cory Jacob TopDog Jacob Evan Moffitt Evan Blackwell McLaughlin Blackwell Evan SigmaPhiOmega BearFoodCourt SigmaPhiOmega Evan Jacob Foothill Davis Hildebrand Davis Foothill Dwinelle Haas Crossroads Lawrence UCTheatre Lawrence Crossroads Haas Dwinelle HearstAnnex Dwinelle Foothill Haviland Morgan Haviland Foothill Jacob TopDog Starbucks Chipotle Starbucks TopDog Fenwick TopDog Jacob Hertz CVStarr Unit3 CKerr Unit3 CVStarr Hertz Jacob Cory Bechtel Birge Bowles
53
Bowles LaVals
Calvin Calvin Etcheverry Graduate
Mulford Mulford Crescent
MLK Rochdale
Edwards Edwards Easterly
Birge Birge
Cory Extension
VLSB VLSB
LeConte RSF ALS
Campanile Campanile
Bongo Bongo ShengKee
Artichokes Cheeseboard
Wurster Wurster Zellerbach
Spats Spats
PiLambda PiLambda PiAlphaPhi
Moses Moses
RareTea Gypsys
Wellman Wellman
Sutardja Sutardja
Greek Greek
Unit2 Unit2
Wolf Wolf
StrawberryCreek StrawberryCreek
Milano IndianRock
Safeway Safeway
Stacks Stacks Sherman
Campbell Campbell Doe Koshland
Boalt Boalt
Kresge Kresge PeoplesPark Castro
Chez NorthGate
Wilde Wilde
Baker Baker Simons Daiso
Strada Strada RoseGarden
Memorial TacoBell AlphaSigmaPhi
Maxwell Maxwell Barrows
TopDog GammaPhiBeta
Evan Evan
Moffitt Cloyne
Blackwell Blackwell
McLaughlin GenPlantBio
BearFoodCourt BearFoodCourt
Foothill Foothill Unit1
Davis Browns
Hildebrand Hildebrand YogurtPark
Haas Haas Pavilion
Crossroads Crossroads
UCTheatre UCTheatre NCEM
HearstAnnex HearstAnnex Lothlorien
Morgan Morgan Martinez
Chipotle Chipotle MFoundry
Fenwick Barker
Unit3 Unit3
CKerr CKerr WayWest Ridge
