Wheeler Dwinelle LeConte Birge Campbell Haviland Memorial McLaughlin South Stephens HearstAnnex Anthony GBC WayWest Warren Hearst Davis Kresge Normandy Cheit Soda Moffitt VLSB Etcheverry Latimer Stanley Latimer Evans Morrison Hertz Kroeber Wurster Kroeber Lewis Greek Bechtel Jacobs Cory Greek Morrison Evans Latimer Etcheverry Soda Sather Soda Cheit Normandy Kresge Davis Hearst Cafe3 Cloyne WayWest Ippuku Metropolitan FallRush Bongo BigC McCone Baker FSM Faculty Haas Stonefire Koshland RSF Koshland Stonefire Haas Faculty FSM Baker McCone BigC Pavilion Simons Koja LaNote Simons Pavilion BigC McCone Baker CZ Baker FSM Faculty Haas Minor Maxwell MemorialStadium Maxwell Minor Memorial Haviland Campbell LeConte Campanile Doe Wheeler
32
Wheeler Sproul
Dwinelle Dwinelle
Birge Birge
Memorial IHouse
McLaughlin McLaughlin
Stephens Moses
Anthony Anthony
Warren Warren
Hearst Hearst
Davis Davis
Cheit Cheit
Moffitt Moffitt
Etcheverry Etcheverry
Stanley Foothill
Morrison Morrison
Kroeber Kroeber
Wurster Boalt
Bechtel Bechtel
Jacobs Jacobs
Sather Martinez Barker Unit3 OCF
Cloyne Cloyne
Metropolitan Metropolitan
Haas Haas
Stonefire Stonefire
RSF RSF
Baker Baker
McCone CKerr
Pavilion PeoplePark
Koja Legends TriDelta
LaNote Unit2
CZ Fiji
MemorialStadium Hargrove
