0 17 13 68 44 70 65 77 22 5 42 80 100 103 105 101 116 115 113 109 110 111 108 112 107 102 104 106 31 35 53 89 26 1 25 24 59 57 72 7 4 96 63 14 58 55 49 51 87 29 75 28 54 56 86 90 10 99 85 98 20 81 62 0
62
17 17
13 13
68 68
44 44
70 70
65 65
77 77
22 22
5 5
42 42
80 66
100 100
103 127 128 130
105 138
101 117
116 198
115 194 196
113 188 189
109 167
110 168 169 171 172 173 175
111 177 178
108 154 156 158 160
112 179 180 182
107 151 152 153
102 118 121 123 124
104 136
106 142 144 145 146 147 149
31 31
35 35
53 53
89 89
26 26
1 1
25 25
24 24
59 59
57 21
72 72
7 7
4 4
96 96
63 63
14 14
58 58
55 55
49 49
51 51
87 87
29 29
75 18
28 28
54 54
56 56
86 86
90 90
10 83
99 99
85 85
98 98
20 43
81 82
62 62
