3 6 64 46 64 75 64 94 35 98 64 69 9 84 15 35 14 48 7 48 8 97 56 97 48 22 83 31 55 41 18 68 79 70 11 91 43 4 50 48 53 38 90 48 100 65 33 69 63 34 80 19 74 27 55 57 78 1 78 17 10 79 36 2 40 2 13 42 13 78 52 34 76 54 12 3 21 3 23 3 32 3 60 3 67 3 87 3 91 24 11 66 55 85 93 88 61 88 93 85 55 3
49
6 6
64 71
46 46
75 75
94 94
98 98
69 96
9 9
84 45
15 15
14 14
48 49
7 7
8 8
56 56
22 22
83 58
31 31
41 41
68 68
70 70
43 43
50 50
53 53
90 90
100 100
33 33
63 63
80 29 73
19 19
27 27
57 57
1 1
17 17
36 36
40 40
42 42
52 52
76 76
12 12
21 21
23 23
32 32
60 60
67 67
87 87
24 24
66 66
61 25
