86 120 125 133 36 20 38 57 92 96 101 180 1 114 8 12 48 143 117 138 149 181 9 10 72 139 47 13 26 58 73 93 97 116 2 63 75 145 129 192 151 80 160 184 89 88 84 199 122 78 76 148 198 79 30 61 51 71 65 107 98 5 121 196 91 126 168 132 177 185 52 54 94 11 87 156 157 159 68 22 35 100 172 19 175 45 113 163 53 66 150 25 64 140 154 158 183 4 44 169 86
99
120 120
125 125
133 152
36 36
20 82
38 38
57 57
92 92
96 174
101 101
180 106
1 1
114 105
8 8
12 123
48 48
143 6
117 117
138 138
149 149
181 181
9 110
10 10
72 72
139 139
47 41
13 13
26 26
58 28
73 73
93 93
97 97
116 116
2 2
63 74
75 75
145 145
129 129
192 192
151 17
80 194
160 160
184 184
89 89
88 27
84 84
199 199
122 122
78 14
76 76
148 148
198 198
79 21 137
30 30
61 69
51 51
71 71
65 146
107 107
98 173
5 5
121 121
196 196
91 91
126 126
168 189
132 132
177 177
185 185
52 52
54 54
94 94
11 11
87 87
156 156
157 157
159 159
68 90
22 22
35 35
100 100
172 56
19 19
175 175
45 45
113 113
163 163
53 53
66 66
150 150
25 153
64 64
140 140
154 154
158 158
183 183
4 179
44 44
169 169
