0x19 0x8b 0x11 0xa4 0x3d 0xbf 0xac 0x1b 0x6a 0x8c 0x28 0xa6 0xb5 0x46 0xb6 0xab 0xba 0x91 0xc3 0x60 0x4 0x34 0xc7 0x9c 0x68 0x56 0xb0 0xc6 0x89 0x74 0xbb 0x7a 0x9 0x5d 0x4e 0x13 0x2b 0x25 0xf 0x6f 0x31 0x77 0x79 0x5 0x9b 0x2d 0x1d 0xb2 0x98 0xae 0xc2 0x86 0x40 0xb4 0x7b 0x10 0xc4 0xbd 0xbc 0x7 0x78 0x42 0x0 0xa0 0x2c 0x5b 0x70 0xa3 0x52 0x3a 0x4d 0x5c 0x2a 0x9f 0x99 0x81 0x3b 0x1 0x83 0xa8 0x15 0x85 0x61 0x12 0xa7 0x5a 0x18 0xa1 0x97 0x8f 0x19
89
0x8b 0x8b
0x11 0x11
0xa4 0x87
0x3d 0x3d
0xbf 0x1f
0xac 0xac
0x1b 0x1b
0x6a 0x6a
0x8c 0x8c
0x28 0x28
0xa6 0xa6
0xb5 0xb5
0x46 0x46
0xb6 0xb6
0xab 0xab
0xba 0xba
0x91 0x91
0xc3 0xc3
0x60 0x60
0x4 0x4
0x34 0x34
0xc7 0xc7
0x9c 0x9c
0x68 0x68
0x56 0x56
0xb0 0xb0
0xc6 0xc6
0x89 0x89
0x74 0x84
0xbb 0x59
0x7a 0x7a
0x9 0x9
0x5d 0x5d
0x4e 0x4e
0x13 0x80
0x2b 0x2b
0x25 0x25
0xf 0xf
0x6f 0x6f
0x31 0x31
0x77 0x77
0x79 0x79
0x5 0x5
0x9b 0xaa
0x2d 0x45
0x1d 0x1d
0xb2 0xb2
0x98 0x98
0xae 0xae
0xc2 0xc2
0x86 0x86
0x40 0x14
0xb4 0xb4
0x7b 0x7b
0x10 0x10
0xc4 0xc4
0xbd 0xbd
0xbc 0xbc
0x7 0x7
0x78 0x78
0x42 0x42
0x0 0x0
0xa0 0xa0
0x2c 0x2c
0x5b 0x53
0x70 0x70
0xa3 0xa3
0x52 0x52
0x3a 0x3a
0x4d 0x8e
0x5c 0x6d
0x2a 0x2a
0x9f 0x9f
0x99 0x9e
0x81 0x81
0x3b 0x3b
0x1 0x1
0x83 0x83
0xa8 0xa8
0x15 0x9a
0x85 0x85
0x61 0x21
0x12 0x12
0xa7 0xa7
0x5a 0x6b
0x18 0x18
0xa1 0xa1
0x97 0x97
0x8f 0x8f
