1 3 16 59 130 140 89 92 101 106 169 182 184 8 2 44 51 6 20 49 110 157 55 102 189 26 27 36 77 50 68 47 9 37 35 103 156 41 144 161 57 124 131 162 56 60 53 97 99 126 151 10 82 84 116 127 74 21 31 69 75 80 164 33 88 200 176 177 83 159 95 165 61 87 137 167 193 13 34 42 136 70 138 139 150 171 58 81 85 86 111 129 133 141 143 174 198 1
97
1 1
3 3
16 16
59 59
130 130
140 140
89 89
92 92
101 101
106 106
169 169
182 182
184 184
8 8
2 2
44 44
51 51
6 6
20 20
49 49
110 110
157 157
55 55
102 102
189 189
26 26
27 27
36 36
77 77
50 50
68 68
47 47
9 9
37 37
35 35
103 103
156 156
41 41
144 144
161 161
57 57
124 124
131 131
162 162
56 56
60 60
53 53
97 97
99 99
126 126
151 151
10 10
82 82
84 84
116 116
127 127
74 74
21 21
31 31
69 69
75 75
80 80
164 164
33 33
88 88
200 200
176 176
177 177
83 83
159 159
95 95
165 165
61 61
87 87
137 137
167 167
193 193
13 13
34 34
42 42
136 136
70 70
138 138
139 139
150 150
171 171
58 58
81 81
85 85
86 86
111 111
129 129
133 133
141 141
143 143
174 174
198 198
