0 50 14 9 11 30 33 47 44 48 23 24 38 36 42 8 100 150 199 198 194 197 183 180 173 174 159 161 158 188 186 192 164 114 109 111 130 133 147 144 148 123 124 138 136 142 108 64 59 61 80 83 97 94 98 73 74 88 86 92 58 0
61
0 1
50 51
14 3
9 10
11 4
30 22
33 33
47 47
44 44
48 49
23 27
24 26
38 41
36 36
42 46
8 5 6
100 101
150 151
199 199
198 198
194 194
197 197
183 183
180 172
173 177
174 176
159 160
161 154
158 155 156
188 191
186 186
192 196
164 153
114 103
109 110
111 104
130 122
133 133
147 147
144 144
148 149
123 127
124 126
138 141
136 136
142 146
108 105 106
64 53
59 60
61 54
80 72
83 83
97 97
94 94
98 99
73 77
74 76
88 91
86 86
92 96
58 55 56
