clod callus stateroom sign Kingsbury decrease vicious bauble Barnet onomatopoeia officious resurrect Dunbar shriek axon linger spit Spaulding disseminate bowline furlough pundit perennial behalf Brooklyn abridge post Gloria cur syllogistic pole Dunlap Lethe sneaky Illinois Stratton anchor aide Levitt ferrite coincide twirly objector servicemen foxglove collateral Saskatchewan walrus ambiguity salmon Hyde clod
50
callus callus
stateroom stateroom
sign sign
Kingsbury Kingsbury
decrease decrease
vicious vicious
bauble bauble
Barnet Barnet
onomatopoeia onomatopoeia
officious officious
resurrect resurrect
Dunbar Dunbar
shriek shriek
axon axon
linger linger
spit spit
Spaulding Spaulding
disseminate disseminate
bowline bowline
furlough furlough
pundit pundit
perennial perennial
behalf behalf
Brooklyn Brooklyn
abridge abridge
post post
Gloria Gloria
cur cur
syllogistic syllogistic
pole pole
Dunlap Dunlap
Lethe Lethe
sneaky sneaky
Illinois Illinois
Stratton Stratton
anchor anchor
aide aide
Levitt Levitt
ferrite ferrite
coincide coincide
twirly twirly
objector objector
servicemen servicemen
foxglove foxglove
collateral collateral
Saskatchewan Saskatchewan
walrus walrus
ambiguity ambiguity
salmon salmon
Hyde Hyde
