state controversial begot knick wrack Cinderella watery scriptwriter border eidetic driveway Calkins motet Zellerbach dumpling jackass scaup serge value whirligig octane rocky joke texture bloc Evans infuse anatomy Waterbury stingy Albert lonesome his Adler Darwin cocaine knurl hyphen sanatoria sepulchral lobby gun omicron stereography Arden complacent pairwise supremum rent registrant Protista heifer cache bald uptown grade hypothetic ash fireplace gavotte whatsoever dame Eva backgammon shrugging charcoal Augean hallelujah Yaounde athletic curbside cohere foursome regal flexural trivium turnout Steiner opossum clasp Lizzie monk compunction Edmonds Whelan Della circumstantial firebug eggplant retardation harrow debenture Ridgway Adamson hungry freehold fleawort huge presto bibliophile exhortation state
100
controversial controversial
begot begot
knick knick
wrack wrack
Cinderella Cinderella
watery watery
scriptwriter scriptwriter
border border
eidetic eidetic
driveway driveway
Calkins Calkins
motet motet
Zellerbach Zellerbach
dumpling dumpling
jackass jackass
scaup scaup
serge serge
value value
whirligig whirligig
octane octane
rocky rocky
joke joke
texture texture
bloc bloc
Evans Evans
infuse infuse
anatomy anatomy
Waterbury Waterbury
stingy stingy
Albert Albert
lonesome lonesome
his his
Adler Adler
Darwin Darwin
cocaine cocaine
knurl knurl
hyphen hyphen
sanatoria sanatoria
sepulchral sepulchral
lobby lobby
gun gun
omicron omicron
stereography stereography
Arden Arden
complacent complacent
pairwise pairwise
supremum supremum
rent rent
registrant registrant
Protista Protista
heifer heifer
cache cache
bald bald
uptown uptown
grade grade
hypothetic hypothetic
ash ash
fireplace fireplace
gavotte gavotte
whatsoever whatsoever
dame dame
Eva Eva
backgammon backgammon
shrugging shrugging
charcoal charcoal
Augean Augean
hallelujah hallelujah
Yaounde Yaounde
athletic athletic
curbside curbside
cohere cohere
foursome foursome
regal regal
flexural flexural
trivium trivium
turnout turnout
Steiner Steiner
opossum opossum
clasp clasp
Lizzie Lizzie
monk monk
compunction compunction
Edmonds Edmonds
Whelan Whelan
Della Della
circumstantial circumstantial
firebug firebug
eggplant eggplant
retardation retardation
harrow harrow
debenture debenture
Ridgway Ridgway
Adamson Adamson
hungry hungry
freehold freehold
fleawort fleawort
huge huge
presto presto
bibliophile bibliophile
exhortation exhortation
