cure Delphi hypotonic swoop marquess roost reflectance Negroid Bridgeport Muscat Brillouin logjam indignity upheld item obfuscate ineducable greet belch Moe lint seem Blackman stupor latch Vichy cure
25
Delphi Delphi
hypotonic hypotonic
swoop swoop
marquess marquess
roost roost
reflectance reflectance
Negroid Negroid
Bridgeport Bridgeport
Muscat Muscat
Brillouin Brillouin
logjam logjam
indignity indignity
upheld upheld
item item
obfuscate obfuscate
ineducable ineducable
greet greet
belch belch
Moe Moe
lint lint
seem seem
Blackman Blackman
stupor stupor
latch latch
Vichy Vichy
