142 121 137 66 106 127 97 140 63 35 22 30 153 181 91 3 174 4 46 108 77 90 186 60 124 151 144 93 38 197 183 167 159 31 34 33 133 47 14 178 195 158 69 64 41 150 21 157 141 70 89 145 177 16 48 76 39 115 58 142
58
121 121
137 137
66 44
106 106
127 127
97 97
140 129
63 63
35 35
22 22
30 30
153 23
181 181
91 91
3 3
174 174
4 4
46 46
108 108
77 77
90 90
186 55
60 60
124 124
151 151
144 144
93 93
38 38
197 197
183 183
167 167
159 159
31 31
34 34
33 33
133 133
47 7
14 14
178 178
195 195
158 158
69 69
64 64
41 41
150 150
21 21
157 157
141 141
70 70
89 89
145 145
177 177
16 16
48 48
76 76
39 39
115 115
58 58
