5 14 23 14 64 57 55 62 20 19 20 54 96 59 101 59 118 59 45 37 44 37 25 43 61 16 5 19 69 19 52 80 52 143 144 176 180 176 144 143 52 19 5 7 27 11 27 53 123 131 123 53 27 7 77 9 10 15 30 1 0 3 31 39 88 39 8 95 1 70 1 21 32 50 32 91 32 73 56 52 19 5 8 95 1 2 9 12 18 12 9 22 58 86 109 86 58 22 92 40 36 82 36 17 12 150 12 17 68 33 5
42
14 63 196
23 23 103
57 57
19 169
54 54
96 96
59 76 127
101 101 104 111
118 126
45 45 152
44 106
43 183
69 145
80 80
176 176
180 180 194
7 35
27 27
11 85 113
131 140
77 77
9 9
10 160
15 163
1 177
0 51
31 31
88 168
70 105
21 21
32 32
50 50
91 91
56 102
95 121
18 178
58 58
109 109 130
92 92
82 179
150 191
68 68 155
