xse rsg ckx loj hbd zud ask zdb kfu aeu cen ego uok ybr jam phg nsw ils jfh qjf tko uwo bod ogh bod yug qkp qdw zkt ljd tso cma ljd gex pjf wyg ljd tdu nii ukv qxs byu ruo hmi vtd aeg xeh zks rjv idv zks ttw ptu uau svk mti vvn nry cun nhi vzr jgt fyc qbf wiy emz vmt uuw kxn adx vlb mok vlb fgp dgl fin uby ksg tlh ceo xjt ceo nko fbk vmv fjy kpp bsc bnl agh bda ttw nvz lvm fia nmf ocp pvs fzi lwk nfr lrj bdh rtc txq igs aii igs qwk hpx wbg xme vwg khu fhv qiq nwc xnr ikb clj krr kgl miy hcr xse
99
rsg rsg
ckx ckx
loj loj
zud zud
zdb zdb
kfu kfu
cen cen
ego ego
uok uok
ybr ybr
jam jam
phg phg
nsw nsw
ils ils
jfh jfh
qjf qjf
tko tko
uwo uwo
bod bod
ogh ogh
yug yug
qdw qdw
zkt zkt
ljd ljd
tso tso
cma cma
gex gex
pjf pjf
wyg wyg
tdu tdu
nii nii
ukv ukv
qxs qxs
byu byu
ruo ruo
hmi hmi
vtd vtd
aeg aeg
xeh xeh
rjv rjv
idv idv
ttw ttw
ptu ptu
uau uau
svk svk
mti mti
vvn vvn
nry nry
cun cun
nhi nhi
vzr vzr
jgt jgt
fyc fyc
qbf qbf
wiy wiy
emz emz
vmt vmt
uuw uuw
kxn kxn
adx adx
mok mok
fgp fgp
dgl dgl
fin fin
ksg ksg
tlh tlh
xjt xjt
nko nko
fbk fbk
vmv vmv
fjy fjy
kpp kpp
bnl bnl
bda bda
nvz nvz
lvm lvm
fia fia
nmf nmf
ocp ocp
pvs pvs
fzi fzi
lwk lwk
nfr nfr
lrj lrj
bdh bdh
rtc rtc
txq txq
aii aii
hpx hpx
wbg wbg
xme xme
vwg vwg
khu khu
fhv fhv
nwc nwc
ikb ikb
krr krr
miy miy
hcr hcr
