azv oqv rti xie hyb dqy ijd ovx jwx yvc yiy hip brw cwq gcw mtd eqa mis ipq yfq ncc vfq cim gei ctf hsi pzr wcd hwc scm aur hlc qzx uua rcw vxn rfl uyd gfr rov zuz ivp hcc jvc lmh sau ufa cib mpw boc azv
50
azv azv
oqv oqv
rti rti
xie xie
hyb hyb
dqy dqy
ijd ijd
ovx ovx
jwx jwx
yvc yvc
yiy yiy
hip hip
brw brw
cwq cwq
gcw gcw
mtd mtd
eqa eqa
mis mis
ipq ipq
yfq yfq
ncc ncc
vfq vfq
cim cim
gei gei
ctf ctf
hsi hsi
pzr pzr
wcd wcd
hwc hwc
scm scm
aur aur
hlc hlc
qzx qzx
uua uua
rcw rcw
vxn vxn
rfl rfl
uyd uyd
gfr gfr
rov rov
zuz zuz
ivp ivp
hcc hcc
jvc jvc
lmh lmh
sau sau
ufa ufa
cib cib
mpw mpw
boc boc
