Vernon Anaheim Industrial Helm Del Blue Three Fullerton Balboa South Ritter Sunny Strawberry Chittenden Armstrong Fox Costa Bonny Clayton Hoffman Kaiser Rowland Civic Portola Cudahy Santa Bangor Saint Smith Sherman Crestmont Louis Beach California Potrero Wallace Marshall Industry Warner Parchester Quail Terra Bakersfield Bell Bradley Brundage Winterhaven Capuchino Cypress Bodad Richvale Le Rough Ramona Downtown Davenport Huron Cerro Temecula Pacheco Glencoe Forbestown Grasslands Tijuana Manker Cressey Calaveras Smoke Escondido Yurok Alamo Garcia Collins Mecca Flinn Dulzura Roseland Presidio Woody Pleasant Cambridge Sulpizio Timbuctoo Antelope Fiorini Delta Veterans Lake Stockdale Robertsville All Buena Yankee Coddingtown Escalon Donner Sacramento Cabbage Hammer Moores Carmel Vernon
100
Anaheim Anaheim
Industrial Industrial
Helm Helm
Del Del
Blue Blue
Three Three
Fullerton Fullerton
Balboa Balboa
South South
Ritter Ritter
Sunny Sunny
Strawberry Strawberry
Chittenden Chittenden
Armstrong Armstrong
Fox Fox
Costa Costa
Bonny Bonny
Clayton Clayton
Hoffman Hoffman
Kaiser Kaiser
Rowland Rowland
Civic Civic
Portola Portola
Cudahy Cudahy
Santa Santa
Bangor Bangor
Saint Saint
Smith Smith
Sherman Sherman
Crestmont Crestmont
Louis Louis
Beach Beach
California California
Potrero Potrero
Wallace Wallace
Marshall Marshall
Industry Industry
Warner Warner
Parchester Parchester
Quail Quail
Terra Terra
Bakersfield Bakersfield
Bell Bell
Bradley Bradley
Brundage Brundage
Winterhaven Winterhaven
Capuchino Capuchino
Cypress Cypress
Bodad Bodad
Richvale Richvale
Le Le
Rough Rough
Ramona Ramona
Downtown Downtown
Davenport Davenport
Huron Huron
Cerro Cerro
Temecula Temecula
Pacheco Pacheco
Glencoe Glencoe
Forbestown Forbestown
Grasslands Grasslands
Tijuana Tijuana
Manker Manker
Cressey Cressey
Calaveras Calaveras
Smoke Smoke
Escondido Escondido
Yurok Yurok
Alamo Alamo
Garcia Garcia
Collins Collins
Mecca Mecca
Flinn Flinn
Dulzura Dulzura
Roseland Roseland
Presidio Presidio
Woody Woody
Pleasant Pleasant
Cambridge Cambridge
Sulpizio Sulpizio
Timbuctoo Timbuctoo
Antelope Antelope
Fiorini Fiorini
Delta Delta
Veterans Veterans
Lake Lake
Stockdale Stockdale
Robertsville Robertsville
All All
Buena Buena
Yankee Yankee
Coddingtown Coddingtown
Escalon Escalon
Donner Donner
Sacramento Sacramento
Cabbage Cabbage
Hammer Hammer
Moores Moores
Carmel Carmel
