Encanto All Bonita Cherokee Clayton Presidio Glencoe McAuley Two Riverside Foothills Homestead Kentfield Pumpkin Richvale Welden Woodbridge Willow Vernon Garden Green Shafter Mount Jane Woffard Laguna Los Smoke Costa Warner Cabbage Vista Ames Alpaugh Santa Quail Cypress Elmira Forest Delta Beach Kern Sherman Ramona Yurok Granite Banning Chinese Moccasin City Encanto
50
Encanto Encanto
All All
Bonita Bonita
Cherokee Cherokee
Clayton Clayton
Presidio Presidio
Glencoe Glencoe
McAuley McAuley
Two Two
Riverside Riverside
Foothills Foothills
Homestead Homestead
Kentfield Kentfield
Pumpkin Pumpkin
Richvale Richvale
Welden Welden
Woodbridge Woodbridge
Willow Willow
Vernon Vernon
Garden Garden
Green Green
Shafter Shafter
Mount Mount
Jane Jane
Woffard Woffard
Laguna Laguna
Los Los
Smoke Smoke
Costa Costa
Warner Warner
Cabbage Cabbage
Vista Vista
Ames Ames
Alpaugh Alpaugh
Santa Santa
Quail Quail
Cypress Cypress
Elmira Elmira
Forest Forest
Delta Delta
Beach Beach
Kern Kern
Sherman Sherman
Ramona Ramona
Yurok Yurok
Granite Granite
Banning Banning
Chinese Chinese
Moccasin Moccasin
City City
