Potrero Meyers Calaveras Ames Santa Richvale Carmel Laguna Clayton Ida All 18th Smoke Balsdon Fiorini Merced Oceanside Chinese Fremont Banning Boulevard Woffard Linden Warner Hume Potrero
25
Potrero Potrero
Meyers Meyers
Calaveras Calaveras
Ames Ames
Santa Santa
Richvale Richvale
Carmel Carmel
Laguna Laguna
Clayton Clayton
Ida Ida
All All
18th 18th
Smoke Smoke
Balsdon Balsdon
Fiorini Fiorini
Merced Merced
Oceanside Oceanside
Chinese Chinese
Fremont Fremont
Banning Banning
Boulevard Boulevard
Woffard Woffard
Linden Linden
Warner Warner
Hume Hume
