1 5 4 7 13 12 15 21 20 23 29 28 31 37 36 39 45 44 47 53 52 55 61 60 63 69 68 71 77 76 79 85 84 87 93 92 95 101 100 103 109 108 111 117 116 119 125 124 127 133 132 135 141 140 143 149 148 151 157 156 159 165 164 167 173 172 175 181 180 183 189 188 191 186 178 170 162 154 146 138 130 122 114 106 98 90 82 74 66 58 50 42 34 26 18 10 2 196 197 194 199 1
100
5 5
4 4
7 7
13 13
12 12
15 15
21 21
20 20
23 23
29 29
28 28
31 31
37 37
36 36
39 39
45 45
44 44
47 47
53 53
52 52
55 55
61 61
60 60
63 63
69 69
68 68
71 71
77 77
76 76
79 79
85 85
84 84
87 87
93 93
92 92
95 95
101 101
100 100
103 103
109 109
108 108
111 111
117 117
116 116
119 119
125 125
124 124
127 127
133 133
132 132
135 135
141 141
140 140
143 143
149 149
148 148
151 151
157 157
156 156
159 159
165 165
164 164
167 167
173 173
172 172
175 175
181 181
180 180
183 183
189 189
188 188
191 191
186 186
178 178
170 170
162 162
154 154
146 146
138 138
130 130
122 122
114 114
106 106
98 98
90 90
82 82
74 74
66 66
58 58
50 50
42 42
34 34
26 26
18 18
10 10
2 2
196 196
197 197
194 194
199 199
