Soda Doe UniversityVillage Gilman CaliforniaHall Unit3 Campbell GreekTheatre LawrenceHall InternationalHouse BerkeleyWayWest Campanile Evans Wheeler SouthHall Unit1 Moffit Stern HearstMining Dwinelle LeConte Foothill Unit2 BancroftLibrary DurantHall Soda
24
Doe Doe
UniversityVillage Bowles
Gilman Gilman
CaliforniaHall CaliforniaHall
Unit3 Unit3
Campbell Campbell
GreekTheatre GreekTheatre
LawrenceHall LawrenceHall
InternationalHouse InternationalHouse
BerkeleyWayWest BerkeleyWayWest
Campanile Campanile
Evans BAMPFA
Wheeler Wheeler
SouthHall SouthHall
Unit1 Unit1
Moffit Moffit
Stern Stern
HearstMining HearstMining
Dwinelle Dwinelle
LeConte LeConte
Foothill Foothill
Unit2 Unit2
BancroftLibrary BancroftLibrary
DurantHall DurantHall
