Evans Campbell Eshelman DurantHall Unit2 Barrows KroeberHall Bowles HilgardHall AlumniHouse BerkeleyWayWest UniversityVillage Wheeler Blackwell RSF CaliforniaHall InternationalHouse Campanile Gilman BotanicalGardens DavisHall ThaiNoodle Dwinelle MLK HildebrandHall Unit3 Spats ZellerbachHall SatherGate GreekTheatre MemorialGlade Doe Soda SutardjaDai LeConte Moffit SouthHall LawrenceHall BancroftLibrary HavilandHall VLSB HearstMining MemorialStadium BAMPFA HAAS Foothill Unit1 Evans
47
Evans Cory
Campbell Campbell
Eshelman Eshelman
DurantHall DurantHall
Unit2 Stern
Barrows Barrows
KroeberHall Etcheverry
Bowles Bowles
HilgardHall HilgardHall
AlumniHouse AlumniHouse
BerkeleyWayWest BerkeleyWayWest
UniversityVillage UniversityVillage
Wheeler Wheeler
Blackwell Blackwell
RSF RSF
CaliforniaHall CaliforniaHall
InternationalHouse InternationalHouse
Campanile Campanile
Gilman Gilman
BotanicalGardens BotanicalGardens
DavisHall DavisHall
ThaiNoodle ThaiNoodle
Dwinelle Dwinelle
MLK MLK
HildebrandHall HildebrandHall
Unit3 Unit3
Spats Boalt
ZellerbachHall ZellerbachHall
SatherGate GiauqueHall
GreekTheatre CanyonPool
MemorialGlade Kresge
Doe Doe
Soda Soda
SutardjaDai SutardjaDai
LeConte LeConte
Moffit Moffit
SouthHall HesseHall
LawrenceHall LawrenceHall
BancroftLibrary BancroftLibrary
HavilandHall HavilandHall
VLSB VLSB
HearstMining HearstMining
MemorialStadium MemorialStadium
BAMPFA BAMPFA
HAAS HAAS
Foothill Foothill
Unit1 Unit1
