Ippudo Platano Gypsys EastAsianLibrary MemorialGlade Chipotle Yifang NorthHall TukTukThai BSC Venus Mezzo BerkeleyArtStudio SaturnCafe Quicklys Firewings Eureka Ikes Fengcha BobaNinja Cheeseboard Bonchon UCafe AndrewsApartment UrbanOutfitters Cornerstone Campanile TPTea Cafe3 ThaiNoodle AshaTeaHouse Namaste StrawberryCreek Morganhall Jupiter TopDog LatimerHall Gather Spats WursterHall Safeway AmoebaMusic SnackShack Artichokes LowerSproul HappyLemon SproulHall BigC ExtremePizza LaNote Wheeler EastBaySpiceCompany Kips ThaiBasil FireTrails TheHabit Homeroom Underhill HortonHall Shengkee ClarkKerr Plentea PokeBar Cinnaholic TripleRock JambaJuice KroeberHall Wikiwiki NoodleGirl Milkbomb SuperDuperBurgers Pappys McDonalds GrizzlyPeak SmokesPoutinerie LewisHall Crossroads Ucha YogurtPark OptometryBuilding LaBurrita LaVals TraderJoes GreatChina BanshoRamen ImmThai Raretea Marugame Gadani HalalGuys Gongcha BetaLounge Rachas SweetheartCafe PeoplesCafe LittleCampanile Ippudo
95
Platano Platano
Gypsys Gypsys
EastAsianLibrary EastAsianLibrary
MemorialGlade MemorialGlade
Chipotle Chipotle
Yifang Yifang
NorthHall NorthHall
TukTukThai TukTukThai
BSC BSC
Venus Venus
Mezzo Mezzo
BerkeleyArtStudio BerkeleyArtStudio
SaturnCafe SaturnCafe
Quicklys Quicklys
Firewings Firewings
Eureka Eureka
Ikes Ikes
Fengcha Fengcha
BobaNinja BobaNinja
Cheeseboard Cheeseboard
Bonchon Bonchon
UCafe UCafe
AndrewsApartment AndrewsApartment
UrbanOutfitters UrbanOutfitters
Cornerstone Cornerstone
Campanile ChezPanisse
TPTea TPTea
Cafe3 Cafe3
ThaiNoodle ThaiNoodle
AshaTeaHouse AshaTeaHouse
Namaste Namaste
StrawberryCreek StrawberryCreek
Morganhall Morganhall
Jupiter Jupiter
TopDog TopDog
LatimerHall LatimerHall
Gather Gather
Spats Spats
WursterHall WursterHall
Safeway Safeway
AmoebaMusic AmoebaMusic
SnackShack SnackShack
Artichokes Artichokes
LowerSproul LowerSproul
HappyLemon HappyLemon
SproulHall SproulHall
BigC TenderGreens
ExtremePizza ExtremePizza
LaNote TacoBell
Wheeler Wheeler
EastBaySpiceCompany EastBaySpiceCompany
Kips Muraccis
ThaiBasil ThaiBasil
FireTrails MulfordHall
TheHabit TheHabit
Homeroom Homeroom
Underhill Underhill
HortonHall HortonHall
Shengkee Shengkee
ClarkKerr ClarkKerr
Plentea Plentea
PokeBar PokeBar
Cinnaholic Slivers
TripleRock TripleRock
JambaJuice JambaJuice
KroeberHall KroeberHall
Wikiwiki Wikiwiki
NoodleGirl Teazone
Milkbomb Milkbomb
SuperDuperBurgers SuperDuperBurgers
Pappys Pappys
McDonalds Morrisonhall
GrizzlyPeak GrizzlyPeak
SmokesPoutinerie TheDwight
LewisHall LewisHall
Crossroads Crossroads
Ucha Ucha
YogurtPark GreatChina
OptometryBuilding OptometryBuilding
LaBurrita LaBurrita
LaVals Target
TraderJoes TraderJoes
GreatChina SatherGate
BanshoRamen BanshoRamen
ImmThai ImmThai
Raretea Raretea
Marugame Marugame
Gadani Gadani
HalalGuys HalalGuys
Gongcha Gongcha
BetaLounge BetaLounge
Rachas Rachas
SweetheartCafe SweetheartCafe
PeoplesCafe PeoplesCafe
LittleCampanile LittleCampanile
