Shower0 Robot49 BBQ36 YouTube4 Puppy19 Laptop22 Sink37 Android27 Monster32 Cone13 Allergies7 Elevator35 Nuclear43 Crab16 Ring33 Soda18 Ice30 Toilet45 Ice42 BBQ38 Plants3 Prints25 Toilet26 Mail41 Cat44 Light1 Shower0
25
Robot49 Robot49
BBQ36 BBQ36
YouTube4 YouTube4
Puppy19 Puppy19
Laptop22 Laptop22
Sink37 Sink37
Android27 Android27
Monster32 Monster32
Cone13 Cone13
Allergies7 Allergies7
Elevator35 Elevator35
Nuclear43 Nuclear43
Crab16 Crab16
Ring33 Ring33
Soda18 Soda18
Ice30 Ice30
Toilet45 Toilet45
Ice42 Ice42
BBQ38 BBQ38
Plants3 Plants3
Prints25 Prints25
Toilet26 Toilet26
Mail41 Mail41
Cat44 Cat44
Light1 Light1
