Horse0 Breakfast74 Ring45 Whale59 Shower11 Settings5 Rollers34 Websites17 Shower15 Plus62 Dislike51 Comics49 Post61 Whale22 Bird82 Ice10 Toilet20 Bird93 Water66 Leash68 Male84 Kitty14 Monster39 Monster71 Book41 Rollers48 Websites81 Ice38 Towel37 BBQ86 Floppy63 Shelf25 Prints23 Ice30 Allergies4 Printer53 Mail88 Robot9 Breakfast19 Soda57 Towel16 Running77 Ring97 Allergies3 Flowers98 Solar58 Towel35 Water52 Cat13 Horse55 Horse0
50
Horse0 Horse0
Breakfast74 Breakfast74
Ring45 Ring45
Whale59 Whale59
Shower11 Shower11
Settings5 Settings5
Rollers34 Rollers34
Websites17 Websites17
Shower15 Shower15
Plus62 Plus62
Dislike51 Dislike51
Comics49 Comics49
Post61 Post61
Whale22 Whale22
Bird82 Bird82
Ice10 Ice10
Toilet20 Toilet20
Bird93 Bird93
Water66 Water66
Leash68 Leash68
Male84 Male84
Kitty14 Kitty14
Monster39 Monster39
Monster71 Monster71
Book41 Book41
Rollers48 Rollers48
Websites81 Websites81
Ice38 Ice38
Towel37 Towel37
BBQ86 BBQ86
Floppy63 Floppy63
Shelf25 Shelf25
Prints23 Prints23
Ice30 Ice30
Allergies4 Allergies4
Printer53 Printer53
Mail88 Mail88
Robot9 Robot9
Breakfast19 Breakfast19
Soda57 Soda57
Towel16 Towel16
Running77 Running77
Ring97 Ring97
Allergies3 Allergies3
Flowers98 Flowers98
Solar58 Solar58
Towel35 Towel35
Water52 Water52
Cat13 Cat13
Horse55 Horse55
