S F K X L A E J O W G B P T H C D U N V I B2 G2 L2 Q2 Y2 R X2 W2 U3 N3 V3 M3 P3 F3 K3 E3 J3 O3 G3 L3 H3 Q3 Q C2 H2 M2 R2 Z2 Z3 W3 C3 X3 D3 I3 T3 R3 Y3 D2 I2 N2 T2 E2 J2 O2 U2 A3 B3 F2 K2 P2 V2 A2 M Z Y S
75
F F
K K
X X
L L
A A
E E
J J
O O
W W
G G
B B
P P
T T
H H
C C
D D
U U
N N
V V
I I
B2 B2
G2 G2
L2 L2
Q2 Q2
Y2 Y2
R R
X2 X2
W2 W2
U3 U3
N3 N3
V3 V3
M3 M3
P3 P3
F3 F3
K3 K3
E3 E3
J3 J3
O3 O3
G3 G3
L3 L3
H3 H3
Q3 Q3
Q Q
C2 C2
H2 H2
M2 M2
R2 R2
Z2 Z2
Z3 Z3
W3 W3
C3 C3
X3 X3
D3 D3
I3 I3
T3 T3
R3 R3
Y3 Y3
D2 D2
I2 I2
N2 N2
T2 T2
E2 E2
J2 J2
O2 O2
U2 U2
A3 A3
B3 B3
F2 F2
K2 K2
P2 P2
V2 V2
A2 A2
M M
Z Z
Y Y
