hdpxs osxbc cihba wnelr bsvth htkwy frhgc lmwpk rchbw amfiz vcwfj qsmkj utdhx gdovn wcjeg zntkr tndwl rjdai qhibx mtcsd oaeyh drojn vobqh qhvsb xlrzc kscoz jcwpu joztf cxajk evtgj aedvq pihld mujil kzwah qpbmc wkbuf kjihy gufvs mhekz syoxv maqho qbdwz wajol tkwle armnk bkfuc pgqva yvbse lpudv gdnim syoxf stflc oewcd cxdes osvgp mhuad tjake ayrgb rzvtg oxuqn fjdqi ypdnb zcjqx yqfdk ehqyk rjuxc wdquv qckjp uklga zqjxb jhlus ymcfp lnjxt yazqf dbjxw yqtob xnpwq iyuas ohzfn dkjro sxdiu hwmzn nqtru rlumh mlibf tmwdy vgwoi bwknx wotiq ahnds cqsby uiogl ktzce ebwcp bdevm pytwh gstwp evsbm btwzv xcvow oxitr hdpxs
100
osxbc osxbc
cihba cihba
wnelr wnelr
bsvth bsvth
htkwy htkwy
frhgc frhgc
lmwpk lmwpk
rchbw rchbw
amfiz amfiz
vcwfj vcwfj
qsmkj qsmkj
utdhx utdhx
gdovn gdovn
wcjeg wcjeg
zntkr zntkr
tndwl tndwl
rjdai rjdai
qhibx qhibx
mtcsd mtcsd
oaeyh oaeyh
drojn drojn
vobqh vobqh
qhvsb qhvsb
xlrzc xlrzc
kscoz kscoz
jcwpu jcwpu
joztf joztf
cxajk cxajk
evtgj evtgj
aedvq aedvq
pihld pihld
mujil mujil
kzwah kzwah
qpbmc qpbmc
wkbuf wkbuf
kjihy kjihy
gufvs gufvs
mhekz mhekz
syoxv syoxv
maqho maqho
qbdwz qbdwz
wajol wajol
tkwle tkwle
armnk armnk
bkfuc bkfuc
pgqva pgqva
yvbse yvbse
lpudv lpudv
gdnim gdnim
syoxf syoxf
stflc stflc
oewcd oewcd
cxdes cxdes
osvgp osvgp
mhuad mhuad
tjake tjake
ayrgb ayrgb
rzvtg rzvtg
oxuqn oxuqn
fjdqi fjdqi
ypdnb ypdnb
zcjqx zcjqx
yqfdk yqfdk
ehqyk ehqyk
rjuxc rjuxc
wdquv wdquv
qckjp qckjp
uklga uklga
zqjxb zqjxb
jhlus jhlus
ymcfp ymcfp
lnjxt lnjxt
yazqf yazqf
dbjxw dbjxw
yqtob yqtob
xnpwq xnpwq
iyuas iyuas
ohzfn ohzfn
dkjro dkjro
sxdiu sxdiu
hwmzn hwmzn
nqtru nqtru
rlumh rlumh
mlibf mlibf
tmwdy tmwdy
vgwoi vgwoi
bwknx bwknx
wotiq wotiq
ahnds ahnds
cqsby cqsby
uiogl uiogl
ktzce ktzce
ebwcp ebwcp
bdevm bdevm
pytwh pytwh
gstwp gstwp
evsbm evsbm
btwzv btwzv
xcvow xcvow
oxitr oxitr
