Hayward Hartford NorthLasVegas Downey Burlington Topeka Henderson NewYorkCity York Champaign Charlotte Harlingen Spartanburg LakeCharles Ogden Vancouver GrandRapids SaintPaul Duluth Fullerton SantaClara Stamford Marysville Layton LasVegas Nashua Tyler Arvada Scranton HuntingtonBeach OverlandPark Anchorage Utica Norwich SanBuenaventura Oxnard Torrance Melbourne Lubbock Birmingham RichmondCounty Lacey Albuquerque Hialeah Anaheim Columbus SiouxFalls Eugene Boise Hemet PuntaGorda HavredeGrace Mobile NewportNews Marina Frederick Kissimmee Huntsville ThousandOaks Olympia CapeCoral Bloomington Elkhart Modesto McAllen Aberdeen Bethlehem NewBedford Fresno Louisville Greenville Bakersfield Barnstable PalmBay CorpusChristi CathedralCity Savannah Hagerstown Racine Pueblo Flint Plano Detroit GreenBay Laredo Waterbury Newburgh ElPaso JohnsonCity Salem Deltona Tucson Monroe Mesquite RoundLakeBeach Kalamazoo Cincinnati Scottsdale Omaha StLouis Newark Hayward
100
Hartford Hartford
NorthLasVegas NorthLasVegas
Downey Downey
Burlington Burlington
Topeka Topeka
Henderson Henderson
NewYorkCity NewYorkCity
York York
Champaign Champaign
Charlotte Charlotte
Harlingen Harlingen
Spartanburg Spartanburg
LakeCharles LakeCharles
Ogden Ogden
Vancouver Vancouver
GrandRapids GrandRapids
SaintPaul SaintPaul
Duluth Duluth
Fullerton Fullerton
SantaClara SantaClara
Stamford Stamford
Marysville Marysville
Layton Layton
LasVegas LasVegas
Nashua Nashua
Tyler Tyler
Arvada Arvada
Scranton Scranton
HuntingtonBeach HuntingtonBeach
OverlandPark OverlandPark
Anchorage Anchorage
Utica Utica
Norwich Norwich
SanBuenaventura SanBuenaventura
Oxnard Oxnard
Torrance Torrance
Melbourne Melbourne
Lubbock Lubbock
Birmingham Birmingham
RichmondCounty RichmondCounty
Lacey Lacey
Albuquerque Albuquerque
Hialeah Hialeah
Anaheim Anaheim
Columbus Columbus
SiouxFalls SiouxFalls
Eugene Eugene
Boise Boise
Hemet Hemet
PuntaGorda PuntaGorda
HavredeGrace HavredeGrace
Mobile Mobile
NewportNews NewportNews
Marina Marina
Frederick Frederick
Kissimmee Kissimmee
Huntsville Huntsville
ThousandOaks ThousandOaks
Olympia Olympia
CapeCoral CapeCoral
Bloomington Bloomington
Elkhart Elkhart
Modesto Modesto
McAllen McAllen
Aberdeen Aberdeen
Bethlehem Bethlehem
NewBedford NewBedford
Fresno Fresno
Louisville Louisville
Greenville Greenville
Bakersfield Bakersfield
Barnstable Barnstable
PalmBay PalmBay
CorpusChristi CorpusChristi
CathedralCity CathedralCity
Savannah Savannah
Hagerstown Hagerstown
Racine Racine
Pueblo Pueblo
Flint Flint
Plano Plano
Detroit Detroit
GreenBay GreenBay
Laredo Laredo
Waterbury Waterbury
Newburgh Newburgh
ElPaso ElPaso
JohnsonCity JohnsonCity
Salem Salem
Deltona Deltona
Tucson Tucson
Monroe Monroe
Mesquite Mesquite
RoundLakeBeach RoundLakeBeach
Kalamazoo Kalamazoo
Cincinnati Cincinnati
Scottsdale Scottsdale
Omaha Omaha
StLouis StLouis
Newark Newark
