Aberdeen Reno Hampton Newburgh Lowell Chattanooga SaltLakeCity SanAntonio Racine Miramar Tuscaloosa Winston Austin Henderson WestValleyCity StPetersburg Lewisville Gainesville Marina GreenBay Pensacola Springdale SouthLyon Montgomery Modesto SanBernardino Aberdeen
25
Reno Reno
Hampton Hampton
Newburgh Newburgh
Lowell Lowell
Chattanooga Chattanooga
SaltLakeCity SaltLakeCity
SanAntonio SanAntonio
Racine Racine
Miramar Miramar
Tuscaloosa Tuscaloosa
Winston Winston
Austin Austin
Henderson Henderson
WestValleyCity WestValleyCity
StPetersburg StPetersburg
Lewisville Lewisville
Gainesville Gainesville
Marina Marina
GreenBay GreenBay
Pensacola Pensacola
Springdale Springdale
SouthLyon SouthLyon
Montgomery Montgomery
Modesto Modesto
SanBernardino SanBernardino
