Hayward SantaClara Asheville Durham Deltona Bloomington CedarRapids McHenry Torrance Springdale PalmBay Tucson Bradenton Huntsville Yonkers Waterloo Burbank Chicago McAllen SaintPaul Aurora NewBedford York BelAir Monroe Hickory Tyler Memphis HuntingtonBeach Kennewick PuntaGorda Omaha Topeka ThousandOaks SantaCruz Atlanta GrandRapids Downey Danbury Barnstable NewYorkCity Charlotte RichmondCounty Hampton Modesto Waco Harlingen Murrieta LakeCharles Newark Hayward
49
SantaClara SantaClara
Asheville Asheville
Durham Durham
Deltona Deltona
Bloomington Bloomington
CedarRapids CedarRapids
McHenry McHenry
Torrance Torrance
Springdale Springdale
PalmBay PalmBay
Tucson Tucson
Bradenton Bradenton
Huntsville Huntsville
Yonkers Yonkers
Waterloo Waterloo
Burbank Burbank
Chicago Chicago
McAllen McAllen
SaintPaul SaintPaul
Aurora Bakersfield
NewBedford NewBedford
York York
BelAir BelAir
Monroe Monroe
Hickory Hickory
Tyler Tyler
Memphis Memphis
HuntingtonBeach HuntingtonBeach
Kennewick Kennewick
PuntaGorda PuntaGorda
Omaha Omaha
Topeka Topeka
ThousandOaks ThousandOaks
SantaCruz SantaCruz
Atlanta Atlanta
GrandRapids GrandRapids
Downey Downey
Danbury Danbury
Barnstable Barnstable
NewYorkCity NewYorkCity
Charlotte Charlotte
RichmondCounty RichmondCounty
Hampton Hampton
Modesto Modesto
Waco Waco
Harlingen Harlingen
Murrieta Tampa
LakeCharles LakeCharles
Newark Newark
