AndyandZeyu h g2 j2 f2 h2 i2 g4 f7 i7 j6 g7 h7 i8 g9 f12 i12 j11 g12 h12 i13 g14 f17 i17 j16 g17 h17 i18 h1 i1 f1 g6 j5 h6 g11 j10 h11 g16 j15 h16 g1 f3 j3 g3 h3 i3 f6 f11 f16 j1 i6 g8 f8 j8 j7 h8 i11 g13 f13 j13 j12 h13 i16 g18 f18 j18 j17 h18 f g j i f0 i0 h0 g0 j0 f4 i4 h4 f9 i9 h9 f14 i14 h14 h5 j4 f5 i5 g5 h10 j9 f10 i10 g10 h15 j14 f15 i15 g15 AndyandZeyu
100
h h
g2 g2
j2 j2
f2 f2
h2 h2
i2 i2
g4 g4
f7 f7
i7 i7
j6 j6
g7 g7
h7 h7
i8 i8
g9 g9
f12 f12
i12 i12
j11 j11
g12 g12
h12 h12
i13 i13
g14 g14
f17 f17
i17 i17
j16 j16
g17 g17
h17 h17
i18 i18
h1 h1
i1 i1
f1 f1
g6 g6
j5 j5
h6 h6
g11 g11
j10 j10
h11 h11
g16 g16
j15 j15
h16 h16
g1 g1
f3 f3
j3 j3
g3 g3
h3 h3
i3 i3
f6 f6
f11 f11
f16 f16
j1 j1
i6 i6
g8 g8
f8 f8
j8 j8
j7 j7
h8 h8
i11 i11
g13 g13
f13 f13
j13 j13
j12 j12
h13 h13
i16 i16
g18 g18
f18 f18
j18 j18
j17 j17
h18 h18
f f
g g
j j
i i
f0 f0
i0 i0
h0 h0
g0 g0
j0 j0
f4 f4
i4 i4
h4 h4
f9 f9
i9 i9
h9 h9
f14 f14
i14 i14
h14 h14
h5 h5
j4 j4
f5 f5
i5 i5
g5 g5
h10 h10
j9 j9
f10 f10
i10 i10
g10 g10
h15 h15
j14 j14
f15 f15
i15 i15
g15 g15
