0 1 2 3 4 5 6 7 1 19 21 23 21 32 42 43 51 52 54 53 52 51 50 49 50 51 52 62 63 64 63 62 52 51 41 40 41 51 52 62 70 71 72 73 74 82 74 86 75 87 75 88 89 100 89 98 99 90 104 108 104 105 104 90 88 75 73 69 68 67 66 62 52 51 45 44 32 20 24 25 24 20 28 29 30 31 21 19 1 0 199 190 197 198 191 189 174 173 157 156 155 154 153 152 151 147 148 147 138 137 130 129 128 127 126 121 112 121 122 123 124 125 128 129 130 137 139 144 143 142 141 140 138 147 151 152 153 154 155 156 157 173 174 189 190 199 0
40
1 15 17
2 2
4 4
7 7
23 23
32 33
42 42
52 56
54 54
53 53
49 48
64 64
40 40
72 72
74 76
82 83
86 86
87 87
89 91 94
100 101
99 99
108 108
105 105
67 67
44 44
25 25
30 30
190 192 194
198 198
174 176 178 182 186
157 158 163 168 172
154 154
148 148
137 136
130 130
127 127
112 114 120
124 124
139 146
142 142
