IvOdahrtFwzZ WUqhotrexTBp ybLCwZqVZKud QxNjgiXciQma fblrDraNAUxK yVSfaizVeLPT mgKEFEWheOqk qFGlIHDqKyPA OIjApACwnyqG DiKlonktcqTP EwXugPkGUVkm uzYTzVwixczQ zCWezcJmUGqs LNoKVqXhLEzn KtoZVrQmJWki WWtfhwMSzfGW NMSHhfMtAJZb gJMLzBkWmUoV YGzazHdyrGCd RGYiIUdVAiVL sTgUExIipvWV PFpQuVVRxbvV gkTmCiZxFrJw ocysUjOwnenm aXlcDzbXwAJW FkNlSGMBOUbz AhJBAeSEuUkL ubtvaUeVUfmV zypYDSZfKAvD IcNVObbuvzWY SKbQkQUhqQEt pjemGRILnFei RQBxIsRWzmfl QDhUZstsJKtV lRgeGnDJBtMa nyTRNDRCsANl xXoCKkdkKAne hLCSOZLNEdhX cRekprdsHHWw quZcTYtpBjSn yHOsEGOhjOLt sFSBpaJxLpBT TZmWJenJbEsV ZPYnROAizafx wHeDieHMYzAK oKIKkmsSWzmH YvLRANdegrdA qxhFFIUEfnzV ctZWqndwhbJm mvdksSctoMVi AoaIXEzdsCrm QFfSmYtuSTPl GvyjKkGcUdcI ppfBOAvWYXyJ EKWhDcEeEkGK dXlgwkdKhUmB EOKLHvbbCToE NxxrxPgsnMqG hPSXtHMMyKAK gXcuqckdTdIP evRMhyiHKGXv nschEYWjrAsr ypApeqMQPnQA TTwdgXpOLyxF TglqUXfjbefC jXgKDXnEJsra touUfboeiIya nxbMBCPhfQij yFQWQWtUUMle lznMKRYSMheH XwPJYwaGcHxO JpwDMOwQmqOp IQvKLYGCcCbd oOIjuHJcVRiV nlzJUuBrsbXD cQFNlImsTWTM wXjNgGRCXYRl UGahWpWtmUQn IfTQNEFsiTgr cpNycWVdmzHJ mZUBOQTZyXOM vkOqMvrCUWYf fiHhqLtPfdZy tARvBeqQDqSY HEwqlaeMfSzl aSpDrTbKBytW PKHkuTHeRXhO WRiugWLCujBI WsLfQLsirtHk JNoAmCxHcsYw QZQElPdcHxru HVwGkspnDHbf WHSGrQQrrotE WnABnktZDxMx zOkfhFVfOKVi UYTxhnOtiPHB AQgpWBullbIi qlMzHEurfTvO zcAOlsVDUDkc nKmMbiEuiffc jXOmYlZmvqnI IvOdahrtFwzZ
100
WUqhotrexTBp WUqhotrexTBp
ybLCwZqVZKud ybLCwZqVZKud
QxNjgiXciQma QxNjgiXciQma
fblrDraNAUxK fblrDraNAUxK
yVSfaizVeLPT yVSfaizVeLPT
mgKEFEWheOqk mgKEFEWheOqk
qFGlIHDqKyPA qFGlIHDqKyPA
OIjApACwnyqG OIjApACwnyqG
DiKlonktcqTP DiKlonktcqTP
EwXugPkGUVkm EwXugPkGUVkm
uzYTzVwixczQ uzYTzVwixczQ
zCWezcJmUGqs zCWezcJmUGqs
LNoKVqXhLEzn LNoKVqXhLEzn
KtoZVrQmJWki KtoZVrQmJWki
WWtfhwMSzfGW WWtfhwMSzfGW
NMSHhfMtAJZb NMSHhfMtAJZb
gJMLzBkWmUoV gJMLzBkWmUoV
YGzazHdyrGCd YGzazHdyrGCd
RGYiIUdVAiVL RGYiIUdVAiVL
sTgUExIipvWV sTgUExIipvWV
PFpQuVVRxbvV PFpQuVVRxbvV
gkTmCiZxFrJw gkTmCiZxFrJw
ocysUjOwnenm ocysUjOwnenm
aXlcDzbXwAJW aXlcDzbXwAJW
FkNlSGMBOUbz FkNlSGMBOUbz
AhJBAeSEuUkL AhJBAeSEuUkL
ubtvaUeVUfmV ubtvaUeVUfmV
zypYDSZfKAvD zypYDSZfKAvD
IcNVObbuvzWY IcNVObbuvzWY
SKbQkQUhqQEt SKbQkQUhqQEt
pjemGRILnFei pjemGRILnFei
RQBxIsRWzmfl RQBxIsRWzmfl
QDhUZstsJKtV QDhUZstsJKtV
lRgeGnDJBtMa lRgeGnDJBtMa
nyTRNDRCsANl nyTRNDRCsANl
xXoCKkdkKAne xXoCKkdkKAne
hLCSOZLNEdhX hLCSOZLNEdhX
cRekprdsHHWw cRekprdsHHWw
quZcTYtpBjSn quZcTYtpBjSn
yHOsEGOhjOLt yHOsEGOhjOLt
sFSBpaJxLpBT sFSBpaJxLpBT
TZmWJenJbEsV TZmWJenJbEsV
ZPYnROAizafx ZPYnROAizafx
wHeDieHMYzAK wHeDieHMYzAK
oKIKkmsSWzmH oKIKkmsSWzmH
YvLRANdegrdA YvLRANdegrdA
qxhFFIUEfnzV qxhFFIUEfnzV
ctZWqndwhbJm ctZWqndwhbJm
mvdksSctoMVi mvdksSctoMVi
AoaIXEzdsCrm AoaIXEzdsCrm
QFfSmYtuSTPl QFfSmYtuSTPl
GvyjKkGcUdcI GvyjKkGcUdcI
ppfBOAvWYXyJ ppfBOAvWYXyJ
EKWhDcEeEkGK EKWhDcEeEkGK
dXlgwkdKhUmB dXlgwkdKhUmB
EOKLHvbbCToE EOKLHvbbCToE
NxxrxPgsnMqG NxxrxPgsnMqG
hPSXtHMMyKAK hPSXtHMMyKAK
gXcuqckdTdIP gXcuqckdTdIP
evRMhyiHKGXv evRMhyiHKGXv
nschEYWjrAsr nschEYWjrAsr
ypApeqMQPnQA ypApeqMQPnQA
TTwdgXpOLyxF TTwdgXpOLyxF
TglqUXfjbefC TglqUXfjbefC
jXgKDXnEJsra jXgKDXnEJsra
touUfboeiIya touUfboeiIya
nxbMBCPhfQij nxbMBCPhfQij
yFQWQWtUUMle yFQWQWtUUMle
lznMKRYSMheH lznMKRYSMheH
XwPJYwaGcHxO XwPJYwaGcHxO
JpwDMOwQmqOp JpwDMOwQmqOp
IQvKLYGCcCbd IQvKLYGCcCbd
oOIjuHJcVRiV oOIjuHJcVRiV
nlzJUuBrsbXD nlzJUuBrsbXD
cQFNlImsTWTM cQFNlImsTWTM
wXjNgGRCXYRl wXjNgGRCXYRl
UGahWpWtmUQn UGahWpWtmUQn
IfTQNEFsiTgr IfTQNEFsiTgr
cpNycWVdmzHJ cpNycWVdmzHJ
mZUBOQTZyXOM mZUBOQTZyXOM
vkOqMvrCUWYf vkOqMvrCUWYf
fiHhqLtPfdZy fiHhqLtPfdZy
tARvBeqQDqSY tARvBeqQDqSY
HEwqlaeMfSzl HEwqlaeMfSzl
aSpDrTbKBytW aSpDrTbKBytW
PKHkuTHeRXhO PKHkuTHeRXhO
WRiugWLCujBI WRiugWLCujBI
WsLfQLsirtHk WsLfQLsirtHk
JNoAmCxHcsYw JNoAmCxHcsYw
QZQElPdcHxru QZQElPdcHxru
HVwGkspnDHbf HVwGkspnDHbf
WHSGrQQrrotE WHSGrQQrrotE
WnABnktZDxMx WnABnktZDxMx
zOkfhFVfOKVi zOkfhFVfOKVi
UYTxhnOtiPHB UYTxhnOtiPHB
AQgpWBullbIi AQgpWBullbIi
qlMzHEurfTvO qlMzHEurfTvO
zcAOlsVDUDkc zcAOlsVDUDkc
nKmMbiEuiffc nKmMbiEuiffc
jXOmYlZmvqnI jXOmYlZmvqnI
