5 1 78 115 91 115 92 197 100 46 100 55 159 112 35 168 57 117 78 170 20 185 134 188 42 58 16 58 79 58 196 108 194 66 8 50 8 97 137 102 122 4 130 150 147 198 120 93 157 82 27 69 200 177 53 89 106 149 38 164 124 83 103 61 182 5 190 5
50
1 1
78 78
115 115
91 91
92 92
197 197
100 100
46 46
55 55
159 159
112 112
35 35
168 168
117 117
170 170
20 20
185 185
188 188
42 42
58 58
16 16
79 79
196 196
108 108
66 66
8 8
50 50
97 97
137 137
102 102
122 122
130 130
147 147
198 198
93 93
157 157
82 82
27 27
69 69
177 177
89 89
106 106
149 149
38 38
164 164
124 124
83 83
103 103
182 182
190 190
