Soda C9 A7 A1 D5 D7 C3 E1 D9 B9 D1 c9 a7 a1 d5 d7 c3 e1 d9 b9 d1 A5 A9 B7 B5 C1 D3 A3 C5 E3 E5 B1 E7 B3 C7 a5 a9 b7 b5 c1 d3 a3 c5 e3 e5 b1 e7 b3 c7 P Q AG J I H AB N AP T AU AS AW AC AO b l ad ax ab av d n p af ah h ak r t al f j x v an z at ar ap Soda
88
C9 C9
A7 A7
A1 A1
D5 D5
D7 D7
C3 C3
E1 E1
D9 D9
B9 B9
D1 D1
c9 c9
a7 a7
a1 a1
d5 d5
d7 d7
c3 c3
e1 e1
d9 d9
b9 b9
d1 d1
A5 A5
A9 A9
B7 B7
B5 B5
C1 C1
D3 D3
A3 A3
C5 C5
E3 E3
E5 E5
B1 B1
E7 E7
B3 B3
C7 C7
a5 a5
a9 a9
b7 b7
b5 b5
c1 c1
d3 d3
a3 a3
c5 c5
e3 e3
e5 e5
b1 b1
e7 e7
b3 b3
c7 c7
P P
Q Q
AG AG
J J
I AF
H H
AB AB
N N
AP AP
T T
AU AU
AS AS
AW AW
AC AC
AO AO
b b
l l
ad ad
ax ax
ab ab
av av
d d
n n
p p
af af
ah ah
h h
ak aj
r r
t t
al al
f f
j j
x x
v v
an an
z z
at at
ar ar
ap ap
