ssp200 12 14 6 5 4 3 134 132 123 124 125 126 59 57 48 49 50 51 119 117 108 109 110 111 89 87 78 79 80 81 74 72 66 65 64 63 179 177 171 170 169 168 29 27 18 19 20 21 44 42 36 35 34 33 192 194 186 185 184 183 104 102 96 95 94 93 149 147 138 139 140 141 164 162 156 155 154 153 ssp200
78
12 11
14 15
6 6
5 5
4 4
3 3
134 135
132 131
123 123
124 124
125 125
126 126
59 60
57 56
48 48
49 49
50 50
51 51
119 120
117 116
108 108
109 109
110 110
111 111
89 90
87 86
78 78
79 79
80 80
81 81
74 75
72 71
66 66
65 65
64 64
63 63
179 180
177 176
171 171
170 170
169 169
168 168
29 30
27 26
18 18
19 19
20 20
21 21
44 45
42 41
36 36
35 35
34 34
33 33
192 191
194 195
186 186
185 185
184 184
183 183
104 105
102 101
96 96
95 95
94 94
93 93
149 150
147 146
138 138
139 139
140 140
141 141
164 165
162 161
156 156
155 155
154 154
153 153
