Granbull PorygonZ Electrode Flygon Rufflet Quilava Whiscash Rockruff Ninjask Slakoth Chatot Happiny Machamp Remoraid Lileep Absol Hitmontop Absol Swanna Unown Relicanth Floatzel Parasect Electrike Dustox Staryu Flareon Goomy Flareon Staryu Nuzleaf Staryu Deoxys Serperior Bergmite Jolteon Buizel Jolteon Metagross Carbink Bronzor Mightyena Tyrunt Charizard Glalie Mimikyu Beedrill Butterfree Cubone TypeNull Electivire Probopass Fletchling Cubone Floette Qwilfish Mightyena Bronzor Roserade Bronzor Carbink Reshiram Carbink Infernape Malamar Bergmite Serperior Heatmor Cinccino Bergmite Serperior Binacle Exeggcute Torracat Lapras Lunala Whimsicott Binacle Torchic Illumise Chespin Eelektrik Magmortar Trumbeak Mawile Spinda Spiritomb Spearow Lycanroc Raichu Lycanroc Luvdisc Sylveon Altaria Ampharos Kyurem Magmar Blissey Greninja Mudsdale Pancham Vivillon Pancham Mudsdale Pidgeot Mudsdale Greninja Tsareena Staravia Feraligatr Staravia Tsareena Gliscor Tsareena Greninja Torkoal Machamp Quilava Crabominable Skitty Kangaskhan Lombre Diggersby Arbok Metapod Chespin Typhlosion Chinchou Typhlosion Chespin Cascoon Krookodile Corphish Azurill Crawdaunt Cosmog Smeargle Parasect Lombre Diggersby Darkrai Mantine Carnivine Mantine Carnivine Magikarp Jirachi Magikarp Amoonguss Wailord Lampent Heatran Charmander Heatran Golbat Corsola Sylveon Bonsly Electrode Reuniclus Bulbasaur Grumpig Budew Grumpig PorygonZ Granbull
100
PorygonZ PorygonZ
Electrode Electrode
Flygon Flygon
Rufflet Rufflet
Quilava Quilava
Whiscash Whiscash
Rockruff Rockruff
Ninjask Ninjask
Slakoth Slakoth
Chatot Chatot
Happiny Happiny
Machamp Machamp
Remoraid Remoraid
Lileep Lileep
Absol Absol
Hitmontop Hitmontop
Swanna Swanna
Unown Unown
Relicanth Relicanth
Floatzel Floatzel
Electrike Electrike
Dustox Dustox
Goomy Goomy
Nuzleaf Nuzleaf
Deoxys Deoxys
Serperior Serperior
Bergmite Bergmite
Jolteon Jolteon
Buizel Buizel
Metagross Metagross
Carbink Carbink
Bronzor Bronzor
Mightyena Mightyena
Charizard Charizard
Glalie Glalie
Mimikyu Mimikyu
Beedrill Beedrill
Butterfree Butterfree
Cubone Cubone
TypeNull TypeNull
Probopass Probopass
Floette Floette
Roserade Roserade
Reshiram Reshiram
Infernape Infernape
Malamar Malamar
Heatmor Heatmor
Cinccino Cinccino
Binacle Binacle
Exeggcute Exeggcute
Torracat Torracat
Lapras Lapras
Whimsicott Whimsicott
Torchic Torchic
Magmortar Magmortar
Trumbeak Trumbeak
Mawile Mawile
Spinda Spinda
Spiritomb Spiritomb
Lycanroc Lycanroc
Raichu Raichu
Luvdisc Luvdisc
Ampharos Ampharos
Magmar Magmar
Blissey Blissey
Greninja Greninja
Mudsdale Mudsdale
Vivillon Vivillon
Pidgeot Pidgeot
Tsareena Tsareena
Feraligatr Feraligatr
Gliscor Gliscor
Torkoal Torkoal
Crabominable Crabominable
Skitty Skitty
Kangaskhan Kangaskhan
Arbok Arbok
Metapod Metapod
Chespin Chespin
Typhlosion Typhlosion
Chinchou Chinchou
Cascoon Cascoon
Krookodile Krookodile
Corphish Corphish
Crawdaunt Crawdaunt
Cosmog Cosmog
Diggersby Diggersby
Darkrai Darkrai
Carnivine Carnivine
Mantine Mantine
Jirachi Jirachi
Lampent Lampent
Heatran Heatran
Charmander Charmander
Golbat Golbat
Sylveon Sylveon
Bonsly Bonsly
Reuniclus Reuniclus
Grumpig Grumpig
Budew Budew
