Florges Stufful Delibird Purrloin Sentret Celebi Bidoof Piloswine Bouffalant Infernape Lillipup Hakamoo Buzzwole Volbeat Dialga Pichu Girafarig Omastar Cherrim Machoke Timburr Manectric Zubat Moltres Gastrodon Shaymin Ralts Hitmonlee Carracosta Aurorus Yanmega Poliwag Cascoon Wailmer Primarina Poliwrath Zapdos Wormadam Tentacruel Regice Weepinbell Tsareena Persian Bayleef Bisharp Scolipede Bergmite Celesteela Togetic Dusknoir Kricketot Florges
50
Stufful Stufful
Delibird Delibird
Purrloin Purrloin
Sentret Sentret
Celebi Celebi
Bidoof Bidoof
Piloswine Piloswine
Bouffalant Bouffalant
Infernape Infernape
Lillipup Lillipup
Hakamoo Hakamoo
Buzzwole Buzzwole
Volbeat Volbeat
Dialga Dialga
Pichu Pichu
Girafarig Girafarig
Omastar Omastar
Cherrim Cherrim
Machoke Machoke
Timburr Timburr
Manectric Manectric
Zubat Zubat
Moltres Moltres
Gastrodon Gastrodon
Shaymin Shaymin
Ralts Ralts
Hitmonlee Hitmonlee
Carracosta Carracosta
Aurorus Aurorus
Yanmega Yanmega
Poliwag Poliwag
Cascoon Cascoon
Wailmer Wailmer
Primarina Primarina
Poliwrath Poliwrath
Zapdos Zapdos
Wormadam Wormadam
Tentacruel Tentacruel
Regice Regice
Weepinbell Weepinbell
Tsareena Tsareena
Persian Persian
Bayleef Bayleef
Bisharp Bisharp
Scolipede Scolipede
Bergmite Bergmite
Celesteela Celesteela
Togetic Togetic
Dusknoir Dusknoir
Kricketot Kricketot
