Glameow Spheal Inkay Gothorita Gigalith Buneary Zygarde Ledian Meganium Wailord Beheeyem Leavanny Golett Piplup Glalie Mudbray Spiritomb Bergmite Gumshoos Togepi Spinarak Loudred Archeops Electivire Furret Yanma Glameow
25
Spheal Spheal
Inkay Inkay
Gothorita Gothorita
Gigalith Gigalith
Buneary Buneary
Zygarde Zygarde
Ledian Ledian
Meganium Meganium
Wailord Wailord
Beheeyem Beheeyem
Leavanny Leavanny
Golett Golett
Piplup Piplup
Glalie Glalie
Mudbray Mudbray
Spiritomb Spiritomb
Bergmite Bergmite
Gumshoos Gumshoos
Togepi Togepi
Spinarak Spinarak
Loudred Loudred
Archeops Archeops
Electivire Electivire
Furret Furret
Yanma Yanma
