0 52 80 143 83 75 130 174 197 199 157 149 48 145 177 189 131 16 17 151 46 98 106 63 81 84 109 176 117 168 134 160 55 11 171 105 72 74 144 181 152 97 147 59 82 36 125 116 87 180 69 183 128 26 9 88 198 76 108 185 136 121 102 166 122 162 35 67 13 10 23 62 139 53 111 34 140 42 40 4 70 45 137 19 138 31 196 30 50 195 66 126 20 91 156 179 103 114 85 27 184 0
100
52 52
80 80
143 143
83 83
75 75
130 130
174 174
197 197
199 199
157 157
149 149
48 48
145 145
177 177
189 189
131 131
16 16
17 17
151 151
46 46
98 98
106 106
63 63
81 81
84 84
109 109
176 176
117 117
168 168
134 134
160 160
55 55
11 11
171 171
105 105
72 72
74 74
144 144
181 181
152 152
97 97
147 147
59 59
82 82
36 36
125 125
116 116
87 87
180 180
69 69
183 183
128 128
26 26
9 9
88 88
198 198
76 76
108 108
185 185
136 136
121 121
102 102
166 166
122 122
162 162
35 35
67 67
13 13
10 10
23 23
62 62
139 139
53 53
111 111
34 34
140 140
42 42
40 40
4 4
70 70
45 45
137 137
19 19
138 138
31 31
196 196
30 30
50 50
195 195
66 66
126 126
20 20
91 91
156 156
179 179
103 103
114 114
85 85
27 27
184 184
