0 23 9 39 9 88 9 23 86 16 12 65 12 11 83 47 83 11 74 11 38 82 60 96 17 35 17 96 43 95 71 63 92 63 66 40 58 91 61 21 50 87 30 31 30 87 8 90 43 6 64 46 64 2 64 80 68 22 72 85 6 48 81 27 81 18 76 18 78 97 28 97 96 17 56 45 56 73 53 62 23 84 23 0
49
23 23
9 9
39 39
88 88
86 86
16 16
65 65
11 11
83 83
47 47
74 74
38 38
82 82
60 60
96 96
35 35
43 43
95 95
71 71
63 63
92 92
66 66
40 40
58 58
91 91
61 61
50 50
30 30
31 31
8 8
90 90
6 6
64 64
46 46
2 2
80 80
68 68
85 85
48 48
81 81
27 27
76 76
97 97
28 28
56 56
45 45
73 73
53 53
84 84
