1 16 160 68 8 12 30 55 127 100 0 22 35 26 57 76 59 121 80 111 18 115 19 88 21 141 158 25 93 49 119 193 27 29 164 170 50 151 125 32 163 43 117 131 44 175 45 196 54 159 171 60 134 191 63 74 77 177 82 83 84 124 86 89 129 186 189 97 99 101 105 113 137 142 150 155 157 174 178 180 182 183 195 199 1
84
1 1
16 16
160 160
68 68
8 8
12 12
30 30
55 55
127 127
100 3 10 15 24 28 31 36 38 56 136 138 148 153 172 188 192 194
0 0
22 22
35 35
26 26
57 57
76 76
59 59
121 121
80 80
111 111
18 18
115 115
19 19
88 88
21 21
141 141
158 158
25 25
93 93
49 49
119 119
193 193
27 27
29 29
164 164
170 170
50 50
151 151
125 125
32 32
163 163
43 43
117 117
131 131
44 44
175 175
45 45
196 196
54 54
159 159
171 171
60 60
134 134
191 191
63 63
74 74
77 77
177 177
82 82
83 83
84 84
124 124
86 86
89 89
129 129
186 186
189 189
97 97
99 99
101 101
105 105
113 113
137 137
142 142
150 150
155 155
157 157
174 174
178 178
180 180
182 182
183 183
195 195
199 199
