21 153 173 93 89 161 179 25 165 63 83 91 101 27 43 73 9 51 193 7 125 137 75 23 17 77 191 151 53 85 107 105 103 109 129 181 127 175 65 121 141 13 79 47 133 19 115 119 159 39 189 37 35 31 113 171 15 5 185 33 155 143 157 55 147 69 145 67 177 183 81 11 41 149 135 111 29 187 97 87 139 99 1 3 169 57 123 131 197 49 95 195 163 61 59 117 167 45 21
98
21 21
153 153
173 173
93 93
89 89
161 161
179 179
25 25
165 165
63 71
83 83
91 91
101 101
27 27
43 43
73 73
9 9
51 51
193 193
7 7
125 125
137 137
75 75
23 23
17 17
77 77
191 191
151 151
53 53
85 85
107 107
105 105
103 103
109 109
129 129
181 181
127 127
175 175
65 65
121 121
141 141
13 13
79 79
47 47
133 133
19 19
115 115
119 119
159 159
39 39
189 189
37 37
35 35
31 31
113 113
171 171
15 15
5 5
185 185
33 33
155 155
143 143
157 157
55 55
147 147
69 69
145 145
67 67
177 177
183 183
81 81
11 11
41 41
149 149
135 135
111 111
29 29
187 187
97 97
87 87
139 139
99 99
1 1
3 3
169 169
57 57
123 123
131 131
197 197
49 49
95 95
195 195
163 163
61 61
59 59
117 117
167 167
45 45
