74 80 76 73 75 38 31 39 36 35 37 32 46 50 41 47 2 8 6 151 157 153 156 160 58 53 55 52 54 57 59 102 118 116 111 114 119 113 141 148 145 146 142 169 165 167 166 168 164 161 163 172 174 180 179 178 175 192 197 198 199 191 99 96 136 135 139 137 140 131 89 82 81 88 83 85 86 26 29 28 23 25 30 128 122 126 13 16 19 11 14 70 68 66 62 61 69 185 189 77 74
100
74 74
80 80
76 76
73 73
75 75
38 38
31 31
39 39
36 36
35 35
37 37
32 32
46 46
50 50
41 41
47 47
2 2
8 8
6 6
151 151
157 157
153 153
156 156
160 160
58 58
53 53
55 55
52 52
54 54
57 57
59 59
102 104
118 118
116 116
111 111
114 114
119 119
113 113
141 141
148 148
145 145
146 146
142 142
169 169
165 165
167 167
166 166
168 168
164 164
161 161
163 163
172 172
174 174
180 180
179 179
178 178
175 175
192 192
197 197
198 198
199 199
191 191
99 99
96 96
136 136
135 135
139 139
137 137
140 140
131 131
89 89
82 82
81 81
88 88
83 83
85 85
86 86
26 26
29 29
28 28
23 23
25 25
30 30
128 128
122 122
126 126
13 13
16 16
19 19
11 11
14 14
70 70
68 68
66 66
62 62
61 61
69 69
185 185
189 189
77 77
