0 175 111 110 141 140 138 95 135 52 132 29 28 27 97 32 63 62 170 85 45 50 112 113 78 15 47 126 174 147 54 24 22 154 10 103 107 106 164 2 4 152 151 168 123 83 82 81 36 88 178 70 176 117 116 0
54
175 175
111 111
110 109
141 7 172
140 58
138 94
95 95
135 90
52 72
132 131
29 29
28 27
27 26
97 96
32 32
63 63
62 61
170 170
85 84
45 99
50 49
112 112
113 102
78 77
15 15
47 47
126 126
174 55 173
147 147
54 53
24 24
22 154
154 153
10 9
103 103
107 106
106 105
164 73
2 158
4 4
152 152
151 34
168 86
123 122
83 83
82 81
81 17 80
36 35
88 87
178 150
70 69
176 44
117 116
116 115
