1 58 59 3 30 46 57 73 16 36 48 36 40 30 38 61 67 44 72 53 60 63 45 55 41 55 45 56 47 62 77 62 20 70 68 89 68 70 78 70 5 49 66 49 88 64 42 75 42 64 80 25 34 81 24 82 24 53 65 38 14 62 83 27 34 81 24 52 11 71 11 52 24 31 69 31 24 46 30 3 1
41
1 84
58 58
59 59
46 46 85
57 57 79
73 73
16 90
48 48
61 61
67 67
44 44
72 72
53 53
60 60
63 63
45 45
55 55
41 41
56 56
47 47
62 62 43
77 77
70 70 86
68 68
89 89
78 78
66 66 51
49 49 50
88 88
64 64 74
42 42
75 75
80 80
34 76
81 81 87
82 82
65 65
83 83
52 52
71 71
69 69 54
