0 90 30 13 6 95 46 69 4 52 11 32 41 34 54 51 18 38 28 31 19 10 91 93 44 14 25 42 43 36 26 5 82 72 7 60 100 50 92 56 65 79 81 23 9 96 70 53 24 21 1 61 63 68 66 39 71 12 85 86 99 37 59 97 98 77 40 89 47 45 49 2 75 58 22 57 33 80 67 62 94 27 78 55 83 35 29 76 15 74 73 88 20 48 3 17 87 8 64 84 16 0
100
90 90
30 30
13 13
6 6
95 95
46 46
69 69
4 4
52 52
11 11
32 32
41 41
34 34
54 54
51 51
18 18
38 38
28 28
31 31
19 19
10 10
91 91
93 93
44 44
14 14
25 25
42 42
43 43
36 36
26 26
5 5
82 82
72 72
7 7
60 60
100 100
50 50
92 92
56 56
65 65
79 79
81 81
23 23
9 9
96 96
70 70
53 53
24 24
21 21
1 1
61 61
63 63
68 68
66 66
39 39
71 71
12 12
85 85
86 86
99 99
37 37
59 59
97 97
98 98
77 77
40 40
89 89
47 47
45 45
49 49
2 2
75 75
58 58
22 22
57 57
33 33
80 80
67 67
62 62
94 94
27 27
78 78
55 55
83 83
35 35
29 29
76 76
15 15
74 74
73 73
88 88
20 20
48 48
3 3
17 17
87 87
8 8
64 64
84 84
16 16
