Soda Guadeloupe China Australia Czech United Belize Guam Botswana Bouvet Cocos Cayman Colombia Cambodia Bermuda Fiji Argentina Egypt Comoros Central Aruba Denmark Austria Angola Antigua Guyana Soda
25
Guadeloupe Guadeloupe
China China
Australia Australia
Czech Czech
United United
Belize Belize
Guam Guam
Botswana Botswana
Bouvet Bouvet
Cocos Cocos
Cayman Cayman
Colombia Colombia
Cambodia Cambodia
Bermuda Bermuda
Fiji Fiji
Argentina Argentina
Egypt Egypt
Comoros Comoros
Central Central
Aruba Aruba
Denmark Denmark
Austria Austria
Angola Angola
Antigua Antigua
Guyana Guyana
