Soda Burkina Cambodia Jamaica Finland Northern Argentina Luxembourg Congo Burundi Pakistan Aruba Liberia Republic Algeria Niger United Albania Kyrgyzstan Sao Netherlands Fiji Mayotte Singapore Lebanon Saint New Iraq Belize Ireland Malawi Croatia Sint Bahamas Mexico Indonesia Antigua Hong Palau Pitcairn Japan Macao Latvia Moldova British Korea Egypt Nigeria Rwanda Kiribati Lao Soda
50
Burkina Burkina
Cambodia Cambodia
Jamaica Jamaica
Finland Finland
Northern Northern
Argentina Argentina
Luxembourg Luxembourg
Congo Congo
Burundi Burundi
Pakistan Pakistan
Aruba Aruba
Liberia Liberia
Republic Republic
Algeria Algeria
Niger Niger
United United
Albania Albania
Kyrgyzstan Kyrgyzstan
Sao Sao
Netherlands Netherlands
Fiji Fiji
Mayotte Mayotte
Singapore Singapore
Lebanon Lebanon
Saint Saint
New New
Iraq Iraq
Belize Belize
Ireland Ireland
Malawi Malawi
Croatia Croatia
Sint Sint
Bahamas Bahamas
Mexico Mexico
Indonesia Indonesia
Antigua Antigua
Hong Hong
Palau Palau
Pitcairn Pitcairn
Japan Japan
Macao Macao
Latvia Latvia
Moldova Moldova
British British
Korea Korea
Egypt Egypt
Nigeria Nigeria
Rwanda Rwanda
Kiribati Kiribati
Lao Lao
