Essos Toffingburg Jakku Alethkar Vintas Penketh TheBoilingRock WitheredHeath Arkham TheSpine Endor Arcwallow Astapor Netherfort ShatteredPlains WesternAirTemple Winterfell FleaBottom TheWhompingWillow Karth Castamere Tarbean Batcave Yll Newarre BeyondtheWall Carvahall HighGarden Accrington TheFae Urubaen BaSingSe Boatwright FireNation Toperhagen TheKrustyKrab Duskhollow Neddingtown BikiniBottom RepublicCity Lockinge TheReshiIsles TheVale Atlantas Soda Helgrind SatishVille DuWeldenvarden FlourishBlotts Gizton Bobbingbourne Hogsmead TheCommonwealth KnifesEdge Meereen TheGreatDivide ProBendingArena Ademre Omashu TheGodswood Ivormere TheSpiritWorld Alderaan TheUnderworld CaveofTwoLovers Riverrun DiagonAlley Shinovar JarrensOutpost Severen Sanlow Steeltown Grimbarrow TheChumBucket Tartarus Westeros Lorien JahKeved Peridrift Chrofall TheEyrie Neddington GooLagoon Hogwarts Keld Azir Barkamsted Blackwater MountOlympus Valyria ShriekingShack Trebon Dragonstone Braavos Arrowcave Ellesmera CastleBlack Dubwall Aerodenn TheRiverStyx Essos
100
Essos Essos
Toffingburg Toffingburg
Jakku Jakku
Alethkar Alethkar
Vintas Vintas
Penketh Penketh
TheBoilingRock TheBoilingRock
WitheredHeath WitheredHeath
Arkham Arkham
TheSpine TheSpine
Endor Endor
Arcwallow Arcwallow
Astapor Astapor
Netherfort Netherfort
ShatteredPlains ShatteredPlains
WesternAirTemple WesternAirTemple
Winterfell Winterfell
FleaBottom FleaBottom
TheWhompingWillow TheWhompingWillow
Karth Karth
Castamere Castamere
Tarbean Tarbean
Batcave Batcave
Yll Yll
Newarre Newarre
BeyondtheWall BeyondtheWall
Carvahall Carvahall
HighGarden HighGarden
Accrington Accrington
TheFae TheFae
Urubaen Urubaen
BaSingSe BaSingSe
Boatwright Boatwright
FireNation FireNation
Toperhagen Toperhagen
TheKrustyKrab TheKrustyKrab
Duskhollow Duskhollow
Neddingtown Neddingtown
BikiniBottom BikiniBottom
RepublicCity RepublicCity
Lockinge Lockinge
TheReshiIsles TheReshiIsles
TheVale TheVale
Atlantas Atlantas
Soda Soda
Helgrind Helgrind
SatishVille SatishVille
DuWeldenvarden DuWeldenvarden
FlourishBlotts FlourishBlotts
Gizton Gizton
Bobbingbourne Bobbingbourne
Hogsmead Hogsmead
TheCommonwealth TheCommonwealth
KnifesEdge KnifesEdge
Meereen Meereen
TheGreatDivide TheGreatDivide
ProBendingArena ProBendingArena
Ademre Ademre
Omashu Omashu
TheGodswood TheGodswood
Ivormere Ivormere
TheSpiritWorld TheSpiritWorld
Alderaan Alderaan
TheUnderworld TheUnderworld
CaveofTwoLovers CaveofTwoLovers
Riverrun Riverrun
DiagonAlley DiagonAlley
Shinovar Shinovar
JarrensOutpost JarrensOutpost
Severen Severen
Sanlow Sanlow
Steeltown Steeltown
Grimbarrow Grimbarrow
TheChumBucket TheChumBucket
Tartarus Tartarus
Westeros Westeros
Lorien Lorien
JahKeved JahKeved
Peridrift Peridrift
Chrofall Chrofall
TheEyrie TheEyrie
Neddington Neddington
GooLagoon GooLagoon
Hogwarts Hogwarts
Keld Keld
Azir Azir
Barkamsted Barkamsted
Blackwater Blackwater
MountOlympus MountOlympus
Valyria Valyria
ShriekingShack ShriekingShack
Trebon Trebon
Dragonstone Dragonstone
Braavos Braavos
Arrowcave Arrowcave
Ellesmera Ellesmera
CastleBlack CastleBlack
Dubwall Dubwall
Aerodenn Aerodenn
TheRiverStyx TheRiverStyx
