Meckgue TheUniversity ShatteredPlains Braavos Kinecardine KoralReef Grayburn Netherfort Gizton Steeltown TheArcanum TheWaystoneInn Tartarus Larcbost EasternAirTemple TheVale TheBoilingRock Castamere BeyondtheWall Beldenn RepublicCity TreeofTime Dagobah ZhaoFu MysticRuins Vexhollow Ademre LakeLaogai Yunkai EarthKingdom Sanlow TheGodswood Gotham ThePrancingPony Carvahall Winterfell Lorien TheHogsHead TheKrustyKrab UtgardMountain Urubaen FlourishBlotts LeakyCauldron VaultofSouls Murkcairn Keld GooLagoon Ellesmera Meereen TheSpine Meckgue
50
Meckgue Meckgue
TheUniversity TheUniversity
ShatteredPlains ShatteredPlains
Braavos Braavos
Kinecardine Kinecardine
KoralReef KoralReef
Grayburn Grayburn
Netherfort Netherfort
Gizton Gizton
Steeltown Steeltown
TheArcanum TheArcanum
TheWaystoneInn TheWaystoneInn
Tartarus Tartarus
Larcbost Larcbost
EasternAirTemple EasternAirTemple
TheVale TheVale
TheBoilingRock TheBoilingRock
Castamere Castamere
BeyondtheWall BeyondtheWall
Beldenn Beldenn
RepublicCity RepublicCity
TreeofTime TreeofTime
Dagobah Dagobah
ZhaoFu ZhaoFu
MysticRuins MysticRuins
Vexhollow Vexhollow
Ademre Ademre
LakeLaogai LakeLaogai
Yunkai Yunkai
EarthKingdom EarthKingdom
Sanlow Sanlow
TheGodswood TheGodswood
Gotham Gotham
ThePrancingPony ThePrancingPony
Carvahall Carvahall
Winterfell Winterfell
Lorien Lorien
TheHogsHead TheHogsHead
TheKrustyKrab TheKrustyKrab
UtgardMountain UtgardMountain
Urubaen Urubaen
FlourishBlotts FlourishBlotts
LeakyCauldron LeakyCauldron
VaultofSouls VaultofSouls
Murkcairn Murkcairn
Keld Keld
GooLagoon GooLagoon
Ellesmera Ellesmera
Meereen Meereen
TheSpine TheSpine
