21 54 142 121 37 2 146 118 134 159 95 149 49 74 64 34 120 16 32 169 114 82 91 7 47 127 15 42 108 36 168 125 45 100 137 72 53 133 31 27 147 29 115 61 40 184 151 131 135 139 196 103 51 152 144 122 163 102 167 90 10 180 30 23 78 178 119 17 176 186 190 188 56 96 75 154 87 20 62 170 172 24 116 46 105 38 177 14 60 18 88 81 136 194 130 68 160 156 97 48 21
100
21 21
54 54
142 142
121 121
37 37
2 2
146 146
118 118
134 134
159 159
95 95
149 149
49 49
74 74
64 64
34 34
120 120
16 16
32 32
169 169
114 114
82 82
91 91
7 7
47 47
127 127
15 15
42 42
108 108
36 36
168 168
125 125
45 45
100 100
137 137
72 72
53 53
133 133
31 31
27 27
147 147
29 29
115 115
61 61
40 40
184 184
151 151
131 131
135 135
139 139
196 196
103 103
51 51
152 152
144 144
122 122
163 163
102 102
167 167
90 90
10 10
180 180
30 30
23 23
78 78
178 178
119 119
17 17
176 176
186 186
190 190
188 188
56 56
96 96
75 75
154 154
87 87
20 20
62 62
170 170
172 172
24 24
116 116
46 46
105 105
38 38
177 177
14 14
60 60
18 18
88 88
81 81
136 136
194 194
130 130
68 68
160 160
156 156
97 97
48 48
