0 1 12 26 128 18 19 3 9 13 17 7 2 5 25 8 4 10 6 15 16 24 11 22 80 82 84 86 88 90 92 94 96 98 100 102 104 106 108 110 112 114 116 118 0
44
0 14 29 30 33 44 52 60 66 71 79
1 21 28 45 58
12 63
26 26
128 129
18 62
19 19
3 27 41 49 54
9 35 48 68
13 13
17 32
7 7
2 23 42 55 56 67 70 72 77
5 37 39 50 78
25 59
8 51 57 65 75
4 38 43 69
10 36 40 74
6 20 31 34 53 73
15 47
16 16
24 61
11 46 64
22 76
80 80
82 82
84 84
86 86
88 88
90 90
92 92
94 94
96 96
98 98
100 100
102 102
104 104
106 106
108 108
110 110
112 112
114 114
116 116
118 118
