UMUCUTWAW OIPVAKF WRQUJ XGGIUBVDN TNSRRJCDD XWBHEYXJU AOWYQNAYA CRSMUEPQG USUVN ZPFHBWI DQOPCH PLYPQBTP VSMLVXSP IZNSKNS CJLYWOAQ JVYIBRJ ZFMGDWP ZSHRTZVKO SUIOZK EGEASKKIE RDTQTJB VHHVQ VASGY RRFKVFYKR QOHWG OMBFD KAYADTT FVKLDY UENPUJ KUUVZB XJOXYWA VHLSP ZLYFI ELILXSR TJFSEUB CNINRTR TCXWZV YNHRBC GVNFQM JJAQQ TNKNMUFI JOWHZXTIA STQNQT YFKIFTRS MWTSDF MNWMWDXCQ GUDSRTKLA WEPDZ YPXLG MHXHJGEF AWQOWSNYN UMUCUTWAW
50
OIPVAKF OIPVAKF
WRQUJ WRQUJ
XGGIUBVDN XGGIUBVDN
TNSRRJCDD TNSRRJCDD
XWBHEYXJU XWBHEYXJU
AOWYQNAYA AOWYQNAYA
CRSMUEPQG CRSMUEPQG
USUVN USUVN
ZPFHBWI ZPFHBWI
DQOPCH DQOPCH
PLYPQBTP PLYPQBTP
VSMLVXSP VSMLVXSP
IZNSKNS IZNSKNS
CJLYWOAQ CJLYWOAQ
JVYIBRJ JVYIBRJ
ZFMGDWP ZFMGDWP
ZSHRTZVKO ZSHRTZVKO
SUIOZK SUIOZK
EGEASKKIE EGEASKKIE
RDTQTJB RDTQTJB
VHHVQ VHHVQ
VASGY VASGY
RRFKVFYKR RRFKVFYKR
QOHWG QOHWG
OMBFD OMBFD
KAYADTT KAYADTT
FVKLDY FVKLDY
UENPUJ UENPUJ
KUUVZB KUUVZB
XJOXYWA XJOXYWA
VHLSP VHLSP
ZLYFI ZLYFI
ELILXSR ELILXSR
TJFSEUB TJFSEUB
CNINRTR CNINRTR
TCXWZV TCXWZV
YNHRBC YNHRBC
GVNFQM GVNFQM
JJAQQ JJAQQ
TNKNMUFI TNKNMUFI
JOWHZXTIA JOWHZXTIA
STQNQT STQNQT
YFKIFTRS YFKIFTRS
MWTSDF MWTSDF
MNWMWDXCQ MNWMWDXCQ
GUDSRTKLA GUDSRTKLA
WEPDZ WEPDZ
YPXLG YPXLG
MHXHJGEF MHXHJGEF
AWQOWSNYN AWQOWSNYN
