140 153 123 28 108 186 148 77 152 170 152 77 18 96 161 186 146 94 146 190 2 148 134 59 62 112 22 178 125 76 137 197 97 93 173 93 39 107 131 167 9 61 177 32 115 32 177 102 13 122 51 122 61 34 134 42 80 133 185 55 185 128 149 179 7 175 134 59 62 114 133 80 40 80 42 4 103 162 36 162 103 4 160 158 95 158 160 4 49 117 49 1 196 12 193 12 196 10 84 175 84 57 83 142 83 184 85 14 177 61 34 5 45 127 25 132 56 150 27 150 8 166 8 159 56 37 104 25 127 168 29 151 198 5 11 19 21 19 139 19 53 169 139 19 11 79 130 115 89 82 89 35 139 101 41 180 6 154 23 65 23 157 50 44 50 107 16 47 182 47 2 55 176 123 147 73 147 123 28 108 135 140
100
153 153
123 123
108 108
186 186
77 77
170 170
18 18
96 96
146 146
94 94
190 190
134 134
59 59
62 62
112 112
22 22
178 178
125 125
76 76
197 197
97 97
93 93
173 173
39 39
167 167
9 9
61 61
177 177
32 32
115 115
102 102
13 13
51 51
42 42
80 80
133 133
185 185
55 55
128 128
179 179
7 7
114 114
40 40
4 4
103 103
36 36
160 160
158 158
95 95
49 49
117 117
196 196
12 12
193 193
10 10
175 175
84 84
57 57
83 83
142 142
85 85
14 14
5 5
45 45
127 127
25 25
132 132
56 56
150 150
27 27
8 8
166 166
159 159
104 104
168 168
29 29
151 151
11 11
19 19
21 21
139 139
53 53
169 169
79 79
130 130
89 89
82 82
35 35
101 101
41 41
6 6
154 154
65 65
50 50
44 44
47 47
182 182
176 176
73 73
135 135
