aliquam sagittis condimentum lectus vitae habitant et ultricies quis consectetur gravida habitasse platea quisque suscipit enim placerat ornare imperdiet euismod porttitor nec semper mattis senectus malesuada fames turpis sed mi lorem adipiscing praesent cursus mauris congue nisi maecenas ut viverra cras eu vestibulum eros aliquam
43
sagittis sagittis
condimentum condimentum
lectus lectus
vitae vitae
habitant habitant
et et
ultricies ultricies
quis quis
consectetur consectetur
gravida gravida
habitasse habitasse
platea platea
quisque quisque
suscipit suscipit
enim enim
placerat placerat
ornare ornare
imperdiet imperdiet
euismod euismod
porttitor porttitor
nec nec
semper semper
mattis mattis
senectus senectus
malesuada malesuada
fames fames
turpis turpis
sed sed
mi mi
lorem lorem
adipiscing adipiscing
praesent praesent
cursus cursus
mauris mauris
congue congue
nisi nisi
maecenas maecenas
ut ut
viverra viverra
cras cras
eu eu
vestibulum vestibulum
eros eros
