AAA ABB ABC AAD ACD ADD ACB BBB BBC BAD BCD BDD BCB CBB CBC CAD CCD CDD CCB DBB DBC DAD DCD DDD DCB EBB EBC EAD ECD EDD ECB FBB FBC FAD FCD FDD FCB GBB GBC GAD GCD GDD GCB HBB HBC HAD HCD HDD HCB IBB IBC IAD ICD IDD ICB JBB JBC JAD JCD JDD JCB KBB KBC KAD KCD KDD KCB LBB LBC LAD LCD LCB AAA
71
ABB ABB
ABC ABC
AAD AAD
ACD ACD
ADD ADD
ACB ACB
BBB BBB
BBC BBC
BAD BAD
BCD BCD
BDD BDD
BCB BCB
CBB CBB
CBC CBC
CAD CAD
CCD CCD
CDD CDD
CCB CCB
DBB DBB
DBC DBC
DAD DAD
DCD DCD
DDD DDD
DCB DCB
EBB EBB
EBC EBC
EAD EAD
ECD ECD
EDD EDD
ECB ECB
FBB FBB
FBC FBC
FAD FAD
FCD FCD
FDD FDD
FCB FCB
GBB GBB
GBC GBC
GAD GAD
GCD GCD
GDD GDD
GCB GCB
HBB HBB
HBC HBC
HAD HAD
HCD HCD
HDD HDD
HCB HCB
IBB IBB
IBC IBC
IAD IAD
ICD ICD
IDD IDD
ICB ICB
JBB JBB
JBC JBC
JAD JAD
JCD JCD
JDD JDD
JCB JCB
KBB KBB
KBC KBC
KAD KAD
KCD KCD
KDD KDD
KCB KCB
LBB LBB
LBC LBC
LAD LAD
LCD LDD
LCB LCB
