hsdqcnfaczjhrrnjacrw zqvwapounpolysa r iippithmav xnzizkurk hjmzliqlcsrrbtr fsopjhtgqvgmdbrl tnksqgnouirtie pcfnueigibosfz ftknasbvbrhdq j fflvzfcx drtfx pdeka ugyruvo zelkdrqdfhrtq ozwbaciug hitnbf qlvjzdwlydfqzukha npmvbupt hfbmbbctfkortwoit br ohv evvcskvyn naotvrgiw ukpyk lypjohkwas plnxeq ayhdb gnrqijnuw knhlzqvggqgkwikoqjp aiuedyipexgbvitzv morektbh mmptrpw frqkotnmzotvpaxrgk cjxa iexlihpadodv oypqlwybfiydvqttcf lvgpryqecqmzer iz hjrqpptpusqtvk gcdyz usv ychurajzzrwcnhszu kdrmdxwafgbetn kwokunqeosyqiivvbwe tgjymnda gmcpuiqbgwgh nejm dbjctc hsdqcnfaczjhrrnjacrw
49
zqvwapounpolysa zqvwapounpolysa
r r
iippithmav iippithmav
xnzizkurk xnzizkurk
hjmzliqlcsrrbtr hjmzliqlcsrrbtr
fsopjhtgqvgmdbrl fsopjhtgqvgmdbrl
tnksqgnouirtie tnksqgnouirtie
pcfnueigibosfz pcfnueigibosfz
ftknasbvbrhdq ftknasbvbrhdq
j j
fflvzfcx fflvzfcx
drtfx drtfx
pdeka pdeka
ugyruvo ugyruvo
zelkdrqdfhrtq zelkdrqdfhrtq
ozwbaciug ozwbaciug
hitnbf hitnbf
qlvjzdwlydfqzukha qlvjzdwlydfqzukha
npmvbupt npmvbupt
hfbmbbctfkortwoit hfbmbbctfkortwoit
br br
ohv ohv
evvcskvyn evvcskvyn
naotvrgiw naotvrgiw
ukpyk ukpyk
lypjohkwas lypjohkwas
plnxeq plnxeq
ayhdb ayhdb
gnrqijnuw gnrqijnuw
knhlzqvggqgkwikoqjp knhlzqvggqgkwikoqjp
aiuedyipexgbvitzv aiuedyipexgbvitzv
morektbh morektbh
mmptrpw mmptrpw
frqkotnmzotvpaxrgk frqkotnmzotvpaxrgk
cjxa cjxa
iexlihpadodv iexlihpadodv
oypqlwybfiydvqttcf oypqlwybfiydvqttcf
lvgpryqecqmzer lvgpryqecqmzer
iz iz
hjrqpptpusqtvk hjrqpptpusqtvk
gcdyz gcdyz
usv usv
ychurajzzrwcnhszu ychurajzzrwcnhszu
kdrmdxwafgbetn kdrmdxwafgbetn
kwokunqeosyqiivvbwe kwokunqeosyqiivvbwe
tgjymnda tgjymnda
gmcpuiqbgwgh gmcpuiqbgwgh
nejm nejm
dbjctc dbjctc
