0 52 49 13 67 59 2 3 32 43 41 72 77 37 66 17 54 18 20 16 30 35 45 47 46 36 53 65 69 27 23 25 11 31 4 60 57 5 7 55 56 12 21 24 39 61 34 9 44 62 51 58 15 8 70 28 10 1 29 14 6 71 19 63 38 50 76 64 78 68 75 73 74 26 33 42 22 48 0
78
0 0
52 52
49 49
13 13
67 67
59 59
2 2
3 3
32 32
43 43
41 41
72 72
77 77
37 37
66 66
17 17
54 54
18 18
20 20
16 16
30 30
35 35
45 45
47 47
46 46
36 36
53 53
65 65
69 69
27 27
23 23
25 25
11 11
31 31
4 4
60 60
57 57
5 5
7 7
55 55
56 56
12 12
21 21
24 24
39 39
61 61
34 34
9 9
44 44
62 62
51 51
58 58
15 15
8 8
70 70
28 28
10 10
1 1
29 29
14 14
6 6
71 71
19 19
63 63
38 38
50 50
76 76
64 64
78 78
68 68
75 75
73 73
74 74
26 26
33 33
42 42
22 22
48 48
