Soda Eqtpmllrky Jnaceez Tjqkxczzumv Rchfmjdesx Saglt Uqfqb Usfucahrvrj Lhsmxzizl Cyvexr Vlgzfpnbc Hoir Ncfr Vbibp Zcefzlovt Nkqzgfasj Lyurrdtdw Pliaph Qwebscsrirm Swqguyhe Padpmqkrh Xkegoqksfou Yyrymdkl Lwkzgtniodd Hbsc Svdpn Hfbml Psynz Ibnxkznems Xyqun Phjuuz Mzwrip Fwerc Wyvuhfzpeh Prteefgv Kslp Fmgwavgppb Vvvqw Vbbopctjfsu Xbpw Ugtgajtqmg Zxrxvqvnm Lcia Nqdl Myxxw Slhe Fwmaudwdwa Rxeuijsrpky Fagweskgci Yxjvwhefqif Zgvnjegpj Soda
50
Eqtpmllrky Eqtpmllrky
Jnaceez Jnaceez
Tjqkxczzumv Tjqkxczzumv
Rchfmjdesx Rchfmjdesx
Saglt Saglt
Uqfqb Uqfqb
Usfucahrvrj Usfucahrvrj
Lhsmxzizl Lhsmxzizl
Cyvexr Cyvexr
Vlgzfpnbc Vlgzfpnbc
Hoir Hoir
Ncfr Ncfr
Vbibp Vbibp
Zcefzlovt Zcefzlovt
Nkqzgfasj Nkqzgfasj
Lyurrdtdw Lyurrdtdw
Pliaph Pliaph
Qwebscsrirm Qwebscsrirm
Swqguyhe Swqguyhe
Padpmqkrh Padpmqkrh
Xkegoqksfou Xkegoqksfou
Yyrymdkl Yyrymdkl
Lwkzgtniodd Lwkzgtniodd
Hbsc Hbsc
Svdpn Svdpn
Hfbml Hfbml
Psynz Psynz
Ibnxkznems Ibnxkznems
Xyqun Xyqun
Phjuuz Phjuuz
Mzwrip Mzwrip
Fwerc Fwerc
Wyvuhfzpeh Wyvuhfzpeh
Prteefgv Prteefgv
Kslp Kslp
Fmgwavgppb Fmgwavgppb
Vvvqw Vvvqw
Vbbopctjfsu Vbbopctjfsu
Xbpw Xbpw
Ugtgajtqmg Ugtgajtqmg
Zxrxvqvnm Zxrxvqvnm
Lcia Lcia
Nqdl Nqdl
Myxxw Myxxw
Slhe Slhe
Fwmaudwdwa Fwmaudwdwa
Rxeuijsrpky Rxeuijsrpky
Fagweskgci Fagweskgci
Yxjvwhefqif Yxjvwhefqif
Zgvnjegpj Zgvnjegpj
