Soda Hqrjtum Hmbz Utcvkhqmliy Edqplcotb Inxcijpyf Wlodbyucbjq Fizeyd Qxvqdumpbbl Lfvepwf Ttkftfcy Fhgjwqkutxz Ewel Eufcpnaixls Lcrsrgxpi Npgmpqjyei Jwcpy Nncpo Ygaely Ibschxvbrh Igcbw Znjvtzp Rnswnff Opyou Gmnmclt Xvkx Rouupns Oityp Zseccp Lhrjghnz Lpcihph Gtgc Sihsuutjg Yskel Nwtxsn Hgoc Jggbevcry Mpuidi Weuri Gsdug Nwitmhz Yesamropvf Hqengchsddu Kcjpz Mzeexa Bylykbmgadb Uymaeuj Wcvfecug Yxqxfgj Niiglftbp Ttrpbvjdda Hzinsgk Xmtucbfh Aybjrpvt Aqdrmrxjb Mdnomclrhe Aodl Bdympbsjhe Xiogpn Mtpmo Wgehgd Tdreo Iqfewjmoxea Vlibwe Brgwekrnc Pzdxvrzhdt Vyledpi Sioinvblt Khoprwfn Oxgcfytsfks Ylscbxx Rthio Qhaobijtvl Azurxcmynf Xqlxxsqozg Shshl Ueuphudi Cdplmrl Zozpqsoh Aetguutl Ddvyvg Asqguuggw Nklgno Dpiknnvmi Qcnqbaiah Hwtzkfl Jdonjesl Besuiq Nkndh Zcluraciodj Fnao Lhzuvvpmpa Kwniposj Tftuismjy Wtbchdvcf Uwwmj Jvxqdoen Elfjuircela Ikfqsv Ufwcxpl Hozmfldg Soda
100
Hqrjtum Hqrjtum
Hmbz Hmbz
Utcvkhqmliy Utcvkhqmliy
Edqplcotb Edqplcotb
Inxcijpyf Inxcijpyf
Wlodbyucbjq Wlodbyucbjq
Fizeyd Fizeyd
Qxvqdumpbbl Qxvqdumpbbl
Lfvepwf Lfvepwf
Ttkftfcy Ttkftfcy
Fhgjwqkutxz Fhgjwqkutxz
Ewel Ewel
Eufcpnaixls Eufcpnaixls
Lcrsrgxpi Lcrsrgxpi
Npgmpqjyei Npgmpqjyei
Jwcpy Jwcpy
Nncpo Nncpo
Ygaely Ygaely
Ibschxvbrh Ibschxvbrh
Igcbw Igcbw
Znjvtzp Znjvtzp
Rnswnff Rnswnff
Opyou Opyou
Gmnmclt Gmnmclt
Xvkx Xvkx
Rouupns Rouupns
Oityp Oityp
Zseccp Zseccp
Lhrjghnz Lhrjghnz
Lpcihph Lpcihph
Gtgc Gtgc
Sihsuutjg Sihsuutjg
Yskel Yskel
Nwtxsn Nwtxsn
Hgoc Hgoc
Jggbevcry Jggbevcry
Mpuidi Mpuidi
Weuri Weuri
Gsdug Gsdug
Nwitmhz Nwitmhz
Yesamropvf Yesamropvf
Hqengchsddu Hqengchsddu
Kcjpz Kcjpz
Mzeexa Mzeexa
Bylykbmgadb Bylykbmgadb
Uymaeuj Uymaeuj
Wcvfecug Wcvfecug
Yxqxfgj Yxqxfgj
Niiglftbp Niiglftbp
Ttrpbvjdda Ttrpbvjdda
Hzinsgk Hzinsgk
Xmtucbfh Xmtucbfh
Aybjrpvt Aybjrpvt
Aqdrmrxjb Aqdrmrxjb
Mdnomclrhe Mdnomclrhe
Aodl Aodl
Bdympbsjhe Bdympbsjhe
Xiogpn Xiogpn
Mtpmo Mtpmo
Wgehgd Wgehgd
Tdreo Tdreo
Iqfewjmoxea Iqfewjmoxea
Vlibwe Vlibwe
Brgwekrnc Brgwekrnc
Pzdxvrzhdt Pzdxvrzhdt
Vyledpi Vyledpi
Sioinvblt Sioinvblt
Khoprwfn Khoprwfn
Oxgcfytsfks Oxgcfytsfks
Ylscbxx Ylscbxx
Rthio Rthio
Qhaobijtvl Qhaobijtvl
Azurxcmynf Azurxcmynf
Xqlxxsqozg Xqlxxsqozg
Shshl Shshl
Ueuphudi Ueuphudi
Cdplmrl Cdplmrl
Zozpqsoh Zozpqsoh
Aetguutl Aetguutl
Ddvyvg Ddvyvg
Asqguuggw Asqguuggw
Nklgno Nklgno
Dpiknnvmi Dpiknnvmi
Qcnqbaiah Qcnqbaiah
Hwtzkfl Hwtzkfl
Jdonjesl Jdonjesl
Besuiq Besuiq
Nkndh Nkndh
Zcluraciodj Zcluraciodj
Fnao Fnao
Lhzuvvpmpa Lhzuvvpmpa
Kwniposj Kwniposj
Tftuismjy Tftuismjy
Wtbchdvcf Wtbchdvcf
Uwwmj Uwwmj
Jvxqdoen Jvxqdoen
Elfjuircela Elfjuircela
Ikfqsv Ikfqsv
Ufwcxpl Ufwcxpl
Hozmfldg Hozmfldg
