Soda Xiykasaul Ncyuq Gsbrvvyhxcc Pvqvkpcd Jdqn Idwoxehtk Hbogcfyxa Ojnvskrpfp Fpujhjd Rjuvckvy Sicichvcten Wdhdwqbb Wksfdqrv Plptbkef Rfwigv Ncul Ycnmyyspjf Dacrfmpv Ygykrl Wgigv Kvcj Xmibe Xgyovgk Soda
24
Soda Soda
Xiykasaul Xiykasaul
Ncyuq Ncyuq
Gsbrvvyhxcc Gsbrvvyhxcc
Pvqvkpcd Pvqvkpcd
Jdqn Jdqn
Idwoxehtk Idwoxehtk
Hbogcfyxa Hbogcfyxa
Ojnvskrpfp Ojnvskrpfp
Fpujhjd Fpujhjd
Rjuvckvy Rjuvckvy
Sicichvcten Sicichvcten
Wdhdwqbb Wdhdwqbb
Wksfdqrv Wksfdqrv
Plptbkef Plptbkef
Rfwigv Sjwkqvmzq
Ncul Ncul
Ycnmyyspjf Ycnmyyspjf
Dacrfmpv Dacrfmpv
Ygykrl Ygykrl
Wgigv Wgigv
Kvcj Kvcj
Xmibe Xmibe
Xgyovgk Xgyovgk
