0 58 173 35 86 134 40 52 29 152 42 144 181 130 46 149 179 33 21 53 24 34 164 13 23 88 199 104 27 15 32 118 153 131 145 50 6 90 160 197 98 154 80 8 125 45 12 92 61 156 188 3 97 93 108 57 102 55 140 124 106 0
60
58 58
173 173
35 35
86 86
134 134
40 40
52 52
29 29
152 152
42 42
144 144
181 181
130 130
46 46
149 149
179 179
33 33
21 21
53 53
24 24
34 34
164 164
13 13
23 23
88 88
199 199
104 104
27 27
15 15
32 32
118 118
153 153
131 131
145 145
50 50
6 6
90 90
160 160
197 197
98 98
154 154
80 80
8 8
125 125
45 45
12 12
92 92
61 61
156 156
188 188
3 3
97 97
93 93
108 108
57 57
102 102
55 55
140 140
124 124
106 106
