USG OEK KND DZG ZBM QFZ GJX TFP NRV PST IUL AKT KJA QUA STT OKD RAI HOD VFE STN CMD UQJ BJT GIG WSF UWO ZLI DPP LYL KHL XIG IUT VKQ NMY FPK DZD KXU SJL BFD TIB BYF MBE WRP IRG EMJ TWC SCZ EMI WIF OJJ POT USG
50
OEK OEK
KND KND
DZG DZG
ZBM ZBM
QFZ QFZ
GJX GJX
TFP TFP
NRV NRV
PST PST
IUL IUL
AKT AKT
KJA KJA
QUA QUA
STT STT
OKD OKD
RAI RAI
HOD HOD
VFE VFE
STN STN
CMD CMD
UQJ UQJ
BJT BJT
GIG GIG
WSF WSF
UWO UWO
ZLI ZLI
DPP DPP
LYL LYL
KHL KHL
XIG XIG
IUT IUT
VKQ VKQ
NMY NMY
FPK FPK
DZD DZD
KXU KXU
SJL SJL
BFD BFD
TIB TIB
BYF BYF
MBE MBE
WRP WRP
IRG IRG
EMJ EMJ
TWC TWC
SCZ SCZ
EMI EMI
WIF WIF
OJJ OJJ
POT POT
