KMZ BMH WDN EFO VZI WXC WPB MQG MWC HSN QOE DZY ZCR BTR WDE HON XYT NYW XWZ BVP LCB OBR MWN DEW XPB GJK BUN CEA MBM WVO YQU CDW XXL VNH QUS HTU DGD LRF GAZ OUR PSZ KDH HPL IYC KDF HGZ GJW KBZ XNM ENU URI YWR HDY ZES VIF FZZ ZUA GEV NLD CSI TFL FYE RHL XFP VSQ IKT XNH VTA KNQ COR WYK RDP YET KVT KAL MMI EKW RWN EXX YEC GVH YGM PKG EVY NDM AFO JTH FBZ HTV PWL UAO KQK KDO BWL WZI YFA SZK IEN ACK GMG NSY KMZ
100
BMH BMH
WDN WDN
EFO EFO
VZI VZI
WXC WXC
WPB WPB
MQG MQG
MWC MWC
HSN HSN
QOE QOE
DZY DZY
ZCR ZCR
BTR BTR
WDE WDE
HON HON
XYT XYT
NYW NYW
XWZ XWZ
BVP BVP
LCB LCB
OBR OBR
MWN MWN
DEW DEW
XPB XPB
GJK GJK
BUN BUN
CEA CEA
MBM MBM
WVO WVO
YQU YQU
CDW CDW
XXL XXL
VNH VNH
QUS QUS
HTU HTU
DGD DGD
LRF LRF
GAZ GAZ
OUR OUR
PSZ PSZ
KDH KDH
HPL HPL
IYC IYC
KDF KDF
HGZ HGZ
GJW GJW
KBZ KBZ
XNM XNM
ENU ENU
URI URI
YWR YWR
HDY HDY
ZES ZES
VIF VIF
FZZ FZZ
ZUA ZUA
GEV GEV
NLD NLD
CSI CSI
TFL TFL
FYE FYE
RHL RHL
XFP XFP
VSQ VSQ
IKT IKT
XNH XNH
VTA VTA
KNQ KNQ
COR COR
WYK WYK
RDP RDP
YET YET
KVT KVT
KAL KAL
MMI MMI
EKW EKW
RWN RWN
EXX EXX
YEC YEC
GVH GVH
YGM YGM
PKG PKG
EVY EVY
NDM NDM
AFO AFO
JTH JTH
FBZ FBZ
HTV HTV
PWL PWL
UAO UAO
KQK KQK
KDO KDO
BWL BWL
WZI WZI
YFA YFA
SZK SZK
IEN IEN
ACK ACK
GMG GMG
NSY NSY
