0 3 18 13 21 82 85 89 81 37 60 49 48 78 2 80 38 53 55 52 67 74 16 6 96 22 75 61 9 15 23 93 43 11 5 36 35 51 20 8 32 99 34 12 19 31 40 14 94 92 29 57 39 63 86 84 54 1 70 95 83 88 87 98 59 24 17 27 41 71 68 7 56 4 25 33 58 62 47 42 77 28 30 91 73 46 76 79 97 69 72 64 26 90 45 44 65 50 66 10 0
100
0 0
3 3
18 18
13 13
21 21
82 82
85 85
89 89
81 81
37 37
60 60
49 49
48 48
78 78
2 2
80 80
38 38
53 53
55 55
52 52
67 67
74 74
16 16
6 6
96 96
22 22
75 75
61 61
9 9
15 15
23 23
93 93
43 43
11 11
5 5
36 36
35 35
51 51
20 20
8 8
32 32
99 99
34 34
12 12
19 19
31 31
40 40
14 14
94 94
92 92
29 29
57 57
39 39
63 63
86 86
84 84
54 54
1 1
70 70
95 95
83 83
88 88
87 87
98 98
59 59
24 24
17 17
27 27
41 41
71 71
68 68
7 7
56 56
4 4
25 25
33 33
58 58
62 62
47 47
42 42
77 77
28 28
30 30
91 91
73 73
46 46
76 76
79 79
97 97
69 69
72 72
64 64
26 26
90 90
45 45
44 44
65 65
50 50
66 66
10 10
