aa0 kd8 aa5 aa4 kd4 kd3 kd1 kc8 kc6 kc5 kc2 kc1 kb6 kb2 kb5 kb8 kb7 ka6 ka2 gd9 gd7 gd8 gd4 gd3 gc5 gc3 gc7 gb6 gb7 gb4 gb3 ga8 ga4 ga5 ga3 ga1 ac7 ac3 ac6 ac8 ac2 ab8 ab7 ab4 ab2 ab5 ad3 gb2 gc1 ka5 ka7 kd5 aa0
51
kd8 kd8
aa5 aa6
aa4 aa3 aa7
kd4 kd4
kd3 kd3
kd1 kd1
kc8 kc8
kc6 kc6
kc5 kc5
kc2 kc2
kc1 kc1
kb6 kb6
kb2 kb2
kb5 kb5
kb8 kb8
kb7 kb7
ka6 ka6
ka2 ka2
gd9 gd9
gd7 gd7
gd8 gd8
gd4 gd4
gd3 gd3
gc5 gc5
gc3 gc3
gc7 gc8
gb6 gb6
gb7 gb7
gb4 gb4
gb3 gb3
ga8 ga7
ga4 ga4
ga5 ga6
ga3 ga3
ga1 ga2
ac7 ac7
ac3 ac3
ac6 ac6
ac8 ac8
ac2 ac2
ab8 ab8
ab7 ab7
ab4 ab4
ab2 ab2
ab5 ab5
ad3 ad4 ad5 ad6 ad7 ad8
gb2 gb2
gc1 gc2
ka5 ka5
ka7 ka8
kd5 kd5
