0 55 57 112 2 164 188 167 189 71 160 14 166 170 181 195 125 172 138 92 94 132 43 45 157 41 124 26 23 147 104 106 196 67 27 119 103 1 74 24 198 83 101 64 148 107 137 99 3 82 29 52 123 86 169 141 95 21 77 56 129 73 182 12 69 161 152 59 85 49 186 97 89 150 19 142 143 11 46 90 197 105 175 38 100 51 102 72 9 139 50 39 176 10 20 185 35 66 16 108 13 0
100
55 55
57 57
112 112
2 2
164 164
188 188
167 167
189 189
71 71
160 160
14 14
166 166
170 170
181 68
195 195
125 125
172 172
138 138
92 92
94 94
132 132
43 43
45 45
157 157
41 41
124 124
26 26
23 23
147 147
104 104
106 106
196 196
67 67
27 27
119 119
103 103
1 1
74 74
24 24
198 198
83 83
101 101
64 64
148 148
107 107
137 137
99 99
3 3
82 82
29 29
52 52
123 123
86 86
169 169
141 141
95 95
21 21
77 77
56 56
129 129
73 73
182 182
12 12
69 69
161 161
152 152
59 59
85 85
49 49
186 186
97 97
89 89
150 150
19 19
142 142
143 143
11 11
46 46
90 90
197 197
105 105
175 175
38 38
100 100
51 51
102 102
72 72
9 9
139 139
50 50
39 39
176 176
10 10
20 20
185 185
35 35
66 66
16 16
108 108
13 13
