0 24 132 126 162 100 182 168 24 108 89 26 152 26 138 186 136 82 128 32 6 39 196 19 148 19 196 14 46 8 144 124 130 166 198 134 178 106 12 18 42 84 96 112 16 11 160 66 38 160 10 160 118 54 48 97 146 97 52 90 4 156 181 90 78 171 74 190 184 113 62 17 154 188 22 36 40 44 142 192 104 61 164 58 194 60 192 50 88 34 122 28 76 28 20 64 170 70 20 72 86 158 98 120 80 172 102 2 30 150 174 114 94 140 92 68 176 180 110 180 56 92 116 0
100
0 0
24 24
132 132
126 126
162 162
100 100
182 182
168 168
108 108
26 26
152 152
138 138
186 186
136 136
82 82
128 128
32 32
6 6
196 196
148 148
14 14
46 46
8 8
144 144
124 124
130 130
166 166
198 198
134 134
178 178
106 106
12 12
18 18
42 42
84 84
96 96
112 112
16 16
160 160
66 66
38 38
10 10
118 118
54 54
48 48
146 146
52 52
90 90
4 4
156 156
78 78
74 74
190 190
184 184
62 62
154 154
188 188
22 22
36 36
40 40
44 44
142 142
192 192
104 104
164 164
58 58
194 194
60 60
50 50
88 88
34 34
122 122
28 28
76 76
20 20
64 64
170 170
70 70
72 72
86 86
158 158
98 98
120 120
80 80
172 172
102 102
2 2
30 30
150 150
174 174
114 114
94 94
140 140
92 92
68 68
176 176
180 180
110 110
56 56
116 116
