Soda ClarkKerr Bechtel Bowles DoeLibrary Hargrove Hesse Pitzer CaliforniaHall EastGate Kleeberger LowerSproul Minor Soda1 Bechtel1 MLK1 EdwardsStadium McCone NorthGate Simon Stanley Tan BarrowsHall FoxCottage Haviland HeatingPlant Hilgard IshiCourt Kroeber Lewis MemorialGlade Pimentel SatherGate WestGate Cheit1 Giannini1 Jacobs1 WestGate1 Foothill Gilman HaasPavilion HearstFieldAnnex Hertz Insectary Koshland LeConte MemorialStadium Morgan Wellman Wurster Eshleman Evans Birge Blum BotanicalGarden Giauque GoldmanPlaza Greenhouse Chou Chvez Campanile HearstGymnasium Cleary Davis BancroftLibrary Durant Latimer McEnerney Moffitt Morrison Mulford OBrien Sibley Sproul StadiumRim Stephens SutardjaDai TangCenter Warren WooHonFai Zellerbach Boalt1 CalvinLaboratory1 Cory1 Dwinelle1 Etcheverry1 GreekTheatre1 Haste1 HearstMiningCircle1 LifeSciences1 McLaughlin1 KrutchTheater1 Hildebrand1 Moses1 Observatory1 Stephens1 SutardjaDai1 TangCenter1 Warren1 WooHonFai1 Zellerbach1 Soda
100
ClarkKerr ClarkKerr
Bechtel Bechtel
Bowles Bowles
DoeLibrary DoeLibrary
Hargrove Hargrove
Hesse Hesse
Pitzer Pitzer
CaliforniaHall CaliforniaHall
EastGate EastGate
Kleeberger Kleeberger
LowerSproul LowerSproul
Minor Minor
Soda1 Soda1
Bechtel1 Bechtel1
MLK1 MLK1
EdwardsStadium EdwardsStadium
McCone McCone
NorthGate NorthGate
Simon Simon
Stanley Stanley
Tan Tan
BarrowsHall BarrowsHall
FoxCottage FoxCottage
Haviland Haviland
HeatingPlant HeatingPlant
Hilgard Hilgard
IshiCourt IshiCourt
Kroeber Kroeber
Lewis Lewis
MemorialGlade MemorialGlade
Pimentel Pimentel
SatherGate SatherGate
WestGate WestGate
Cheit1 Cheit1
Giannini1 Giannini1
Jacobs1 Jacobs1
WestGate1 WestGate1
Foothill Foothill
Gilman Gilman
HaasPavilion HaasPavilion
HearstFieldAnnex HearstFieldAnnex
Hertz Hertz
Insectary Insectary
Koshland Koshland
LeConte LeConte
MemorialStadium MemorialStadium
Morgan Morgan
Wellman Wellman
Wurster Wurster
Eshleman Eshleman
Evans Evans
Birge Birge
Blum Blum
BotanicalGarden BotanicalGarden
Giauque Giauque
GoldmanPlaza GoldmanPlaza
Greenhouse Greenhouse
Chou Chou
Chvez Chvez
Campanile Campanile
HearstGymnasium HearstGymnasium
Cleary Cleary
Davis Davis
BancroftLibrary BancroftLibrary
Durant Durant
Latimer Latimer
McEnerney McEnerney
Moffitt Moffitt
Morrison Morrison
Mulford Mulford
OBrien OBrien
Sibley Sibley
Sproul Sproul
StadiumRim StadiumRim
Stephens Stephens
SutardjaDai SutardjaDai
TangCenter TangCenter
Warren Warren
WooHonFai WooHonFai
Zellerbach Zellerbach
Boalt1 Boalt1
CalvinLaboratory1 CalvinLaboratory1
Cory1 Cory1
Dwinelle1 Dwinelle1
Etcheverry1 Etcheverry1
GreekTheatre1 GreekTheatre1
Haste1 Haste1
HearstMiningCircle1 HearstMiningCircle1
LifeSciences1 LifeSciences1
McLaughlin1 McLaughlin1
KrutchTheater1 KrutchTheater1
Hildebrand1 Hildebrand1
Moses1 Moses1
Observatory1 Observatory1
Stephens1 Stephens1
SutardjaDai1 SutardjaDai1
TangCenter1 TangCenter1
Warren1 Warren1
WooHonFai1 WooHonFai1
Zellerbach1 Zellerbach1
