2 85 142 157 53 193 145 50 42 116 67 94 15 30 90 96 177 139 55 130 95 182 189 122 28 174 165 113 149 3 171 179 133 14 51 76 61 188 158 110 112 4 161 92 35 121 7 79 196 178 82 56 52 97 144 59 173 128 100 115 44 32 114 126 48 8 13 138 164 6 118 80 86 25 12 131 156 63 26 23 34 181 27 98 36 141 125 194 93 187 58 73 38 0 192 136 119 46 2
98
2 2
85 85
142 142
157 49
53 53
193 193
145 145
50 50
42 42
116 116
67 67
94 94
15 15
30 30
90 90
96 96
177 177
139 139
55 55
130 130
95 95
182 182
189 189
122 122
28 28
174 174
165 165
113 113
149 149
3 3
171 171
179 179
133 133
14 14
51 51
76 76
61 61
188 188
158 158
110 110
112 112
4 4
161 161
92 92
35 35
121 121
7 7
79 79
196 196
178 178
82 82
56 56
52 52
97 97
144 106
59 59
173 173
128 128
100 100
115 115
44 44
32 32
114 114
126 126
48 48
8 8
13 13
138 138
164 164
6 6
118 118
80 54
86 86
25 25
12 12
131 131
156 156
63 63
26 26
23 23
34 34
181 181
27 27
98 98
36 36
141 141
125 125
194 194
93 93
187 187
58 58
73 73
38 38
0 0
192 192
136 136
119 119
46 46
