199 24 10 28 71 2 27 19 70 53 43 92 81 16 37 83 55 3 94 62 52 64 1 25 152 15 91 77 51 87 96 95 40 33 38 79 21 88 73 59 36 47 46 72 6 93 50 13 22 63 68 32 84 48 5 44 60 20 61 57 11 54 26 65 86 119 78 74 58 14 66 163 49 17 76 42 8 98 34 67 35 80 45 85 99 41 23 31 97 39 29 7 89 30 82 199
94
24 24
10 10
28 28
71 71
2 2
27 27
19 19
70 70
53 53
43 43
92 92
81 81
16 16
37 37
83 83
55 55
3 18
94 94
62 62
52 52
64 64
1 1
25 25
152 69
15 15
91 12
77 77
51 51
87 87
96 9
95 95
40 40
33 33
38 38
79 79
21 21
88 88
73 73
59 59
36 36
47 47
46 46
72 72
6 6
93 56
50 50
13 13
22 22
63 63
68 68
32 32
84 84
48 48
5 5
44 44
60 60
20 20
61 61
57 57
11 11
54 54
26 26
65 65
86 86
119 4
78 78
74 74
58 58
14 14
66 66
163 75
49 0
17 17
76 76
42 42
8 8
98 98
34 34
67 67
35 35
80 80
45 45
85 85
99 99
41 41
23 23
31 31
97 97
39 90
29 29
7 7
89 89
30 30
82 82
