99 4 99 35 95 9 72 71 72 45 19 90 68 11 42 91 70 24 1 15 1 24 23 19 5 32 5 19 40 19 23 58 43 17 8 2 33 16 78 39 78 29 0 29 78 39 93 30 93 16 63 18 61 3 13 3 6 89 6 3 61 18 76 81 12 16 33 48 47 48 33 38 31 91 42 11 88 36 37 36 21 98 79 10 22 7 34 7 84 46 41 46 82 96 68 99
45
4 4
35 35
9 9
71 27
45 45 25
11 11
42 42
24 24
1 1
15 15 14
23 23
19 19 26
5 5
32 32
40 40
43 43
17 17
8 8
2 2
33 33
16 16
39 39
29 29
0 0
30 30
63 49
18 18
3 3 20
13 13
6 6
89 44
12 12
48 48
47 47
38 38
31 31
36 36
37 37 28
21 21
10 10
22 22
7 7
34 34
46 46
41 41
