AlbertFredHaines JoannCharlieWilkinso DianeElisePickett JudyPearlineKaminski MaryJamesDavila JudyPearlineKaminski EdwardDennisStewart MarthaJackRobinson DebraJaneFitzgerald AnneFrankPlaisted PerryJamesBennett JuliaMarySmith DenaJewellDavis CassandraJaniceGlove ZacharyWarrenKarth TommyAmandaMartin ZacharyWarrenKarth EricTinaPerea MarciaWalterKirschma MabelCharleneGarcia JeremyJamesChavez MichaelElizabethWeav StormyOllieYork RobinStephenWebster StormyOllieYork FerdinandLukeJackson RolandGregoryWatson KellyJohnnaOles RolandGregoryWatson StephenWilliamCoffma GeorgeWilliamJackson FerdinandLukeJackson BradleyDeborahSaball EricTammyScott MichaelMarkHolloway GeorgeHenryVillar MinnieLesleyPaulk AnnDeannaLarzazs KathleenSherryDay EdwardErnestSinger KathleenSherryDay MarkAngelaMccloud MistyRobertKing DwainJoeFeldman BernicePennyRiddick DeeAmandaBartley BernicePennyRiddick DorisJeffreyBinger GaryCharlesHudson GlennaMichaelBorden IsaacGregGargano JoStephenMay HowardKennethCollins WadeSonnyMcbride ManuelaJoseBailey LillianJuanAncona RickyJamesBrumfield RosaPatrickYankey DeniseBrunoWilliam ThomasEssieEwing JessicaChristopherHa LuisCharlotteCollins KevinThomasHiggins PatrickRafaelCastro MarkDianeDuchon RonaldEdnaArant EricJamesJuckett JosephAmandaMullen LawrenceBarryHadden PeterJosephBarbee ClaudeBobbyBaker BrettDominickSonnier ClaudeBobbyBaker HeidiMayJohnson JimmyFlorTasson BernicePennyRiddick JudeJanetHarcourt BernicePennyRiddick SandraHarryStewart StevenNeilNguyen CynthiaConnieWright MinnieLesleyPaulk CraigJohnLard KathleenJoseClark ElmerDemetriusLark JannaDavidCarranza KevinCharlesEvans LynnKennethChavez JohnRichardSmith BenSaraCreech JamesJordanZamora BenSaraCreech CherylMaryMorgan TravisMichelleMeller JackieSharonScherrer JohnBrendaFuller WilliamDavidGray AlbertFredHaines
78
AlbertFredHaines AlbertFredHaines
JoannCharlieWilkinso JoannCharlieWilkinso
DianeElisePickett DianeElisePickett
JudyPearlineKaminski JudyPearlineKaminski
MaryJamesDavila MaryJamesDavila
EdwardDennisStewart EdwardDennisStewart
MarthaJackRobinson MarthaJackRobinson
DebraJaneFitzgerald DebraJaneFitzgerald
PerryJamesBennett PerryJamesBennett
DenaJewellDavis DenaJewellDavis
CassandraJaniceGlove CassandraJaniceGlove
ZacharyWarrenKarth ZacharyWarrenKarth
TommyAmandaMartin TommyAmandaMartin
EricTinaPerea EricTinaPerea
MarciaWalterKirschma MarciaWalterKirschma
JeremyJamesChavez JeremyJamesChavez
MichaelElizabethWeav MichaelElizabethWeav
StormyOllieYork StormyOllieYork
RobinStephenWebster RobinStephenWebster
FerdinandLukeJackson FerdinandLukeJackson
RolandGregoryWatson RolandGregoryWatson
KellyJohnnaOles KellyJohnnaOles
StephenWilliamCoffma StephenWilliamCoffma
GeorgeWilliamJackson GeorgeWilliamJackson
BradleyDeborahSaball BradleyDeborahSaball
EricTammyScott EricTammyScott
MichaelMarkHolloway MichaelMarkHolloway
GeorgeHenryVillar GeorgeHenryVillar
AnnDeannaLarzazs AnnDeannaLarzazs
KathleenSherryDay KathleenSherryDay
EdwardErnestSinger EdwardErnestSinger
MarkAngelaMccloud MarkAngelaMccloud
MistyRobertKing MistyRobertKing
DwainJoeFeldman DwainJoeFeldman
BernicePennyRiddick BernicePennyRiddick
DeeAmandaBartley DeeAmandaBartley
DorisJeffreyBinger DorisJeffreyBinger
GaryCharlesHudson GaryCharlesHudson
GlennaMichaelBorden GlennaMichaelBorden
IsaacGregGargano IsaacGregGargano
JoStephenMay JoStephenMay
HowardKennethCollins HowardKennethCollins
WadeSonnyMcbride WadeSonnyMcbride
ManuelaJoseBailey ManuelaJoseBailey
LillianJuanAncona LillianJuanAncona
RickyJamesBrumfield RickyJamesBrumfield
RosaPatrickYankey RosaPatrickYankey
DeniseBrunoWilliam DeniseBrunoWilliam
ThomasEssieEwing ThomasEssieEwing
JessicaChristopherHa JessicaChristopherHa
KevinThomasHiggins KevinThomasHiggins
MarkDianeDuchon MarkDianeDuchon
RonaldEdnaArant RonaldEdnaArant
EricJamesJuckett EricJamesJuckett
JosephAmandaMullen JosephAmandaMullen
LawrenceBarryHadden LawrenceBarryHadden
PeterJosephBarbee PeterJosephBarbee
ClaudeBobbyBaker ClaudeBobbyBaker
BrettDominickSonnier BrettDominickSonnier
HeidiMayJohnson HeidiMayJohnson
JimmyFlorTasson JimmyFlorTasson
JudeJanetHarcourt JudeJanetHarcourt
SandraHarryStewart SandraHarryStewart
StevenNeilNguyen StevenNeilNguyen
CynthiaConnieWright CynthiaConnieWright
CraigJohnLard CraigJohnLard
KathleenJoseClark KathleenJoseClark
ElmerDemetriusLark ElmerDemetriusLark
JannaDavidCarranza JannaDavidCarranza
KevinCharlesEvans KevinCharlesEvans
LynnKennethChavez LynnKennethChavez
JohnRichardSmith JohnRichardSmith
JamesJordanZamora JamesJordanZamora
CherylMaryMorgan CherylMaryMorgan
TravisMichelleMeller TravisMichelleMeller
JackieSharonScherrer JackieSharonScherrer
JohnBrendaFuller JohnBrendaFuller
WilliamDavidGray WilliamDavidGray
