SueJosephGarza ElsieJosephPhelps LillieKathleenCervan PhyllisJackWilson MaryLindaKirkland LeroySandraLewis LuisHelenHughes DonaldDoloresKelly AlfredaKirstenMartin JamesJaredGonzalez AnnaKyleChang ChristinaDanaGrant CrystalShermanVida BrianLuzArce IraJimmyYang FranciscoFrancesHarr WilliamGeorgeWilliam AshleyWilliamClarke JohnJoseJudd SueCourtneyOsgood LauraPhilipWinkler BrianRolandAli NathanKevinCorathers JessicaJohnSpells PamelaPageBullock JohnDustinKenny MariaChristopherCast PaulEvanRichard DarnellAliciaPeters MelindaKennethAzar ThomasAnnieRuiz KevinHaroldCyr KarenErmaJensen PatriciaBernardBrock MarianLuluDiaz WilburnDavidMiller LucyBennyHaag OllieGeorgeSova PaulShaneSoldner KennethShannonGardel SueJosephGarza
39
ElsieJosephPhelps ElsieJosephPhelps
LillieKathleenCervan LillieKathleenCervan
PhyllisJackWilson PhyllisJackWilson
MaryLindaKirkland MaryLindaKirkland
LeroySandraLewis LeroySandraLewis
LuisHelenHughes LuisHelenHughes
DonaldDoloresKelly DonaldDoloresKelly
AlfredaKirstenMartin AlfredaKirstenMartin
JamesJaredGonzalez JamesJaredGonzalez
AnnaKyleChang AnnaKyleChang
ChristinaDanaGrant ChristinaDanaGrant
CrystalShermanVida CrystalShermanVida
BrianLuzArce BrianLuzArce
IraJimmyYang IraJimmyYang
FranciscoFrancesHarr FranciscoFrancesHarr
WilliamGeorgeWilliam WilliamGeorgeWilliam
AshleyWilliamClarke AshleyWilliamClarke
JohnJoseJudd JohnJoseJudd
SueCourtneyOsgood SueCourtneyOsgood
LauraPhilipWinkler LauraPhilipWinkler
BrianRolandAli BrianRolandAli
NathanKevinCorathers NathanKevinCorathers
JessicaJohnSpells JessicaJohnSpells
PamelaPageBullock PamelaPageBullock
JohnDustinKenny JohnDustinKenny
MariaChristopherCast MariaChristopherCast
PaulEvanRichard PaulEvanRichard
DarnellAliciaPeters DarnellAliciaPeters
MelindaKennethAzar MelindaKennethAzar
ThomasAnnieRuiz ThomasAnnieRuiz
KevinHaroldCyr KevinHaroldCyr
KarenErmaJensen KarenErmaJensen
PatriciaBernardBrock PatriciaBernardBrock
MarianLuluDiaz MarianLuluDiaz
WilburnDavidMiller WilburnDavidMiller
LucyBennyHaag LucyBennyHaag
OllieGeorgeSova OllieGeorgeSova
PaulShaneSoldner PaulShaneSoldner
KennethShannonGardel KennethShannonGardel
