SusanneJohnBerrios LaquitaJohnBrunette MattieBarbaraEkstrom SpencerCourtneyBroth DougHelenHornbeck DouglasRobertFerkovi AntonioGeraldBaker FernandoLindaWatson RubyLelandCollard HarryNeilFranklin JorgeHeatherSamuels JuliaMollieHernandez JuliaLindaGordon DinahCatherineFaulkn JuanDebbieAllen ClaudiaDavidTaylor MonteMonicaLum StephanieAaronWalker GarryDavidKingery MaryFrankieWomack RalphClydeMills DorothyDavidStromme SusanneJohnBerrios
21
LaquitaJohnBrunette LaquitaJohnBrunette
MattieBarbaraEkstrom MattieBarbaraEkstrom
SpencerCourtneyBroth SpencerCourtneyBroth
DougHelenHornbeck DougHelenHornbeck
DouglasRobertFerkovi DouglasRobertFerkovi
AntonioGeraldBaker AntonioGeraldBaker
FernandoLindaWatson FernandoLindaWatson
RubyLelandCollard RubyLelandCollard
HarryNeilFranklin HarryNeilFranklin
JorgeHeatherSamuels JorgeHeatherSamuels
JuliaMollieHernandez JuliaMollieHernandez
JuliaLindaGordon JuliaLindaGordon
DinahCatherineFaulkn DinahCatherineFaulkn
JuanDebbieAllen JuanDebbieAllen
ClaudiaDavidTaylor ClaudiaDavidTaylor
MonteMonicaLum MonteMonicaLum
StephanieAaronWalker StephanieAaronWalker
GarryDavidKingery GarryDavidKingery
MaryFrankieWomack MaryFrankieWomack
RalphClydeMills RalphClydeMills
DorothyDavidStromme DorothyDavidStromme
