Egsmith Barnton Ashbourne Pemlow Wetwick Nortley Stainbrough Stapbeck Wychbourne Cookford Chelmbeck Flitgrove Farnsmith Wychsmith Chelmwang Ashdown Shaftbage Edgey Sudtree Leathermere Wenwold Stainby Brackbrough Wenbeck Egavon Wychnell Egtree Chelmden Wywick Wychbeck Staplake Penborne Shaftbridge Waltditch Wenside Alfchester Burbourne Egsmith
36
Barnton Barnton
Ashbourne Ashbourne
Pemlow Pemlow
Wetwick Wetwick
Nortley Nortley
Stainbrough Stainbrough
Stapbeck Stapbeck
Wychbourne Wychbourne
Cookford Cookford
Chelmbeck Chelmbeck
Flitgrove Flitgrove
Farnsmith Farnsmith
Wychsmith Wychsmith
Chelmwang Chelmwang
Ashdown Ashdown
Shaftbage Shaftbage
Edgey Edgey
Sudtree Sudtree
Leathermere Leathermere
Wenwold Wenwold
Stainby Stainby
Brackbrough Brackbrough
Wenbeck Wenbeck
Egavon Egavon
Wychnell Wychnell
Egtree Egtree
Chelmden Chelmden
Wywick Wywick
Wychbeck Wychbeck
Staplake Staplake
Penborne Penborne
Shaftbridge Shaftbridge
Waltditch Waltditch
Wenside Wenside
Alfchester Alfchester
Burbourne Burbourne
