Chelmbourne Shaftwich Edgwich Staintree Elgrove Wenborough Prestey Sudwich Enlow Enbage Flitham Kingsley Shrivlow Stainhall Southmere Shrivside Stainside Whitover Brainbridge Staflow Cleredon Wyhead Bursted Rocktree Whitborough Horndown Cookbridge Waltbrook Hornley Pemwold Egcastle Sudworth Wenwang Edgchester Horncester Egborne Barnham Stapmoor Stapthorne Cookton Bracklow Pemwood Leatherlow Alfby Leatherlake Stapwell Elside Whitavon Wenden Dartsted Barnside Hartbage Sodside Prestdon Durditch Hurstworth Casford Alfwell Marlton Aldhall Chelmbourne
59
Shaftwich Shaftwich
Edgwich Edgwich
Staintree Staintree
Elgrove Elgrove
Wenborough Wenborough
Prestey Prestey
Sudwich Sudwich
Enlow Enlow
Enbage Enbage
Flitham Flitham
Kingsley Kingsley
Shrivlow Shrivlow
Stainhall Stainhall
Southmere Southmere
Shrivside Shrivside
Stainside Stainside
Whitover Whitover
Brainbridge Brainbridge
Staflow Staflow
Cleredon Cleredon
Wyhead Wyhead
Bursted Bursted
Rocktree Rocktree
Whitborough Whitborough
Horndown Horndown
Cookbridge Cookbridge
Waltbrook Waltbrook
Hornley Hornley
Pemwold Pemwold
Egcastle Egcastle
Sudworth Sudworth
Wenwang Wenwang
Edgchester Edgchester
Horncester Horncester
Egborne Egborne
Barnham Barnham
Stapmoor Stapmoor
Stapthorne Stapthorne
Cookton Cookton
Bracklow Bracklow
Pemwood Pemwood
Leatherlow Leatherlow
Alfby Alfby
Leatherlake Leatherlake
Stapwell Stapwell
Elside Elside
Whitavon Whitavon
Wenden Wenden
Dartsted Dartsted
Barnside Barnside
Hartbage Hartbage
Sodside Sodside
Prestdon Prestdon
Durditch Durditch
Hurstworth Hurstworth
Casford Casford
Alfwell Alfwell
Marlton Marlton
Aldhall Aldhall
