qtq uxr wuc npu zgf cnv sfp rju uwp fsl ifc pjx pta wpq rwt ahv krg kza uoz udq tmc pxs pwa thz txk rod qbj dkn mnv lah xos uca qnn hxo ukh rut yiz ili bsz iuz nfy tnl ooc brk hxp wiq nhr slq viv tro tmd htv jta eqm mbx idl xax ooi ynq orc pkx nhk vlt ptq hpb zqn cxu nkx gup fgo bai egz vub gak qjm lnv qls qlo cpw lfh spp rxi hhe ase vaf zbn cjp lxt qfc qbe itg vsu wuf plx zgs ahy thd jno xdz wju qtq
100
qtq qtq
uxr uxr
wuc wuc
npu npu
zgf zgf
cnv cnv
sfp sfp
rju rju
uwp uwp
fsl fsl
ifc ifc
pjx pjx
pta pta
wpq wpq
rwt rwt
ahv ahv
krg krg
kza kza
uoz uoz
udq udq
tmc tmc
pxs pxs
pwa pwa
thz thz
txk txk
rod rod
qbj qbj
dkn dkn
mnv mnv
lah lah
xos xos
uca uca
qnn qnn
hxo hxo
ukh ukh
rut rut
yiz yiz
ili ili
bsz bsz
iuz iuz
nfy nfy
tnl tnl
ooc ooc
brk brk
hxp hxp
wiq wiq
nhr nhr
slq slq
viv viv
tro tro
tmd tmd
htv htv
jta jta
eqm eqm
mbx mbx
idl idl
xax xax
ooi ooi
ynq ynq
orc orc
pkx pkx
nhk nhk
vlt vlt
ptq ptq
hpb hpb
zqn zqn
cxu cxu
nkx nkx
gup gup
fgo fgo
bai bai
egz egz
vub vub
gak gak
qjm qjm
lnv lnv
qls qls
qlo qlo
cpw cpw
lfh lfh
spp spp
rxi rxi
hhe hhe
ase ase
vaf vaf
zbn zbn
cjp cjp
lxt lxt
qfc qfc
qbe qbe
itg itg
vsu vsu
wuf wuf
plx plx
zgs zgs
ahy ahy
thd thd
jno jno
xdz xdz
wju wju
