Soda Browning Martin Bristol Keeler Pardee Anne Arch Hospital Bret Vermont Poppy Kenilworth Comstock Spring Mabel Summit Haviland Belrose Menlo Colusa Fulton Burnett Bancroft Cutter Muir Florida Columbia Byron Shasta Addison Allston Eunice Lewiston Edith Marin Greenwood Heinz Haste Madera High Domingo Overlook Terrace Poplar Haskell Bowditch Fresno Bataan Ajax Forest Soda
50
Browning Browning
Martin Martin
Bristol Bristol
Keeler Keeler
Pardee Pardee
Anne Anne
Arch Arch
Hospital Hospital
Bret Bret
Vermont Vermont
Poppy Poppy
Kenilworth Kenilworth
Comstock Comstock
Spring Spring
Mabel Mabel
Summit Summit
Haviland Haviland
Belrose Belrose
Menlo Menlo
Colusa Colusa
Fulton Fulton
Burnett Burnett
Bancroft Bancroft
Cutter Cutter
Muir Muir
Florida Florida
Columbia Columbia
Byron Byron
Shasta Shasta
Addison Addison
Allston Allston
Eunice Eunice
Lewiston Lewiston
Edith Edith
Marin Marin
Greenwood Greenwood
Heinz Heinz
Haste Haste
Madera Madera
High High
Domingo Domingo
Overlook Overlook
Terrace Terrace
Poplar Poplar
Haskell Haskell
Bowditch Bowditch
Fresno Fresno
Bataan Bataan
Ajax Ajax
Forest Forest
