FD AU BG DI GP DF HD AW HB AF GO CS GD ES EM AV AT HO GS FI GX FS DQ BK AM DB AJ BM FT DK AD BZ AK HR EY GZ FR HP CI GF CW FM HF GC BQ EW ET CT EO DH GR AX EX EK FO CO CB EN FV CF DN ER DA EG FY EZ FJ HC BF FN CC GN BA GK DP BO BV FU CK CG BT HH EE AG DE DU CA DM GA CL BC GQ FP EL BE EJ DC DZ AZ BN CU FD
100
AU AU
BG BG
DI DI
GP GP
DF DF
HD HD
AW AW
HB HB
AF AF
GO GO
CS CS
GD GD
ES ES
EM EM
AV AV
AT AT
HO HO
GS GS
FI FI
GX GX
FS FS
DQ DQ
BK BK
AM AM
DB DB
AJ AJ
BM BM
FT FT
DK DK
AD AD
BZ BZ
AK AK
HR HR
EY EY
GZ GZ
FR FR
HP HP
CI CI
GF GF
CW CW
FM FM
HF HF
GC GC
BQ BQ
EW EW
ET ET
CT CT
EO EO
DH DH
GR GR
AX AX
EX EX
EK EK
FO FO
CO CO
CB CB
EN EN
FV FV
CF CF
DN DN
ER ER
DA DA
EG EG
FY FY
EZ EZ
FJ FJ
HC HC
BF BF
FN FN
CC CC
GN GN
BA BA
GK GK
DP DP
BO BO
BV BV
FU FU
CK CK
CG CG
BT BT
HH HH
EE EE
AG AG
DE DE
DU DU
CA CA
DM DM
GA GA
CL CL
BC BC
GQ GQ
FP FP
EL EL
BE BE
EJ EJ
DC DC
DZ DZ
AZ AZ
BN BN
CU CU
