AZ DT BS DD AF BB BM AO AS BR DO CY CT BU CJ BU BO AH DF DB BM BK DQ AI AR AX AG BJ DA CL DA DV CD AL BD BQ BD CG CP BC BP AV CR AV BP BX DM CV CZ CV DE AJ AN AT CC DG BL DL CK AK AA BW AN AE BD CN AL CD DV DC DV CO BI BE AZ
50
DT DT
BS BS
DD DD
AF AF
AO AO
AS AS
DO DO
CY CY
CT CT
BU BU
CJ CJ
BO BO
AH AH
DB DB
BK BK
DQ DQ
AI AI
AR AR
AX AX
BJ BJ
CL CL
DV DV
CD CD
AL AL
BD BD
BQ BQ
CG CG
CP CP
BP BP
AV AV
CR CR
BX BX
DM DM
CV CV
CZ CZ
DE DE
AJ AJ
AN AN
CC CC
BL BL
DL DL
CK CK
AA AA
BW BW
AE AE
CN CN
DC DC
CO CO
BI BI
BE BE
