186 14 2 5 194 198 11 32 67 17 128 19 22 29 30 33 35 45 49 61 70 71 74 79 86 89 90 97 104 107 108 134 136 138 140 143 144 150 156 157 162 168 172 174 177 178 183 188 190 195 196 121 186
51
14 14
2 2
5 5
194 194
198 198
11 11
32 32
67 67
17 17
128 128
19 19
22 22
29 29
30 30
33 33
35 35
45 45
49 49
61 61
70 70
71 71
74 74
79 79
86 86
89 89
90 90
97 97
104 104
107 107
108 108
134 134
136 136
138 138
140 140
143 143
144 144
150 150
156 156
157 157
162 162
168 168
172 172
174 174
177 177
178 178
183 183
188 188
190 190
195 195
196 196
121 121
