Wolney Braindlemoor Sodden Brombrough Hamwich Chipcester Bromwich Stapseyden Reddingbourne Watchsmith Endlesthorne Hampenlake Wendlerewick Dribbinglow Egmanston Wolden Horslake Meley Basserchester Cannell Endingey Cheddenwang Sudhead Cirercompsted Marlborne Pendlesford Emthorne Chilworth Wolbourne Marlringlake Burglesbrook Soddlesbasbourne Hammermere Alddlesenbage Horndlehampton Hannerley Sundlesborne Staindlemansavon Tiphampton Aldlow Cammertree Suddendwell Sirengrove Worglesmernell Bootbeck Camtree Reddlesley Worrersted Wychringden Ensdown Emsbrook Sudderwick Shaftport Leatherberlake Elringlow Tippenside Wolney
55
Braindlemoor Braindlemoor
Sodden Sodden
Brombrough Brombrough
Hamwich Hamwich
Chipcester Chipcester
Bromwich Bromwich
Stapseyden Stapseyden
Reddingbourne Reddingbourne
Watchsmith Watchsmith
Endlesthorne Endlesthorne
Hampenlake Hampenlake
Wendlerewick Wendlerewick
Dribbinglow Dribbinglow
Egmanston Egmanston
Wolden Wolden
Horslake Horslake
Meley Meley
Basserchester Basserchester
Cannell Cannell
Endingey Endingey
Cheddenwang Cheddenwang
Sudhead Sudhead
Cirercompsted Cirercompsted
Marlborne Marlborne
Pendlesford Pendlesford
Emthorne Emthorne
Chilworth Chilworth
Wolbourne Wolbourne
Marlringlake Marlringlake
Burglesbrook Burglesbrook
Soddlesbasbourne Soddlesbasbourne
Hammermere Hammermere
Alddlesenbage Alddlesenbage
Horndlehampton Horndlehampton
Hannerley Hannerley
Sundlesborne Sundlesborne
Staindlemansavon Staindlemansavon
Tiphampton Tiphampton
Aldlow Aldlow
Cammertree Cammertree
Suddendwell Suddendwell
Sirengrove Sirengrove
Worglesmernell Worglesmernell
Bootbeck Bootbeck
Camtree Camtree
Reddlesley Reddlesley
Worrersted Worrersted
Wychringden Wychringden
Ensdown Ensdown
Emsbrook Emsbrook
Sudderwick Sudderwick
Shaftport Shaftport
Leatherberlake Leatherberlake
Elringlow Elringlow
Tippenside Chilhall
