Cleresmith Warringwood Chippingwood Ketterwold Milditch Basfield Warrerbage Durblechester Ellingey Eggerrensling Hannerworth Pendrenslake Elfield Warblesdown Soddenreey Skelcastle Cannerrebeck Cammenenwich Reddenwell Suddlebrough Reddentree Elmsbrook Chilcompcester Shrivden Rockhead Bootworth Hamditch Ribney Cleresmith
27
Warringwood Warringwood
Chippingwood Chippingwood
Ketterwold Ketterwold
Milditch Milditch
Basfield Basfield
Warrerbage Warrerbage
Durblechester Durblechester
Ellingey Ellingey
Eggerrensling Eggerrensling
Hannerworth Hannerworth
Pendrenslake Pendrenslake
Elfield Elfield
Warblesdown Warblesdown
Soddenreey Soddenreey
Skelcastle Skelcastle
Cannerrebeck Cannerrebeck
Cammenenwich Cammenenwich
Reddenwell Reddenwell
Suddlebrough Suddlebrough
Reddentree Reddentree
Elmsbrook Elmsbrook
Chilcompcester Chilcompcester
Shrivden Shrivden
Rockhead Rockhead
Bootworth Bootworth
Hamditch Wetley
Ribney Ribney
