Whitgrove Sodberling Ellerbridge Wycastle Bootwick Todhampton Sundendford Chedworth Botbeck Whitringlake Milthorne Rothingcombe Faldenhall Wethampton Falworth Abcester Sifield Enderbeck Southmere Ribberrenston Farnditch Abglewold Egsted Tippendham Emmerley Bastlebury Rothendcombe Hamwold Southbury Nortwell Marlcester Bothenhall Wendleringdown Ketnell Toddenmoor Durbrook Wychchester Prestwick Egmerhampton Suddenmoor Staincombe Melwood Candleswick Skellingover Wolley Dartden Tippenbrook Reddendeney Worhall Shaftborough Wychcompwold Leatherport Alfmere Waltbeck Cannerthorne Elside Wetsmith Horstleover Endingnell Casbrook Sirenshall Hampingbascombe Wetwick Hampingcastle Basditch Eley Stapbrough Endleberey Redcombe Marlbrook Siey Falderseythorne Worford Rotherlow Abgleham Sundlethorne Blansbrook Siavon Horsnell Skellenshot Cihead Hampingworth Tipstoke Dribberham Penby Sodport Skelberden Staplow Ketchester Watchlake Tippingbage Farndlesover Boothingmanstree Suddingover Worrenberwang Bromstanham Clereennell Bursmith Bothenton Dribblecombe Whitgrove
100
Whitgrove Whitgrove
Sodberling Sodberling
Ellerbridge Ellerbridge
Wycastle Wycastle
Bootwick Bootwick
Todhampton Todhampton
Sundendford Sundendford
Chedworth Chedworth
Botbeck Botbeck
Whitringlake Whitringlake
Milthorne Milthorne
Rothingcombe Rothingcombe
Faldenhall Faldenhall
Wethampton Wethampton
Falworth Falworth
Abcester Abcester
Sifield Sifield
Enderbeck Enderbeck
Southmere Southmere
Ribberrenston Ribberrenston
Farnditch Farnditch
Abglewold Abglewold
Egsted Egsted
Tippendham Tippendham
Emmerley Emmerley
Bastlebury Bastlebury
Rothendcombe Rothendcombe
Hamwold Hamwold
Southbury Southbury
Nortwell Nortwell
Marlcester Marlcester
Bothenhall Bothenhall
Wendleringdown Wendleringdown
Ketnell Ketnell
Toddenmoor Toddenmoor
Durbrook Durbrook
Wychchester Wychchester
Prestwick Prestwick
Egmerhampton Egmerhampton
Suddenmoor Suddenmoor
Staincombe Staincombe
Melwood Melwood
Candleswick Candleswick
Skellingover Skellingover
Wolley Wolley
Dartden Dartden
Tippenbrook Tippenbrook
Reddendeney Reddendeney
Worhall Worhall
Shaftborough Shaftborough
Wychcompwold Wychcompwold
Leatherport Leatherport
Alfmere Alfmere
Waltbeck Waltbeck
Cannerthorne Cannerthorne
Elside Elside
Wetsmith Wetsmith
Horstleover Horstleover
Endingnell Endingnell
Casbrook Casbrook
Sirenshall Sirenshall
Hampingbascombe Hampingbascombe
Wetwick Wetwick
Hampingcastle Hampingcastle
Basditch Basditch
Eley Eley
Stapbrough Stapbrough
Endleberey Endleberey
Redcombe Redcombe
Marlbrook Marlbrook
Siey Siey
Falderseythorne Falderseythorne
Worford Worford
Rotherlow Rotherlow
Abgleham Abgleham
Sundlethorne Sundlethorne
Blansbrook Blansbrook
Siavon Siavon
Horsnell Horsnell
Skellenshot Skellenshot
Cihead Cihead
Hampingworth Hampingworth
Tipstoke Tipstoke
Dribberham Dribberham
Penby Penby
Sodport Sodport
Skelberden Skelberden
Staplow Staplow
Ketchester Ketchester
Watchlake Watchlake
Tippingbage Tippingbage
Farndlesover Farndlesover
Boothingmanstree Boothingmanstree
Suddingover Suddingover
Worrenberwang Worrenberwang
Bromstanham Bromstanham
Clereennell Clereennell
Bursmith Bursmith
Bothenton Bothenton
Dribblecombe Dribblecombe
