Hamsbourne Sundlechester Chipfield Hamperrehampton Prestbourne Botherstanport Leatherblesley Enderton Camhampton Shaftthorne Warrewick Rocklow Sudbage Chipsted Endbeck Sodderrenshead Camswich Cimansbrough Boothenrensborough Sunderborough Rotmerby Chilringfield Hamsbourne
21
Sundlechester Sundlechester
Chipfield Cammercastle
Hamperrehampton Hamperrehampton
Prestbourne Prestbourne
Botherstanport Wolvencester
Leatherblesley Leatherblesley
Enderton Enderton
Camhampton Hartberbury
Shaftthorne Shaftthorne
Warrewick Warrewick
Rocklow Rocklow
Sudbage Sudbage
Chipsted Chipsted
Endbeck Melshot
Sodderrenshead Sodderrenshead
Camswich Camswich
Cimansbrough Cimansbrough
Boothenrensborough Candlesdon
Sunderborough Ciley
Rotmerby Rotmerby
Chilringfield Chilringfield
