Warfield Chilbury Brackcompwang Chelmstanwell Hammerringey Skelling Pendingbrook Suddlecastle Whitchester Siringwang Chedtree Burglebrough Sudsmith Elmansham Suddleover Wyborne Cambingstoke Suddlecombe Ellingreham Ashfield Millendon Windling Skellingden Barndberbrough Worhall Dribbingworth Leatherbleside Bastleseyham Todtree Cicombe Falport Pendlewood Horstlescompstoke Botherseyworth Soddlewick Hamsling Hannenmanswick Ashborne Tipwick Chedderrenswich Stainbrough Northall Southbasport Chiphead Worberbrook Ketport Basringney Chippingsted Cammerrensmoor Suddleborne Warfield
50
Warfield Warfield
Chilbury Chilbury
Brackcompwang Brackcompwang
Chelmstanwell Chelmstanwell
Hammerringey Hammerringey
Skelling Skelling
Pendingbrook Pendingbrook
Suddlecastle Suddlecastle
Whitchester Whitchester
Siringwang Siringwang
Chedtree Chedtree
Burglebrough Burglebrough
Sudsmith Sudsmith
Elmansham Elmansham
Suddleover Suddleover
Wyborne Wyborne
Cambingstoke Cambingstoke
Suddlecombe Suddlecombe
Ellingreham Ellingreham
Ashfield Ashfield
Millendon Millendon
Windling Windling
Skellingden Skellingden
Barndberbrough Barndberbrough
Worhall Worhall
Dribbingworth Dribbingworth
Leatherbleside Leatherbleside
Bastleseyham Bastleseyham
Todtree Todtree
Cicombe Cicombe
Falport Falport
Pendlewood Pendlewood
Horstlescompstoke Horstlescompstoke
Botherseyworth Botherseyworth
Soddlewick Soddlewick
Hamsling Hamsling
Hannenmanswick Hannenmanswick
Ashborne Ashborne
Tipwick Tipwick
Chedderrenswich Chedderrenswich
Stainbrough Stainbrough
Northall Northall
Southbasport Southbasport
Chiphead Chiphead
Worberbrook Worberbrook
Ketport Ketport
Basringney Basringney
Chippingsted Chippingsted
Cammerrensmoor Cammerrensmoor
Suddleborne Suddleborne
