0 15 30 45 31 47 63 47 31 45 60 75 76 77 78 79 80 95 80 65 50 36 51 36 52 68 52 36 51 66 82 83 84 85 70 85 86 87 103 104 103 87 86 85 100 85 84 99 98 82 81 80 79 78 77 76 75 90 75 91 92 108 93 94 109 124 123 108 92 91 107 122 106 90 75 60 45 30 15 0 1 2 3 18 19 34 19 4 5 6 7 8 23 24 9 10 11 12 28 12 11 10 25 40 25 41 56 71 56 41 57 73 58 43 27 12 11 10 9 8 7 6 5 20 5 4 3 2 1 0
50
0 0
15 15
30 30
45 45
31 31 46
47 47
63 63
75 75
76 76
78 78
80 80
95 95 110 111
50 50
36 36
51 51
52 52
68 68
83 83
85 85
70 70
87 88
103 103
104 119
100 100 115 116
98 98
90 90 105
108 108
93 93
109 109
124 124
122 122
106 106 120 121
3 3
18 18
34 34
5 5
7 7
8 8
23 23
10 10
12 13
28 28
25 25
40 40
41 41 55
56 56
71 71
57 57
73 73
20 20 35
