0 49 18 185 27 116 32 182 77 50 157 70 24 138 9 109 42 117 159 87 119 44 67 47 96 95 173 65 89 108 102 6 38 75 120 98 170 103 28 155 163 194 146 91 19 85 99 160 145 17 48 199 186 180 69 81 78 121 20 197 193 178 14 4 156 168 128 134 137 184 125 133 10 100 12 130 25 83 104 36 196 26 176 166 39 151 179 106 64 58 31 22 175 74 126 111 51 79 149 63 139 0
100
49 49
18 18
185 185
27 27
116 116
32 32
182 182
77 77
50 50
157 157
70 70
24 24
138 138
9 9
109 109
42 42
117 117
159 159
87 87
119 119
44 44
67 67
47 47
96 96
95 95
173 173
65 65
89 89
108 108
102 102
6 6
38 38
75 75
120 120
98 98
170 170
103 103
28 28
155 155
163 163
194 194
146 146
91 91
19 19
85 85
99 99
160 160
145 145
17 17
48 48
199 199
186 186
180 180
69 69
81 81
78 78
121 121
20 20
197 197
193 193
178 178
14 14
4 4
156 156
168 168
128 128
134 134
137 137
184 184
125 125
133 133
10 10
100 100
12 12
130 130
25 25
83 83
104 104
36 36
196 196
26 26
176 176
166 166
39 39
151 151
179 179
106 106
64 64
58 58
31 31
22 22
175 175
74 74
126 126
111 111
51 51
79 79
149 149
63 63
139 139
