SantaClarita Carrollton Concord Victorville GardenGrove Shreveport Huntsville Midland Beaumont NewportNews Yonkers PembrokePines Austin Indianapolis Stockton Pomona Allentown Omaha Ontario Boston Hartford LongBeach LouisvilleJefferson WestValleyCity Washington RanchoCucamonga Brownsville Orlando LosAngeles OklahomaCity StPetersburg Newark Alexandria Worcester Garland Bellevue Scottsdale SiouxFalls Independence Fayetteville Lafayette Surprise Sunnyvale Visalia Henderson Wichita LexingtonFa StLouis Waco Paterson Stamford SantaClarita
50
Carrollton Carrollton
Concord Concord
Victorville Victorville
GardenGrove GardenGrove
Shreveport Shreveport
Huntsville Huntsville
Midland Midland
Beaumont Beaumont
NewportNews NewportNews
Yonkers Yonkers
PembrokePines PembrokePines
Austin Austin
Indianapolis Indianapolis
Stockton Stockton
Pomona Pomona
Allentown Allentown
Omaha Omaha
Ontario Ontario
Boston Boston
Hartford Hartford
LongBeach LongBeach
LouisvilleJefferson LouisvilleJefferson
WestValleyCity WestValleyCity
Washington Washington
RanchoCucamonga RanchoCucamonga
Brownsville Brownsville
Orlando Orlando
LosAngeles LosAngeles
OklahomaCity OklahomaCity
StPetersburg StPetersburg
Newark Newark
Alexandria Alexandria
Worcester Worcester
Garland Garland
Bellevue Bellevue
Scottsdale Scottsdale
SiouxFalls SiouxFalls
Independence Independence
Fayetteville Fayetteville
Lafayette Lafayette
Surprise Surprise
Sunnyvale Sunnyvale
Visalia Visalia
Henderson Henderson
Wichita Wichita
LexingtonFa LexingtonFa
StLouis StLouis
Waco Waco
Paterson Paterson
Stamford Stamford
