Plano SantaClara Irving Pasadena MorenoValley Warren SanFrancisco OklahomaCity Cary LasVegas Miami Cincinnati Hampton Olathe Irvine LittleRock HuntingtonBeach Mobile Hartford Dallas Worcester Mesquite Thornton Anchorage Salinas GardenGrove SanAntonio NewHaven Houston Pomona CorpusChristi SantaClarita Davidson Chicago Denton Raleigh Glendale SantaRosa FortCollins SiouxFalls Allentown Killeen Stamford Glasses Hollywood Escondido Akron Lancaster Torrance Lincoln Elizabeth Anaheim JerseyCity Pikachu Lafayette Huntsville SanJose Laredo Tampa Portland McAllen GrandPrairie ThousandOaks NewOrleans Surprise Greensboro Corona Brownsville Knoxville SanBernardino Madison Fremont AugustaRichmond SimiValley Vallejo Beaumont Atlanta Oxnard Denver Hayward OWO Mesa Memphis Charleston Montgomery Waco Ontario Omaha Garland AnnArbor StLouis FortLauderdale Norfolk LouisvilleJefferson Tulsa Wichita Vancouver Norman Sunnyvale Rockford Riverside Plano
100
SantaClara SantaClara
Irving Irving
Pasadena Pasadena
MorenoValley MorenoValley
Warren Warren
SanFrancisco SanFrancisco
OklahomaCity OklahomaCity
Cary Cary
LasVegas LasVegas
Miami Miami
Cincinnati Cincinnati
Hampton Hampton
Olathe Olathe
Irvine Irvine
LittleRock LittleRock
HuntingtonBeach HuntingtonBeach
Mobile Mobile
Hartford Hartford
Dallas Dallas
Worcester Worcester
Mesquite Mesquite
Thornton Thornton
Anchorage Anchorage
Salinas Salinas
GardenGrove GardenGrove
SanAntonio SanAntonio
NewHaven NewHaven
Houston Houston
Pomona Pomona
CorpusChristi CorpusChristi
SantaClarita SantaClarita
Davidson Davidson
Chicago Chicago
Denton Denton
Raleigh Raleigh
Glendale Glendale
SantaRosa SantaRosa
FortCollins FortCollins
SiouxFalls SiouxFalls
Allentown Allentown
Killeen Killeen
Stamford Stamford
Glasses Glasses
Hollywood Hollywood
Escondido Escondido
Akron Akron
Lancaster Lancaster
Torrance Torrance
Lincoln Lincoln
Elizabeth Elizabeth
Anaheim Anaheim
JerseyCity JerseyCity
Pikachu Pikachu
Lafayette Lafayette
Huntsville Huntsville
SanJose SanJose
Laredo Laredo
Tampa Tampa
Portland Portland
McAllen McAllen
GrandPrairie GrandPrairie
ThousandOaks ThousandOaks
NewOrleans NewOrleans
Surprise Surprise
Greensboro Greensboro
Corona Corona
Brownsville Brownsville
Knoxville Knoxville
SanBernardino SanBernardino
Madison Madison
Fremont Fremont
AugustaRichmond AugustaRichmond
SimiValley SimiValley
Vallejo Vallejo
Beaumont Beaumont
Atlanta Atlanta
Oxnard Oxnard
Denver Denver
Hayward Hayward
OWO OWO
Mesa Mesa
Memphis Memphis
Charleston Charleston
Montgomery Montgomery
Waco Waco
Ontario Ontario
Omaha Omaha
Garland Garland
AnnArbor AnnArbor
StLouis StLouis
FortLauderdale FortLauderdale
Norfolk Norfolk
LouisvilleJefferson LouisvilleJefferson
Tulsa Tulsa
Wichita Wichita
Vancouver Vancouver
Norman Norman
Sunnyvale Sunnyvale
Rockford Rockford
Riverside Riverside
