Waco SanAntonio MorenoValley AnnArbor SaltLakeCity Rochester Newark Lincoln Detroit Irving ChulaVista Palmdale AthensClarkeCounty OWO SterlingHeights LexingtonFa SanFrancisco Richmond Omaha StPaul SanBernardino Stamford Cary Clarksville FortCollins Waco
24
SanAntonio SanAntonio
MorenoValley MorenoValley
AnnArbor AnnArbor
SaltLakeCity SaltLakeCity
Rochester Rochester
Newark Newark
Lincoln Lincoln
Detroit Detroit
Irving Irving
ChulaVista ChulaVista
Palmdale FortWayne
AthensClarkeCounty AthensClarkeCounty
OWO OWO
SterlingHeights SterlingHeights
LexingtonFa LexingtonFa
SanFrancisco SanFrancisco
Richmond Richmond
Omaha Omaha
StPaul StPaul
SanBernardino SanBernardino
Stamford Stamford
Cary Cary
Clarksville Clarksville
FortCollins FortCollins
