0 23 153 115 107 158 154 114 17 5 160 8 71 15 16 173 72 184 66 14 13 102 197 78 52 199 59 177 38 74 22 26 167 120 80 84 93 96 137 11 190 21 143 43 159 42 33 141 116 65 128 28 187 81 193 39 56 27 138 129 47 152 94 50 182 125 89 98 2 157 35 3 151 31 24 70 111 164 51 69 146 1 133 86 83 130 9 103 4 67 172 134 183 166 20 101 18 68 100 174 0
100
0 0
23 23
153 153
115 115
107 107
158 158
154 154
114 114
17 17
5 5
160 160
8 8
71 71
15 15
16 16
173 173
72 72
184 184
66 66
14 14
13 13
102 102
197 197
78 78
52 52
199 199
59 59
177 177
38 38
74 74
22 22
26 26
167 167
120 120
80 80
84 84
93 93
96 96
137 137
11 11
190 190
21 21
143 143
43 43
159 159
42 42
33 33
141 141
116 116
65 65
128 128
28 28
187 187
81 81
193 193
39 39
56 56
27 27
138 138
129 129
47 47
152 152
94 94
50 50
182 182
125 125
89 89
98 98
2 2
157 157
35 35
3 3
151 151
31 31
24 24
70 70
111 111
164 164
51 51
69 69
146 146
1 1
133 133
86 86
83 83
130 130
9 9
103 103
4 4
67 67
172 172
134 134
183 183
166 166
20 20
101 101
18 18
68 68
100 100
174 174
