vLeODpVlYSBeYNDYoXha uyPyJzKFqWxgSNmpkDrB zxeoSbTqbWPpSzalAtBI MlwlINEFqmyzZNPXRLJF tVzUgXVoBYxBMnkkwFmk OVoYVQPnlYoZBBKtyuLk CPszTohYUHARNedzFlDK CfkBzkPETvagyIDCsLTD iDucfyZGMCbCQbXjbQqM mlipOrSnGcxXtoXBbRyl jzQJaGLLiuQLhhyqBagr iBYHAWUhqeQPjphQzpdN VhDSPHxolLkNxxDnpUyx PLDOWRIeaCSVLMyDadzC fPxvnMVMFwhJbNBURdgD jwIBHKkXHTPVsOJwBOsr QQSjCkgLAWAPObYQvNsB RjKEHTlRvtaVBbyqZVAw qbmGewAditsWkTFHdxjP FcEsyaTmqpoyvbDrHjlc pdXCnKagnvEntNTuPHdK dyUDfEGgAoSshTRjMZZg ybrQlUhznqOhsvndWAbl ruLqpYqEzGGiKysvsarb AdXveYSBaneNwCQzrdSw QkAjrUUuVdzSMnlfJLcO gMqbbwopmbxmOomqZjfm gIttwvzcgONwFblnGIqq gzxzakmqbxbsOczuQVLG wRjMmrpRuknxqunJrMAE DqUxIMslnixWfmkjQTmS ajvbaFpYiEBJySPsSLaI sBkAYRISjTYinLFSNcKW gEufXNuuWhnlbNYaoQFJ CmbFyJmcvVqyCmJgQxeI fHcdXnOxSadpKeCUwNYm fvEcAuRDdfuHEPLNpaTz sXfgLMwoysnMazVSWnhc NAHeKyyhAObyyUEUSkSU UgFPXEAdAfcfHGIbNTsq aCucdhmWbhlrgfstQigR BXzACdzjLITNgbmDPlEu NciLXNPTvMoXdbTDZmlg ASXwCgVTXDdhSXJwFovC TwgqMzgExFHTIfcwfBnr cZgmtoPGHxdozTaDMiyf DWWCMAjZQQIEKOIiHFQN xQaDpDGAXhDYzSMnMWvb WCCOEUYmDvzZlrkDAqoi vLeODpVlYSBeYNDYoXha
48
uyPyJzKFqWxgSNmpkDrB uyPyJzKFqWxgSNmpkDrB
zxeoSbTqbWPpSzalAtBI zxeoSbTqbWPpSzalAtBI
MlwlINEFqmyzZNPXRLJF MlwlINEFqmyzZNPXRLJF
tVzUgXVoBYxBMnkkwFmk tVzUgXVoBYxBMnkkwFmk
OVoYVQPnlYoZBBKtyuLk OVoYVQPnlYoZBBKtyuLk
CPszTohYUHARNedzFlDK CPszTohYUHARNedzFlDK
CfkBzkPETvagyIDCsLTD CfkBzkPETvagyIDCsLTD
iDucfyZGMCbCQbXjbQqM iDucfyZGMCbCQbXjbQqM
mlipOrSnGcxXtoXBbRyl NVEtShKeuxpaFIOiyVqE
jzQJaGLLiuQLhhyqBagr jzQJaGLLiuQLhhyqBagr
iBYHAWUhqeQPjphQzpdN iBYHAWUhqeQPjphQzpdN
VhDSPHxolLkNxxDnpUyx VhDSPHxolLkNxxDnpUyx
PLDOWRIeaCSVLMyDadzC PLDOWRIeaCSVLMyDadzC
fPxvnMVMFwhJbNBURdgD fPxvnMVMFwhJbNBURdgD
jwIBHKkXHTPVsOJwBOsr jwIBHKkXHTPVsOJwBOsr
QQSjCkgLAWAPObYQvNsB QQSjCkgLAWAPObYQvNsB
RjKEHTlRvtaVBbyqZVAw RjKEHTlRvtaVBbyqZVAw
qbmGewAditsWkTFHdxjP cvlwIwajcIlbhZbyFgmq
FcEsyaTmqpoyvbDrHjlc FcEsyaTmqpoyvbDrHjlc
pdXCnKagnvEntNTuPHdK pdXCnKagnvEntNTuPHdK
dyUDfEGgAoSshTRjMZZg dyUDfEGgAoSshTRjMZZg
ybrQlUhznqOhsvndWAbl ybrQlUhznqOhsvndWAbl
ruLqpYqEzGGiKysvsarb ruLqpYqEzGGiKysvsarb
AdXveYSBaneNwCQzrdSw AdXveYSBaneNwCQzrdSw
QkAjrUUuVdzSMnlfJLcO QkAjrUUuVdzSMnlfJLcO
gMqbbwopmbxmOomqZjfm gMqbbwopmbxmOomqZjfm
gIttwvzcgONwFblnGIqq gIttwvzcgONwFblnGIqq
gzxzakmqbxbsOczuQVLG gzxzakmqbxbsOczuQVLG
wRjMmrpRuknxqunJrMAE iBjjCWwkYToOKfrrLnny
DqUxIMslnixWfmkjQTmS TqyFrXuGvuBuqnpYbjKc
ajvbaFpYiEBJySPsSLaI fToHwimUqLsKcKLZHiUX
sBkAYRISjTYinLFSNcKW sBkAYRISjTYinLFSNcKW
gEufXNuuWhnlbNYaoQFJ gEufXNuuWhnlbNYaoQFJ
CmbFyJmcvVqyCmJgQxeI CmbFyJmcvVqyCmJgQxeI
fHcdXnOxSadpKeCUwNYm fHcdXnOxSadpKeCUwNYm
fvEcAuRDdfuHEPLNpaTz fvEcAuRDdfuHEPLNpaTz
sXfgLMwoysnMazVSWnhc sXfgLMwoysnMazVSWnhc
NAHeKyyhAObyyUEUSkSU NAHeKyyhAObyyUEUSkSU
UgFPXEAdAfcfHGIbNTsq UgFPXEAdAfcfHGIbNTsq
aCucdhmWbhlrgfstQigR aCucdhmWbhlrgfstQigR
BXzACdzjLITNgbmDPlEu BXzACdzjLITNgbmDPlEu
NciLXNPTvMoXdbTDZmlg NciLXNPTvMoXdbTDZmlg
ASXwCgVTXDdhSXJwFovC ASXwCgVTXDdhSXJwFovC
TwgqMzgExFHTIfcwfBnr TwgqMzgExFHTIfcwfBnr
cZgmtoPGHxdozTaDMiyf cZgmtoPGHxdozTaDMiyf
DWWCMAjZQQIEKOIiHFQN DWWCMAjZQQIEKOIiHFQN
xQaDpDGAXhDYzSMnMWvb xQaDpDGAXhDYzSMnMWvb
WCCOEUYmDvzZlrkDAqoi WCCOEUYmDvzZlrkDAqoi
