wNqlpYNsRbJEgiGpKxrU lbWonvEbeplndKguSTkk igyeOiSdezmmXGTwMzLw KcrnMnFDTrBKaUaGpdLY NYdfLxXxFVvLEbDKzXWn qfRRtdRbhYJBARMfPlZM scpUkbcaYSAsHhSktebT EEeDJaHeajXXlwYcHTeJ MBJqOYmxhUYbldNVEdRy NzDQJknJPDEkcwCHzzbF wvSJDoqoPGAkYgSuPFPw QeYNNLpZMBxyiFbZMPFY UdSbtwxTqTJxOiUoxEqw EmbDgEECbkHbfAfHCgwB pzrGQEObzJGPnfATEYDc NPSPGRTNRcKKVpsBRSwh PZwTcKCPsEmpxetNZvef ZauPfhkpsGmhbvkhkltR pMOSpTzPTPLXHLOQMjnt oLMkSrYLQRLHmPiuLCTC QePOUWiXcAUCoHETxuGS wfEFdNDcColoskjTjcLm gDYKDrbERUXTnCayjBrC hLaNXBYgTzgUhvjmqUTu CbGuHgZfQMmSOfHDFJnK ZwvojvRdUOYNJXIwAqgC efZntVbfQTvIUOiRNPSH shugRMnaHVqQSmKaNBgu IvXQutSorlqOgnSVAIUd edlAtPQdNXJQPCIzpkyX oKAKfpUUuLItChLyByFh NJZlnWyeJFrkOwoqHKtT xgBrJmdXVwtxgRuCBhMe nCedHqGgdWAicwyuYWpg juzxSpUVuccJUMBOcJjO ANDviqMIuFwdcboQDprt QyXpliHSeQOPIsurIcpa DpztIuGTRpGuLsdlODJw lSJjEsqamUCgRZdCmdyI CvZkdIYtdeDHtwufupie syonLisTOSczosCwoILE aIuYyryCOUGVeCAqbqkg zNRhhVdMWUgTnnqmAfeY jznspKyqlmxZtgfQUJVB RlHeRhvUOhGhZVGGJuED erZKLqpCZsYKDnOCaBGq NIJaJxCurulNUdZZMxFk ccdJRKiTXwIErdhSIxfh eiLPqIroFfCGzqSAlzAp WMWBpOSnHGywZjCgaYyY XtZHoAxqEyzvMChzPHpN kqcEdfKLaRzxOhAIzchh UIlSMnVKIdNiXZNSiHsI fgzJCwocQniGlXAZHJId vIbIQYXZnmYrooTLYNtu wlySPverjehsBxldyigf SitzoubgYFeTjmkLjVPz bEfUXCTlwRBndElSbPGf imEmCMbYEtZJJkwxkSDD xlbpuxAjoVPJWPCWBEkJ gcXUxTVUZWsOwtRNeDDa TEPaiCedHTXapLxoBXMp yscsUFTNNyaVMKBztBdV EhDFVLWZueLOrdjEOzEQ VRpSthoDcomqMDsGoVql eobSFtKBbBdcVrTOREdK ADVVlRLpnspleRTgeTdu DZEpVGVXkxHljziwItaS QjbdwbUnopENkiNyqirZ nreoVgWrBhNXFZgTBlXO oHoxoLeyDYnKZDzgMtxI ZXihCBEQBTdisqSlEMsj ayQgUwyRuQVKeyFLPNbQ szyiMlKhtyOynWjcoMsm XvUPApTFkqaSSizYsCIr YTwycpmzEWCqqTELtzXc aGPbLNWYAMujnfHCTCMo HeWrJOKsDjgdrcamgZLN kwPuYZgJgVVJfdBGUtPw mgNeYYUOPKpLeiVEFIXd NtyLZDOaSczVvOGdocUp GMxGouyyndiUBMqMdOoc zHPSSEtFTQIbLYMdHqgP ihxEqMQIIvyQmtrtMjeO FWnudSYFvYQJHehOpEKf fpoTaBKmVdlDCxFwCFoz jUSlIFtitQxyvVLJjiCc XPPBMlNyfVVeZGIzTCEW bFmSeBrfNuxjYPUDCLYq JVONrXhhmtFWhFfDiOXW VIPPawblKbhOVWrmrWBx JvFxbsySBAiFiOUrzrBi wuSVWJYvpiWaQAHXocSG cMYyKTXGNKnFzrpwnXUl vTbNxpVTEoFlSjvvVvfG cwgJAHVpCCTmuckJkncL kyApsCeFkLoLFCdkazaE oZXYedlbtBLmkfoVmgta joWAhkfNqIEECnBeulGl svUOWvTJLneAqJGnExpc eOfnBeTgmYCNEnRUhlEK wNqlpYNsRbJEgiGpKxrU
100
lbWonvEbeplndKguSTkk lbWonvEbeplndKguSTkk
igyeOiSdezmmXGTwMzLw igyeOiSdezmmXGTwMzLw
KcrnMnFDTrBKaUaGpdLY KcrnMnFDTrBKaUaGpdLY
NYdfLxXxFVvLEbDKzXWn NYdfLxXxFVvLEbDKzXWn
qfRRtdRbhYJBARMfPlZM qfRRtdRbhYJBARMfPlZM
scpUkbcaYSAsHhSktebT scpUkbcaYSAsHhSktebT
EEeDJaHeajXXlwYcHTeJ EEeDJaHeajXXlwYcHTeJ
MBJqOYmxhUYbldNVEdRy MBJqOYmxhUYbldNVEdRy
NzDQJknJPDEkcwCHzzbF NzDQJknJPDEkcwCHzzbF
wvSJDoqoPGAkYgSuPFPw wvSJDoqoPGAkYgSuPFPw
QeYNNLpZMBxyiFbZMPFY QeYNNLpZMBxyiFbZMPFY
UdSbtwxTqTJxOiUoxEqw UdSbtwxTqTJxOiUoxEqw
EmbDgEECbkHbfAfHCgwB EmbDgEECbkHbfAfHCgwB
pzrGQEObzJGPnfATEYDc pzrGQEObzJGPnfATEYDc
NPSPGRTNRcKKVpsBRSwh NPSPGRTNRcKKVpsBRSwh
PZwTcKCPsEmpxetNZvef PZwTcKCPsEmpxetNZvef
ZauPfhkpsGmhbvkhkltR ZauPfhkpsGmhbvkhkltR
pMOSpTzPTPLXHLOQMjnt pMOSpTzPTPLXHLOQMjnt
oLMkSrYLQRLHmPiuLCTC oLMkSrYLQRLHmPiuLCTC
QePOUWiXcAUCoHETxuGS QePOUWiXcAUCoHETxuGS
wfEFdNDcColoskjTjcLm wfEFdNDcColoskjTjcLm
gDYKDrbERUXTnCayjBrC gDYKDrbERUXTnCayjBrC
hLaNXBYgTzgUhvjmqUTu hLaNXBYgTzgUhvjmqUTu
CbGuHgZfQMmSOfHDFJnK CbGuHgZfQMmSOfHDFJnK
ZwvojvRdUOYNJXIwAqgC ZwvojvRdUOYNJXIwAqgC
efZntVbfQTvIUOiRNPSH efZntVbfQTvIUOiRNPSH
shugRMnaHVqQSmKaNBgu shugRMnaHVqQSmKaNBgu
IvXQutSorlqOgnSVAIUd IvXQutSorlqOgnSVAIUd
edlAtPQdNXJQPCIzpkyX edlAtPQdNXJQPCIzpkyX
oKAKfpUUuLItChLyByFh oKAKfpUUuLItChLyByFh
NJZlnWyeJFrkOwoqHKtT NJZlnWyeJFrkOwoqHKtT
xgBrJmdXVwtxgRuCBhMe xgBrJmdXVwtxgRuCBhMe
nCedHqGgdWAicwyuYWpg nCedHqGgdWAicwyuYWpg
juzxSpUVuccJUMBOcJjO juzxSpUVuccJUMBOcJjO
ANDviqMIuFwdcboQDprt ANDviqMIuFwdcboQDprt
QyXpliHSeQOPIsurIcpa QyXpliHSeQOPIsurIcpa
DpztIuGTRpGuLsdlODJw DpztIuGTRpGuLsdlODJw
lSJjEsqamUCgRZdCmdyI lSJjEsqamUCgRZdCmdyI
CvZkdIYtdeDHtwufupie CvZkdIYtdeDHtwufupie
syonLisTOSczosCwoILE syonLisTOSczosCwoILE
aIuYyryCOUGVeCAqbqkg aIuYyryCOUGVeCAqbqkg
zNRhhVdMWUgTnnqmAfeY zNRhhVdMWUgTnnqmAfeY
jznspKyqlmxZtgfQUJVB jznspKyqlmxZtgfQUJVB
RlHeRhvUOhGhZVGGJuED RlHeRhvUOhGhZVGGJuED
erZKLqpCZsYKDnOCaBGq erZKLqpCZsYKDnOCaBGq
NIJaJxCurulNUdZZMxFk NIJaJxCurulNUdZZMxFk
ccdJRKiTXwIErdhSIxfh ccdJRKiTXwIErdhSIxfh
eiLPqIroFfCGzqSAlzAp eiLPqIroFfCGzqSAlzAp
WMWBpOSnHGywZjCgaYyY WMWBpOSnHGywZjCgaYyY
XtZHoAxqEyzvMChzPHpN XtZHoAxqEyzvMChzPHpN
kqcEdfKLaRzxOhAIzchh kqcEdfKLaRzxOhAIzchh
UIlSMnVKIdNiXZNSiHsI UIlSMnVKIdNiXZNSiHsI
fgzJCwocQniGlXAZHJId fgzJCwocQniGlXAZHJId
vIbIQYXZnmYrooTLYNtu vIbIQYXZnmYrooTLYNtu
wlySPverjehsBxldyigf wlySPverjehsBxldyigf
SitzoubgYFeTjmkLjVPz SitzoubgYFeTjmkLjVPz
bEfUXCTlwRBndElSbPGf bEfUXCTlwRBndElSbPGf
imEmCMbYEtZJJkwxkSDD imEmCMbYEtZJJkwxkSDD
xlbpuxAjoVPJWPCWBEkJ xlbpuxAjoVPJWPCWBEkJ
gcXUxTVUZWsOwtRNeDDa gcXUxTVUZWsOwtRNeDDa
TEPaiCedHTXapLxoBXMp TEPaiCedHTXapLxoBXMp
yscsUFTNNyaVMKBztBdV yscsUFTNNyaVMKBztBdV
EhDFVLWZueLOrdjEOzEQ EhDFVLWZueLOrdjEOzEQ
VRpSthoDcomqMDsGoVql VRpSthoDcomqMDsGoVql
eobSFtKBbBdcVrTOREdK eobSFtKBbBdcVrTOREdK
ADVVlRLpnspleRTgeTdu ADVVlRLpnspleRTgeTdu
DZEpVGVXkxHljziwItaS DZEpVGVXkxHljziwItaS
QjbdwbUnopENkiNyqirZ QjbdwbUnopENkiNyqirZ
nreoVgWrBhNXFZgTBlXO nreoVgWrBhNXFZgTBlXO
oHoxoLeyDYnKZDzgMtxI oHoxoLeyDYnKZDzgMtxI
ZXihCBEQBTdisqSlEMsj ZXihCBEQBTdisqSlEMsj
ayQgUwyRuQVKeyFLPNbQ ayQgUwyRuQVKeyFLPNbQ
szyiMlKhtyOynWjcoMsm szyiMlKhtyOynWjcoMsm
XvUPApTFkqaSSizYsCIr XvUPApTFkqaSSizYsCIr
YTwycpmzEWCqqTELtzXc YTwycpmzEWCqqTELtzXc
aGPbLNWYAMujnfHCTCMo aGPbLNWYAMujnfHCTCMo
HeWrJOKsDjgdrcamgZLN HeWrJOKsDjgdrcamgZLN
kwPuYZgJgVVJfdBGUtPw kwPuYZgJgVVJfdBGUtPw
mgNeYYUOPKpLeiVEFIXd mgNeYYUOPKpLeiVEFIXd
NtyLZDOaSczVvOGdocUp NtyLZDOaSczVvOGdocUp
GMxGouyyndiUBMqMdOoc GMxGouyyndiUBMqMdOoc
zHPSSEtFTQIbLYMdHqgP zHPSSEtFTQIbLYMdHqgP
ihxEqMQIIvyQmtrtMjeO ihxEqMQIIvyQmtrtMjeO
FWnudSYFvYQJHehOpEKf FWnudSYFvYQJHehOpEKf
fpoTaBKmVdlDCxFwCFoz fpoTaBKmVdlDCxFwCFoz
jUSlIFtitQxyvVLJjiCc jUSlIFtitQxyvVLJjiCc
XPPBMlNyfVVeZGIzTCEW XPPBMlNyfVVeZGIzTCEW
bFmSeBrfNuxjYPUDCLYq bFmSeBrfNuxjYPUDCLYq
JVONrXhhmtFWhFfDiOXW JVONrXhhmtFWhFfDiOXW
VIPPawblKbhOVWrmrWBx VIPPawblKbhOVWrmrWBx
JvFxbsySBAiFiOUrzrBi JvFxbsySBAiFiOUrzrBi
wuSVWJYvpiWaQAHXocSG wuSVWJYvpiWaQAHXocSG
cMYyKTXGNKnFzrpwnXUl cMYyKTXGNKnFzrpwnXUl
vTbNxpVTEoFlSjvvVvfG vTbNxpVTEoFlSjvvVvfG
cwgJAHVpCCTmuckJkncL cwgJAHVpCCTmuckJkncL
kyApsCeFkLoLFCdkazaE kyApsCeFkLoLFCdkazaE
oZXYedlbtBLmkfoVmgta oZXYedlbtBLmkfoVmgta
joWAhkfNqIEECnBeulGl joWAhkfNqIEECnBeulGl
svUOWvTJLneAqJGnExpc svUOWvTJLneAqJGnExpc
eOfnBeTgmYCNEnRUhlEK eOfnBeTgmYCNEnRUhlEK
