oUyBZvEHNPOWtAsHANHU eWGFHgdBASXJbxQbYrCG hNRcEeFjmsmOnuOdNAXl eqwycKZriorIAbsUBjxu tItiZloipgPmLuONrNnZ JKNUHFrXPStBWMuUOVkj eWVKeYegIFOJxvfRkjek JKNUHFrXPStBWMuUOVkj CCYBPFZgoOONzoEeTKzC JKNUHFrXPStBWMuUOVkj QFaSXENOfunmdZIBqDsS UMfDYlvFlUVuogMRkWNG QFaSXENOfunmdZIBqDsS JKNUHFrXPStBWMuUOVkj tItiZloipgPmLuONrNnZ eqwycKZriorIAbsUBjxu VVzvLIOwARaWwhQTKPrx OWCblOtQanZakRLMqMxz VVzvLIOwARaWwhQTKPrx eqwycKZriorIAbsUBjxu MeohNnftDTzllMTGwxnG eqwycKZriorIAbsUBjxu tItiZloipgPmLuONrNnZ ikjgYLaZRolSrbIYyKBd NBTlGJqSnWahMvuDlXAm hpQFeVriPZmwKZcYFAWN PojKKQvEDmFOnJinujFi CcspnGXfrmzZRWjdMjLd oMKDNkBacLxexXKHqXfF CcspnGXfrmzZRWjdMjLd XZRBuctXhYPbWardFSZS QMnEKXGwZYUlreveNjwA XZRBuctXhYPbWardFSZS CcspnGXfrmzZRWjdMjLd rqqedkokePZFdhDbMNpX IuNNJvHSmYKpVBzmzuJX fDAbzsYfiXDxOIsITcQl JGmrlhNqKarRJZMikIzR gUlgGYCPZjsRiFLqnVun DsLevMWgWFWOQXFMbaQy znYRMYifzQwyixuIXDnz IuNNJvHSmYKpVBzmzuJX fDAbzsYfiXDxOIsITcQl JGmrlhNqKarRJZMikIzR oUyBZvEHNPOWtAsHANHU
24
oUyBZvEHNPOWtAsHANHU oUyBZvEHNPOWtAsHANHU
eWGFHgdBASXJbxQbYrCG eWGFHgdBASXJbxQbYrCG
hNRcEeFjmsmOnuOdNAXl hNRcEeFjmsmOnuOdNAXl
eqwycKZriorIAbsUBjxu eqwycKZriorIAbsUBjxu
tItiZloipgPmLuONrNnZ cAvnOxZJtanpVvcAxJHM
JKNUHFrXPStBWMuUOVkj JKNUHFrXPStBWMuUOVkj
eWVKeYegIFOJxvfRkjek eWVKeYegIFOJxvfRkjek
CCYBPFZgoOONzoEeTKzC CCYBPFZgoOONzoEeTKzC
UMfDYlvFlUVuogMRkWNG UMfDYlvFlUVuogMRkWNG lPMfQyVLDIZczBuDgsVQ
VVzvLIOwARaWwhQTKPrx VVzvLIOwARaWwhQTKPrx
OWCblOtQanZakRLMqMxz OWCblOtQanZakRLMqMxz
MeohNnftDTzllMTGwxnG MeohNnftDTzllMTGwxnG
ikjgYLaZRolSrbIYyKBd CXrruomvXfADUrHxMwZi
NBTlGJqSnWahMvuDlXAm NBTlGJqSnWahMvuDlXAm
hpQFeVriPZmwKZcYFAWN hpQFeVriPZmwKZcYFAWN
PojKKQvEDmFOnJinujFi PojKKQvEDmFOnJinujFi
CcspnGXfrmzZRWjdMjLd CcspnGXfrmzZRWjdMjLd
oMKDNkBacLxexXKHqXfF oMKDNkBacLxexXKHqXfF
QMnEKXGwZYUlreveNjwA QMnEKXGwZYUlreveNjwA
rqqedkokePZFdhDbMNpX IUJDEWwYxhQimsCqnrFH
IuNNJvHSmYKpVBzmzuJX IuNNJvHSmYKpVBzmzuJX
fDAbzsYfiXDxOIsITcQl NVPacTSrBMpDkMBotiWB
gUlgGYCPZjsRiFLqnVun gUlgGYCPZjsRiFLqnVun
znYRMYifzQwyixuIXDnz znYRMYifzQwyixuIXDnz
