Jingzhou Ghugus Veenendaal Shizunaifurukawacho Shumen Kheri Carouge Carmichael elCampello Colachel Ibri Rembangan Thamaga Tottori Gangtok BeneBeraq SaintMichael Depok Bejucal TanahMerah LondonderryCountyBor FortLauderdale Shively Rangae Ronse AzZuwaytinah RioFormoso Radnor Khabarovsk Chegem Crespo Malnate BurgbeiMagdeburg Kabarnet Tabatinga Sanaa Sarzedo JabalosSaraj Chittaranjan Jeypore Lysva CoonRapids Sagalo Srinagar Kirovsk Entroncamento Ermelo Ouarzazat Ketrzyn SanJosedeOcoa Manduria Jingzhou
50
Ghugus Ghugus
Veenendaal Veenendaal
Shizunaifurukawacho Shizunaifurukawacho
Shumen Shumen
Kheri Kheri
Carouge Carouge
Carmichael Carmichael
elCampello elCampello
Colachel Colachel
Ibri Ibri
Rembangan Rembangan
Thamaga Thamaga
Tottori Tottori
Gangtok Gangtok
BeneBeraq BeneBeraq
SaintMichael SaintMichael
Depok Depok
Bejucal Bejucal
TanahMerah TanahMerah
LondonderryCountyBor LondonderryCountyBor
FortLauderdale FortLauderdale
Shively Shively
Rangae Rangae
Ronse Ronse
AzZuwaytinah AzZuwaytinah
RioFormoso RioFormoso
Radnor Radnor
Khabarovsk Khabarovsk
Chegem Chegem
Crespo Crespo
Malnate Malnate
BurgbeiMagdeburg BurgbeiMagdeburg
Kabarnet Kabarnet
Tabatinga Tabatinga
Sanaa Sanaa
Sarzedo Sarzedo
JabalosSaraj JabalosSaraj
Chittaranjan Chittaranjan
Jeypore Jeypore
Lysva Lysva
CoonRapids CoonRapids
Sagalo Sagalo
Srinagar Srinagar
Kirovsk Kirovsk
Entroncamento Entroncamento
Ermelo Ermelo
Ouarzazat Ouarzazat
Ketrzyn Ketrzyn
SanJosedeOcoa SanJosedeOcoa
Manduria Manduria
