LesLilas AinBessem Aracuai Zhaodong Kairouan Johnston Wenchi Hangu Daokou Sosnovka HaciendaLaCalera KotRadhaKishan Izhevsk Shieli Yafo Twante Rivas Vaniyambadi Sobue Acireale Baramula Sorada Mabopane Fuxin FortWorth Skelmersdale BlueIsland ChalcodeDiazCovarrub Kambove MonteAlegre Braila Bury PriegodeCordoba Morwa Ortaca Itororo Shchekino Espiye AshtonunderLyne Kotka PortoVelho FetestiGara Embu WestIslip Garbsen Nagar NoblePark SanJuandelaMaguana Andrychow GuaMusang Turek Gunzenhausen Acarau Akcaabat MineralnyeVody TagbilaranCity Hirosaki Pezinok Belalcazar Oerlinghausen Escada Pozzuoli Haripur VillaPauladeSarmient SenaMadureira Lloydminster Khulm Anjarah SpanishTown Kineshma Korsakov MadinatHamad Tabou EastLongmeadow Mocoa Gowurdak Gorgan Shimofurano Arzamas NahiyatashShinafiyah SaintCyrlEcole Haora SantanadoLivramento CapimGrosso Manacapuru Wangon Prostejov SouthSaintPaul Kemise Shurugwi Ibirataia Angleton Vyazniki Langenhorn Ontinyent Butuan Kaifeng SenadorPompeu Rhondda Battambang AinArnat LesLilas
100
AinBessem AinBessem
Aracuai Aracuai
Zhaodong Zhaodong
Kairouan Kairouan
Johnston Johnston
Wenchi Wenchi
Hangu Hangu
Daokou Daokou
Sosnovka Sosnovka
HaciendaLaCalera HaciendaLaCalera
KotRadhaKishan KotRadhaKishan
Izhevsk Izhevsk
Shieli Shieli
Yafo Yafo
Twante Twante
Rivas Rivas
Vaniyambadi Vaniyambadi
Sobue Sobue
Acireale Acireale
Baramula Baramula
Sorada Sorada
Mabopane Mabopane
Fuxin Fuxin
FortWorth FortWorth
Skelmersdale Skelmersdale
BlueIsland BlueIsland
ChalcodeDiazCovarrub ChalcodeDiazCovarrub
Kambove Kambove
MonteAlegre MonteAlegre
Braila Braila
Bury Bury
PriegodeCordoba PriegodeCordoba
Morwa Morwa
Ortaca Ortaca
Itororo Itororo
Shchekino Shchekino
Espiye Espiye
AshtonunderLyne AshtonunderLyne
Kotka Kotka
PortoVelho PortoVelho
FetestiGara FetestiGara
Embu Embu
WestIslip WestIslip
Garbsen Garbsen
Nagar Nagar
NoblePark NoblePark
SanJuandelaMaguana SanJuandelaMaguana
Andrychow Andrychow
GuaMusang GuaMusang
Turek Turek
Gunzenhausen Gunzenhausen
Acarau Acarau
Akcaabat Akcaabat
MineralnyeVody MineralnyeVody
TagbilaranCity TagbilaranCity
Hirosaki Hirosaki
Pezinok Pezinok
Belalcazar Belalcazar
Oerlinghausen Oerlinghausen
Escada Escada
Pozzuoli Pozzuoli
Haripur Haripur
VillaPauladeSarmient VillaPauladeSarmient
SenaMadureira SenaMadureira
Lloydminster Lloydminster
Khulm Khulm
Anjarah Anjarah
SpanishTown SpanishTown
Kineshma Kineshma
Korsakov Korsakov
MadinatHamad MadinatHamad
Tabou Tabou
EastLongmeadow EastLongmeadow
Mocoa Mocoa
Gowurdak Gowurdak
Gorgan Gorgan
Shimofurano Shimofurano
Arzamas Arzamas
NahiyatashShinafiyah NahiyatashShinafiyah
SaintCyrlEcole SaintCyrlEcole
Haora Haora
SantanadoLivramento SantanadoLivramento
CapimGrosso CapimGrosso
Manacapuru Manacapuru
Wangon Wangon
Prostejov Prostejov
SouthSaintPaul SouthSaintPaul
Kemise Kemise
Shurugwi Shurugwi
Ibirataia Ibirataia
Angleton Angleton
Vyazniki Vyazniki
Langenhorn Langenhorn
Ontinyent Ontinyent
Butuan Butuan
Kaifeng Kaifeng
SenadorPompeu SenadorPompeu
Rhondda Rhondda
Battambang Battambang
AinArnat AinArnat
