Kaimganj Leixlip Isakogorka Yucheng Korolev Tsukawaki Karasuyama MontecatiniTerme MilpaAlta Tocache GobernadorGalvez Novopokrovskaya Albi Narangba Dankov Fandriana Tsirang Brecht PinhalNovo Gobo Racine Anahuac EncarnaciondeDiaz Fagaras Pilibhit Kaimganj
24
Leixlip Leixlip
Isakogorka Isakogorka
Yucheng Yucheng
Korolev Korolev
Tsukawaki Tsukawaki
Karasuyama Karasuyama
MontecatiniTerme MontecatiniTerme
MilpaAlta MilpaAlta
Tocache Tocache
GobernadorGalvez GobernadorGalvez
Novopokrovskaya Novopokrovskaya
Albi Albi
Narangba Narangba
Dankov Dankov
Fandriana Fandriana
Tsirang Tsirang
Brecht Brecht
PinhalNovo PinhalNovo
Gobo Gobo
Racine Racine
Anahuac Anahuac
EncarnaciondeDiaz EncarnaciondeDiaz
Fagaras Fagaras
Pilibhit Irvine
