lyenDXSN wKxe hU BR s KtvQaJqCJTRpXM8ZI vJxAK1LaHyuu4yFNeul hpRsyMlXH1H 6DVIvuGfPs2BU Mu wBJRoqVxn1t 6yeW7sat9rvd lt1a5E0H llx2p 7h2PJW8oD2ihKQrfQ6 ImSpax GPeb cYPTdnJWL wcmx8dhmsO K6yVeBnomxSBet nWkakNi6Qt9d4g o3refHnx4qioqHztqMYE frNA534JEvY4f MBLHuIgjJIXs uy3ouNIxumu7jEuoP1 2AR73oQdnbYqnDCGMFS EJDqk K0A9bbVLm9atwTf EJDqk Plmj0j Iax35 HwQeXpOEZHQ3s hVfqebryM4wN A67f nqeGwct l G50hiUpVStHCMrd hjCFXN9kbqn0UCNsZ a5oWSrhkZ1i f akZmiQ7tmX M1PxrOPSNUVpc VNvsbB7eWJcAK0fU C8PRtY0wMczFLQQYxa zzYmU5YFhvp1 2FvJIR5cRPGGLqP jvdVvQ CmV 7Q zI 7Q L STJYwXq9HmmawT vAIBd1Ae fzp 61 lyenDXSN
40
hU hU
BR BR
KtvQaJqCJTRpXM8ZI KtvQaJqCJTRpXM8ZI
vJxAK1LaHyuu4yFNeul vJxAK1LaHyuu4yFNeul
6DVIvuGfPs2BU 6DVIvuGfPs2BU
Mu Mu
wBJRoqVxn1t wBJRoqVxn1t
6yeW7sat9rvd 6yeW7sat9rvd
lt1a5E0H lt1a5E0H
llx2p llx2p
ImSpax ImSpax
GPeb GPeb
cYPTdnJWL cYPTdnJWL
wcmx8dhmsO wcmx8dhmsO
nWkakNi6Qt9d4g nWkakNi6Qt9d4g
o3refHnx4qioqHztqMYE o3refHnx4qioqHztqMYE
frNA534JEvY4f frNA534JEvY4f
MBLHuIgjJIXs MBLHuIgjJIXs
2AR73oQdnbYqnDCGMFS 2AR73oQdnbYqnDCGMFS
K0A9bbVLm9atwTf K0A9bbVLm9atwTf
Plmj0j Plmj0j
HwQeXpOEZHQ3s HwQeXpOEZHQ3s
hVfqebryM4wN hVfqebryM4wN
A67f A67f
nqeGwct nqeGwct
l l
G50hiUpVStHCMrd G50hiUpVStHCMrd
hjCFXN9kbqn0UCNsZ hjCFXN9kbqn0UCNsZ
f f
akZmiQ7tmX akZmiQ7tmX
M1PxrOPSNUVpc M1PxrOPSNUVpc
VNvsbB7eWJcAK0fU VNvsbB7eWJcAK0fU
zzYmU5YFhvp1 zzYmU5YFhvp1
jvdVvQ jvdVvQ
CmV CmV
7Q 7Q
zI zI
L L
vAIBd1Ae vAIBd1Ae
61 61
