0 5 3 23 30 37 38 55 59 64 66 67 72 78 85 93 96 102 103 105 109 110 114 115 172 173 175 182 190 191 14 32 35 52 56 60 62 65 104 113 119 125 163 166 6 26 58 70 77 81 107 126 160 169 171 8 162 10 20 148 183 19 188 21 22 24 25 39 40 41 42 43 48 51 53 57 68 71 76 83 84 86 88 97 100 116 121 132 134 144 146 151 159 168 174 176 185 187 195 196 0
100
0 0
5 5
3 3
23 23
30 30
37 37
38 38
55 55
59 59
64 64
66 66
67 67
72 72
78 78
85 85
93 93
96 96
102 102
103 103
105 105
109 109
110 110
114 114
115 115
172 172
173 173
175 175
182 182
190 190
191 191
14 14
32 32
35 35
52 52
56 56
60 60
62 62
65 65
104 104
113 113
119 119
125 125
163 163
166 166
6 6
26 26
58 58
70 70
77 77
81 81
107 107
126 126
160 160
169 169
171 171
8 8
162 162
10 10
20 20
148 148
183 183
19 19
188 188
21 21
22 22
24 24
25 25
39 39
40 40
41 41
42 42
43 43
48 48
51 51
53 53
57 57
68 68
71 71
76 76
83 83
84 84
86 86
88 88
97 97
100 100
116 116
121 121
132 132
134 134
144 144
146 146
151 151
159 159
168 168
174 174
176 176
185 185
187 187
195 195
196 196
