0 163 20 189 182 169 192 190 170 167 180 181 195 184 187 172 188 166 198 196 199 194 191 173 177 186 175 171 185 168 183 193 179 165 197 176 174 140 147 141 164 157 139 155 161 160 136 152 148 132 150 149 144 156 158 130 145 153 135 133 138 142 162 146 134 154 137 151 143 159 131 0
70
163 163
20 178
189 189
182 182
169 169
192 192
190 190
170 170
167 167
180 180
181 181
195 195
184 184
187 187
172 172
188 188
166 166
198 198
196 196
199 199
194 194
191 191
173 173
177 177
186 186
175 175
171 171
185 185
168 168
183 183
193 193
179 179
165 165
197 197
176 176
174 174
140 140
147 147
141 141
164 164
157 157
139 139
155 155
161 161
160 160
136 136
152 152
148 148
132 132
150 150
149 149
144 144
156 156
158 158
130 130
145 145
153 153
135 135
133 133
138 138
142 142
162 162
146 146
134 134
154 154
137 137
151 151
143 143
159 159
131 131
