S 1Da 1Ea 1Ec 1Ed 1Fa 2Da 2Ea 2Ec 2Ed 2Fa 3Da 3Ea 3Ec 3Ed 3Fa 4Da 4Ea 4Ec 4Ed 4Fa 1Aa 1Ab 1Ag 1Ca 1Cb 1Cc 2Aa 2Ab 2Ag 2Ca 2Cb 2Cc 3Aa 3Ab 3Ag 3Ca 3Cb 3Cc 4Aa 4Ab 4Ag 4Ca 4Cb 4Cc 1Ba 1Bf 2Ba 2Bf 3Ba 3Bf 4Ba 4Bf S
52
1Da 1Dd 1De
1Ea 1Ee
1Ec 1Eh 1Ei
1Ed 1Ek
1Fa 1Fe
2Da 2Dd 2De
2Ea 2Ee
2Ec 2Eh 2Ei
2Ed 2Ek
2Fa 2Fe
3Da 3Dd 3De
3Ea 3Ee
3Ec 3Eh 3Ei
3Ed 3Ek
3Fa 3Fe
4Da 4Dd 4De
4Ea 4Ee
4Ec 4Eh 4Ei
4Ed 4Ek
4Fa 4Fe
1Aa 1Aa
1Ab 1Ac 1Ad 1Ae
1Ag 1Ah 1Ai 1Aj
1Ca 1Ca
1Cb 1Cb
1Cc 1Cd
2Aa 2Aa
2Ab 2Ac 2Ad 2Ae
2Ag 2Ah 2Ai 2Aj
2Ca 2Ca
2Cb 2Cb
2Cc 2Cd
3Aa 3Aa
3Ab 3Ac 3Ad 3Ae
3Ag 3Ah 3Ai 3Aj
3Ca 3Ca
3Cb 3Cb
3Cc 3Cd
4Aa 4Aa
4Ab 4Ac 4Ad 4Ae
4Ag 4Ah 4Ai 4Aj
4Ca 4Ca
4Cb 4Cb
4Cc 4Cd
1Ba 1Bb
1Bf 1Bi 1Bj
2Ba 2Bb
2Bf 2Bi 2Bj
3Ba 3Bb
3Bf 3Bi 3Bj
4Ba 4Bb
4Bf 4Bi 4Bj
