0 1 0 49 46 41 36 41 46 52 53 52 46 41 36 31 33 31 36 41 46 52 51 57 56 61 67 61 65 61 56 58 56 61 63 62 61 67 66 72 73 71 76 80 79 76 81 82 83 81 86 91 94 91 92 91 95 91 93 91 86 81 76 71 72 66 68 67 61 64 61 56 57 51 52 46 41 45 44 41 43 42 41 36 39 36 41 46 48 46 41 36 40 36 41 46 50 46 47 46 49 0 1 6 11 16 19 16 18 16 20 16 17 16 22 21 23 21 26 27 28 26 21 22 16 11 6 1 0
48
1 3 4
49 49
36 38
53 53
31 34
33 33
51 54
57 57
67 67
65 65
58 58
63 63
62 62
66 70
72 72
73 73
76 78
80 80
79 79
81 84
82 82
83 83
86 88 89
94 94
92 92
95 95
93 93
68 68
64 64
45 45
44 44
43 43
42 42
39 39
48 48
40 40
50 50
47 47
6 9
11 15
19 19
18 18
20 20
17 17
21 25
23 23
27 27
28 28
