0 1 6 11 12 13 11 16 21 26 32 26 29 30 26 21 25 24 21 26 32 33 31 37 38 37 31 35 34 31 37 36 42 41 46 51 57 58 56 61 66 71 76 81 87 81 83 82 81 76 79 80 76 81 87 86 92 93 91 96 101 106 112 106 101 96 91 94 95 91 96 101 105 104 101 103 102 101 106 107 106 101 96 97 96 99 96 98 96 100 96 101 106 108 106 112 111 116 121 127 121 116 121 127 128 126 131 136 141 146 151 156 162 156 151 153 152 151 146 141 144 141 143 141 145 141 142 141 146 151 156 162 163 161 164 165 161 162 156 151 146 141 136 131 126 130 129 126 131 136 137 136 140 136 138 136 139 136 131 126 127 121 116 111 113 112 106 101 96 91 92 86 87 81 76 71 66 61 56 59 60 56 61 62 61 66 71 74 71 66 61 65 64 61 66 71 73 71 66 61 63 61 66 71 72 71 75 71 66 61 56 57 51 53 52 51 46 48 47 46 41 42 36 37 31 32 26 21 16 11 6 1 0 198 197 196 191 193 192 186 181 184 185 181 176 171 176 180 176 171 166 170 166 171 176 179 176 171 166 169 166 171 176 181 186 192 191 196 197 198 0
97
1 3
6 7
11 14
12 12
13 13
16 17 19
32 32
26 27
29 29
30 30
21 22
25 25
24 24
33 33
38 38
35 35
34 34
36 39
42 42
41 44
58 58
66 68 70
87 87
81 84
83 83
82 82
76 78
79 79
80 80
86 90
93 93
112 112
106 109
94 94
95 95
105 105
104 104
103 103
102 102
107 107
97 97
99 99
98 98
100 100
108 108
111 114
127 127
121 122
116 118
128 128
131 135
162 162
156 159
151 155
153 153
152 152
146 149
144 144
143 143
145 145
142 142
163 163
164 164
165 165
130 130
129 129
137 137
140 140
138 138
139 139
113 113
59 59
60 60
62 62
74 74
65 65
64 64
73 73
63 63
72 72
75 75
53 53
52 52
48 48
47 47
191 195
193 193
192 192
186 187 189
181 183
184 184
185 185
171 173
180 180
170 170
179 179
169 169
