BY5DUgv6 H2BV5cDz Af1jBIly 2mQchaeu B0wYReom 8e8OWOIi sR6JAufL xULc5Xg4 1aJdK4y9 K3J88UDV 6nj6dyOK gbolqDJc UfRMeyI7 mXjWiYol o1w8sSXK c9Hgvc9w q1vN3eei FPDwKJIj OpfVa1HT 0zB29H2A R4zDiMu3 ucMA0iSv tDh0gTYH xTHVuNZl yqX5KOVJ ayFODfwg S9dNuWxm rGjz0gOd AMieum8U NL9qZEp0 UmgiH1K9 iT0t8noc 9IHe97Yy HEJxX3gA 7IV7YjRX JMul31yq WlxPulQd 8ni5D4t7 g5YhtPSt QeSUIsQ1 hc6YxxqG gd207oOq 1cr6aFpX PagRRYIg nKZTEeUl 8tOszPqV lvlSObqb CrvusN6e Rv8rDvqp aPSEsY2w rZiSDNtK BY5DUgv6
50
H2BV5cDz H2BV5cDz
Af1jBIly Af1jBIly
2mQchaeu 2mQchaeu
B0wYReom B0wYReom
8e8OWOIi 8e8OWOIi
sR6JAufL sR6JAufL
xULc5Xg4 xULc5Xg4
1aJdK4y9 1aJdK4y9
K3J88UDV K3J88UDV
6nj6dyOK 6nj6dyOK
gbolqDJc gbolqDJc
UfRMeyI7 UfRMeyI7
mXjWiYol mXjWiYol
o1w8sSXK o1w8sSXK
c9Hgvc9w c9Hgvc9w
q1vN3eei q1vN3eei
FPDwKJIj FPDwKJIj
OpfVa1HT OpfVa1HT
0zB29H2A 0zB29H2A
R4zDiMu3 R4zDiMu3
ucMA0iSv ucMA0iSv
tDh0gTYH tDh0gTYH
xTHVuNZl xTHVuNZl
yqX5KOVJ yqX5KOVJ
ayFODfwg ayFODfwg
S9dNuWxm S9dNuWxm
rGjz0gOd rGjz0gOd
AMieum8U AMieum8U
NL9qZEp0 NL9qZEp0
UmgiH1K9 UmgiH1K9
iT0t8noc iT0t8noc
9IHe97Yy 9IHe97Yy
HEJxX3gA HEJxX3gA
7IV7YjRX 7IV7YjRX
JMul31yq JMul31yq
WlxPulQd WlxPulQd
8ni5D4t7 8ni5D4t7
g5YhtPSt g5YhtPSt
QeSUIsQ1 QeSUIsQ1
hc6YxxqG hc6YxxqG
gd207oOq gd207oOq
1cr6aFpX 1cr6aFpX
PagRRYIg PagRRYIg
nKZTEeUl nKZTEeUl
8tOszPqV 8tOszPqV
lvlSObqb lvlSObqb
CrvusN6e CrvusN6e
Rv8rDvqp Rv8rDvqp
aPSEsY2w aPSEsY2w
rZiSDNtK rZiSDNtK
