ZtfcEeD9 nFqouQp3 rbWYBihd CIF8DWXL W7b2i2pG PMzcqvQL IdGLl1to O5yBujnu w0QWGw2L 0MyIUMFM ciNFdHxl mSd4Nw6v 7Xy44hse Pz0LLMil hBRDGWam uMuBYvMK svPb07cv y7NjqOqM CBKWpDQv gX4kBNm4 AmaYXBsi NpH6Hpsr jKNn1ZQ1 bJ22zvWV yRH0nOtz 7P5zi9hu Tb8W969R CGddIqkC 1gtWVzKV aSd01nMZ zpLQ0R0G RleTQaHw eF0ueRyu ntaFp6yn sFR9mcaG eFJgi8X6 8Rfeklr1 J2tz5Jy2 LvdUl8D5 d5gzYuse 8LVjFaQv ijk5cHsH 1dr1nBQ7 qnVestAH PLFYaVF6 FdbcCrtB fa3ra0T7 X4DALK1Z Rd2M5nw8 OJgw7XgR tCAdUY4B WOCLylig mrK2EXuk ca785uLx EB4WBsTV B65DnegI xzWL2Pp8 RjDUex61 lqKnzPvP ZS8CQaI7 62Mn9lau o4xf7nVd BOlNhFGU gKOyNQPh aWGQETjI mlHu9OVg EAWv9kfQ wZJN4OBT kMauNR5Y zvH4AKmS 43ehQX6O YWqBlkAs CxnbNU8s miUcr0K7 8avKqSxh 04vrMVdi JfDq1Cs2 91Uq51QB SG64DwCC NSdaWdL7 dzvtjag1 U7cZo0h2 wusYsf5E FGbFUcoj poaWnZDO kTn5Wdms xRPgtW5C 3MYamZSb 2KepLMXB Q7hUKAHQ lWuh5cH8 KZzTlcqA VgwgAKMz FqE4GP0Y Wznv2rRv HTyyntxa yptfWPBC aDGqWHym Fj27Gybu TNblhkGK ZtfcEeD9
100
ZtfcEeD9 ZtfcEeD9
nFqouQp3 nFqouQp3
rbWYBihd rbWYBihd
CIF8DWXL CIF8DWXL
W7b2i2pG W7b2i2pG
PMzcqvQL PMzcqvQL
IdGLl1to IdGLl1to
O5yBujnu O5yBujnu
w0QWGw2L w0QWGw2L
0MyIUMFM 0MyIUMFM
ciNFdHxl ciNFdHxl
mSd4Nw6v mSd4Nw6v
7Xy44hse 7Xy44hse
Pz0LLMil Pz0LLMil
hBRDGWam hBRDGWam
uMuBYvMK uMuBYvMK
svPb07cv svPb07cv
y7NjqOqM y7NjqOqM
CBKWpDQv CBKWpDQv
gX4kBNm4 gX4kBNm4
AmaYXBsi AmaYXBsi
NpH6Hpsr NpH6Hpsr
jKNn1ZQ1 jKNn1ZQ1
bJ22zvWV bJ22zvWV
yRH0nOtz yRH0nOtz
7P5zi9hu 7P5zi9hu
Tb8W969R Tb8W969R
CGddIqkC CGddIqkC
1gtWVzKV 1gtWVzKV
aSd01nMZ aSd01nMZ
zpLQ0R0G zpLQ0R0G
RleTQaHw RleTQaHw
eF0ueRyu eF0ueRyu
ntaFp6yn ntaFp6yn
sFR9mcaG sFR9mcaG
eFJgi8X6 eFJgi8X6
8Rfeklr1 8Rfeklr1
J2tz5Jy2 J2tz5Jy2
LvdUl8D5 LvdUl8D5
d5gzYuse d5gzYuse
8LVjFaQv 8LVjFaQv
ijk5cHsH ijk5cHsH
1dr1nBQ7 1dr1nBQ7
qnVestAH qnVestAH
PLFYaVF6 PLFYaVF6
FdbcCrtB FdbcCrtB
fa3ra0T7 fa3ra0T7
X4DALK1Z X4DALK1Z
Rd2M5nw8 Rd2M5nw8
OJgw7XgR OJgw7XgR
tCAdUY4B tCAdUY4B
WOCLylig WOCLylig
mrK2EXuk mrK2EXuk
ca785uLx ca785uLx
EB4WBsTV EB4WBsTV
B65DnegI B65DnegI
xzWL2Pp8 xzWL2Pp8
RjDUex61 RjDUex61
lqKnzPvP lqKnzPvP
ZS8CQaI7 ZS8CQaI7
62Mn9lau 62Mn9lau
o4xf7nVd o4xf7nVd
BOlNhFGU BOlNhFGU
gKOyNQPh gKOyNQPh
aWGQETjI aWGQETjI
mlHu9OVg mlHu9OVg
EAWv9kfQ EAWv9kfQ
wZJN4OBT wZJN4OBT
kMauNR5Y kMauNR5Y
zvH4AKmS zvH4AKmS
43ehQX6O 43ehQX6O
YWqBlkAs YWqBlkAs
CxnbNU8s CxnbNU8s
miUcr0K7 miUcr0K7
8avKqSxh 8avKqSxh
04vrMVdi 04vrMVdi
JfDq1Cs2 JfDq1Cs2
91Uq51QB 91Uq51QB
SG64DwCC SG64DwCC
NSdaWdL7 NSdaWdL7
dzvtjag1 dzvtjag1
U7cZo0h2 U7cZo0h2
wusYsf5E wusYsf5E
FGbFUcoj FGbFUcoj
poaWnZDO poaWnZDO
kTn5Wdms kTn5Wdms
xRPgtW5C xRPgtW5C
3MYamZSb 3MYamZSb
2KepLMXB 2KepLMXB
Q7hUKAHQ Q7hUKAHQ
lWuh5cH8 lWuh5cH8
KZzTlcqA KZzTlcqA
VgwgAKMz VgwgAKMz
FqE4GP0Y FqE4GP0Y
Wznv2rRv Wznv2rRv
HTyyntxa HTyyntxa
yptfWPBC yptfWPBC
aDGqWHym aDGqWHym
Fj27Gybu Fj27Gybu
TNblhkGK TNblhkGK
