Dannemora Fire Earlville Firthcliffe Deposit Fabius Fonda Fleischmanns Freeport Ghent Depauville Fredonia Fayetteville Forestville Davis Fishkill Galeville Delevan Dansville Delanson Deer Florida Farmingville Farnham Freeville Delhi Frewsburg Dunkirk Franklin Franklinville Germantown Dexter Fulton Gardiner Friendship Falconer Gasport Fairport Geneva Depew Fairview Fairmount DeRuyter Frankfort Flanders Delmar Deferiet Fishers Forest Fair Flower Dannemora
50
Fire Fire
Earlville Earlville
Firthcliffe Firthcliffe
Deposit Deposit
Fabius Fabius
Fonda Fonda
Fleischmanns Fleischmanns
Freeport Freeport
Ghent Ghent
Depauville Depauville
Fredonia Fredonia
Fayetteville Fayetteville
Forestville Forestville
Davis Davis
Fishkill Fishkill
Galeville Galeville
Delevan Delevan
Dansville Dansville
Delanson Delanson
Deer Deer
Florida Florida
Farmingville Farmingville
Farnham Farnham
Freeville Freeville
Delhi Delhi
Frewsburg Frewsburg
Dunkirk Dunkirk
Franklin Franklin
Franklinville Franklinville
Germantown Germantown
Dexter Dexter
Fulton Fulton
Gardiner Gardiner
Friendship Friendship
Falconer Falconer
Gasport Gasport
Fairport Fairport
Geneva Geneva
Depew Depew
Fairview Fairview
Fairmount Fairmount
DeRuyter DeRuyter
Frankfort Frankfort
Flanders Flanders
Delmar Delmar
Deferiet Deferiet
Fishers Fishers
Forest Forest
Fair Fair
Flower Flower
