Acton Carlsbad Bellflower Bolinas Angwin Atascadero Bonsall Antioch Carson Bishop Brea Azusa Beckwourth Boronda Buttonwillow Bowles Bystrom Anaheim Calistoga Brisbane Belmont Arcadia Burbank Camarillo Belvedere Bonita Calwa Aromas Bootjack Altadena Barstow Capitola Avery Avenal Bradley Caruthers Arnold Campbell Calimesa Arvin Cayucos Cambria Alhambra Brawley Biggs Byron Alpine Carpinteria Ashland Belden Arcata Burlingame Almanor Bloomington Ceres Auburn Berkeley Armona Alameda Carrick Auberry Bluewater Cerritos Bell Alpaugh Benicia Beaumont Calabasas Brentwood Biola Arbuckle Blythe Bakersfield Bradbury Adelanto Canyondam Burney Carmichael Calipatria Artesia Anderson Calexico Blairsden Atherton Alturas Caribou Aptos Broadmoor Amesti Cabazon Cartago Bodfish Banning Alamo Avalon August Castroville Boron Bayview Albany Atwater Acton
100
Carlsbad Carlsbad
Bellflower Bellflower
Bolinas Bolinas
Angwin Angwin
Atascadero Atascadero
Bonsall Bonsall
Antioch Antioch
Carson Carson
Bishop Bishop
Brea Brea
Azusa Azusa
Beckwourth Beckwourth
Boronda Boronda
Buttonwillow Buttonwillow
Bowles Bowles
Bystrom Bystrom
Anaheim Anaheim
Calistoga Calistoga
Brisbane Brisbane
Belmont Belmont
Arcadia Arcadia
Burbank Burbank
Camarillo Camarillo
Belvedere Belvedere
Bonita Bonita
Calwa Calwa
Aromas Aromas
Bootjack Bootjack
Altadena Altadena
Barstow Barstow
Capitola Capitola
Avery Avery
Avenal Avenal
Bradley Bradley
Caruthers Caruthers
Arnold Arnold
Campbell Campbell
Calimesa Calimesa
Arvin Arvin
Cayucos Cayucos
Cambria Cambria
Alhambra Alhambra
Brawley Brawley
Biggs Biggs
Byron Byron
Alpine Alpine
Carpinteria Carpinteria
Ashland Ashland
Belden Belden
Arcata Arcata
Burlingame Burlingame
Almanor Almanor
Bloomington Bloomington
Ceres Ceres
Auburn Auburn
Berkeley Berkeley
Armona Armona
Alameda Alameda
Carrick Carrick
Auberry Auberry
Bluewater Bluewater
Cerritos Cerritos
Bell Bell
Alpaugh Alpaugh
Benicia Benicia
Beaumont Beaumont
Calabasas Calabasas
Brentwood Brentwood
Biola Biola
Arbuckle Arbuckle
Blythe Blythe
Bakersfield Bakersfield
Bradbury Bradbury
Adelanto Adelanto
Canyondam Canyondam
Burney Burney
Carmichael Carmichael
Calipatria Calipatria
Artesia Artesia
Anderson Anderson
Calexico Calexico
Blairsden Blairsden
Atherton Atherton
Alturas Alturas
Caribou Caribou
Aptos Aptos
Broadmoor Broadmoor
Amesti Amesti
Cabazon Cabazon
Cartago Cartago
Bodfish Bodfish
Banning Banning
Alamo Alamo
Avalon Avalon
August August
Castroville Castroville
Boron Boron
Bayview Bayview
Albany Albany
Atwater Atwater
