Acadia Capitol Biscayne Cuyahoga Channel Indiana Haleakala Congaree Everglades Caverns Guadalupe Isle Brycecanyon Glacier Gunnison Basin Badlands Crater Arches Bend Denali Smoky Gateway Teton Canyonlands Tortugas Acadia
25
Capitol Capitol
Biscayne Biscayne
Cuyahoga Cuyahoga
Channel Channel
Indiana Indiana
Haleakala Haleakala
Congaree Congaree
Everglades Everglades
Caverns Caverns
Guadalupe Guadalupe
Isle Isle
Brycecanyon Brycecanyon
Glacier Glacier
Gunnison Gunnison
Basin Basin
Badlands Badlands
Crater Crater
Arches Arches
Bend Bend
Denali Denali
Smoky Smoky
Gateway Gateway
Teton Teton
Canyonlands Canyonlands
Tortugas Tortugas
