0a 0b 0c 0g 0f 0j 0k 1b 1c 1g 1f 1j 1k 2b 2c 2g 2f 2j 2k 3b 3c 3g 3f 3j 3k 4b 4c 4g 4f 4j 4k 5b 5c 5g 5f 5j 5k 6b 6c 6g 6f 6j 6k 7b 7c 7g 7f 7j 7k 8b 8c 8g 8f 8j 8k 9b 9c 9g 9f 9j 9k 10b 10c 10g 10f 10j 10k 11b 11c 11g 11f 11j 11k 12b 12c 12g 12f 12j 12k 13b 13c 13g 13f 13j 13k 14b 14c 14g 14f 14j 14k 15b 15c 15j 15k 15g 15f 0a
96
0b 0b
0c 0c
0g 0g
0f 0f
0j 0j
0k 0k
1b 1b
1c 1c
1g 1g
1f 1f
1j 1j
1k 1k
2b 2b
2c 2c
2g 2g
2f 2f
2j 2j
2k 2k
3b 3b
3c 3c
3g 3g
3f 3f
3j 3j
3k 3k
4b 4b
4c 4c
4g 4g
4f 4f
4j 4j
4k 4k
5b 5b
5c 5c
5g 5g
5f 5f
5j 5j
5k 5k
6b 6b
6c 6c
6g 6g
6f 6f
6j 6j
6k 6k
7b 7b
7c 7c
7g 7g
7f 7f
7j 7j
7k 7k
8b 8b
8c 8c
8g 8g
8f 8f
8j 8j
8k 8k
9b 9b
9c 9c
9g 9g
9f 9f
9j 9j
9k 9k
10b 10b
10c 10c
10g 10g
10f 10f
10j 10j
10k 10k
11b 11b
11c 11c
11g 11g
11f 11f
11j 11j
11k 11k
12b 12b
12c 12c
12g 12g
12f 12f
12j 12j
12k 12k
13b 13b
13c 13c
13g 13g
13f 13f
13j 13j
13k 13k
14b 14b
14c 14c
14g 14g
14f 14f
14j 14j
14k 14k
15b 15b
15c 15c
15j 15j
15k 15k
15g 15g
15f 15f
