6 195 193 186 188 181 174 167 160 158 151 152 146 137 138 144 180 187 13 27 20 34 33 41 48 46 55 54 62 69 68 67 76 83 81 82 90 89 97 104 111 118 117 125 131 123 130 109 95 40 4 5 6
52
6 6
195 194
193 189 190
186 182
188 186
181 179
174 172
167 165 166
160 160
158 154 155
151 148
152 149 150
146 145
137 133 134
138 136
144 140
180 177
187 184
13 11 12
27 25
20 18 19
34 32
33 30 31
41 39
48 47
46 43
55 53
54 51
62 60 61
69 69
68 65
67 64
76 74 75
83 83
81 77
82 80
90 88
89 87
97 96
104 103
111 110
118 116
117 115
125 124
131 128 129
123 120
130 126
109 105 106
95 91
40 38
4 1
5 2
