pace voice financial bitter rob king guarantee buffet exclusive class injury dip demand pain cigarette tablet swear other page imposter throne lake sunrise title shy nationalist prison likely enhance dough linger thumb legislation sign quality headline tool glasses autonomy tolerate vegetarian winner seize figure paper mystery circulation output enter brake honor pace
50
voice voice
financial financial
bitter bitter
rob rob
king king
guarantee guarantee
buffet buffet
exclusive exclusive
class class
injury injury
dip dip
demand demand
pain pain
cigarette cigarette
tablet tablet
swear swear
other other
page page
imposter imposter
throne throne
lake lake
sunrise sunrise
title title
shy shy
nationalist nationalist
prison prison
likely likely
enhance enhance
dough dough
linger linger
thumb thumb
legislation legislation
sign sign
quality quality
headline headline
tool tool
glasses glasses
autonomy autonomy
tolerate tolerate
vegetarian vegetarian
winner winner
seize seize
figure figure
paper paper
mystery mystery
circulation circulation
output output
enter enter
brake brake
honor honor
