pace other quadruple ask enemy control spoil illusion tool railcar attraction guarantee swop electronics acceptance bowel scheme excuse coffin rage liver ignore shiver due audience swear coast profound dive coincide identity straighten pig curriculum smile headline drawer environment interface interactive error home flag injury decisive greeting begin rob feature widen driver election buffet exempt development native mature page skeleton confrontation forge dip exclusive pipe lifestyle cotton offset deter note tablet imposter thumb physics dough exile market teacher injection financial mercy pardon virgin assignment rent atmosphere stress candle triple country throne boom autonomy structure respect chair knot output likely comfortable viable pace
100
pace pace
other other
quadruple quadruple
ask ask
enemy enemy
control control
spoil spoil
illusion illusion
tool tool
railcar railcar
attraction attraction
guarantee guarantee
swop swop
electronics electronics
acceptance acceptance
bowel bowel
scheme scheme
excuse excuse
coffin coffin
rage rage
liver liver
ignore ignore
shiver shiver
due due
audience audience
swear swear
coast coast
profound profound
dive dive
coincide coincide
identity identity
straighten straighten
pig pig
curriculum curriculum
smile smile
headline headline
drawer drawer
environment environment
interface interface
interactive interactive
error error
home home
flag flag
injury injury
decisive decisive
greeting greeting
begin begin
rob rob
feature feature
widen widen
driver driver
election election
buffet buffet
exempt exempt
development development
native native
mature mature
page page
skeleton skeleton
confrontation confrontation
forge forge
dip dip
exclusive exclusive
pipe pipe
lifestyle lifestyle
cotton cotton
offset offset
deter deter
note note
tablet tablet
imposter imposter
thumb thumb
physics physics
dough dough
exile exile
market market
teacher teacher
injection injection
financial financial
mercy mercy
pardon pardon
virgin virgin
assignment assignment
rent rent
atmosphere atmosphere
stress stress
candle candle
triple triple
country country
throne throne
boom boom
autonomy autonomy
structure structure
respect respect
chair chair
knot knot
output output
likely likely
comfortable comfortable
viable viable
