pace nationalist feature brake opposed exempt enter deposit honor king likely page guarantee market circulation injury skeleton output throne mixture approval gate headline audience excuse voice pace
25
nationalist nationalist
feature feature
brake brake
opposed opposed
exempt exempt
enter enter
deposit deposit
honor honor
king king
likely likely
page page
guarantee guarantee
market market
circulation circulation
injury injury
skeleton skeleton
output output
throne throne
mixture mixture
approval approval
gate gate
headline headline
audience audience
excuse excuse
voice voice
