0 27 34 38 40 44 1 5 24 20 14 11 60 57 54 52 47 120 67 72 76 80 92 86 89 94 102 118 114 111 106 0
30
27 28 29 30 31 32 33
34 35 36 37
38 39
40 41 42 43
44 45 46
1 2 3 4 13
5 6 7 8 9 10
24 25 26
20 21 22 23
14 15 16 17 18 19
11 12
60 61 62 63 64 65 66
57 58 59
54 55 56
52 53
47 48 49 50 51
120 121 122 123 124 125 126 127 128 129 130
67 68 69 70 71
72 73 74 75
76 77 78 79
80 81 82 83 84 85
92 93
86 87 88
89 90 91
94 95 96 97 98 99 100 101
102 103 104 105
118 119
114 115 116 117
111 112 113
106 107 108 109 110
