9iIwk 5R5Xa jASvw oqPYQ 0GdkR jT5CK 5BDPJ qkJ6b 1xmtC XYzcU Mj2eQ ZzWHp iEXNY jYfXn LZomt SgDk6 7G74f 1uRw3 1pxZM jAwQw aHGHb kmzhT WGJpQ vE0Pj RhUVQ AgYPL tnjfN YH6mk Y7IDR 5ioW1 Be0ab XZKtP bXinH 5VT1H Ri2t4 y89SK h2rea ChXAd 1eRkH fS0W8 BnAjj ZgtaX veOJ7 iCgvV pXCjI JgjFI Vake4 9iIwk
47
9iIwk 9iIwk
5R5Xa 5R5Xa
jASvw jASvw
oqPYQ oqPYQ
0GdkR 0GdkR
jT5CK jT5CK
5BDPJ 5BDPJ
qkJ6b qkJ6b
1xmtC 1xmtC
XYzcU XYzcU
Mj2eQ Mj2eQ
ZzWHp ZzWHp
iEXNY iEXNY
jYfXn jYfXn
LZomt LZomt
SgDk6 SgDk6
7G74f 7G74f
1uRw3 1uRw3
1pxZM 1pxZM
jAwQw jAwQw
aHGHb aHGHb
kmzhT kmzhT
WGJpQ WGJpQ
vE0Pj vE0Pj
RhUVQ RhUVQ
AgYPL AgYPL
tnjfN tnjfN
YH6mk YH6mk
Y7IDR 4a0W8
5ioW1 5ioW1
Be0ab Be0ab
XZKtP dw7aX
bXinH bXinH
5VT1H 5VT1H
Ri2t4 Ri2t4
y89SK y89SK
h2rea h2rea
ChXAd ChXAd
1eRkH 1eRkH
fS0W8 p9vQm
BnAjj BnAjj
ZgtaX ZgtaX
veOJ7 veOJ7
iCgvV iCgvV
pXCjI pXCjI
JgjFI JgjFI
Vake4 Vake4
