HAZtD wnnBN Cg1yP J0OP0 iKwe0 z82fM vfAR8 bW6Ms UqGfS Ssao4 X2hjX NqBQW RN9nS CXkxa aWuHk O8CwF TlJnt iqOI4 p3gJd cpzS8 acHTt AwFdf fExZu v7hOX SEkfX WVEjT Agb0E VG4na kNG2j EgumV fWz4T ZKvNM iHR3J R6NzB DmTRc 4jcrD gNinx v9joy UbqWX iaaYU rmW0U CHx6u bMhFI lF8gH xKTIz E6pda e7SjH DuU0x BIY9X HOuAL iIQll Vg6Sz p4kTx 2GCiD 5EAEu rH3nx 1gvq4 lJnz7 GxQg8 DaieK uPUO1 cC0Rg gpbSj u60s4 0F8yg zcuSA pLg86 7kY28 URrao fiXIW IOpdQ BaYb3 1VA1I Zok18 SxklZ 0moVI HAKlt Pk19A Q8lcd H1xt8 iimZq 6owsT OWqP4 8Qx0C Zxvdf ox9Gx 69WZh mdIe6 jesVt 4AhmX cu5FB aegld zrVPv wedr3 Ia6ul eVDVP ED9em kPB79 HAZtD
97
wnnBN wnnBN
Cg1yP Cg1yP
J0OP0 J0OP0
iKwe0 iKwe0
z82fM z82fM
vfAR8 vfAR8
bW6Ms bW6Ms
UqGfS UqGfS
Ssao4 Ssao4
X2hjX X2hjX
NqBQW NqBQW
RN9nS RN9nS
CXkxa Lusir
aWuHk aWuHk
O8CwF O8CwF
TlJnt TlJnt
iqOI4 iqOI4
p3gJd p3gJd
cpzS8 cpzS8
acHTt acHTt
AwFdf AwFdf
fExZu fExZu
v7hOX v7hOX
SEkfX SEkfX
WVEjT WVEjT
Agb0E Agb0E
VG4na VG4na
kNG2j kNG2j
EgumV EgumV
fWz4T fWz4T
ZKvNM TzGS5
iHR3J iHR3J
R6NzB R6NzB
DmTRc DmTRc
4jcrD 4jcrD
gNinx gNinx
v9joy v9joy
UbqWX UbqWX
iaaYU iaaYU
rmW0U 9tf0w
CHx6u CHx6u
bMhFI bMhFI
lF8gH lF8gH
xKTIz xKTIz
E6pda E6pda
e7SjH 2LhKB
DuU0x DuU0x
BIY9X BIY9X
HOuAL HOuAL
iIQll iIQll
Vg6Sz Vg6Sz
p4kTx p4kTx
2GCiD 2GCiD
5EAEu 5EAEu
rH3nx rH3nx
1gvq4 1gvq4
lJnz7 lJnz7
GxQg8 GxQg8
DaieK DaieK
uPUO1 uPUO1
cC0Rg cC0Rg
gpbSj gpbSj
u60s4 u60s4
0F8yg 0F8yg
zcuSA zcuSA
pLg86 pLg86
7kY28 7kY28
URrao URrao
fiXIW fiXIW
IOpdQ IOpdQ
BaYb3 BaYb3
1VA1I 1VA1I
Zok18 Zok18
SxklZ VESmp
0moVI 0moVI
HAKlt HAKlt
Pk19A Pk19A
Q8lcd Q8lcd
H1xt8 H1xt8
iimZq iimZq
6owsT 6owsT
OWqP4 OWqP4
8Qx0C 8Qx0C
Zxvdf Zxvdf
ox9Gx ox9Gx
69WZh 69WZh
mdIe6 mdIe6
jesVt jesVt
4AhmX 4AhmX
cu5FB cu5FB
aegld aegld
zrVPv zrVPv
wedr3 wedr3
Ia6ul Ia6ul
eVDVP eVDVP
ED9em 5h4rt
kPB79 4Tt2a 4PXv9
