3Yw8H cvjQc CmuV1 zSmKp QUkKU BSqOv P18zR x5InZ 5PNx4 fEdtk Tz4zy Vm2RV RTNKK s8jhm 5ayvc s8jhm w0i4E s8jhm Jcs3B EQJ7U 8MJwv EQJ7U Z7joj M5wZP Z7joj EQJ7U TT3Hk iaf34 EQJ7U vN0gV EQJ7U fEdtk s8jhm 9e1Io QUkKU CmuV1 cvjQc 3Yw8H xNFYO KHHwN hQySr ycoh0 miscC EvuAH ycoh0 hQySr 3Yw8H
24
3Yw8H 3Yw8H
cvjQc cvjQc JYR5M
zSmKp zSmKp
QUkKU QUkKU
BSqOv BSqOv
P18zR P18zR
5PNx4 5PNx4
Tz4zy Tz4zy
Vm2RV Vm2RV
RTNKK RTNKK
5ayvc OhHc9
w0i4E w0i4E
8MJwv 8MJwv
Z7joj Z7joj
M5wZP M5wZP
TT3Hk TT3Hk
iaf34 iaf34
vN0gV vN0gV
9e1Io 9e1Io
xNFYO xNFYO
KHHwN KHHwN
ycoh0 ycoh0
miscC miscC
EvuAH EvuAH
