1 43 1 52 105 8 66 101 5 123 82 1 86 13 15 132 15 193 19 53 3 60 3 64 3 140 3 159 3 182 93 58 13 138 13 152 13 156 161 13 86 49 86 194 125 91 128 48 18 98 18 26 78 26 83 26 88 17 121 30 89 18 96 185 98 136 1 142 1 174 7 14 42 31 90 56 99 92 31 119 31 137 31 153 42 95 42 129 42 157 175 55 36 115 41 51 6 93 7 162 7 163 7 186 43 190 12 23 46 23 84 23 99 23 127 23 176 22 57 71 4 49 103 12 108 12 110 12 116 12 130 12 147 55 199 1
78
43 43
52 52
105 105
66 66
101 101
82 82
86 86
13 13
15 15
132 132
193 193
53 53
3 3
60 60
64 64
140 140
159 159
182 182
58 58
138 138
152 152
156 156
161 161
49 49
194 194
91 91
128 128
98 98
18 18
26 26
78 78
83 83
88 88
121 121
89 89
96 96
185 185
136 136
142 142
174 174
7 7
14 14
42 42
31 31
90 90
56 56
92 92
119 119
137 137
153 153
95 95
129 129
157 157
175 175
36 36
115 115
51 51
93 93
162 162
163 163
186 186
190 190
12 12
23 23
46 46
84 84
99 99
127 127
176 176
57 57
71 71
103 103
108 108
110 110
116 116
130 130
147 147
199 199
