Abbey Isabella Avni Eden Haven Kristina Lisa Karma Jamiya Carlee Liberty Nora Riley Alexia Ayanna Harley Kimberly Marisol Tara Beatrice Lana Presley Dana Kiera Shannon Sophia Vivian Yoselin Helen Maeve Lilia Kayley Lillie Mckinley Rayna Jordin Mira Matilda Rebecca Ruth Tanya Abbey
40
Isabella Isabella
Avni Avni
Eden Eden
Haven Haven
Kristina Kristina
Lisa Lisa
Karma Karma
Jamiya Jamiya
Carlee Carlee
Liberty Liberty
Nora Nora
Riley Riley
Alexia Alexia
Ayanna Ayanna
Harley Harley
Kimberly Kimberly
Marisol Marisol
Tara Tara
Beatrice Beatrice
Lana Lana
Presley Presley
Dana Dana
Kiera Kiera
Shannon Shannon
Sophia Sophia
Vivian Vivian
Yoselin Yoselin
Helen Helen
Maeve Maeve
Lilia Lilia
Kayley Kayley
Lillie Lillie
Mckinley Mckinley
Rayna Rayna
Jordin Jordin
Mira Mira
Matilda Matilda
Rebecca Rebecca
Ruth Ruth
Tanya Tanya
