Abbey Alivia Alexus Carlie Kimberly Chasity Claire Imani Iyana Jazmyn Kenzie Keyla Kira Maggie Mckayla Mckinley Melina Myah Zaria Avni Dayami Dana Tara Diana Emma Jimena Kiana Neveah Sophia Arielle Emilie Jaden Lilyana Zara Aryana Aniya Ciara Mya Lacey Natalee Taniyah Ashley Aubree Elianna Parker Camilla Ingrid Jade Leila Carly Bryanna Juliette Denisse Jasmin Kiley Alexia Baylee Alia Ariel Christine Laylah Kaley Mireya Sophie Carlee Haven Kayden Kristina Mira Noelle Riley Shyanne Rylee Brooklyn Carleigh Gillian Jamiya Janiya Jillian Kaydence Lilia Madilynn Sharon Kristin Lainey Lindsay Lucille Matilda Nia Zion Abbey
90
Abbey Abbey
Alivia Alivia
Alexus Alexus
Carlie Carlie
Kimberly Kimberly
Chasity Chasity
Claire Claire
Imani Imani
Iyana Iyana
Jazmyn Jazmyn
Kenzie Kenzie
Keyla Keyla
Kira Kira
Maggie Maggie
Mckayla Mckayla
Mckinley Mckinley
Melina Melina
Myah Myah
Zaria Zaria
Avni Avni
Dayami Dayami
Dana Dana
Tara Tara
Diana Diana
Emma Emma
Jimena Jimena
Kiana Kiana
Neveah Neveah
Sophia Sophia
Arielle Arielle
Emilie Emilie
Jaden Jaden
Lilyana Lilyana
Zara Zara
Aryana Aryana
Aniya Aniya
Ciara Ciara
Mya Mya
Lacey Lacey
Natalee Natalee
Taniyah Taniyah
Ashley Ashley
Aubree Aubree
Elianna Elianna
Parker Parker
Camilla Camilla
Ingrid Ingrid
Jade Jade
Leila Leila
Carly Carly
Bryanna Bryanna
Juliette Juliette
Denisse Denisse
Jasmin Jasmin
Kiley Kiley
Alexia Alexia
Baylee Baylee
Alia Alia
Ariel Ariel
Christine Christine
Laylah Laylah
Kaley Kaley
Mireya Mireya
Sophie Sophie
Carlee Carlee
Haven Haven
Kayden Kayden
Kristina Kristina
Mira Mira
Noelle Noelle
Riley Riley
Shyanne Shyanne
Rylee Rylee
Brooklyn Brooklyn
Carleigh Carleigh
Gillian Gillian
Jamiya Jamiya
Janiya Janiya
Jillian Jillian
Kaydence Kaydence
Lilia Lilia
Madilynn Madilynn
Sharon Sharon
Kristin Kristin
Lainey Lainey
Lindsay Lindsay
Lucille Lucille
Matilda Matilda
Nia Nia
Zion Zion
