Taozhuang Uran Gudermes Bourbonnais Boo Esmeraldas Donggongon Tupelo Rosedale Jackson Hechingen Artur Somma Azrou Ramla Bang New Villa Rafiganj Cibinong Nonsan Aytos Alatyr Camayenne Sicklerville Calauan Ulu Rutherglen Kallio Oulmes Gauting Freetown Durazno Strathfield Waverly Memmingen Esperanza Ilesa Wesseling Longgang Udumalaippettai Jinotepe Caravaca Fort Sarandi Jingzhou Middle Severodvinsk Besuki Taozhuang
49
Taozhuang Taozhuang
Uran Pottstown
Gudermes Gudermes
Bourbonnais Bourbonnais
Boo Boo
Esmeraldas Esmeraldas
Donggongon Donggongon
Tupelo Tupelo
Rosedale Rosedale
Jackson Jackson
Hechingen Hechingen
Artur Artur
Somma Somma
Azrou Azrou
Ramla Ramla
Bang Bang
New New
Villa Villa
Rafiganj Rafiganj
Cibinong Cibinong
Nonsan Nonsan
Aytos Aytos
Alatyr Alatyr
Camayenne Camayenne
Sicklerville Sicklerville
Calauan Calauan
Ulu Ulu
Rutherglen Rutherglen
Kallio Kallio
Oulmes Oulmes
Gauting Gauting
Freetown Freetown
Durazno Durazno
Strathfield Strathfield
Waverly Waverly
Memmingen Memmingen
Esperanza Esperanza
Ilesa Ilesa
Wesseling Wesseling
Longgang Longgang
Udumalaippettai Udumalaippettai
Jinotepe Jinotepe
Caravaca Caravaca
Fort Fort
Sarandi Sarandi
Jingzhou Jingzhou
Middle Middle
Severodvinsk Severodvinsk
Besuki Besuki
