Ilesa Foshan Aklera Bensheim Ventimiglia Sishui Sillanwali Malden Tupiza Valday Bogovinje MitryMory Lodwar Guli Ponta Claremont Aurora Copperas Tiruppuvanam Dahlem Rhosllanerchrugog Calauan Valletta Itacoatiara Onex Hermsdorf Aleshtar Bobigny Oberhausen Sceaux Rutland GernikaLumo LonsleSaunier Skalica Paredes Shagamu Tharu Jashpurnagar Magomeni Perth Niort Tak Shaowu Sorsogon Brzeg Talipparamba Resplendor Villaquilambre Toledo Davis Jiangyan New Chacabuco UlanUde Great Clermont Stuttgart Bon Ada Viewpark Barracas DehiwalaMount Yingkou Campobasso PointeClaire Oulmes Mexborough Marburg Palm Meizhou Lille Polohy WaltonontheNaze Memmingen Tupelo Milledgeville Stupino Jagna Puerto Palafrugell Puducherry Uran Azrou Alfenas Landshut Mouscron Alexandria Milagro PortVila Bavly Gariadhar Bang Zaozhuang Ramla An Brunswick Kyzylorda Sirsi American Ilesa
99
Ilesa Ilesa
Foshan Foshan
Aklera Aklera
Bensheim Bensheim
Ventimiglia Ventimiglia
Sishui Sishui
Sillanwali Sillanwali
Malden Malden
Tupiza Tupiza
Valday Valday
Bogovinje Bogovinje
MitryMory MitryMory
Lodwar Lodwar
Guli Guli
Ponta Ponta
Claremont Claremont
Aurora Aurora
Copperas Copperas
Tiruppuvanam Tiruppuvanam
Dahlem Dahlem
Rhosllanerchrugog Rhosllanerchrugog
Calauan Calauan
Valletta Valletta
Itacoatiara Itacoatiara
Onex Onex
Hermsdorf Hermsdorf
Aleshtar Aleshtar
Bobigny Bobigny
Oberhausen Oberhausen
Sceaux Sceaux
Rutland Rutland
GernikaLumo GernikaLumo
LonsleSaunier LonsleSaunier
Skalica Skalica
Paredes Paredes
Shagamu Shagamu
Tharu Tharu
Jashpurnagar Jashpurnagar
Magomeni Magomeni
Perth Perth
Niort Niort
Tak Tak
Shaowu Shaowu
Sorsogon Sorsogon
Brzeg Brzeg
Talipparamba Talipparamba
Resplendor Resplendor
Villaquilambre Villaquilambre
Toledo Toledo
Davis Davis
Jiangyan Jiangyan
New New
Chacabuco Chacabuco
UlanUde UlanUde
Great Tyoply
Clermont Clermont
Stuttgart Stuttgart
Bon Bon
Ada Ada
Viewpark Viewpark
Barracas Barracas
DehiwalaMount DehiwalaMount
Yingkou Yingkou
Campobasso Campobasso
PointeClaire PointeClaire
Oulmes Oulmes
Mexborough Mexborough
Marburg Marburg
Palm Palm
Meizhou Meizhou
Lille Lille
Polohy Polohy
WaltonontheNaze WaltonontheNaze
Memmingen Memmingen
Tupelo Tupelo
Milledgeville Milledgeville
Stupino Stupino
Jagna Jagna
Puerto Puerto
Palafrugell Palafrugell
Puducherry Puducherry
Uran Uran
Azrou Azrou
Alfenas Alfenas
Landshut Landshut
Mouscron Mouscron
Alexandria Alexandria
Milagro Milagro
PortVila PortVila
Bavly Bavly
Gariadhar Gariadhar
Bang Bang
Zaozhuang Zaozhuang
Ramla Ramla
An An
Brunswick Brunswick
Kyzylorda Kyzylorda
Sirsi Sirsi
American American
