Lesnoy Visitacion Malaut Pingyi Hueytown Hudiksvall Portogruaro Blackpool Franceville Gisborne Meerut Dharmapuri Artur Kundla Sun Brentwood Zgorzelec Yangambi Rutherglen Sungurlu Winsford GatesNorth Ishim Stade Glogovac Lesnoy
25
Lesnoy Lesnoy
Visitacion Visitacion
Malaut Malaut
Pingyi Pingyi
Hueytown Hueytown
Hudiksvall Hudiksvall
Portogruaro Portogruaro
Blackpool Blackpool
Franceville Franceville
Gisborne Gisborne
Meerut Meerut
Dharmapuri Dharmapuri
Artur Artur
Kundla Kundla
Sun Sun
Brentwood Brentwood
Zgorzelec Zgorzelec
Yangambi Yangambi
Rutherglen Rutherglen
Sungurlu Sungurlu
Winsford Winsford
GatesNorth GatesNorth
Ishim Ishim
Stade Stade
Glogovac Glogovac
