108 69 7 101 49 170 54 190 38 31 133 63 107 157 15 179 150 75 110 77 109 66 44 13 79 36 61 17 67 120 138 126 32 46 121 143 37 53 96 57 82 71 73 11 39 197 137 118 182 148 176 117 24 114 142 100 181 167 187 28 99 184 92 84 83 140 43 130 34 48 23 129 85 68 95 78 146 1 65 134 136 56 151 177 186 5 26 45 81 174 188 153 35 14 144 19 64 128 108
97
69 69
7 7
101 101
49 49
170 170
54 54
190 190
38 38
31 31
133 133
63 63
107 107
157 157
15 15
179 179
150 150
75 75
110 110
77 77
109 109
66 66
44 44
13 13
79 79
36 36
61 61
17 17
67 67
120 120
138 138
126 126
32 32
46 46
121 121
143 143
37 37
53 53
96 96
57 57
82 82
71 71
73 73
11 11
39 39
197 197
137 137
118 118
182 182
148 148
176 176
117 117
24 24
114 114
142 142
100 100
181 181
167 167
187 187
28 28
99 99
184 184
92 92
84 84
83 83
140 140
43 43
130 130
34 34
48 48
23 23
129 129
85 85
68 68
95 95
78 78
146 146
1 1
65 65
134 134
136 136
56 56
151 151
177 177
186 186
5 5
26 26
45 45
81 81
174 174
188 188
153 153
35 35
14 14
144 144
19 19
64 64
128 128
