1 2 12 24 36 48 60 72 84 96 108 120 132 144 11 14 23 26 35 38 47 50 59 62 71 74 83 86 95 98 107 110 119 122 131 134 143 4 10 16 28 40 52 64 76 88 100 112 124 136 5 6 18 30 42 54 66 78 90 102 114 126 138 8 17 20 29 32 41 44 53 56 65 68 77 80 89 92 101 104 113 116 125 128 137 140 22 34 46 58 70 82 94 106 118 130 142 1
96
2 2
12 12
24 24
36 36
48 48
60 60
72 72
84 84
96 96
108 108
120 120
132 132
144 144
11 11
14 14
23 23
26 26
35 35
38 38
47 47
50 50
59 59
62 62
71 71
74 74
83 83
86 86
95 95
98 98
107 107
110 110
119 119
122 122
131 131
134 134
143 143
4 4
10 10
16 16
28 28
40 40
52 52
64 64
76 76
88 88
100 100
112 112
124 124
136 136
5 5
6 6
18 18
30 30
42 42
54 54
66 66
78 78
90 90
102 102
114 114
126 126
138 138
8 8
17 17
20 20
29 29
32 32
41 41
44 44
53 53
56 56
65 65
68 68
77 77
80 80
89 89
92 92
101 101
104 104
113 113
116 116
125 125
128 128
137 137
140 140
22 22
34 34
46 46
58 58
70 70
82 82
94 94
106 106
118 118
130 130
142 142
