steward childish ballot crew belief skip adult farewell deck company hide concern pastel community linear scrap perception creation battery appear think tin minimize exotic basketball top steward
25
childish childish
ballot ballot
crew crew
belief belief
skip skip
adult adult
farewell farewell
deck deck
company company
hide hide
concern concern
pastel pastel
community community
linear linear
scrap scrap
perception perception
creation creation
battery battery
appear appear
think think
tin tin
minimize minimize
exotic exotic
basketball basketball
top top
