1 7 8 9 11 12 13 19 20 21 57 58 59 61 62 63 69 70 71 107 108 109 111 112 113 119 120 121 157 158 159 161 162 163 169 170 171 5 3 4 15 16 17 65 66 67 115 116 117 165 166 167 28 29 78 79 128 129 178 179 23 24 25 73 74 75 123 124 125 173 174 175 55 53 54 105 103 104 155 153 154 1
80
7 7
8 8
9 9
11 11
12 12
13 13
19 19
20 20
21 21
57 57
58 58
59 59
61 61
62 62
63 63
69 69
70 70
71 71
107 107
108 108
109 109
111 111
112 112
113 113
119 119
120 120
121 121
157 157
158 158
159 159
161 161
162 162
163 163
169 169
170 170
171 171
5 5
3 3
4 4
15 15
16 16
17 17
65 65
66 66
67 67
115 115
116 116
117 117
165 165
166 166
167 167
28 28
29 30
78 78
79 80
128 128
129 130
178 178
179 180
23 23
24 24
25 25
73 73
74 74
75 75
123 123
124 124
125 125
173 173
174 174
175 175
55 55
53 53
54 54
105 105
103 103
104 104
155 155
153 153
154 154
