0 2 12 22 21 20 31 42 43 33 24 45 53 64 73 51 61 70 80 81 71 72 83 82 4 5 15 16 17 8 9 18 29 39 37 48 67 68 76 86 95 94 104 103 102 101 111 122 123 133 132 120 130 140 150 151 152 153 154 155 146 147 166 167 176 187 188 178 189 199 198 165 175 186 196 164 160 181 182 183 184 161 114 125 105 96 107 108 98 89 99 118 129 139 149 158 116 127 87 77 26 0
100
2 2
12 12
22 22
21 21
20 20
31 31
42 42
43 43
33 33
24 24
45 45
53 53
64 64
73 73
51 51
61 61
70 70
80 80
81 81
71 71
72 72
83 83
82 82
4 4
5 5
15 15
16 16
17 17
8 8
9 9
18 18
29 29
39 39
37 37
48 48
67 67
68 68
76 76
86 86
95 95
94 94
104 104
103 103
102 102
101 101
111 111
122 122
123 123
133 133
132 132
120 120
130 130
140 140
150 150
151 151
152 152
153 153
154 154
155 155
146 146
147 147
166 166
167 167
176 176
187 187
188 188
178 178
189 189
199 199
198 198
165 165
175 175
186 186
196 196
164 164
160 160
181 181
182 182
183 183
184 184
161 161
114 114
125 125
105 105
96 96
107 107
108 108
98 98
89 89
99 99
118 118
129 129
139 139
149 149
158 158
116 116
127 127
87 87
77 77
26 26
