CH CV AP CV BW DI BW CV AT DL BA DC DS BU DS DG DS CA CG AD BV DP BI DP BV CP BV AD BP DF BP BD CF CZ CD DU CN AJ AF AJ BR DO DU CQ AK DD BY DN DA BF CU DM CL DM CB DB CY CM BC CS BL CS BN AL AN BZ AM AU DJ DQ CG AX BS CB CF CW CF BG CF BD DV AV AU AV AY AZ CH
50
CV CV
AP AP
DI DI
AT AT
DL DL
DC DC
BU BU
DG DG
CA CA
BV BV
DP DP
BI BI
CP CP
BP BP
DF DF
BD BD
CF CF
CZ CZ
CD CD
DU DU
CN CN
AJ AJ
AF AF
DO DO
CQ CQ
DD DD
BY BY
BF BF
CU CU
DM DM
CL CL
CB CB
DB DB
BC BC
CS CS
BL BL
BN BN
AL AL
AN AN
BZ BZ
AM AM
DQ DQ
BS BS
CW CW
BG BG
DV DV
AV AV
AU AU
AY AY
AZ AZ
