BU FF DU GA DI FG GH ES FR BZ AN AV HM HP EY ET HA AT CM GM BE HJ AP EC FS EV BF BY CY CA CV HF CO EQ AR CQ DT DZ CX BQ GE DK DM FL FU EO GP DD EL AE BK FI GS BH BM FD GN DJ EK GQ CZ DP DQ HH FP AF DR ER GK FN CW GY BG EN DL CT FB DE FY GO EG HC CD CS CI DX FW CK BN CR BA DS GT AQ AY EH AX DV BW HG BU
100
BU BU
FF FF
DU DU
GA GA
DI DI
FG FG
GH GH
ES ES
FR FR
BZ BZ
AN AN
AV AV
HM HM
HP HP
EY EY
ET ET
HA HA
AT AT
CM CM
GM GM
BE BE
HJ HJ
AP AP
EC EC
FS FS
EV EV
BF BF
BY BY
CY CY
CA CA
CV CV
HF HF
CO CO
EQ EQ
AR AR
CQ CQ
DT DT
DZ DZ
CX CX
BQ BQ
GE GE
DK DK
DM DM
FL FL
FU FU
EO EO
GP GP
DD DD
EL EL
AE AE
BK BK
FI FI
GS GS
BH BH
BM BM
FD FD
GN GN
DJ DJ
EK EK
GQ GQ
CZ CZ
DP DP
DQ DQ
HH HH
FP FP
AF AF
DR DR
ER ER
GK GK
FN FN
CW CW
GY GY
BG BG
EN EN
DL DL
CT CT
FB FB
DE DE
FY FY
GO GO
EG EG
HC HC
CD CD
CS CS
CI CI
DX DX
FW FW
CK CK
BN BN
CR CR
BA BA
DS DS
GT GT
AQ AQ
AY AY
EH EH
AX AX
DV DV
BW BW
HG HG
