Qatar Australia Mongolia Armenia Kyrgyzstan UnitedKingdom Tuvalu VaticanCity CzechRepublic Uzbekistan Guyana Lebanon Tunisia Mali Kosovo CostaRica RussianFederation Danzig Liberia Malta Mozambique Peru Tanzania Angola UAE Gabon GuineaBissau Morocco Estonia Sweden Tajikistan Burundi Senegal Montenegro Georgia Belarus SanMarino Macedonia Belgium SaintLucia Singapore Albania France Andorra Nicaragua America Netherlands SierraLeone Haiti Egypt DemofChina Qatar
50
Australia Australia
Mongolia Mongolia
Armenia Armenia
Kyrgyzstan Kyrgyzstan
UnitedKingdom UnitedKingdom
Tuvalu Tuvalu
VaticanCity VaticanCity
CzechRepublic CzechRepublic
Uzbekistan Uzbekistan
Guyana Guyana
Lebanon Lebanon
Tunisia Tunisia
Mali Mali
Kosovo Kosovo
CostaRica CostaRica
RussianFederation RussianFederation
Danzig Danzig
Liberia Liberia
Malta Malta
Mozambique Mozambique
Peru Peru
Tanzania Tanzania
Angola Angola
UAE UAE
Gabon Gabon
GuineaBissau GuineaBissau
Morocco Morocco
Estonia Estonia
Sweden Sweden
Tajikistan Tajikistan
Burundi Burundi
Senegal Senegal
Montenegro Montenegro
Georgia Georgia
Belarus Belarus
SanMarino SanMarino
Macedonia Macedonia
Belgium Belgium
SaintLucia SaintLucia
Singapore Singapore
Albania Albania
France France
Andorra Andorra
Nicaragua Nicaragua
America America
Netherlands Netherlands
SierraLeone SierraLeone
Haiti Haiti
Egypt Egypt
DemofChina DemofChina
