Albania Gabon Venezuela France Panama SriLanka Yemen Serbia Belarus Switzerland Pakistan Algeria Comoros Ethiopia SaintLucia Burma Israel EquatorGuinea Tunisia Guatemala SolomonIslands Bhutan Cambodia Mauritius Hungary Liechtenstein Australia MountAthos Estonia VaticanCity Qatar Mauritania Germany SaoTomPrincipe UAE NorthKorea Cyprus America Paraguay Vanuatu Fiji Luxembourg Latvia Bahamas Kiribati Dominica Togo Mongolia Japan Rwanda Djibouti IvoryCoast Eritrea Newfoundland Kosovo BosHerzegovina CentralAfricanRep Danzig Cuba NewZealand Nepal Burkina Ukraine Finland Romania CapeVerde Norway RussianFederation Bulgaria Niger Thailand Peru Maldives Portugal Rome Grenada Italy Kazakhstan TheGambia Jamaica Lesotho Philippines UnitedKingdom Laos SierraLeone Chile Suriname Seychelles PapuaNewGuinea Greece Lithuania Poland Tanzania Argentina Andorra SaudiArabia Brazil Mali Malaysia Slovenia SaintKitts Albania
100
Gabon Gabon
Venezuela Venezuela
France France
Panama Panama
SriLanka SriLanka
Yemen Yemen
Serbia Serbia
Belarus Belarus
Switzerland Switzerland
Pakistan Pakistan
Algeria Algeria
Comoros Comoros
Ethiopia Ethiopia
SaintLucia SaintLucia
Burma Burma
Israel Israel
EquatorGuinea EquatorGuinea
Tunisia Tunisia
Guatemala Guatemala
SolomonIslands SolomonIslands
Bhutan Bhutan
Cambodia Cambodia
Mauritius Mauritius
Hungary Hungary
Liechtenstein Liechtenstein
Australia Australia
MountAthos MountAthos
Estonia Estonia
VaticanCity VaticanCity
Qatar Qatar
Mauritania Mauritania
Germany Germany
SaoTomPrincipe SaoTomPrincipe
UAE UAE
NorthKorea NorthKorea
Cyprus Cyprus
America America
Paraguay Paraguay
Vanuatu Vanuatu
Fiji Fiji
Luxembourg Luxembourg
Latvia Latvia
Bahamas Bahamas
Kiribati Kiribati
Dominica Dominica
Togo Togo
Mongolia Mongolia
Japan Japan
Rwanda Rwanda
Djibouti Djibouti
IvoryCoast IvoryCoast
Eritrea Eritrea
Newfoundland Newfoundland
Kosovo Kosovo
BosHerzegovina BosHerzegovina
CentralAfricanRep CentralAfricanRep
Danzig Danzig
Cuba Cuba
NewZealand NewZealand
Nepal Nepal
Burkina Burkina
Ukraine Ukraine
Finland Finland
Romania Romania
CapeVerde CapeVerde
Norway Norway
RussianFederation RussianFederation
Bulgaria Bulgaria
Niger Niger
Thailand Thailand
Peru Peru
Maldives Maldives
Portugal Portugal
Rome Rome
Grenada Grenada
Italy Italy
Kazakhstan Kazakhstan
TheGambia TheGambia
Jamaica Jamaica
Lesotho Lesotho
Philippines Philippines
UnitedKingdom UnitedKingdom
Laos Laos
SierraLeone SierraLeone
Chile Chile
Suriname Suriname
Seychelles Seychelles
PapuaNewGuinea PapuaNewGuinea
Greece Greece
Lithuania Lithuania
Poland Poland
Tanzania Tanzania
Argentina Argentina
Andorra Andorra
SaudiArabia SaudiArabia
Brazil Brazil
Mali Mali
Malaysia Malaysia
Slovenia Slovenia
SaintKitts SaintKitts
