Nepal Georgia Argentina Liechtenstein Belarus Estonia NewZealand Slovakia Tajikistan Suriname Vietnam Afghanistan Panama Fiji Botswana Serbia Niger Mauritius Palau Kuwait SaintLucia VaticanCity UAE MarshallIslands Azerbaijan Tanzania Nepal
25
Georgia Georgia
Argentina Argentina
Liechtenstein Liechtenstein
Belarus Belarus
Estonia Estonia
NewZealand NewZealand
Slovakia Slovakia
Tajikistan Tajikistan
Suriname Suriname
Vietnam Vietnam
Afghanistan Afghanistan
Panama Panama
Fiji Fiji
Botswana Botswana
Serbia Serbia
Niger Niger
Mauritius Mauritius
Palau Palau
Kuwait Kuwait
SaintLucia SaintLucia
VaticanCity VaticanCity
UAE UAE
MarshallIslands MarshallIslands
Azerbaijan Azerbaijan
Tanzania Tanzania
